ARM GAS  C:\Users\abhim\AppData\Local\Temp\cckGxcra.s 			page 1


   1              		.syntax unified
   2              		.cpu cortex-m3
   3              		.fpu softvfp
   4              		.eabi_attribute 20, 1
   5              		.eabi_attribute 21, 1
   6              		.eabi_attribute 23, 3
   7              		.eabi_attribute 24, 1
   8              		.eabi_attribute 25, 1
   9              		.eabi_attribute 26, 1
  10              		.eabi_attribute 30, 1
  11              		.eabi_attribute 34, 1
  12              		.eabi_attribute 18, 4
  13              		.thumb
  14              		.syntax unified
  15              		.file	"CRingBuffer.c"
  16              		.text
  17              	.Ltext0:
  18              		.cfi_sections	.debug_frame
  19              		.section	.text.ringBufferCreate,"ax",%progbits
  20              		.align	2
  21              		.global	ringBufferCreate
  22              		.thumb
  23              		.thumb_func
  24              		.type	ringBufferCreate, %function
  25              	ringBufferCreate:
  26              	.LFB110:
  27              		.file 1 "source\\bsw\\CRingBuffer.c"
   1:source\bsw/CRingBuffer.c **** /**
   2:source\bsw/CRingBuffer.c **** * \file <filename>
   3:source\bsw/CRingBuffer.c **** * \author <author-name>
   4:source\bsw/CRingBuffer.c **** * \date <date>
   5:source\bsw/CRingBuffer.c **** *
   6:source\bsw/CRingBuffer.c **** * \brief <Symbolic File name>
   7:source\bsw/CRingBuffer.c **** *
   8:source\bsw/CRingBuffer.c **** * \copyright Copyright ©2016
   9:source\bsw/CRingBuffer.c **** * Department of electrical engineering and information technology, Hochschule Darmstadt - Universit
  10:source\bsw/CRingBuffer.c **** * Permission to use, copy, modify, and distribute this software and its documentation for education
  11:source\bsw/CRingBuffer.c **** * (unless permitted by h_da) and official h_da projects, is hereby granted for enrolled students of
  12:source\bsw/CRingBuffer.c **** * this paragraph and the following paragraph appear in all copies, modifications, and distributions
  13:source\bsw/CRingBuffer.c **** * Contact Prof.Dr.-Ing. Peter Fromm, peter.fromm@h-da.de, Birkenweg 8 64295 Darmstadt - GERMANY for
  14:source\bsw/CRingBuffer.c **** *
  15:source\bsw/CRingBuffer.c **** * \warning This software is a PROTOTYPE version and is not designed or intended for use in producti
  16:source\bsw/CRingBuffer.c **** * The user represents and warrants that it will NOT use or redistribute the Software for such purpo
  17:source\bsw/CRingBuffer.c **** * This prototype is for research purposes only. This software is provided "AS IS," without a warran
  18:source\bsw/CRingBuffer.c **** */
  19:source\bsw/CRingBuffer.c **** 
  20:source\bsw/CRingBuffer.c **** /*****************************************************************************/
  21:source\bsw/CRingBuffer.c **** /* Include files                                                             */
  22:source\bsw/CRingBuffer.c **** /*****************************************************************************/
  23:source\bsw/CRingBuffer.c **** 
  24:source\bsw/CRingBuffer.c **** #include "CRingBuffer.h"
  25:source\bsw/CRingBuffer.c **** 
  26:source\bsw/CRingBuffer.c **** /*****************************************************************************/
  27:source\bsw/CRingBuffer.c **** /* Local pre-processor symbols/macros ('#define')                            */
  28:source\bsw/CRingBuffer.c **** /*****************************************************************************/
  29:source\bsw/CRingBuffer.c **** 
  30:source\bsw/CRingBuffer.c **** /*****************************************************************************/
ARM GAS  C:\Users\abhim\AppData\Local\Temp\cckGxcra.s 			page 2


  31:source\bsw/CRingBuffer.c **** /* Global variable definitions (declared in header file with 'extern')       */
  32:source\bsw/CRingBuffer.c **** /*****************************************************************************/
  33:source\bsw/CRingBuffer.c **** 
  34:source\bsw/CRingBuffer.c **** /*****************************************************************************/
  35:source\bsw/CRingBuffer.c **** /* Local type definitions ('typedef')                                        */
  36:source\bsw/CRingBuffer.c **** /*****************************************************************************/
  37:source\bsw/CRingBuffer.c **** 
  38:source\bsw/CRingBuffer.c **** /*****************************************************************************/
  39:source\bsw/CRingBuffer.c **** /* Local variable definitions ('static')                                     */
  40:source\bsw/CRingBuffer.c **** /*****************************************************************************/
  41:source\bsw/CRingBuffer.c **** 
  42:source\bsw/CRingBuffer.c **** 
  43:source\bsw/CRingBuffer.c **** 
  44:source\bsw/CRingBuffer.c **** /*****************************************************************************/
  45:source\bsw/CRingBuffer.c **** /* Local function prototypes ('static')                                      */
  46:source\bsw/CRingBuffer.c **** /*****************************************************************************/
  47:source\bsw/CRingBuffer.c **** 
  48:source\bsw/CRingBuffer.c **** 
  49:source\bsw/CRingBuffer.c **** /*****************************************************************************/
  50:source\bsw/CRingBuffer.c **** /* Function implementation - global ('extern') and local ('static')          */
  51:source\bsw/CRingBuffer.c **** /*****************************************************************************/
  52:source\bsw/CRingBuffer.c **** 
  53:source\bsw/CRingBuffer.c **** /**
  54:source\bsw/CRingBuffer.c ****  * <Description>
  55:source\bsw/CRingBuffer.c ****  * \param <first para>
  56:source\bsw/CRingBuffer.c ****  * \return <return value>
  57:source\bsw/CRingBuffer.c ****  */
  58:source\bsw/CRingBuffer.c **** //RC_t FILE_function(type para)
  59:source\bsw/CRingBuffer.c **** 
  60:source\bsw/CRingBuffer.c **** //If a create operation is done by a task on the ringbuffer and another task attempts to write/read
  61:source\bsw/CRingBuffer.c **** RC_t ringBufferCreate(CRingBuffer *rb){       
  28              		.loc 1 61 0
  29              		.cfi_startproc
  30              		@ args = 0, pretend = 0, frame = 0
  31              		@ frame_needed = 0, uses_anonymous_args = 0
  32              	.LVL0:
  33 0000 38B5     		push	{r3, r4, r5, lr}
  34              		.cfi_def_cfa_offset 16
  35              		.cfi_offset 3, -16
  36              		.cfi_offset 4, -12
  37              		.cfi_offset 5, -8
  38              		.cfi_offset 14, -4
  39 0002 0446     		mov	r4, r0
  62:source\bsw/CRingBuffer.c ****         rb->m_size= 255;
  40              		.loc 1 62 0
  41 0004 FF20     		movs	r0, #255
  42              	.LVL1:
  43 0006 2071     		strb	r0, [r4, #4]
  63:source\bsw/CRingBuffer.c ****     	rb->m_readIdx= 0;
  44              		.loc 1 63 0
  45 0008 0025     		movs	r5, #0
  46 000a 6571     		strb	r5, [r4, #5]
  64:source\bsw/CRingBuffer.c ****     	rb->m_writeIdx= 0;
  47              		.loc 1 64 0
  48 000c A571     		strb	r5, [r4, #6]
  65:source\bsw/CRingBuffer.c ****     	rb->m_fillLevel= 0;
  49              		.loc 1 65 0
ARM GAS  C:\Users\abhim\AppData\Local\Temp\cckGxcra.s 			page 3


  50 000e E571     		strb	r5, [r4, #7]
  66:source\bsw/CRingBuffer.c ****         rb->m_pBuffer= (uint8_t *)malloc(rb->m_size * sizeof(uint8_t));
  51              		.loc 1 66 0
  52 0010 FFF7FEFF 		bl	malloc
  53              	.LVL2:
  54 0014 2060     		str	r0, [r4]
  67:source\bsw/CRingBuffer.c ****         return RC_SUCCESS;
  68:source\bsw/CRingBuffer.c **** }
  55              		.loc 1 68 0
  56 0016 2846     		mov	r0, r5
  57 0018 38BD     		pop	{r3, r4, r5, pc}
  58              		.cfi_endproc
  59              	.LFE110:
  60              		.size	ringBufferCreate, .-ringBufferCreate
  61 001a 00BF     		.section	.text.ringBufferDelete,"ax",%progbits
  62              		.align	2
  63              		.global	ringBufferDelete
  64              		.thumb
  65              		.thumb_func
  66              		.type	ringBufferDelete, %function
  67              	ringBufferDelete:
  68              	.LFB111:
  69:source\bsw/CRingBuffer.c **** 
  70:source\bsw/CRingBuffer.c **** //If a delete operation is done by a task on the ringbuffer and another task attempts to write/read
  71:source\bsw/CRingBuffer.c **** RC_t ringBufferDelete(CRingBuffer *rb){
  69              		.loc 1 71 0
  70              		.cfi_startproc
  71              		@ args = 0, pretend = 0, frame = 0
  72              		@ frame_needed = 0, uses_anonymous_args = 0
  73              	.LVL3:
  74 0000 10B5     		push	{r4, lr}
  75              		.cfi_def_cfa_offset 8
  76              		.cfi_offset 4, -8
  77              		.cfi_offset 14, -4
  78 0002 0446     		mov	r4, r0
  72:source\bsw/CRingBuffer.c ****     StatusType status = GetResource(erika_res);
  79              		.loc 1 72 0
  80 0004 0020     		movs	r0, #0
  81              	.LVL4:
  82 0006 FFF7FEFF 		bl	EE_oo_GetResource
  83              	.LVL5:
  73:source\bsw/CRingBuffer.c ****     if (rb == NULL || rb->m_pBuffer == NULL) {
  84              		.loc 1 73 0
  85 000a 4CB1     		cbz	r4, .L5
  86              		.loc 1 73 0 is_stmt 0 discriminator 1
  87 000c 2068     		ldr	r0, [r4]
  88 000e 50B1     		cbz	r0, .L6
  74:source\bsw/CRingBuffer.c ****         return RC_ERROR; // Fail if the buffer is not initialized
  75:source\bsw/CRingBuffer.c ****     }
  76:source\bsw/CRingBuffer.c **** 
  77:source\bsw/CRingBuffer.c ****     free(rb->m_pBuffer); // Free the allocated memory
  89              		.loc 1 77 0 is_stmt 1
  90 0010 FFF7FEFF 		bl	free
  91              	.LVL6:
  78:source\bsw/CRingBuffer.c ****     rb->m_pBuffer = NULL; // Set the pointer to NULL for safety
  92              		.loc 1 78 0
  93 0014 0020     		movs	r0, #0
ARM GAS  C:\Users\abhim\AppData\Local\Temp\cckGxcra.s 			page 4


  94 0016 2060     		str	r0, [r4]
  79:source\bsw/CRingBuffer.c ****     rb->m_size = 0;       // Reset the buffer size
  95              		.loc 1 79 0
  96 0018 2071     		strb	r0, [r4, #4]
  80:source\bsw/CRingBuffer.c ****     rb->m_writeIdx = 0;   // Reset the write index
  97              		.loc 1 80 0
  98 001a A071     		strb	r0, [r4, #6]
  81:source\bsw/CRingBuffer.c ****     rb->m_fillLevel = 0;  // Reset the fill level
  99              		.loc 1 81 0
 100 001c E071     		strb	r0, [r4, #7]
  82:source\bsw/CRingBuffer.c **** 
  83:source\bsw/CRingBuffer.c ****     return RC_SUCCESS;    // Return success
 101              		.loc 1 83 0
 102 001e 10BD     		pop	{r4, pc}
 103              	.LVL7:
 104              	.L5:
  74:source\bsw/CRingBuffer.c ****     }
 105              		.loc 1 74 0
 106 0020 4FF0FF30 		mov	r0, #-1
 107 0024 10BD     		pop	{r4, pc}
 108              	.LVL8:
 109              	.L6:
 110 0026 4FF0FF30 		mov	r0, #-1
  84:source\bsw/CRingBuffer.c **** 
  85:source\bsw/CRingBuffer.c **** }
 111              		.loc 1 85 0
 112 002a 10BD     		pop	{r4, pc}
 113              		.cfi_endproc
 114              	.LFE111:
 115              		.size	ringBufferDelete, .-ringBufferDelete
 116              		.section	.text.ringBufferWrite,"ax",%progbits
 117              		.align	2
 118              		.global	ringBufferWrite
 119              		.thumb
 120              		.thumb_func
 121              		.type	ringBufferWrite, %function
 122              	ringBufferWrite:
 123              	.LFB112:
  86:source\bsw/CRingBuffer.c **** 
  87:source\bsw/CRingBuffer.c **** //If a write operation is done by a task on the ringbuffer and another task attempts to delete/read
  88:source\bsw/CRingBuffer.c **** RC_t ringBufferWrite(CRingBuffer *rb, uint8_t data){
 124              		.loc 1 88 0
 125              		.cfi_startproc
 126              		@ args = 0, pretend = 0, frame = 0
 127              		@ frame_needed = 0, uses_anonymous_args = 0
 128              	.LVL9:
  89:source\bsw/CRingBuffer.c ****     if (rb == NULL || rb->m_pBuffer == NULL) {
 129              		.loc 1 89 0
 130 0000 F8B1     		cbz	r0, .L10
  88:source\bsw/CRingBuffer.c ****     if (rb == NULL || rb->m_pBuffer == NULL) {
 131              		.loc 1 88 0 discriminator 1
 132 0002 38B5     		push	{r3, r4, r5, lr}
 133              		.cfi_def_cfa_offset 16
 134              		.cfi_offset 3, -16
 135              		.cfi_offset 4, -12
 136              		.cfi_offset 5, -8
 137              		.cfi_offset 14, -4
ARM GAS  C:\Users\abhim\AppData\Local\Temp\cckGxcra.s 			page 5


 138 0004 0446     		mov	r4, r0
 139              		.loc 1 89 0 discriminator 1
 140 0006 0368     		ldr	r3, [r0]
 141 0008 F3B1     		cbz	r3, .L11
  90:source\bsw/CRingBuffer.c ****         return RC_ERROR; // Fail if the buffer is not initialized
  91:source\bsw/CRingBuffer.c ****     }
  92:source\bsw/CRingBuffer.c ****         
  93:source\bsw/CRingBuffer.c ****         if(rb->m_fillLevel < rb->m_size){
 142              		.loc 1 93 0
 143 000a C279     		ldrb	r2, [r0, #7]	@ zero_extendqisi2
 144 000c 0379     		ldrb	r3, [r0, #4]	@ zero_extendqisi2
 145 000e 9A42     		cmp	r2, r3
 146 0010 1DD2     		bcs	.L12
 147 0012 0D46     		mov	r5, r1
  94:source\bsw/CRingBuffer.c ****             GetResource(erika_res);
 148              		.loc 1 94 0
 149 0014 0020     		movs	r0, #0
 150              	.LVL10:
 151 0016 FFF7FEFF 		bl	EE_oo_GetResource
 152              	.LVL11:
  95:source\bsw/CRingBuffer.c ****             rb->m_pBuffer[rb->m_writeIdx++] = data;
 153              		.loc 1 95 0
 154 001a 2268     		ldr	r2, [r4]
 155 001c A379     		ldrb	r3, [r4, #6]	@ zero_extendqisi2
 156 001e 591C     		adds	r1, r3, #1
 157 0020 A171     		strb	r1, [r4, #6]
 158 0022 D554     		strb	r5, [r2, r3]
  96:source\bsw/CRingBuffer.c ****             rb->m_writeIdx%=rb->m_size;
 159              		.loc 1 96 0
 160 0024 2379     		ldrb	r3, [r4, #4]	@ zero_extendqisi2
 161 0026 A179     		ldrb	r1, [r4, #6]	@ zero_extendqisi2
 162 0028 B1FBF3F2 		udiv	r2, r1, r3
 163 002c 03FB1213 		mls	r3, r3, r2, r1
 164 0030 A371     		strb	r3, [r4, #6]
  97:source\bsw/CRingBuffer.c ****             rb->m_fillLevel++;
 165              		.loc 1 97 0
 166 0032 E379     		ldrb	r3, [r4, #7]	@ zero_extendqisi2
 167 0034 0133     		adds	r3, r3, #1
 168 0036 E371     		strb	r3, [r4, #7]
  98:source\bsw/CRingBuffer.c ****             ReleaseResource(erika_res);
 169              		.loc 1 98 0
 170 0038 0020     		movs	r0, #0
 171 003a FFF7FEFF 		bl	EE_oo_ReleaseResource
 172              	.LVL12:
  99:source\bsw/CRingBuffer.c ****             return RC_SUCCESS;
 173              		.loc 1 99 0
 174 003e 0020     		movs	r0, #0
 175 0040 38BD     		pop	{r3, r4, r5, pc}
 176              	.LVL13:
 177              	.L10:
 178              		.cfi_def_cfa_offset 0
 179              		.cfi_restore 3
 180              		.cfi_restore 4
 181              		.cfi_restore 5
 182              		.cfi_restore 14
  90:source\bsw/CRingBuffer.c ****     }
 183              		.loc 1 90 0
ARM GAS  C:\Users\abhim\AppData\Local\Temp\cckGxcra.s 			page 6


 184 0042 4FF0FF30 		mov	r0, #-1
 185              	.LVL14:
 100:source\bsw/CRingBuffer.c ****         }
 101:source\bsw/CRingBuffer.c ****         else{
 102:source\bsw/CRingBuffer.c ****             return RC_BUFFERUNDERFLOW;
 103:source\bsw/CRingBuffer.c ****         }
 104:source\bsw/CRingBuffer.c **** }
 186              		.loc 1 104 0
 187 0046 7047     		bx	lr
 188              	.LVL15:
 189              	.L11:
 190              		.cfi_def_cfa_offset 16
 191              		.cfi_offset 3, -16
 192              		.cfi_offset 4, -12
 193              		.cfi_offset 5, -8
 194              		.cfi_offset 14, -4
  90:source\bsw/CRingBuffer.c ****     }
 195              		.loc 1 90 0
 196 0048 4FF0FF30 		mov	r0, #-1
 197              	.LVL16:
 198 004c 38BD     		pop	{r3, r4, r5, pc}
 199              	.LVL17:
 200              	.L12:
 102:source\bsw/CRingBuffer.c ****         }
 201              		.loc 1 102 0
 202 004e 6FF01900 		mvn	r0, #25
 203              	.LVL18:
 204              		.loc 1 104 0
 205 0052 38BD     		pop	{r3, r4, r5, pc}
 206              		.cfi_endproc
 207              	.LFE112:
 208              		.size	ringBufferWrite, .-ringBufferWrite
 209              		.section	.text.ringBufferRead,"ax",%progbits
 210              		.align	2
 211              		.global	ringBufferRead
 212              		.thumb
 213              		.thumb_func
 214              		.type	ringBufferRead, %function
 215              	ringBufferRead:
 216              	.LFB113:
 105:source\bsw/CRingBuffer.c **** 
 106:source\bsw/CRingBuffer.c **** //If a read operation is done by a task on the ringbuffer and another task attempts to delete/write
 107:source\bsw/CRingBuffer.c **** RC_t ringBufferRead(CRingBuffer *rb, uint8_t *data){
 217              		.loc 1 107 0
 218              		.cfi_startproc
 219              		@ args = 0, pretend = 0, frame = 0
 220              		@ frame_needed = 0, uses_anonymous_args = 0
 221              	.LVL19:
 108:source\bsw/CRingBuffer.c ****     if (rb == NULL || rb->m_pBuffer == NULL) {
 222              		.loc 1 108 0
 223 0000 F0B1     		cbz	r0, .L16
 107:source\bsw/CRingBuffer.c ****     if (rb == NULL || rb->m_pBuffer == NULL) {
 224              		.loc 1 107 0 discriminator 1
 225 0002 38B5     		push	{r3, r4, r5, lr}
 226              		.cfi_def_cfa_offset 16
 227              		.cfi_offset 3, -16
 228              		.cfi_offset 4, -12
ARM GAS  C:\Users\abhim\AppData\Local\Temp\cckGxcra.s 			page 7


 229              		.cfi_offset 5, -8
 230              		.cfi_offset 14, -4
 231 0004 0446     		mov	r4, r0
 232              		.loc 1 108 0 discriminator 1
 233 0006 0368     		ldr	r3, [r0]
 234 0008 EBB1     		cbz	r3, .L17
 109:source\bsw/CRingBuffer.c ****         return RC_ERROR; // Fail if the buffer is not initialized
 110:source\bsw/CRingBuffer.c ****     }
 111:source\bsw/CRingBuffer.c ****     if(rb->m_fillLevel >0){
 235              		.loc 1 111 0
 236 000a C379     		ldrb	r3, [r0, #7]	@ zero_extendqisi2
 237 000c F3B1     		cbz	r3, .L18
 238 000e 0D46     		mov	r5, r1
 112:source\bsw/CRingBuffer.c ****         GetResource(erika_res);
 239              		.loc 1 112 0
 240 0010 0020     		movs	r0, #0
 241              	.LVL20:
 242 0012 FFF7FEFF 		bl	EE_oo_GetResource
 243              	.LVL21:
 113:source\bsw/CRingBuffer.c ****         *data = rb->m_pBuffer[rb->m_readIdx++];
 244              		.loc 1 113 0
 245 0016 2268     		ldr	r2, [r4]
 246 0018 6379     		ldrb	r3, [r4, #5]	@ zero_extendqisi2
 247 001a 591C     		adds	r1, r3, #1
 248 001c 6171     		strb	r1, [r4, #5]
 249 001e D35C     		ldrb	r3, [r2, r3]	@ zero_extendqisi2
 250 0020 2B70     		strb	r3, [r5]
 114:source\bsw/CRingBuffer.c ****         rb->m_readIdx %= rb->m_size; // Wrap the read index
 251              		.loc 1 114 0
 252 0022 2379     		ldrb	r3, [r4, #4]	@ zero_extendqisi2
 253 0024 6179     		ldrb	r1, [r4, #5]	@ zero_extendqisi2
 254 0026 B1FBF3F2 		udiv	r2, r1, r3
 255 002a 03FB1213 		mls	r3, r3, r2, r1
 256 002e 6371     		strb	r3, [r4, #5]
 115:source\bsw/CRingBuffer.c ****         rb->m_fillLevel--;
 257              		.loc 1 115 0
 258 0030 E379     		ldrb	r3, [r4, #7]	@ zero_extendqisi2
 259 0032 013B     		subs	r3, r3, #1
 260 0034 E371     		strb	r3, [r4, #7]
 116:source\bsw/CRingBuffer.c ****         ReleaseResource(erika_res);
 261              		.loc 1 116 0
 262 0036 0020     		movs	r0, #0
 263 0038 FFF7FEFF 		bl	EE_oo_ReleaseResource
 264              	.LVL22:
 117:source\bsw/CRingBuffer.c ****         return RC_SUCCESS;
 265              		.loc 1 117 0
 266 003c 0020     		movs	r0, #0
 267 003e 38BD     		pop	{r3, r4, r5, pc}
 268              	.LVL23:
 269              	.L16:
 270              		.cfi_def_cfa_offset 0
 271              		.cfi_restore 3
 272              		.cfi_restore 4
 273              		.cfi_restore 5
 274              		.cfi_restore 14
 109:source\bsw/CRingBuffer.c ****     }
 275              		.loc 1 109 0
ARM GAS  C:\Users\abhim\AppData\Local\Temp\cckGxcra.s 			page 8


 276 0040 4FF0FF30 		mov	r0, #-1
 277              	.LVL24:
 118:source\bsw/CRingBuffer.c ****     }
 119:source\bsw/CRingBuffer.c ****     else{
 120:source\bsw/CRingBuffer.c ****         return RC_BUFFERUNDERFLOW;
 121:source\bsw/CRingBuffer.c ****     }
 122:source\bsw/CRingBuffer.c **** }
 278              		.loc 1 122 0
 279 0044 7047     		bx	lr
 280              	.LVL25:
 281              	.L17:
 282              		.cfi_def_cfa_offset 16
 283              		.cfi_offset 3, -16
 284              		.cfi_offset 4, -12
 285              		.cfi_offset 5, -8
 286              		.cfi_offset 14, -4
 109:source\bsw/CRingBuffer.c ****     }
 287              		.loc 1 109 0
 288 0046 4FF0FF30 		mov	r0, #-1
 289              	.LVL26:
 290 004a 38BD     		pop	{r3, r4, r5, pc}
 291              	.LVL27:
 292              	.L18:
 120:source\bsw/CRingBuffer.c ****     }
 293              		.loc 1 120 0
 294 004c 6FF01900 		mvn	r0, #25
 295              	.LVL28:
 296              		.loc 1 122 0
 297 0050 38BD     		pop	{r3, r4, r5, pc}
 298              		.cfi_endproc
 299              	.LFE113:
 300              		.size	ringBufferRead, .-ringBufferRead
 301              		.text
 302              	.Letext0:
 303              		.file 2 "c:\\program files (x86)\\cypress\\psoc creator\\4.4\\psoc creator\\import\\gnu\\arm\\5.4.
 304              		.file 3 "c:\\program files (x86)\\cypress\\psoc creator\\4.4\\psoc creator\\import\\gnu\\arm\\5.4.
 305              		.file 4 "Generated_Source\\PSoC5/ErikaOS_common_ee_types.inc"
 306              		.file 5 "Generated_Source\\PSoC5/ErikaOS_cortex_mx_ee_cpu.inc"
 307              		.file 6 "Generated_Source\\PSoC5/ErikaOS_ee_oo_common.inc"
 308              		.file 7 "source\\bsw\\global.h"
 309              		.file 8 "source\\bsw\\CRingBuffer.h"
 310              		.file 9 "Generated_Source\\PSoC5/ErikaOS_ee_oo_intfunc.inc"
 311              		.file 10 "Generated_Source\\PSoC5/ErikaOS_cortex_mx_ee_context.inc"
 312              		.file 11 "Generated_Source\\PSoC5/ErikaOS_common_ee_primitives.inc"
 313              		.file 12 "Generated_Source\\PSoC5/core_cm3.h"
 314              		.file 13 "c:\\program files (x86)\\cypress\\psoc creator\\4.4\\psoc creator\\import\\gnu\\arm\\5.4
 315              		.file 14 "Generated_Source\\PSoC5/ErikaOS_ee_oo_kernel.inc"
 316              		.section	.debug_info,"",%progbits
 317              	.Ldebug_info0:
 318 0000 D5030000 		.4byte	0x3d5
 319 0004 0400     		.2byte	0x4
 320 0006 00000000 		.4byte	.Ldebug_abbrev0
 321 000a 04       		.byte	0x4
 322 000b 01       		.uleb128 0x1
 323 000c 0C030000 		.4byte	.LASF76
 324 0010 0C       		.byte	0xc
 325 0011 B9040000 		.4byte	.LASF77
ARM GAS  C:\Users\abhim\AppData\Local\Temp\cckGxcra.s 			page 9


 326 0015 D5030000 		.4byte	.LASF78
 327 0019 00000000 		.4byte	.Ldebug_ranges0+0
 328 001d 00000000 		.4byte	0
 329 0021 00000000 		.4byte	.Ldebug_line0
 330 0025 02       		.uleb128 0x2
 331 0026 01       		.byte	0x1
 332 0027 06       		.byte	0x6
 333 0028 6D020000 		.4byte	.LASF0
 334 002c 03       		.uleb128 0x3
 335 002d F6010000 		.4byte	.LASF4
 336 0031 02       		.byte	0x2
 337 0032 1D       		.byte	0x1d
 338 0033 37000000 		.4byte	0x37
 339 0037 02       		.uleb128 0x2
 340 0038 01       		.byte	0x1
 341 0039 08       		.byte	0x8
 342 003a 3B020000 		.4byte	.LASF1
 343 003e 02       		.uleb128 0x2
 344 003f 02       		.byte	0x2
 345 0040 05       		.byte	0x5
 346 0041 47000000 		.4byte	.LASF2
 347 0045 02       		.uleb128 0x2
 348 0046 02       		.byte	0x2
 349 0047 07       		.byte	0x7
 350 0048 F2020000 		.4byte	.LASF3
 351 004c 03       		.uleb128 0x3
 352 004d 6E040000 		.4byte	.LASF5
 353 0051 02       		.byte	0x2
 354 0052 3F       		.byte	0x3f
 355 0053 57000000 		.4byte	0x57
 356 0057 02       		.uleb128 0x2
 357 0058 04       		.byte	0x4
 358 0059 05       		.byte	0x5
 359 005a CA010000 		.4byte	.LASF6
 360 005e 02       		.uleb128 0x2
 361 005f 04       		.byte	0x4
 362 0060 07       		.byte	0x7
 363 0061 24040000 		.4byte	.LASF7
 364 0065 02       		.uleb128 0x2
 365 0066 08       		.byte	0x8
 366 0067 05       		.byte	0x5
 367 0068 6E010000 		.4byte	.LASF8
 368 006c 02       		.uleb128 0x2
 369 006d 08       		.byte	0x8
 370 006e 07       		.byte	0x7
 371 006f 84020000 		.4byte	.LASF9
 372 0073 04       		.uleb128 0x4
 373 0074 04       		.byte	0x4
 374 0075 05       		.byte	0x5
 375 0076 696E7400 		.ascii	"int\000"
 376 007a 02       		.uleb128 0x2
 377 007b 04       		.byte	0x4
 378 007c 07       		.byte	0x7
 379 007d 9B020000 		.4byte	.LASF10
 380 0081 03       		.uleb128 0x3
 381 0082 EE000000 		.4byte	.LASF11
 382 0086 03       		.byte	0x3
ARM GAS  C:\Users\abhim\AppData\Local\Temp\cckGxcra.s 			page 10


 383 0087 18       		.byte	0x18
 384 0088 2C000000 		.4byte	0x2c
 385 008c 03       		.uleb128 0x3
 386 008d C1030000 		.4byte	.LASF12
 387 0091 03       		.byte	0x3
 388 0092 2C       		.byte	0x2c
 389 0093 4C000000 		.4byte	0x4c
 390 0097 02       		.uleb128 0x2
 391 0098 04       		.byte	0x4
 392 0099 04       		.byte	0x4
 393 009a 4F010000 		.4byte	.LASF13
 394 009e 02       		.uleb128 0x2
 395 009f 08       		.byte	0x8
 396 00a0 04       		.byte	0x4
 397 00a1 4D040000 		.4byte	.LASF14
 398 00a5 02       		.uleb128 0x2
 399 00a6 01       		.byte	0x1
 400 00a7 08       		.byte	0x8
 401 00a8 2E000000 		.4byte	.LASF15
 402 00ac 02       		.uleb128 0x2
 403 00ad 08       		.byte	0x8
 404 00ae 04       		.byte	0x4
 405 00af 2F020000 		.4byte	.LASF16
 406 00b3 03       		.uleb128 0x3
 407 00b4 E9020000 		.4byte	.LASF17
 408 00b8 04       		.byte	0x4
 409 00b9 53       		.byte	0x53
 410 00ba 73000000 		.4byte	0x73
 411 00be 03       		.uleb128 0x3
 412 00bf CA000000 		.4byte	.LASF18
 413 00c3 04       		.byte	0x4
 414 00c4 54       		.byte	0x54
 415 00c5 7A000000 		.4byte	0x7a
 416 00c9 03       		.uleb128 0x3
 417 00ca 66040000 		.4byte	.LASF19
 418 00ce 05       		.byte	0x5
 419 00cf 4D       		.byte	0x4d
 420 00d0 BE000000 		.4byte	0xbe
 421 00d4 03       		.uleb128 0x3
 422 00d5 B4000000 		.4byte	.LASF20
 423 00d9 05       		.byte	0x5
 424 00da 4F       		.byte	0x4f
 425 00db BE000000 		.4byte	0xbe
 426 00df 03       		.uleb128 0x3
 427 00e0 D4000000 		.4byte	.LASF21
 428 00e4 05       		.byte	0x5
 429 00e5 78       		.byte	0x78
 430 00e6 B3000000 		.4byte	0xb3
 431 00ea 05       		.uleb128 0x5
 432 00eb 88000000 		.4byte	.LASF22
 433 00ef 06       		.byte	0x6
 434 00f0 2103     		.2byte	0x321
 435 00f2 37000000 		.4byte	0x37
 436 00f6 02       		.uleb128 0x2
 437 00f7 04       		.byte	0x4
 438 00f8 07       		.byte	0x7
 439 00f9 88040000 		.4byte	.LASF23
ARM GAS  C:\Users\abhim\AppData\Local\Temp\cckGxcra.s 			page 11


 440 00fd 06       		.uleb128 0x6
 441 00fe 01       		.byte	0x1
 442 00ff 25000000 		.4byte	0x25
 443 0103 07       		.byte	0x7
 444 0104 D0       		.byte	0xd0
 445 0105 BE010000 		.4byte	0x1be
 446 0109 07       		.uleb128 0x7
 447 010a 13000000 		.4byte	.LASF24
 448 010e 00       		.byte	0
 449 010f 08       		.uleb128 0x8
 450 0110 DF040000 		.4byte	.LASF25
 451 0114 7F       		.sleb128 -1
 452 0115 08       		.uleb128 0x8
 453 0116 C5020000 		.4byte	.LASF26
 454 011a 7E       		.sleb128 -2
 455 011b 08       		.uleb128 0x8
 456 011c A6000000 		.4byte	.LASF27
 457 0120 7D       		.sleb128 -3
 458 0121 08       		.uleb128 0x8
 459 0122 E8040000 		.4byte	.LASF28
 460 0126 7C       		.sleb128 -4
 461 0127 08       		.uleb128 0x8
 462 0128 40010000 		.4byte	.LASF29
 463 012c 7B       		.sleb128 -5
 464 012d 08       		.uleb128 0x8
 465 012e 51000000 		.4byte	.LASF30
 466 0132 7A       		.sleb128 -6
 467 0133 08       		.uleb128 0x8
 468 0134 D3010000 		.4byte	.LASF31
 469 0138 79       		.sleb128 -7
 470 0139 08       		.uleb128 0x8
 471 013a AC030000 		.4byte	.LASF32
 472 013e 78       		.sleb128 -8
 473 013f 08       		.uleb128 0x8
 474 0140 D3020000 		.4byte	.LASF33
 475 0144 77       		.sleb128 -9
 476 0145 08       		.uleb128 0x8
 477 0146 BC000000 		.4byte	.LASF34
 478 014a 76       		.sleb128 -10
 479 014b 08       		.uleb128 0x8
 480 014c 29050000 		.4byte	.LASF35
 481 0150 75       		.sleb128 -11
 482 0151 08       		.uleb128 0x8
 483 0152 A8020000 		.4byte	.LASF36
 484 0156 74       		.sleb128 -12
 485 0157 08       		.uleb128 0x8
 486 0158 54040000 		.4byte	.LASF37
 487 015c 73       		.sleb128 -13
 488 015d 08       		.uleb128 0x8
 489 015e 00000000 		.4byte	.LASF38
 490 0162 72       		.sleb128 -14
 491 0163 08       		.uleb128 0x8
 492 0164 33000000 		.4byte	.LASF39
 493 0168 71       		.sleb128 -15
 494 0169 08       		.uleb128 0x8
 495 016a 00020000 		.4byte	.LASF40
 496 016e 70       		.sleb128 -16
ARM GAS  C:\Users\abhim\AppData\Local\Temp\cckGxcra.s 			page 12


 497 016f 08       		.uleb128 0x8
 498 0170 10050000 		.4byte	.LASF41
 499 0174 6F       		.sleb128 -17
 500 0175 08       		.uleb128 0x8
 501 0176 62000000 		.4byte	.LASF42
 502 017a 6E       		.sleb128 -18
 503 017b 08       		.uleb128 0x8
 504 017c A6010000 		.4byte	.LASF43
 505 0180 6D       		.sleb128 -19
 506 0181 08       		.uleb128 0x8
 507 0182 53020000 		.4byte	.LASF44
 508 0186 6C       		.sleb128 -20
 509 0187 08       		.uleb128 0x8
 510 0188 11020000 		.4byte	.LASF45
 511 018c 6B       		.sleb128 -21
 512 018d 08       		.uleb128 0x8
 513 018e A7040000 		.4byte	.LASF46
 514 0192 6A       		.sleb128 -22
 515 0193 08       		.uleb128 0x8
 516 0194 F6000000 		.4byte	.LASF47
 517 0198 69       		.sleb128 -23
 518 0199 08       		.uleb128 0x8
 519 019a B9010000 		.4byte	.LASF48
 520 019e 68       		.sleb128 -24
 521 019f 08       		.uleb128 0x8
 522 01a0 55010000 		.4byte	.LASF49
 523 01a4 67       		.sleb128 -25
 524 01a5 08       		.uleb128 0x8
 525 01a6 DB000000 		.4byte	.LASF50
 526 01aa 66       		.sleb128 -26
 527 01ab 08       		.uleb128 0x8
 528 01ac 93000000 		.4byte	.LASF51
 529 01b0 65       		.sleb128 -27
 530 01b1 08       		.uleb128 0x8
 531 01b2 36040000 		.4byte	.LASF52
 532 01b6 64       		.sleb128 -28
 533 01b7 08       		.uleb128 0x8
 534 01b8 78040000 		.4byte	.LASF53
 535 01bc 63       		.sleb128 -29
 536 01bd 00       		.byte	0
 537 01be 03       		.uleb128 0x3
 538 01bf 24050000 		.4byte	.LASF54
 539 01c3 07       		.byte	0x7
 540 01c4 EF       		.byte	0xef
 541 01c5 FD000000 		.4byte	0xfd
 542 01c9 09       		.uleb128 0x9
 543 01ca C9030000 		.4byte	.LASF60
 544 01ce 08       		.byte	0x8
 545 01cf 08       		.byte	0x8
 546 01d0 6B       		.byte	0x6b
 547 01d1 12020000 		.4byte	0x212
 548 01d5 0A       		.uleb128 0xa
 549 01d6 95010000 		.4byte	.LASF55
 550 01da 08       		.byte	0x8
 551 01db 6C       		.byte	0x6c
 552 01dc 12020000 		.4byte	0x212
 553 01e0 00       		.byte	0
ARM GAS  C:\Users\abhim\AppData\Local\Temp\cckGxcra.s 			page 13


 554 01e1 0A       		.uleb128 0xa
 555 01e2 66020000 		.4byte	.LASF56
 556 01e6 08       		.byte	0x8
 557 01e7 6D       		.byte	0x6d
 558 01e8 81000000 		.4byte	0x81
 559 01ec 04       		.byte	0x4
 560 01ed 0A       		.uleb128 0xa
 561 01ee 49020000 		.4byte	.LASF57
 562 01f2 08       		.byte	0x8
 563 01f3 6E       		.byte	0x6e
 564 01f4 81000000 		.4byte	0x81
 565 01f8 05       		.byte	0x5
 566 01f9 0A       		.uleb128 0xa
 567 01fa 79020000 		.4byte	.LASF58
 568 01fe 08       		.byte	0x8
 569 01ff 6F       		.byte	0x6f
 570 0200 81000000 		.4byte	0x81
 571 0204 06       		.byte	0x6
 572 0205 0A       		.uleb128 0xa
 573 0206 23020000 		.4byte	.LASF59
 574 020a 08       		.byte	0x8
 575 020b 70       		.byte	0x70
 576 020c 81000000 		.4byte	0x81
 577 0210 07       		.byte	0x7
 578 0211 00       		.byte	0
 579 0212 0B       		.uleb128 0xb
 580 0213 04       		.byte	0x4
 581 0214 81000000 		.4byte	0x81
 582 0218 03       		.uleb128 0x3
 583 0219 C9030000 		.4byte	.LASF60
 584 021d 08       		.byte	0x8
 585 021e 71       		.byte	0x71
 586 021f C9010000 		.4byte	0x1c9
 587 0223 0C       		.uleb128 0xc
 588 0224 77000000 		.4byte	.LASF61
 589 0228 01       		.byte	0x1
 590 0229 3D       		.byte	0x3d
 591 022a BE010000 		.4byte	0x1be
 592 022e 00000000 		.4byte	.LFB110
 593 0232 1A000000 		.4byte	.LFE110-.LFB110
 594 0236 01       		.uleb128 0x1
 595 0237 9C       		.byte	0x9c
 596 0238 5B020000 		.4byte	0x25b
 597 023c 0D       		.uleb128 0xd
 598 023d 726200   		.ascii	"rb\000"
 599 0240 01       		.byte	0x1
 600 0241 3D       		.byte	0x3d
 601 0242 5B020000 		.4byte	0x25b
 602 0246 00000000 		.4byte	.LLST0
 603 024a 0E       		.uleb128 0xe
 604 024b 14000000 		.4byte	.LVL2
 605 024f AA030000 		.4byte	0x3aa
 606 0253 0F       		.uleb128 0xf
 607 0254 01       		.uleb128 0x1
 608 0255 50       		.byte	0x50
 609 0256 02       		.uleb128 0x2
 610 0257 08       		.byte	0x8
ARM GAS  C:\Users\abhim\AppData\Local\Temp\cckGxcra.s 			page 14


 611 0258 FF       		.byte	0xff
 612 0259 00       		.byte	0
 613 025a 00       		.byte	0
 614 025b 0B       		.uleb128 0xb
 615 025c 04       		.byte	0x4
 616 025d 18020000 		.4byte	0x218
 617 0261 0C       		.uleb128 0xc
 618 0262 E5010000 		.4byte	.LASF62
 619 0266 01       		.byte	0x1
 620 0267 47       		.byte	0x47
 621 0268 BE010000 		.4byte	0x1be
 622 026c 00000000 		.4byte	.LFB111
 623 0270 2C000000 		.4byte	.LFE111-.LFB111
 624 0274 01       		.uleb128 0x1
 625 0275 9C       		.byte	0x9c
 626 0276 B0020000 		.4byte	0x2b0
 627 027a 0D       		.uleb128 0xd
 628 027b 726200   		.ascii	"rb\000"
 629 027e 01       		.byte	0x1
 630 027f 47       		.byte	0x47
 631 0280 5B020000 		.4byte	0x25b
 632 0284 1E000000 		.4byte	.LLST1
 633 0288 10       		.uleb128 0x10
 634 0289 05030000 		.4byte	.LASF79
 635 028d 01       		.byte	0x1
 636 028e 48       		.byte	0x48
 637 028f EA000000 		.4byte	0xea
 638 0293 11       		.uleb128 0x11
 639 0294 0A000000 		.4byte	.LVL5
 640 0298 B5030000 		.4byte	0x3b5
 641 029c A6020000 		.4byte	0x2a6
 642 02a0 0F       		.uleb128 0xf
 643 02a1 01       		.uleb128 0x1
 644 02a2 50       		.byte	0x50
 645 02a3 01       		.uleb128 0x1
 646 02a4 30       		.byte	0x30
 647 02a5 00       		.byte	0
 648 02a6 12       		.uleb128 0x12
 649 02a7 14000000 		.4byte	.LVL6
 650 02ab C1030000 		.4byte	0x3c1
 651 02af 00       		.byte	0
 652 02b0 0C       		.uleb128 0xc
 653 02b1 1E000000 		.4byte	.LASF63
 654 02b5 01       		.byte	0x1
 655 02b6 58       		.byte	0x58
 656 02b7 BE010000 		.4byte	0x1be
 657 02bb 00000000 		.4byte	.LFB112
 658 02bf 54000000 		.4byte	.LFE112-.LFB112
 659 02c3 01       		.uleb128 0x1
 660 02c4 9C       		.byte	0x9c
 661 02c5 09030000 		.4byte	0x309
 662 02c9 0D       		.uleb128 0xd
 663 02ca 726200   		.ascii	"rb\000"
 664 02cd 01       		.byte	0x1
 665 02ce 58       		.byte	0x58
 666 02cf 5B020000 		.4byte	0x25b
 667 02d3 3C000000 		.4byte	.LLST2
ARM GAS  C:\Users\abhim\AppData\Local\Temp\cckGxcra.s 			page 15


 668 02d7 13       		.uleb128 0x13
 669 02d8 0C040000 		.4byte	.LASF64
 670 02dc 01       		.byte	0x1
 671 02dd 58       		.byte	0x58
 672 02de 81000000 		.4byte	0x81
 673 02e2 9F000000 		.4byte	.LLST3
 674 02e6 11       		.uleb128 0x11
 675 02e7 1A000000 		.4byte	.LVL11
 676 02eb B5030000 		.4byte	0x3b5
 677 02ef F9020000 		.4byte	0x2f9
 678 02f3 0F       		.uleb128 0xf
 679 02f4 01       		.uleb128 0x1
 680 02f5 50       		.byte	0x50
 681 02f6 01       		.uleb128 0x1
 682 02f7 30       		.byte	0x30
 683 02f8 00       		.byte	0
 684 02f9 0E       		.uleb128 0xe
 685 02fa 3E000000 		.4byte	.LVL12
 686 02fe CC030000 		.4byte	0x3cc
 687 0302 0F       		.uleb128 0xf
 688 0303 01       		.uleb128 0x1
 689 0304 50       		.byte	0x50
 690 0305 01       		.uleb128 0x1
 691 0306 30       		.byte	0x30
 692 0307 00       		.byte	0
 693 0308 00       		.byte	0
 694 0309 0C       		.uleb128 0xc
 695 030a B6020000 		.4byte	.LASF65
 696 030e 01       		.byte	0x1
 697 030f 6B       		.byte	0x6b
 698 0310 BE010000 		.4byte	0x1be
 699 0314 00000000 		.4byte	.LFB113
 700 0318 52000000 		.4byte	.LFE113-.LFB113
 701 031c 01       		.uleb128 0x1
 702 031d 9C       		.byte	0x9c
 703 031e 62030000 		.4byte	0x362
 704 0322 0D       		.uleb128 0xd
 705 0323 726200   		.ascii	"rb\000"
 706 0326 01       		.byte	0x1
 707 0327 6B       		.byte	0x6b
 708 0328 5B020000 		.4byte	0x25b
 709 032c CB000000 		.4byte	.LLST4
 710 0330 13       		.uleb128 0x13
 711 0331 0C040000 		.4byte	.LASF64
 712 0335 01       		.byte	0x1
 713 0336 6B       		.byte	0x6b
 714 0337 12020000 		.4byte	0x212
 715 033b 2E010000 		.4byte	.LLST5
 716 033f 11       		.uleb128 0x11
 717 0340 16000000 		.4byte	.LVL21
 718 0344 B5030000 		.4byte	0x3b5
 719 0348 52030000 		.4byte	0x352
 720 034c 0F       		.uleb128 0xf
 721 034d 01       		.uleb128 0x1
 722 034e 50       		.byte	0x50
 723 034f 01       		.uleb128 0x1
 724 0350 30       		.byte	0x30
ARM GAS  C:\Users\abhim\AppData\Local\Temp\cckGxcra.s 			page 16


 725 0351 00       		.byte	0
 726 0352 0E       		.uleb128 0xe
 727 0353 3C000000 		.4byte	.LVL22
 728 0357 CC030000 		.4byte	0x3cc
 729 035b 0F       		.uleb128 0xf
 730 035c 01       		.uleb128 0x1
 731 035d 50       		.byte	0x50
 732 035e 01       		.uleb128 0x1
 733 035f 30       		.byte	0x30
 734 0360 00       		.byte	0
 735 0361 00       		.byte	0
 736 0362 14       		.uleb128 0x14
 737 0363 F8040000 		.4byte	.LASF66
 738 0367 09       		.byte	0x9
 739 0368 40       		.byte	0x40
 740 0369 C9000000 		.4byte	0xc9
 741 036d 14       		.uleb128 0x14
 742 036e 7C010000 		.4byte	.LASF67
 743 0372 09       		.byte	0x9
 744 0373 47       		.byte	0x47
 745 0374 D4000000 		.4byte	0xd4
 746 0378 14       		.uleb128 0x14
 747 0379 11040000 		.4byte	.LASF68
 748 037d 09       		.byte	0x9
 749 037e 4A       		.byte	0x4a
 750 037f C9000000 		.4byte	0xc9
 751 0383 14       		.uleb128 0x14
 752 0384 27010000 		.4byte	.LASF69
 753 0388 0A       		.byte	0xa
 754 0389 48       		.byte	0x48
 755 038a DF000000 		.4byte	0xdf
 756 038e 14       		.uleb128 0x14
 757 038f 0D010000 		.4byte	.LASF70
 758 0393 0B       		.byte	0xb
 759 0394 44       		.byte	0x44
 760 0395 C9000000 		.4byte	0xc9
 761 0399 15       		.uleb128 0x15
 762 039a D2040000 		.4byte	.LASF71
 763 039e 0C       		.byte	0xc
 764 039f 1207     		.2byte	0x712
 765 03a1 A5030000 		.4byte	0x3a5
 766 03a5 16       		.uleb128 0x16
 767 03a6 8C000000 		.4byte	0x8c
 768 03aa 17       		.uleb128 0x17
 769 03ab 9F010000 		.4byte	.LASF72
 770 03af 9F010000 		.4byte	.LASF72
 771 03b3 0D       		.byte	0xd
 772 03b4 64       		.byte	0x64
 773 03b5 18       		.uleb128 0x18
 774 03b6 9A030000 		.4byte	.LASF73
 775 03ba 9A030000 		.4byte	.LASF73
 776 03be 0E       		.byte	0xe
 777 03bf 1901     		.2byte	0x119
 778 03c1 17       		.uleb128 0x17
 779 03c2 22010000 		.4byte	.LASF74
 780 03c6 22010000 		.4byte	.LASF74
 781 03ca 0D       		.byte	0xd
ARM GAS  C:\Users\abhim\AppData\Local\Temp\cckGxcra.s 			page 17


 782 03cb 59       		.byte	0x59
 783 03cc 18       		.uleb128 0x18
 784 03cd 91040000 		.4byte	.LASF75
 785 03d1 91040000 		.4byte	.LASF75
 786 03d5 0E       		.byte	0xe
 787 03d6 1E01     		.2byte	0x11e
 788 03d8 00       		.byte	0
 789              		.section	.debug_abbrev,"",%progbits
 790              	.Ldebug_abbrev0:
 791 0000 01       		.uleb128 0x1
 792 0001 11       		.uleb128 0x11
 793 0002 01       		.byte	0x1
 794 0003 25       		.uleb128 0x25
 795 0004 0E       		.uleb128 0xe
 796 0005 13       		.uleb128 0x13
 797 0006 0B       		.uleb128 0xb
 798 0007 03       		.uleb128 0x3
 799 0008 0E       		.uleb128 0xe
 800 0009 1B       		.uleb128 0x1b
 801 000a 0E       		.uleb128 0xe
 802 000b 55       		.uleb128 0x55
 803 000c 17       		.uleb128 0x17
 804 000d 11       		.uleb128 0x11
 805 000e 01       		.uleb128 0x1
 806 000f 10       		.uleb128 0x10
 807 0010 17       		.uleb128 0x17
 808 0011 00       		.byte	0
 809 0012 00       		.byte	0
 810 0013 02       		.uleb128 0x2
 811 0014 24       		.uleb128 0x24
 812 0015 00       		.byte	0
 813 0016 0B       		.uleb128 0xb
 814 0017 0B       		.uleb128 0xb
 815 0018 3E       		.uleb128 0x3e
 816 0019 0B       		.uleb128 0xb
 817 001a 03       		.uleb128 0x3
 818 001b 0E       		.uleb128 0xe
 819 001c 00       		.byte	0
 820 001d 00       		.byte	0
 821 001e 03       		.uleb128 0x3
 822 001f 16       		.uleb128 0x16
 823 0020 00       		.byte	0
 824 0021 03       		.uleb128 0x3
 825 0022 0E       		.uleb128 0xe
 826 0023 3A       		.uleb128 0x3a
 827 0024 0B       		.uleb128 0xb
 828 0025 3B       		.uleb128 0x3b
 829 0026 0B       		.uleb128 0xb
 830 0027 49       		.uleb128 0x49
 831 0028 13       		.uleb128 0x13
 832 0029 00       		.byte	0
 833 002a 00       		.byte	0
 834 002b 04       		.uleb128 0x4
 835 002c 24       		.uleb128 0x24
 836 002d 00       		.byte	0
 837 002e 0B       		.uleb128 0xb
 838 002f 0B       		.uleb128 0xb
ARM GAS  C:\Users\abhim\AppData\Local\Temp\cckGxcra.s 			page 18


 839 0030 3E       		.uleb128 0x3e
 840 0031 0B       		.uleb128 0xb
 841 0032 03       		.uleb128 0x3
 842 0033 08       		.uleb128 0x8
 843 0034 00       		.byte	0
 844 0035 00       		.byte	0
 845 0036 05       		.uleb128 0x5
 846 0037 16       		.uleb128 0x16
 847 0038 00       		.byte	0
 848 0039 03       		.uleb128 0x3
 849 003a 0E       		.uleb128 0xe
 850 003b 3A       		.uleb128 0x3a
 851 003c 0B       		.uleb128 0xb
 852 003d 3B       		.uleb128 0x3b
 853 003e 05       		.uleb128 0x5
 854 003f 49       		.uleb128 0x49
 855 0040 13       		.uleb128 0x13
 856 0041 00       		.byte	0
 857 0042 00       		.byte	0
 858 0043 06       		.uleb128 0x6
 859 0044 04       		.uleb128 0x4
 860 0045 01       		.byte	0x1
 861 0046 0B       		.uleb128 0xb
 862 0047 0B       		.uleb128 0xb
 863 0048 49       		.uleb128 0x49
 864 0049 13       		.uleb128 0x13
 865 004a 3A       		.uleb128 0x3a
 866 004b 0B       		.uleb128 0xb
 867 004c 3B       		.uleb128 0x3b
 868 004d 0B       		.uleb128 0xb
 869 004e 01       		.uleb128 0x1
 870 004f 13       		.uleb128 0x13
 871 0050 00       		.byte	0
 872 0051 00       		.byte	0
 873 0052 07       		.uleb128 0x7
 874 0053 28       		.uleb128 0x28
 875 0054 00       		.byte	0
 876 0055 03       		.uleb128 0x3
 877 0056 0E       		.uleb128 0xe
 878 0057 1C       		.uleb128 0x1c
 879 0058 0B       		.uleb128 0xb
 880 0059 00       		.byte	0
 881 005a 00       		.byte	0
 882 005b 08       		.uleb128 0x8
 883 005c 28       		.uleb128 0x28
 884 005d 00       		.byte	0
 885 005e 03       		.uleb128 0x3
 886 005f 0E       		.uleb128 0xe
 887 0060 1C       		.uleb128 0x1c
 888 0061 0D       		.uleb128 0xd
 889 0062 00       		.byte	0
 890 0063 00       		.byte	0
 891 0064 09       		.uleb128 0x9
 892 0065 13       		.uleb128 0x13
 893 0066 01       		.byte	0x1
 894 0067 03       		.uleb128 0x3
 895 0068 0E       		.uleb128 0xe
ARM GAS  C:\Users\abhim\AppData\Local\Temp\cckGxcra.s 			page 19


 896 0069 0B       		.uleb128 0xb
 897 006a 0B       		.uleb128 0xb
 898 006b 3A       		.uleb128 0x3a
 899 006c 0B       		.uleb128 0xb
 900 006d 3B       		.uleb128 0x3b
 901 006e 0B       		.uleb128 0xb
 902 006f 01       		.uleb128 0x1
 903 0070 13       		.uleb128 0x13
 904 0071 00       		.byte	0
 905 0072 00       		.byte	0
 906 0073 0A       		.uleb128 0xa
 907 0074 0D       		.uleb128 0xd
 908 0075 00       		.byte	0
 909 0076 03       		.uleb128 0x3
 910 0077 0E       		.uleb128 0xe
 911 0078 3A       		.uleb128 0x3a
 912 0079 0B       		.uleb128 0xb
 913 007a 3B       		.uleb128 0x3b
 914 007b 0B       		.uleb128 0xb
 915 007c 49       		.uleb128 0x49
 916 007d 13       		.uleb128 0x13
 917 007e 38       		.uleb128 0x38
 918 007f 0B       		.uleb128 0xb
 919 0080 00       		.byte	0
 920 0081 00       		.byte	0
 921 0082 0B       		.uleb128 0xb
 922 0083 0F       		.uleb128 0xf
 923 0084 00       		.byte	0
 924 0085 0B       		.uleb128 0xb
 925 0086 0B       		.uleb128 0xb
 926 0087 49       		.uleb128 0x49
 927 0088 13       		.uleb128 0x13
 928 0089 00       		.byte	0
 929 008a 00       		.byte	0
 930 008b 0C       		.uleb128 0xc
 931 008c 2E       		.uleb128 0x2e
 932 008d 01       		.byte	0x1
 933 008e 3F       		.uleb128 0x3f
 934 008f 19       		.uleb128 0x19
 935 0090 03       		.uleb128 0x3
 936 0091 0E       		.uleb128 0xe
 937 0092 3A       		.uleb128 0x3a
 938 0093 0B       		.uleb128 0xb
 939 0094 3B       		.uleb128 0x3b
 940 0095 0B       		.uleb128 0xb
 941 0096 27       		.uleb128 0x27
 942 0097 19       		.uleb128 0x19
 943 0098 49       		.uleb128 0x49
 944 0099 13       		.uleb128 0x13
 945 009a 11       		.uleb128 0x11
 946 009b 01       		.uleb128 0x1
 947 009c 12       		.uleb128 0x12
 948 009d 06       		.uleb128 0x6
 949 009e 40       		.uleb128 0x40
 950 009f 18       		.uleb128 0x18
 951 00a0 9742     		.uleb128 0x2117
 952 00a2 19       		.uleb128 0x19
ARM GAS  C:\Users\abhim\AppData\Local\Temp\cckGxcra.s 			page 20


 953 00a3 01       		.uleb128 0x1
 954 00a4 13       		.uleb128 0x13
 955 00a5 00       		.byte	0
 956 00a6 00       		.byte	0
 957 00a7 0D       		.uleb128 0xd
 958 00a8 05       		.uleb128 0x5
 959 00a9 00       		.byte	0
 960 00aa 03       		.uleb128 0x3
 961 00ab 08       		.uleb128 0x8
 962 00ac 3A       		.uleb128 0x3a
 963 00ad 0B       		.uleb128 0xb
 964 00ae 3B       		.uleb128 0x3b
 965 00af 0B       		.uleb128 0xb
 966 00b0 49       		.uleb128 0x49
 967 00b1 13       		.uleb128 0x13
 968 00b2 02       		.uleb128 0x2
 969 00b3 17       		.uleb128 0x17
 970 00b4 00       		.byte	0
 971 00b5 00       		.byte	0
 972 00b6 0E       		.uleb128 0xe
 973 00b7 898201   		.uleb128 0x4109
 974 00ba 01       		.byte	0x1
 975 00bb 11       		.uleb128 0x11
 976 00bc 01       		.uleb128 0x1
 977 00bd 31       		.uleb128 0x31
 978 00be 13       		.uleb128 0x13
 979 00bf 00       		.byte	0
 980 00c0 00       		.byte	0
 981 00c1 0F       		.uleb128 0xf
 982 00c2 8A8201   		.uleb128 0x410a
 983 00c5 00       		.byte	0
 984 00c6 02       		.uleb128 0x2
 985 00c7 18       		.uleb128 0x18
 986 00c8 9142     		.uleb128 0x2111
 987 00ca 18       		.uleb128 0x18
 988 00cb 00       		.byte	0
 989 00cc 00       		.byte	0
 990 00cd 10       		.uleb128 0x10
 991 00ce 34       		.uleb128 0x34
 992 00cf 00       		.byte	0
 993 00d0 03       		.uleb128 0x3
 994 00d1 0E       		.uleb128 0xe
 995 00d2 3A       		.uleb128 0x3a
 996 00d3 0B       		.uleb128 0xb
 997 00d4 3B       		.uleb128 0x3b
 998 00d5 0B       		.uleb128 0xb
 999 00d6 49       		.uleb128 0x49
 1000 00d7 13       		.uleb128 0x13
 1001 00d8 00       		.byte	0
 1002 00d9 00       		.byte	0
 1003 00da 11       		.uleb128 0x11
 1004 00db 898201   		.uleb128 0x4109
 1005 00de 01       		.byte	0x1
 1006 00df 11       		.uleb128 0x11
 1007 00e0 01       		.uleb128 0x1
 1008 00e1 31       		.uleb128 0x31
 1009 00e2 13       		.uleb128 0x13
ARM GAS  C:\Users\abhim\AppData\Local\Temp\cckGxcra.s 			page 21


 1010 00e3 01       		.uleb128 0x1
 1011 00e4 13       		.uleb128 0x13
 1012 00e5 00       		.byte	0
 1013 00e6 00       		.byte	0
 1014 00e7 12       		.uleb128 0x12
 1015 00e8 898201   		.uleb128 0x4109
 1016 00eb 00       		.byte	0
 1017 00ec 11       		.uleb128 0x11
 1018 00ed 01       		.uleb128 0x1
 1019 00ee 31       		.uleb128 0x31
 1020 00ef 13       		.uleb128 0x13
 1021 00f0 00       		.byte	0
 1022 00f1 00       		.byte	0
 1023 00f2 13       		.uleb128 0x13
 1024 00f3 05       		.uleb128 0x5
 1025 00f4 00       		.byte	0
 1026 00f5 03       		.uleb128 0x3
 1027 00f6 0E       		.uleb128 0xe
 1028 00f7 3A       		.uleb128 0x3a
 1029 00f8 0B       		.uleb128 0xb
 1030 00f9 3B       		.uleb128 0x3b
 1031 00fa 0B       		.uleb128 0xb
 1032 00fb 49       		.uleb128 0x49
 1033 00fc 13       		.uleb128 0x13
 1034 00fd 02       		.uleb128 0x2
 1035 00fe 17       		.uleb128 0x17
 1036 00ff 00       		.byte	0
 1037 0100 00       		.byte	0
 1038 0101 14       		.uleb128 0x14
 1039 0102 34       		.uleb128 0x34
 1040 0103 00       		.byte	0
 1041 0104 03       		.uleb128 0x3
 1042 0105 0E       		.uleb128 0xe
 1043 0106 3A       		.uleb128 0x3a
 1044 0107 0B       		.uleb128 0xb
 1045 0108 3B       		.uleb128 0x3b
 1046 0109 0B       		.uleb128 0xb
 1047 010a 49       		.uleb128 0x49
 1048 010b 13       		.uleb128 0x13
 1049 010c 3F       		.uleb128 0x3f
 1050 010d 19       		.uleb128 0x19
 1051 010e 3C       		.uleb128 0x3c
 1052 010f 19       		.uleb128 0x19
 1053 0110 00       		.byte	0
 1054 0111 00       		.byte	0
 1055 0112 15       		.uleb128 0x15
 1056 0113 34       		.uleb128 0x34
 1057 0114 00       		.byte	0
 1058 0115 03       		.uleb128 0x3
 1059 0116 0E       		.uleb128 0xe
 1060 0117 3A       		.uleb128 0x3a
 1061 0118 0B       		.uleb128 0xb
 1062 0119 3B       		.uleb128 0x3b
 1063 011a 05       		.uleb128 0x5
 1064 011b 49       		.uleb128 0x49
 1065 011c 13       		.uleb128 0x13
 1066 011d 3F       		.uleb128 0x3f
ARM GAS  C:\Users\abhim\AppData\Local\Temp\cckGxcra.s 			page 22


 1067 011e 19       		.uleb128 0x19
 1068 011f 3C       		.uleb128 0x3c
 1069 0120 19       		.uleb128 0x19
 1070 0121 00       		.byte	0
 1071 0122 00       		.byte	0
 1072 0123 16       		.uleb128 0x16
 1073 0124 35       		.uleb128 0x35
 1074 0125 00       		.byte	0
 1075 0126 49       		.uleb128 0x49
 1076 0127 13       		.uleb128 0x13
 1077 0128 00       		.byte	0
 1078 0129 00       		.byte	0
 1079 012a 17       		.uleb128 0x17
 1080 012b 2E       		.uleb128 0x2e
 1081 012c 00       		.byte	0
 1082 012d 3F       		.uleb128 0x3f
 1083 012e 19       		.uleb128 0x19
 1084 012f 3C       		.uleb128 0x3c
 1085 0130 19       		.uleb128 0x19
 1086 0131 6E       		.uleb128 0x6e
 1087 0132 0E       		.uleb128 0xe
 1088 0133 03       		.uleb128 0x3
 1089 0134 0E       		.uleb128 0xe
 1090 0135 3A       		.uleb128 0x3a
 1091 0136 0B       		.uleb128 0xb
 1092 0137 3B       		.uleb128 0x3b
 1093 0138 0B       		.uleb128 0xb
 1094 0139 00       		.byte	0
 1095 013a 00       		.byte	0
 1096 013b 18       		.uleb128 0x18
 1097 013c 2E       		.uleb128 0x2e
 1098 013d 00       		.byte	0
 1099 013e 3F       		.uleb128 0x3f
 1100 013f 19       		.uleb128 0x19
 1101 0140 3C       		.uleb128 0x3c
 1102 0141 19       		.uleb128 0x19
 1103 0142 6E       		.uleb128 0x6e
 1104 0143 0E       		.uleb128 0xe
 1105 0144 03       		.uleb128 0x3
 1106 0145 0E       		.uleb128 0xe
 1107 0146 3A       		.uleb128 0x3a
 1108 0147 0B       		.uleb128 0xb
 1109 0148 3B       		.uleb128 0x3b
 1110 0149 05       		.uleb128 0x5
 1111 014a 00       		.byte	0
 1112 014b 00       		.byte	0
 1113 014c 00       		.byte	0
 1114              		.section	.debug_loc,"",%progbits
 1115              	.Ldebug_loc0:
 1116              	.LLST0:
 1117 0000 00000000 		.4byte	.LVL0
 1118 0004 06000000 		.4byte	.LVL1
 1119 0008 0100     		.2byte	0x1
 1120 000a 50       		.byte	0x50
 1121 000b 06000000 		.4byte	.LVL1
 1122 000f 1A000000 		.4byte	.LFE110
 1123 0013 0100     		.2byte	0x1
ARM GAS  C:\Users\abhim\AppData\Local\Temp\cckGxcra.s 			page 23


 1124 0015 54       		.byte	0x54
 1125 0016 00000000 		.4byte	0
 1126 001a 00000000 		.4byte	0
 1127              	.LLST1:
 1128 001e 00000000 		.4byte	.LVL3
 1129 0022 06000000 		.4byte	.LVL4
 1130 0026 0100     		.2byte	0x1
 1131 0028 50       		.byte	0x50
 1132 0029 06000000 		.4byte	.LVL4
 1133 002d 2C000000 		.4byte	.LFE111
 1134 0031 0100     		.2byte	0x1
 1135 0033 54       		.byte	0x54
 1136 0034 00000000 		.4byte	0
 1137 0038 00000000 		.4byte	0
 1138              	.LLST2:
 1139 003c 00000000 		.4byte	.LVL9
 1140 0040 16000000 		.4byte	.LVL10
 1141 0044 0100     		.2byte	0x1
 1142 0046 50       		.byte	0x50
 1143 0047 16000000 		.4byte	.LVL10
 1144 004b 42000000 		.4byte	.LVL13
 1145 004f 0100     		.2byte	0x1
 1146 0051 54       		.byte	0x54
 1147 0052 42000000 		.4byte	.LVL13
 1148 0056 46000000 		.4byte	.LVL14
 1149 005a 0100     		.2byte	0x1
 1150 005c 50       		.byte	0x50
 1151 005d 46000000 		.4byte	.LVL14
 1152 0061 48000000 		.4byte	.LVL15
 1153 0065 0400     		.2byte	0x4
 1154 0067 F3       		.byte	0xf3
 1155 0068 01       		.uleb128 0x1
 1156 0069 50       		.byte	0x50
 1157 006a 9F       		.byte	0x9f
 1158 006b 48000000 		.4byte	.LVL15
 1159 006f 4C000000 		.4byte	.LVL16
 1160 0073 0100     		.2byte	0x1
 1161 0075 50       		.byte	0x50
 1162 0076 4C000000 		.4byte	.LVL16
 1163 007a 4E000000 		.4byte	.LVL17
 1164 007e 0100     		.2byte	0x1
 1165 0080 54       		.byte	0x54
 1166 0081 4E000000 		.4byte	.LVL17
 1167 0085 52000000 		.4byte	.LVL18
 1168 0089 0100     		.2byte	0x1
 1169 008b 50       		.byte	0x50
 1170 008c 52000000 		.4byte	.LVL18
 1171 0090 54000000 		.4byte	.LFE112
 1172 0094 0100     		.2byte	0x1
 1173 0096 54       		.byte	0x54
 1174 0097 00000000 		.4byte	0
 1175 009b 00000000 		.4byte	0
 1176              	.LLST3:
 1177 009f 00000000 		.4byte	.LVL9
 1178 00a3 19000000 		.4byte	.LVL11-1
 1179 00a7 0100     		.2byte	0x1
 1180 00a9 51       		.byte	0x51
ARM GAS  C:\Users\abhim\AppData\Local\Temp\cckGxcra.s 			page 24


 1181 00aa 19000000 		.4byte	.LVL11-1
 1182 00ae 42000000 		.4byte	.LVL13
 1183 00b2 0400     		.2byte	0x4
 1184 00b4 F3       		.byte	0xf3
 1185 00b5 01       		.uleb128 0x1
 1186 00b6 51       		.byte	0x51
 1187 00b7 9F       		.byte	0x9f
 1188 00b8 42000000 		.4byte	.LVL13
 1189 00bc 54000000 		.4byte	.LFE112
 1190 00c0 0100     		.2byte	0x1
 1191 00c2 51       		.byte	0x51
 1192 00c3 00000000 		.4byte	0
 1193 00c7 00000000 		.4byte	0
 1194              	.LLST4:
 1195 00cb 00000000 		.4byte	.LVL19
 1196 00cf 12000000 		.4byte	.LVL20
 1197 00d3 0100     		.2byte	0x1
 1198 00d5 50       		.byte	0x50
 1199 00d6 12000000 		.4byte	.LVL20
 1200 00da 40000000 		.4byte	.LVL23
 1201 00de 0100     		.2byte	0x1
 1202 00e0 54       		.byte	0x54
 1203 00e1 40000000 		.4byte	.LVL23
 1204 00e5 44000000 		.4byte	.LVL24
 1205 00e9 0100     		.2byte	0x1
 1206 00eb 50       		.byte	0x50
 1207 00ec 44000000 		.4byte	.LVL24
 1208 00f0 46000000 		.4byte	.LVL25
 1209 00f4 0400     		.2byte	0x4
 1210 00f6 F3       		.byte	0xf3
 1211 00f7 01       		.uleb128 0x1
 1212 00f8 50       		.byte	0x50
 1213 00f9 9F       		.byte	0x9f
 1214 00fa 46000000 		.4byte	.LVL25
 1215 00fe 4A000000 		.4byte	.LVL26
 1216 0102 0100     		.2byte	0x1
 1217 0104 50       		.byte	0x50
 1218 0105 4A000000 		.4byte	.LVL26
 1219 0109 4C000000 		.4byte	.LVL27
 1220 010d 0100     		.2byte	0x1
 1221 010f 54       		.byte	0x54
 1222 0110 4C000000 		.4byte	.LVL27
 1223 0114 50000000 		.4byte	.LVL28
 1224 0118 0100     		.2byte	0x1
 1225 011a 50       		.byte	0x50
 1226 011b 50000000 		.4byte	.LVL28
 1227 011f 52000000 		.4byte	.LFE113
 1228 0123 0100     		.2byte	0x1
 1229 0125 54       		.byte	0x54
 1230 0126 00000000 		.4byte	0
 1231 012a 00000000 		.4byte	0
 1232              	.LLST5:
 1233 012e 00000000 		.4byte	.LVL19
 1234 0132 15000000 		.4byte	.LVL21-1
 1235 0136 0100     		.2byte	0x1
 1236 0138 51       		.byte	0x51
 1237 0139 15000000 		.4byte	.LVL21-1
ARM GAS  C:\Users\abhim\AppData\Local\Temp\cckGxcra.s 			page 25


 1238 013d 40000000 		.4byte	.LVL23
 1239 0141 0100     		.2byte	0x1
 1240 0143 55       		.byte	0x55
 1241 0144 40000000 		.4byte	.LVL23
 1242 0148 52000000 		.4byte	.LFE113
 1243 014c 0100     		.2byte	0x1
 1244 014e 51       		.byte	0x51
 1245 014f 00000000 		.4byte	0
 1246 0153 00000000 		.4byte	0
 1247              		.section	.debug_aranges,"",%progbits
 1248 0000 34000000 		.4byte	0x34
 1249 0004 0200     		.2byte	0x2
 1250 0006 00000000 		.4byte	.Ldebug_info0
 1251 000a 04       		.byte	0x4
 1252 000b 00       		.byte	0
 1253 000c 0000     		.2byte	0
 1254 000e 0000     		.2byte	0
 1255 0010 00000000 		.4byte	.LFB110
 1256 0014 1A000000 		.4byte	.LFE110-.LFB110
 1257 0018 00000000 		.4byte	.LFB111
 1258 001c 2C000000 		.4byte	.LFE111-.LFB111
 1259 0020 00000000 		.4byte	.LFB112
 1260 0024 54000000 		.4byte	.LFE112-.LFB112
 1261 0028 00000000 		.4byte	.LFB113
 1262 002c 52000000 		.4byte	.LFE113-.LFB113
 1263 0030 00000000 		.4byte	0
 1264 0034 00000000 		.4byte	0
 1265              		.section	.debug_ranges,"",%progbits
 1266              	.Ldebug_ranges0:
 1267 0000 00000000 		.4byte	.LFB110
 1268 0004 1A000000 		.4byte	.LFE110
 1269 0008 00000000 		.4byte	.LFB111
 1270 000c 2C000000 		.4byte	.LFE111
 1271 0010 00000000 		.4byte	.LFB112
 1272 0014 54000000 		.4byte	.LFE112
 1273 0018 00000000 		.4byte	.LFB113
 1274 001c 52000000 		.4byte	.LFE113
 1275 0020 00000000 		.4byte	0
 1276 0024 00000000 		.4byte	0
 1277              		.section	.debug_line,"",%progbits
 1278              	.Ldebug_line0:
 1279 0000 5C030000 		.section	.debug_str,"MS",%progbits,1
 1279      0200BE02 
 1279      00000201 
 1279      FB0E0D00 
 1279      01010101 
 1280              	.LASF38:
 1281 0000 52435F45 		.ascii	"RC_ERROR_READ_ONLY\000"
 1281      52524F52 
 1281      5F524541 
 1281      445F4F4E 
 1281      4C5900
 1282              	.LASF24:
 1283 0013 52435F53 		.ascii	"RC_SUCCESS\000"
 1283      55434345 
 1283      535300
 1284              	.LASF63:
ARM GAS  C:\Users\abhim\AppData\Local\Temp\cckGxcra.s 			page 26


 1285 001e 72696E67 		.ascii	"ringBufferWrite\000"
 1285      42756666 
 1285      65725772 
 1285      69746500 
 1286              	.LASF15:
 1287 002e 63686172 		.ascii	"char\000"
 1287      00
 1288              	.LASF39:
 1289 0033 52435F45 		.ascii	"RC_ERROR_WRITE_ONLY\000"
 1289      52524F52 
 1289      5F575249 
 1289      54455F4F 
 1289      4E4C5900 
 1290              	.LASF2:
 1291 0047 73686F72 		.ascii	"short int\000"
 1291      7420696E 
 1291      7400
 1292              	.LASF30:
 1293 0051 52435F45 		.ascii	"RC_ERROR_OVERRUN\000"
 1293      52524F52 
 1293      5F4F5645 
 1293      5252554E 
 1293      00
 1294              	.LASF42:
 1295 0062 52435F45 		.ascii	"RC_ERROR_WRITE_FAILS\000"
 1295      52524F52 
 1295      5F575249 
 1295      54455F46 
 1295      41494C53 
 1296              	.LASF61:
 1297 0077 72696E67 		.ascii	"ringBufferCreate\000"
 1297      42756666 
 1297      65724372 
 1297      65617465 
 1297      00
 1298              	.LASF22:
 1299 0088 53746174 		.ascii	"StatusType\000"
 1299      75735479 
 1299      706500
 1300              	.LASF51:
 1301 0093 52435F45 		.ascii	"RC_ERROR_TOKEN_END\000"
 1301      52524F52 
 1301      5F544F4B 
 1301      454E5F45 
 1301      4E4400
 1302              	.LASF27:
 1303 00a6 52435F45 		.ascii	"RC_ERROR_ZERO\000"
 1303      52524F52 
 1303      5F5A4552 
 1303      4F00
 1304              	.LASF20:
 1305 00b4 45455F46 		.ascii	"EE_FREG\000"
 1305      52454700 
 1306              	.LASF34:
 1307 00bc 52435F45 		.ascii	"RC_ERROR_BUSY\000"
 1307      52524F52 
 1307      5F425553 
ARM GAS  C:\Users\abhim\AppData\Local\Temp\cckGxcra.s 			page 27


 1307      5900
 1308              	.LASF18:
 1309 00ca 45455F55 		.ascii	"EE_UINT32\000"
 1309      494E5433 
 1309      3200
 1310              	.LASF21:
 1311 00d4 45455F54 		.ascii	"EE_TID\000"
 1311      494400
 1312              	.LASF50:
 1313 00db 52435F42 		.ascii	"RC_BUFFERUNDERFLOW\000"
 1313      55464645 
 1313      52554E44 
 1313      4552464C 
 1313      4F5700
 1314              	.LASF11:
 1315 00ee 75696E74 		.ascii	"uint8_t\000"
 1315      385F7400 
 1316              	.LASF47:
 1317 00f6 52435F45 		.ascii	"RC_ERROR_INVALID_STATE\000"
 1317      52524F52 
 1317      5F494E56 
 1317      414C4944 
 1317      5F535441 
 1318              	.LASF70:
 1319 010d 45455F49 		.ascii	"EE_IRQ_nesting_level\000"
 1319      52515F6E 
 1319      65737469 
 1319      6E675F6C 
 1319      6576656C 
 1320              	.LASF74:
 1321 0122 66726565 		.ascii	"free\000"
 1321      00
 1322              	.LASF69:
 1323 0127 45455F73 		.ascii	"EE_std_endcycle_next_tid\000"
 1323      74645F65 
 1323      6E646379 
 1323      636C655F 
 1323      6E657874 
 1324              	.LASF29:
 1325 0140 52435F45 		.ascii	"RC_ERROR_RANGE\000"
 1325      52524F52 
 1325      5F52414E 
 1325      474500
 1326              	.LASF13:
 1327 014f 666C6F61 		.ascii	"float\000"
 1327      7400
 1328              	.LASF49:
 1329 0155 52435F45 		.ascii	"RC_ERROR_NOT_IMPLEMENTED\000"
 1329      52524F52 
 1329      5F4E4F54 
 1329      5F494D50 
 1329      4C454D45 
 1330              	.LASF8:
 1331 016e 6C6F6E67 		.ascii	"long long int\000"
 1331      206C6F6E 
 1331      6720696E 
 1331      7400
ARM GAS  C:\Users\abhim\AppData\Local\Temp\cckGxcra.s 			page 28


 1332              	.LASF67:
 1333 017c 45455F6F 		.ascii	"EE_oo_IRQ_suspend_status\000"
 1333      6F5F4952 
 1333      515F7375 
 1333      7370656E 
 1333      645F7374 
 1334              	.LASF55:
 1335 0195 6D5F7042 		.ascii	"m_pBuffer\000"
 1335      75666665 
 1335      7200
 1336              	.LASF72:
 1337 019f 6D616C6C 		.ascii	"malloc\000"
 1337      6F6300
 1338              	.LASF43:
 1339 01a6 52435F45 		.ascii	"RC_ERROR_NOT_MATCH\000"
 1339      52524F52 
 1339      5F4E4F54 
 1339      5F4D4154 
 1339      434800
 1340              	.LASF48:
 1341 01b9 52435F45 		.ascii	"RC_ERROR_UNKNOWN\000"
 1341      52524F52 
 1341      5F554E4B 
 1341      4E4F574E 
 1341      00
 1342              	.LASF6:
 1343 01ca 6C6F6E67 		.ascii	"long int\000"
 1343      20696E74 
 1343      00
 1344              	.LASF31:
 1345 01d3 52435F45 		.ascii	"RC_ERROR_UNDERRUN\000"
 1345      52524F52 
 1345      5F554E44 
 1345      45525255 
 1345      4E00
 1346              	.LASF62:
 1347 01e5 72696E67 		.ascii	"ringBufferDelete\000"
 1347      42756666 
 1347      65724465 
 1347      6C657465 
 1347      00
 1348              	.LASF4:
 1349 01f6 5F5F7569 		.ascii	"__uint8_t\000"
 1349      6E74385F 
 1349      7400
 1350              	.LASF40:
 1351 0200 52435F45 		.ascii	"RC_ERROR_INVALID\000"
 1351      52524F52 
 1351      5F494E56 
 1351      414C4944 
 1351      00
 1352              	.LASF45:
 1353 0211 52435F45 		.ascii	"RC_ERROR_BAD_DATA\000"
 1353      52524F52 
 1353      5F424144 
 1353      5F444154 
 1353      4100
ARM GAS  C:\Users\abhim\AppData\Local\Temp\cckGxcra.s 			page 29


 1354              	.LASF59:
 1355 0223 6D5F6669 		.ascii	"m_fillLevel\000"
 1355      6C6C4C65 
 1355      76656C00 
 1356              	.LASF16:
 1357 022f 6C6F6E67 		.ascii	"long double\000"
 1357      20646F75 
 1357      626C6500 
 1358              	.LASF1:
 1359 023b 756E7369 		.ascii	"unsigned char\000"
 1359      676E6564 
 1359      20636861 
 1359      7200
 1360              	.LASF57:
 1361 0249 6D5F7265 		.ascii	"m_readIdx\000"
 1361      61644964 
 1361      7800
 1362              	.LASF44:
 1363 0253 52435F45 		.ascii	"RC_ERROR_BAD_PARAM\000"
 1363      52524F52 
 1363      5F424144 
 1363      5F504152 
 1363      414D00
 1364              	.LASF56:
 1365 0266 6D5F7369 		.ascii	"m_size\000"
 1365      7A6500
 1366              	.LASF0:
 1367 026d 7369676E 		.ascii	"signed char\000"
 1367      65642063 
 1367      68617200 
 1368              	.LASF58:
 1369 0279 6D5F7772 		.ascii	"m_writeIdx\000"
 1369      69746549 
 1369      647800
 1370              	.LASF9:
 1371 0284 6C6F6E67 		.ascii	"long long unsigned int\000"
 1371      206C6F6E 
 1371      6720756E 
 1371      7369676E 
 1371      65642069 
 1372              	.LASF10:
 1373 029b 756E7369 		.ascii	"unsigned int\000"
 1373      676E6564 
 1373      20696E74 
 1373      00
 1374              	.LASF36:
 1375 02a8 52435F45 		.ascii	"RC_ERROR_OPEN\000"
 1375      52524F52 
 1375      5F4F5045 
 1375      4E00
 1376              	.LASF65:
 1377 02b6 72696E67 		.ascii	"ringBufferRead\000"
 1377      42756666 
 1377      65725265 
 1377      616400
 1378              	.LASF26:
 1379 02c5 52435F45 		.ascii	"RC_ERROR_NULL\000"
ARM GAS  C:\Users\abhim\AppData\Local\Temp\cckGxcra.s 			page 30


 1379      52524F52 
 1379      5F4E554C 
 1379      4C00
 1380              	.LASF33:
 1381 02d3 52435F45 		.ascii	"RC_ERROR_BUFFER_EMTPY\000"
 1381      52524F52 
 1381      5F425546 
 1381      4645525F 
 1381      454D5450 
 1382              	.LASF17:
 1383 02e9 45455F49 		.ascii	"EE_INT32\000"
 1383      4E543332 
 1383      00
 1384              	.LASF3:
 1385 02f2 73686F72 		.ascii	"short unsigned int\000"
 1385      7420756E 
 1385      7369676E 
 1385      65642069 
 1385      6E7400
 1386              	.LASF79:
 1387 0305 73746174 		.ascii	"status\000"
 1387      757300
 1388              	.LASF76:
 1389 030c 474E5520 		.ascii	"GNU C11 5.4.1 20160609 (release) [ARM/embedded-5-br"
 1389      43313120 
 1389      352E342E 
 1389      31203230 
 1389      31363036 
 1390 033f 616E6368 		.ascii	"anch revision 237715] -mcpu=cortex-m3 -mthumb -g -O"
 1390      20726576 
 1390      6973696F 
 1390      6E203233 
 1390      37373135 
 1391 0372 67202D66 		.ascii	"g -ffunction-sections -ffat-lto-objects\000"
 1391      66756E63 
 1391      74696F6E 
 1391      2D736563 
 1391      74696F6E 
 1392              	.LASF73:
 1393 039a 45455F6F 		.ascii	"EE_oo_GetResource\000"
 1393      6F5F4765 
 1393      74526573 
 1393      6F757263 
 1393      6500
 1394              	.LASF32:
 1395 03ac 52435F45 		.ascii	"RC_ERROR_BUFFER_FULL\000"
 1395      52524F52 
 1395      5F425546 
 1395      4645525F 
 1395      46554C4C 
 1396              	.LASF12:
 1397 03c1 696E7433 		.ascii	"int32_t\000"
 1397      325F7400 
 1398              	.LASF60:
 1399 03c9 4352696E 		.ascii	"CRingBuffer\000"
 1399      67427566 
 1399      66657200 
ARM GAS  C:\Users\abhim\AppData\Local\Temp\cckGxcra.s 			page 31


 1400              	.LASF78:
 1401 03d5 443A5C70 		.ascii	"D:\\psoc-workspace\\Lab Assignments\\Lab3\\Lab3\\La"
 1401      736F632D 
 1401      776F726B 
 1401      73706163 
 1401      655C4C61 
 1402 0403 62332E63 		.ascii	"b3.cydsn\000"
 1402      7964736E 
 1402      00
 1403              	.LASF64:
 1404 040c 64617461 		.ascii	"data\000"
 1404      00
 1405              	.LASF68:
 1406 0411 45455F41 		.ascii	"EE_ApplicationMode\000"
 1406      70706C69 
 1406      63617469 
 1406      6F6E4D6F 
 1406      646500
 1407              	.LASF7:
 1408 0424 6C6F6E67 		.ascii	"long unsigned int\000"
 1408      20756E73 
 1408      69676E65 
 1408      6420696E 
 1408      7400
 1409              	.LASF52:
 1410 0436 52435F45 		.ascii	"RC_ERROR_TOKEN_INVALID\000"
 1410      52524F52 
 1410      5F544F4B 
 1410      454E5F49 
 1410      4E56414C 
 1411              	.LASF14:
 1412 044d 646F7562 		.ascii	"double\000"
 1412      6C6500
 1413              	.LASF37:
 1414 0454 52435F45 		.ascii	"RC_ERROR_CHECKSUM\000"
 1414      52524F52 
 1414      5F434845 
 1414      434B5355 
 1414      4D00
 1415              	.LASF19:
 1416 0466 45455F55 		.ascii	"EE_UREG\000"
 1416      52454700 
 1417              	.LASF5:
 1418 046e 5F5F696E 		.ascii	"__int32_t\000"
 1418      7433325F 
 1418      7400
 1419              	.LASF53:
 1420 0478 52435F45 		.ascii	"RC_ERROR_PARSER\000"
 1420      52524F52 
 1420      5F504152 
 1420      53455200 
 1421              	.LASF23:
 1422 0488 73697A65 		.ascii	"sizetype\000"
 1422      74797065 
 1422      00
 1423              	.LASF75:
 1424 0491 45455F6F 		.ascii	"EE_oo_ReleaseResource\000"
ARM GAS  C:\Users\abhim\AppData\Local\Temp\cckGxcra.s 			page 32


 1424      6F5F5265 
 1424      6C656173 
 1424      65526573 
 1424      6F757263 
 1425              	.LASF46:
 1426 04a7 52435F45 		.ascii	"RC_ERROR_CANCELED\000"
 1426      52524F52 
 1426      5F43414E 
 1426      43454C45 
 1426      4400
 1427              	.LASF77:
 1428 04b9 736F7572 		.ascii	"source\\bsw\\CRingBuffer.c\000"
 1428      63655C62 
 1428      73775C43 
 1428      52696E67 
 1428      42756666 
 1429              	.LASF71:
 1430 04d2 49544D5F 		.ascii	"ITM_RxBuffer\000"
 1430      52784275 
 1430      66666572 
 1430      00
 1431              	.LASF25:
 1432 04df 52435F45 		.ascii	"RC_ERROR\000"
 1432      52524F52 
 1432      00
 1433              	.LASF28:
 1434 04e8 52435F45 		.ascii	"RC_ERROR_MEMORY\000"
 1434      52524F52 
 1434      5F4D454D 
 1434      4F525900 
 1435              	.LASF66:
 1436 04f8 45455F6F 		.ascii	"EE_oo_IRQ_disable_count\000"
 1436      6F5F4952 
 1436      515F6469 
 1436      7361626C 
 1436      655F636F 
 1437              	.LASF41:
 1438 0510 52435F45 		.ascii	"RC_ERROR_READ_FAILS\000"
 1438      52524F52 
 1438      5F524541 
 1438      445F4641 
 1438      494C5300 
 1439              	.LASF54:
 1440 0524 52435F74 		.ascii	"RC_t\000"
 1440      00
 1441              	.LASF35:
 1442 0529 52435F45 		.ascii	"RC_ERROR_TIME_OUT\000"
 1442      52524F52 
 1442      5F54494D 
 1442      455F4F55 
 1442      5400
 1443              		.ident	"GCC: (GNU Tools for ARM Embedded Processors) 5.4.1 20160609 (release) [ARM/embedded-5-bran
