ARM GAS  C:\Users\abhim\AppData\Local\Temp\ccopMHNR.s 			page 1


   1              		.syntax unified
   2              		.cpu cortex-m3
   3              		.fpu softvfp
   4              		.eabi_attribute 20, 1
   5              		.eabi_attribute 21, 1
   6              		.eabi_attribute 23, 3
   7              		.eabi_attribute 24, 1
   8              		.eabi_attribute 25, 1
   9              		.eabi_attribute 26, 1
  10              		.eabi_attribute 30, 1
  11              		.eabi_attribute 34, 1
  12              		.eabi_attribute 18, 4
  13              		.thumb
  14              		.syntax unified
  15              		.file	"cymetadata.c"
  16              		.text
  17              	.Ltext0:
  18              		.cfi_sections	.debug_frame
  19              		.global	cy_metadata
  20              		.global	cy_meta_flashprotect
  21              		.global	cy_meta_wonvl
  22              		.global	cy_meta_custnvl
  23              		.global	cy_meta_configecc
  24              		.section	.cyconfigecc,"a",%progbits
  25              		.align	2
  26              		.type	cy_meta_configecc, %object
  27              		.size	cy_meta_configecc, 1396
  28              	cy_meta_configecc:
  29 0000 02       		.byte	2
  30 0001 4F       		.byte	79
  31 0002 00       		.byte	0
  32 0003 40       		.byte	64
  33 0004 01       		.byte	1
  34 0005 64       		.byte	100
  35 0006 00       		.byte	0
  36 0007 40       		.byte	64
  37 0008 03       		.byte	3
  38 0009 65       		.byte	101
  39 000a 00       		.byte	0
  40 000b 40       		.byte	64
  41 000c 04       		.byte	4
  42 000d 02       		.byte	2
  43 000e 01       		.byte	1
  44 000f 40       		.byte	64
  45 0010 01       		.byte	1
  46 0011 03       		.byte	3
  47 0012 01       		.byte	1
  48 0013 40       		.byte	64
  49 0014 01       		.byte	1
  50 0015 05       		.byte	5
  51 0016 01       		.byte	1
  52 0017 40       		.byte	64
  53 0018 14       		.byte	20
  54 0019 08       		.byte	8
  55 001a 01       		.byte	1
  56 001b 40       		.byte	64
  57 001c 41       		.byte	65
ARM GAS  C:\Users\abhim\AppData\Local\Temp\ccopMHNR.s 			page 2


  58 001d 09       		.byte	9
  59 001e 01       		.byte	1
  60 001f 40       		.byte	64
  61 0020 59       		.byte	89
  62 0021 0A       		.byte	10
  63 0022 01       		.byte	1
  64 0023 40       		.byte	64
  65 0024 2C       		.byte	44
  66 0025 0B       		.byte	11
  67 0026 01       		.byte	1
  68 0027 40       		.byte	64
  69 0028 01       		.byte	1
  70 0029 17       		.byte	23
  71 002a 01       		.byte	1
  72 002b 40       		.byte	64
  73 002c 18       		.byte	24
  74 002d 18       		.byte	24
  75 002e 01       		.byte	1
  76 002f 40       		.byte	64
  77 0030 45       		.byte	69
  78 0031 19       		.byte	25
  79 0032 01       		.byte	1
  80 0033 40       		.byte	64
  81 0034 41       		.byte	65
  82 0035 1A       		.byte	26
  83 0036 01       		.byte	1
  84 0037 40       		.byte	64
  85 0038 42       		.byte	66
  86 0039 1B       		.byte	27
  87 003a 01       		.byte	1
  88 003b 40       		.byte	64
  89 003c 02       		.byte	2
  90 003d 40       		.byte	64
  91 003e 01       		.byte	1
  92 003f 40       		.byte	64
  93 0040 01       		.byte	1
  94 0041 41       		.byte	65
  95 0042 01       		.byte	1
  96 0043 40       		.byte	64
  97 0044 08       		.byte	8
  98 0045 42       		.byte	66
  99 0046 01       		.byte	1
 100 0047 40       		.byte	64
 101 0048 04       		.byte	4
 102 0049 43       		.byte	67
 103 004a 01       		.byte	1
 104 004b 40       		.byte	64
 105 004c 02       		.byte	2
 106 004d 44       		.byte	68
 107 004e 01       		.byte	1
 108 004f 40       		.byte	64
 109 0050 01       		.byte	1
 110 0051 45       		.byte	69
 111 0052 01       		.byte	1
 112 0053 40       		.byte	64
 113 0054 01       		.byte	1
 114 0055 46       		.byte	70
ARM GAS  C:\Users\abhim\AppData\Local\Temp\ccopMHNR.s 			page 3


 115 0056 01       		.byte	1
 116 0057 40       		.byte	64
 117 0058 03       		.byte	3
 118 0059 47       		.byte	71
 119 005a 01       		.byte	1
 120 005b 40       		.byte	64
 121 005c 03       		.byte	3
 122 005d 48       		.byte	72
 123 005e 01       		.byte	1
 124 005f 40       		.byte	64
 125 0060 0C       		.byte	12
 126 0061 4D       		.byte	77
 127 0062 01       		.byte	1
 128 0063 40       		.byte	64
 129 0064 04       		.byte	4
 130 0065 50       		.byte	80
 131 0066 01       		.byte	1
 132 0067 40       		.byte	64
 133 0068 01       		.byte	1
 134 0069 51       		.byte	81
 135 006a 01       		.byte	1
 136 006b 40       		.byte	64
 137 006c 01       		.byte	1
 138 006d 20       		.byte	32
 139 006e 0A       		.byte	10
 140 006f 4B       		.byte	75
 141 0070 89       		.byte	-119
 142 0071 0F       		.byte	15
 143 0072 89       		.byte	-119
 144 0073 38       		.byte	56
 145 0074 8A       		.byte	-118
 146 0075 72       		.byte	114
 147 0076 8B       		.byte	-117
 148 0077 0F       		.byte	15
 149 0078 B8       		.byte	-72
 150 0079 80       		.byte	-128
 151 007a BE       		.byte	-66
 152 007b 40       		.byte	64
 153 007c D8       		.byte	-40
 154 007d 04       		.byte	4
 155 007e DF       		.byte	-33
 156 007f 01       		.byte	1
 157 0080 1A       		.byte	26
 158 0081 02       		.byte	2
 159 0082 AE       		.byte	-82
 160 0083 01       		.byte	1
 161 0084 09       		.byte	9
 162 0085 40       		.byte	64
 163 0086 0B       		.byte	11
 164 0087 15       		.byte	21
 165 0088 13       		.byte	19
 166 0089 08       		.byte	8
 167 008a 15       		.byte	21
 168 008b 0A       		.byte	10
 169 008c 17       		.byte	23
 170 008d 34       		.byte	52
 171 008e 19       		.byte	25
ARM GAS  C:\Users\abhim\AppData\Local\Temp\ccopMHNR.s 			page 4


 172 008f 33       		.byte	51
 173 0090 1B       		.byte	27
 174 0091 0C       		.byte	12
 175 0092 21       		.byte	33
 176 0093 33       		.byte	51
 177 0094 23       		.byte	35
 178 0095 04       		.byte	4
 179 0096 2D       		.byte	45
 180 0097 03       		.byte	3
 181 0098 2F       		.byte	47
 182 0099 14       		.byte	20
 183 009a 33       		.byte	51
 184 009b 0F       		.byte	15
 185 009c 35       		.byte	53
 186 009d 10       		.byte	16
 187 009e 37       		.byte	55
 188 009f 60       		.byte	96
 189 00a0 39       		.byte	57
 190 00a1 80       		.byte	-128
 191 00a2 3B       		.byte	59
 192 00a3 08       		.byte	8
 193 00a4 3F       		.byte	63
 194 00a5 10       		.byte	16
 195 00a6 59       		.byte	89
 196 00a7 04       		.byte	4
 197 00a8 5C       		.byte	92
 198 00a9 10       		.byte	16
 199 00aa 5F       		.byte	95
 200 00ab 01       		.byte	1
 201 00ac 00       		.byte	0
 202 00ad 08       		.byte	8
 203 00ae 01       		.byte	1
 204 00af 81       		.byte	-127
 205 00b0 09       		.byte	9
 206 00b1 02       		.byte	2
 207 00b2 0A       		.byte	10
 208 00b3 29       		.byte	41
 209 00b4 10       		.byte	16
 210 00b5 28       		.byte	40
 211 00b6 11       		.byte	17
 212 00b7 40       		.byte	64
 213 00b8 12       		.byte	18
 214 00b9 81       		.byte	-127
 215 00ba 18       		.byte	24
 216 00bb 04       		.byte	4
 217 00bc 19       		.byte	25
 218 00bd 01       		.byte	1
 219 00be 1A       		.byte	26
 220 00bf 20       		.byte	32
 221 00c0 20       		.byte	32
 222 00c1 28       		.byte	40
 223 00c2 21       		.byte	33
 224 00c3 54       		.byte	84
 225 00c4 22       		.byte	34
 226 00c5 84       		.byte	-124
 227 00c6 23       		.byte	35
 228 00c7 10       		.byte	16
ARM GAS  C:\Users\abhim\AppData\Local\Temp\ccopMHNR.s 			page 5


 229 00c8 26       		.byte	38
 230 00c9 20       		.byte	32
 231 00ca 27       		.byte	39
 232 00cb 11       		.byte	17
 233 00cc 29       		.byte	41
 234 00cd 40       		.byte	64
 235 00ce 2A       		.byte	42
 236 00cf 05       		.byte	5
 237 00d0 2C       		.byte	44
 238 00d1 40       		.byte	64
 239 00d2 2F       		.byte	47
 240 00d3 42       		.byte	66
 241 00d4 30       		.byte	48
 242 00d5 28       		.byte	40
 243 00d6 32       		.byte	50
 244 00d7 80       		.byte	-128
 245 00d8 37       		.byte	55
 246 00d9 19       		.byte	25
 247 00da 38       		.byte	56
 248 00db 80       		.byte	-128
 249 00dc 39       		.byte	57
 250 00dd 29       		.byte	41
 251 00de 3F       		.byte	63
 252 00df 20       		.byte	32
 253 00e0 40       		.byte	64
 254 00e1 04       		.byte	4
 255 00e2 41       		.byte	65
 256 00e3 44       		.byte	68
 257 00e4 49       		.byte	73
 258 00e5 44       		.byte	68
 259 00e6 4A       		.byte	74
 260 00e7 40       		.byte	64
 261 00e8 4B       		.byte	75
 262 00e9 02       		.byte	2
 263 00ea 51       		.byte	81
 264 00eb 0A       		.byte	10
 265 00ec 52       		.byte	82
 266 00ed 14       		.byte	20
 267 00ee 62       		.byte	98
 268 00ef 08       		.byte	8
 269 00f0 68       		.byte	104
 270 00f1 28       		.byte	40
 271 00f2 69       		.byte	105
 272 00f3 41       		.byte	65
 273 00f4 70       		.byte	112
 274 00f5 40       		.byte	64
 275 00f6 72       		.byte	114
 276 00f7 01       		.byte	1
 277 00f8 89       		.byte	-119
 278 00f9 20       		.byte	32
 279 00fa 8A       		.byte	-118
 280 00fb 40       		.byte	64
 281 00fc 8E       		.byte	-114
 282 00fd 10       		.byte	16
 283 00fe 92       		.byte	-110
 284 00ff 10       		.byte	16
 285 0100 93       		.byte	-109
ARM GAS  C:\Users\abhim\AppData\Local\Temp\ccopMHNR.s 			page 6


 286 0101 80       		.byte	-128
 287 0102 95       		.byte	-107
 288 0103 41       		.byte	65
 289 0104 96       		.byte	-106
 290 0105 09       		.byte	9
 291 0106 97       		.byte	-105
 292 0107 02       		.byte	2
 293 0108 99       		.byte	-103
 294 0109 C0       		.byte	-64
 295 010a 9B       		.byte	-101
 296 010b 08       		.byte	8
 297 010c 9D       		.byte	-99
 298 010d 25       		.byte	37
 299 010e 9E       		.byte	-98
 300 010f 90       		.byte	-112
 301 0110 9F       		.byte	-97
 302 0111 11       		.byte	17
 303 0112 A3       		.byte	-93
 304 0113 10       		.byte	16
 305 0114 A4       		.byte	-92
 306 0115 28       		.byte	40
 307 0116 A5       		.byte	-91
 308 0117 08       		.byte	8
 309 0118 A6       		.byte	-90
 310 0119 80       		.byte	-128
 311 011a A7       		.byte	-89
 312 011b 01       		.byte	1
 313 011c C0       		.byte	-64
 314 011d 0D       		.byte	13
 315 011e C2       		.byte	-62
 316 011f 0F       		.byte	15
 317 0120 C4       		.byte	-60
 318 0121 0F       		.byte	15
 319 0122 CA       		.byte	-54
 320 0123 9B       		.byte	-101
 321 0124 CC       		.byte	-52
 322 0125 EE       		.byte	-18
 323 0126 CE       		.byte	-50
 324 0127 2F       		.byte	47
 325 0128 D0       		.byte	-48
 326 0129 0E       		.byte	14
 327 012a D2       		.byte	-46
 328 012b 08       		.byte	8
 329 012c D8       		.byte	-40
 330 012d 02       		.byte	2
 331 012e 00       		.byte	0
 332 012f 8D       		.byte	-115
 333 0130 0A       		.byte	10
 334 0131 80       		.byte	-128
 335 0132 0C       		.byte	12
 336 0133 42       		.byte	66
 337 0134 0D       		.byte	13
 338 0135 0E       		.byte	14
 339 0136 0E       		.byte	14
 340 0137 08       		.byte	8
 341 0138 10       		.byte	16
 342 0139 02       		.byte	2
ARM GAS  C:\Users\abhim\AppData\Local\Temp\ccopMHNR.s 			page 7


 343 013a 12       		.byte	18
 344 013b 0D       		.byte	13
 345 013c 14       		.byte	20
 346 013d 40       		.byte	64
 347 013e 15       		.byte	21
 348 013f 15       		.byte	21
 349 0140 17       		.byte	23
 350 0141 0A       		.byte	10
 351 0142 18       		.byte	24
 352 0143 62       		.byte	98
 353 0144 1A       		.byte	26
 354 0145 14       		.byte	20
 355 0146 1C       		.byte	28
 356 0147 8D       		.byte	-115
 357 0148 1D       		.byte	29
 358 0149 03       		.byte	3
 359 014a 1F       		.byte	31
 360 014b 14       		.byte	20
 361 014c 20       		.byte	32
 362 014d 11       		.byte	17
 363 014e 22       		.byte	34
 364 014f 22       		.byte	34
 365 0150 24       		.byte	36
 366 0151 8D       		.byte	-115
 367 0152 28       		.byte	40
 368 0153 8D       		.byte	-115
 369 0154 2C       		.byte	44
 370 0155 0D       		.byte	13
 371 0156 2D       		.byte	45
 372 0157 04       		.byte	4
 373 0158 2E       		.byte	46
 374 0159 80       		.byte	-128
 375 015a 2F       		.byte	47
 376 015b 19       		.byte	25
 377 015c 30       		.byte	48
 378 015d 0F       		.byte	15
 379 015e 31       		.byte	49
 380 015f 0F       		.byte	15
 381 0160 34       		.byte	52
 382 0161 80       		.byte	-128
 383 0162 36       		.byte	54
 384 0163 70       		.byte	112
 385 0164 37       		.byte	55
 386 0165 10       		.byte	16
 387 0166 39       		.byte	57
 388 0167 02       		.byte	2
 389 0168 3A       		.byte	58
 390 0169 82       		.byte	-126
 391 016a 3E       		.byte	62
 392 016b 10       		.byte	16
 393 016c 3F       		.byte	63
 394 016d 40       		.byte	64
 395 016e 54       		.byte	84
 396 016f 09       		.byte	9
 397 0170 58       		.byte	88
 398 0171 04       		.byte	4
 399 0172 59       		.byte	89
ARM GAS  C:\Users\abhim\AppData\Local\Temp\ccopMHNR.s 			page 8


 400 0173 04       		.byte	4
 401 0174 5B       		.byte	91
 402 0175 04       		.byte	4
 403 0176 5F       		.byte	95
 404 0177 01       		.byte	1
 405 0178 80       		.byte	-128
 406 0179 14       		.byte	20
 407 017a 84       		.byte	-124
 408 017b 10       		.byte	16
 409 017c 86       		.byte	-122
 410 017d AC       		.byte	-84
 411 017e 87       		.byte	-121
 412 017f 08       		.byte	8
 413 0180 88       		.byte	-120
 414 0181 10       		.byte	16
 415 0182 8A       		.byte	-118
 416 0183 40       		.byte	64
 417 0184 8B       		.byte	-117
 418 0185 13       		.byte	19
 419 0186 93       		.byte	-109
 420 0187 0C       		.byte	12
 421 0188 95       		.byte	-107
 422 0189 2C       		.byte	44
 423 018a 96       		.byte	-106
 424 018b 03       		.byte	3
 425 018c 97       		.byte	-105
 426 018d 03       		.byte	3
 427 018e 99       		.byte	-103
 428 018f 31       		.byte	49
 429 0190 9B       		.byte	-101
 430 0191 06       		.byte	6
 431 0192 9C       		.byte	-100
 432 0193 0C       		.byte	12
 433 0194 9E       		.byte	-98
 434 0195 71       		.byte	113
 435 0196 A0       		.byte	-96
 436 0197 09       		.byte	9
 437 0198 A1       		.byte	-95
 438 0199 31       		.byte	49
 439 019a A2       		.byte	-94
 440 019b D0       		.byte	-48
 441 019c A3       		.byte	-93
 442 019d 0E       		.byte	14
 443 019e A4       		.byte	-92
 444 019f DC       		.byte	-36
 445 01a0 A6       		.byte	-90
 446 01a1 22       		.byte	34
 447 01a2 AA       		.byte	-86
 448 01a3 20       		.byte	32
 449 01a4 B2       		.byte	-78
 450 01a5 1F       		.byte	31
 451 01a6 B3       		.byte	-77
 452 01a7 30       		.byte	48
 453 01a8 B5       		.byte	-75
 454 01a9 0F       		.byte	15
 455 01aa B6       		.byte	-74
 456 01ab E0       		.byte	-32
ARM GAS  C:\Users\abhim\AppData\Local\Temp\ccopMHNR.s 			page 9


 457 01ac B9       		.byte	-71
 458 01ad 08       		.byte	8
 459 01ae BA       		.byte	-70
 460 01af 80       		.byte	-128
 461 01b0 BB       		.byte	-69
 462 01b1 20       		.byte	32
 463 01b2 BF       		.byte	-65
 464 01b3 04       		.byte	4
 465 01b4 C0       		.byte	-64
 466 01b5 02       		.byte	2
 467 01b6 C7       		.byte	-57
 468 01b7 04       		.byte	4
 469 01b8 C9       		.byte	-55
 470 01b9 FF       		.byte	-1
 471 01ba CA       		.byte	-54
 472 01bb 07       		.byte	7
 473 01bc CB       		.byte	-53
 474 01bd FF       		.byte	-1
 475 01be CC       		.byte	-52
 476 01bf 40       		.byte	64
 477 01c0 CD       		.byte	-51
 478 01c1 20       		.byte	32
 479 01c2 CE       		.byte	-50
 480 01c3 F0       		.byte	-16
 481 01c4 CF       		.byte	-49
 482 01c5 05       		.byte	5
 483 01c6 D0       		.byte	-48
 484 01c7 08       		.byte	8
 485 01c8 D4       		.byte	-44
 486 01c9 40       		.byte	64
 487 01ca D8       		.byte	-40
 488 01cb 04       		.byte	4
 489 01cc D9       		.byte	-39
 490 01cd 04       		.byte	4
 491 01ce DA       		.byte	-38
 492 01cf 04       		.byte	4
 493 01d0 DB       		.byte	-37
 494 01d1 04       		.byte	4
 495 01d2 DC       		.byte	-36
 496 01d3 11       		.byte	17
 497 01d4 DD       		.byte	-35
 498 01d5 01       		.byte	1
 499 01d6 DF       		.byte	-33
 500 01d7 01       		.byte	1
 501 01d8 E0       		.byte	-32
 502 01d9 40       		.byte	64
 503 01da E1       		.byte	-31
 504 01db A8       		.byte	-88
 505 01dc E2       		.byte	-30
 506 01dd 40       		.byte	64
 507 01de E3       		.byte	-29
 508 01df 20       		.byte	32
 509 01e0 01       		.byte	1
 510 01e1 A1       		.byte	-95
 511 01e2 06       		.byte	6
 512 01e3 84       		.byte	-124
 513 01e4 07       		.byte	7
ARM GAS  C:\Users\abhim\AppData\Local\Temp\ccopMHNR.s 			page 10


 514 01e5 10       		.byte	16
 515 01e6 09       		.byte	9
 516 01e7 08       		.byte	8
 517 01e8 0A       		.byte	10
 518 01e9 69       		.byte	105
 519 01ea 0E       		.byte	14
 520 01eb 12       		.byte	18
 521 01ec 10       		.byte	16
 522 01ed 28       		.byte	40
 523 01ee 11       		.byte	17
 524 01ef 40       		.byte	64
 525 01f0 12       		.byte	18
 526 01f1 80       		.byte	-128
 527 01f2 15       		.byte	21
 528 01f3 10       		.byte	16
 529 01f4 17       		.byte	23
 530 01f5 09       		.byte	9
 531 01f6 19       		.byte	25
 532 01f7 C0       		.byte	-64
 533 01f8 1A       		.byte	26
 534 01f9 44       		.byte	68
 535 01fa 1E       		.byte	30
 536 01fb 12       		.byte	18
 537 01fc 1F       		.byte	31
 538 01fd 40       		.byte	64
 539 01fe 20       		.byte	32
 540 01ff 40       		.byte	64
 541 0200 22       		.byte	34
 542 0201 40       		.byte	64
 543 0202 27       		.byte	39
 544 0203 28       		.byte	40
 545 0204 29       		.byte	41
 546 0205 40       		.byte	64
 547 0206 2F       		.byte	47
 548 0207 40       		.byte	64
 549 0208 32       		.byte	50
 550 0209 84       		.byte	-124
 551 020a 37       		.byte	55
 552 020b 19       		.byte	25
 553 020c 38       		.byte	56
 554 020d 40       		.byte	64
 555 020e 3D       		.byte	61
 556 020f 18       		.byte	24
 557 0210 3F       		.byte	63
 558 0211 20       		.byte	32
 559 0212 42       		.byte	66
 560 0213 0C       		.byte	12
 561 0214 47       		.byte	71
 562 0215 20       		.byte	32
 563 0216 55       		.byte	85
 564 0217 04       		.byte	4
 565 0218 56       		.byte	86
 566 0219 04       		.byte	4
 567 021a 57       		.byte	87
 568 021b 10       		.byte	16
 569 021c 59       		.byte	89
 570 021d 05       		.byte	5
ARM GAS  C:\Users\abhim\AppData\Local\Temp\ccopMHNR.s 			page 11


 571 021e 5A       		.byte	90
 572 021f A0       		.byte	-96
 573 0220 63       		.byte	99
 574 0221 02       		.byte	2
 575 0222 66       		.byte	102
 576 0223 18       		.byte	24
 577 0224 67       		.byte	103
 578 0225 02       		.byte	2
 579 0226 C0       		.byte	-64
 580 0227 7B       		.byte	123
 581 0228 C2       		.byte	-62
 582 0229 AF       		.byte	-81
 583 022a C4       		.byte	-60
 584 022b 7F       		.byte	127
 585 022c CA       		.byte	-54
 586 022d 88       		.byte	-120
 587 022e CC       		.byte	-52
 588 022f EA       		.byte	-22
 589 0230 CE       		.byte	-50
 590 0231 68       		.byte	104
 591 0232 D0       		.byte	-48
 592 0233 20       		.byte	32
 593 0234 D6       		.byte	-42
 594 0235 0F       		.byte	15
 595 0236 D8       		.byte	-40
 596 0237 78       		.byte	120
 597 0238 E6       		.byte	-26
 598 0239 01       		.byte	1
 599 023a 14       		.byte	20
 600 023b 01       		.byte	1
 601 023c 18       		.byte	24
 602 023d 02       		.byte	2
 603 023e 32       		.byte	50
 604 023f 01       		.byte	1
 605 0240 34       		.byte	52
 606 0241 02       		.byte	2
 607 0242 3E       		.byte	62
 608 0243 14       		.byte	20
 609 0244 40       		.byte	64
 610 0245 26       		.byte	38
 611 0246 41       		.byte	65
 612 0247 04       		.byte	4
 613 0248 45       		.byte	69
 614 0249 E0       		.byte	-32
 615 024a 46       		.byte	70
 616 024b 0B       		.byte	11
 617 024c 47       		.byte	71
 618 024d CE       		.byte	-50
 619 024e 48       		.byte	72
 620 024f 36       		.byte	54
 621 0250 49       		.byte	73
 622 0251 FF       		.byte	-1
 623 0252 4A       		.byte	74
 624 0253 FF       		.byte	-1
 625 0254 4B       		.byte	75
 626 0255 FF       		.byte	-1
 627 0256 4E       		.byte	78
ARM GAS  C:\Users\abhim\AppData\Local\Temp\ccopMHNR.s 			page 12


 628 0257 F0       		.byte	-16
 629 0258 4F       		.byte	79
 630 0259 44       		.byte	68
 631 025a 50       		.byte	80
 632 025b 0C       		.byte	12
 633 025c 58       		.byte	88
 634 025d 04       		.byte	4
 635 025e 5A       		.byte	90
 636 025f 04       		.byte	4
 637 0260 5D       		.byte	93
 638 0261 01       		.byte	1
 639 0262 5F       		.byte	95
 640 0263 01       		.byte	1
 641 0264 66       		.byte	102
 642 0265 C0       		.byte	-64
 643 0266 6A       		.byte	106
 644 0267 40       		.byte	64
 645 0268 6B       		.byte	107
 646 0269 02       		.byte	2
 647 026a 00       		.byte	0
 648 026b 48       		.byte	72
 649 026c 08       		.byte	8
 650 026d 20       		.byte	32
 651 026e 09       		.byte	9
 652 026f 0A       		.byte	10
 653 0270 0A       		.byte	10
 654 0271 01       		.byte	1
 655 0272 0E       		.byte	14
 656 0273 10       		.byte	16
 657 0274 0F       		.byte	15
 658 0275 08       		.byte	8
 659 0276 10       		.byte	16
 660 0277 02       		.byte	2
 661 0278 13       		.byte	19
 662 0279 26       		.byte	38
 663 027a 18       		.byte	24
 664 027b 40       		.byte	64
 665 027c 19       		.byte	25
 666 027d 21       		.byte	33
 667 027e 1A       		.byte	26
 668 027f 22       		.byte	34
 669 0280 1B       		.byte	27
 670 0281 A0       		.byte	-96
 671 0282 1E       		.byte	30
 672 0283 08       		.byte	8
 673 0284 1F       		.byte	31
 674 0285 08       		.byte	8
 675 0286 20       		.byte	32
 676 0287 01       		.byte	1
 677 0288 21       		.byte	33
 678 0289 20       		.byte	32
 679 028a 22       		.byte	34
 680 028b 06       		.byte	6
 681 028c 28       		.byte	40
 682 028d 20       		.byte	32
 683 028e 29       		.byte	41
 684 028f 81       		.byte	-127
ARM GAS  C:\Users\abhim\AppData\Local\Temp\ccopMHNR.s 			page 13


 685 0290 2A       		.byte	42
 686 0291 02       		.byte	2
 687 0292 30       		.byte	48
 688 0293 02       		.byte	2
 689 0294 31       		.byte	49
 690 0295 C4       		.byte	-60
 691 0296 32       		.byte	50
 692 0297 11       		.byte	17
 693 0298 34       		.byte	52
 694 0299 02       		.byte	2
 695 029a 36       		.byte	54
 696 029b 02       		.byte	2
 697 029c 38       		.byte	56
 698 029d 08       		.byte	8
 699 029e 39       		.byte	57
 700 029f 80       		.byte	-128
 701 02a0 3B       		.byte	59
 702 02a1 10       		.byte	16
 703 02a2 40       		.byte	64
 704 02a3 01       		.byte	1
 705 02a4 41       		.byte	65
 706 02a5 08       		.byte	8
 707 02a6 42       		.byte	66
 708 02a7 04       		.byte	4
 709 02a8 44       		.byte	68
 710 02a9 40       		.byte	64
 711 02aa 47       		.byte	71
 712 02ab 10       		.byte	16
 713 02ac 49       		.byte	73
 714 02ad 64       		.byte	100
 715 02ae 4D       		.byte	77
 716 02af 01       		.byte	1
 717 02b0 4F       		.byte	79
 718 02b1 20       		.byte	32
 719 02b2 50       		.byte	80
 720 02b3 04       		.byte	4
 721 02b4 56       		.byte	86
 722 02b5 80       		.byte	-128
 723 02b6 57       		.byte	87
 724 02b7 06       		.byte	6
 725 02b8 58       		.byte	88
 726 02b9 01       		.byte	1
 727 02ba 60       		.byte	96
 728 02bb 82       		.byte	-126
 729 02bc 61       		.byte	97
 730 02bd 20       		.byte	32
 731 02be 78       		.byte	120
 732 02bf 01       		.byte	1
 733 02c0 79       		.byte	121
 734 02c1 02       		.byte	2
 735 02c2 80       		.byte	-128
 736 02c3 80       		.byte	-128
 737 02c4 8A       		.byte	-118
 738 02c5 20       		.byte	32
 739 02c6 8B       		.byte	-117
 740 02c7 40       		.byte	64
 741 02c8 91       		.byte	-111
ARM GAS  C:\Users\abhim\AppData\Local\Temp\ccopMHNR.s 			page 14


 742 02c9 80       		.byte	-128
 743 02ca 92       		.byte	-110
 744 02cb 10       		.byte	16
 745 02cc 93       		.byte	-109
 746 02cd 10       		.byte	16
 747 02ce 98       		.byte	-104
 748 02cf 40       		.byte	64
 749 02d0 99       		.byte	-103
 750 02d1 80       		.byte	-128
 751 02d2 9B       		.byte	-101
 752 02d3 10       		.byte	16
 753 02d4 9E       		.byte	-98
 754 02d5 80       		.byte	-128
 755 02d6 A0       		.byte	-96
 756 02d7 10       		.byte	16
 757 02d8 A2       		.byte	-94
 758 02d9 A0       		.byte	-96
 759 02da A3       		.byte	-93
 760 02db 10       		.byte	16
 761 02dc A6       		.byte	-90
 762 02dd 08       		.byte	8
 763 02de A7       		.byte	-89
 764 02df 03       		.byte	3
 765 02e0 C0       		.byte	-64
 766 02e1 05       		.byte	5
 767 02e2 C2       		.byte	-62
 768 02e3 6F       		.byte	111
 769 02e4 C4       		.byte	-60
 770 02e5 0F       		.byte	15
 771 02e6 CA       		.byte	-54
 772 02e7 0B       		.byte	11
 773 02e8 CC       		.byte	-52
 774 02e9 0F       		.byte	15
 775 02ea CE       		.byte	-50
 776 02eb 0E       		.byte	14
 777 02ec D0       		.byte	-48
 778 02ed AE       		.byte	-82
 779 02ee D2       		.byte	-46
 780 02ef 2C       		.byte	44
 781 02f0 D6       		.byte	-42
 782 02f1 01       		.byte	1
 783 02f2 D8       		.byte	-40
 784 02f3 0D       		.byte	13
 785 02f4 00       		.byte	0
 786 02f5 03       		.byte	3
 787 02f6 01       		.byte	1
 788 02f7 80       		.byte	-128
 789 02f8 05       		.byte	5
 790 02f9 3C       		.byte	60
 791 02fa 06       		.byte	6
 792 02fb 23       		.byte	35
 793 02fc 07       		.byte	7
 794 02fd C2       		.byte	-62
 795 02fe 08       		.byte	8
 796 02ff 33       		.byte	51
 797 0300 09       		.byte	9
 798 0301 08       		.byte	8
ARM GAS  C:\Users\abhim\AppData\Local\Temp\ccopMHNR.s 			page 15


 799 0302 0A       		.byte	10
 800 0303 0C       		.byte	12
 801 0304 0C       		.byte	12
 802 0305 02       		.byte	2
 803 0306 0D       		.byte	13
 804 0307 44       		.byte	68
 805 0308 11       		.byte	17
 806 0309 FF       		.byte	-1
 807 030a 14       		.byte	20
 808 030b 3F       		.byte	63
 809 030c 15       		.byte	21
 810 030d 18       		.byte	24
 811 030e 18       		.byte	24
 812 030f 1C       		.byte	28
 813 0310 1A       		.byte	26
 814 0311 23       		.byte	35
 815 0312 1B       		.byte	27
 816 0313 E3       		.byte	-29
 817 0314 1C       		.byte	28
 818 0315 1F       		.byte	31
 819 0316 1D       		.byte	29
 820 0317 10       		.byte	16
 821 0318 1E       		.byte	30
 822 0319 20       		.byte	32
 823 031a 20       		.byte	32
 824 031b 08       		.byte	8
 825 031c 21       		.byte	33
 826 031d C0       		.byte	-64
 827 031e 24       		.byte	36
 828 031f 04       		.byte	4
 829 0320 27       		.byte	39
 830 0321 04       		.byte	4
 831 0322 28       		.byte	40
 832 0323 0C       		.byte	12
 833 0324 29       		.byte	41
 834 0325 E7       		.byte	-25
 835 0326 2B       		.byte	43
 836 0327 18       		.byte	24
 837 0328 2C       		.byte	44
 838 0329 01       		.byte	1
 839 032a 2D       		.byte	45
 840 032b 1C       		.byte	28
 841 032c 2E       		.byte	46
 842 032d 40       		.byte	64
 843 032e 2F       		.byte	47
 844 032f E1       		.byte	-31
 845 0330 30       		.byte	48
 846 0331 10       		.byte	16
 847 0332 31       		.byte	49
 848 0333 C0       		.byte	-64
 849 0334 32       		.byte	50
 850 0335 40       		.byte	64
 851 0336 34       		.byte	52
 852 0337 0F       		.byte	15
 853 0338 35       		.byte	53
 854 0339 1F       		.byte	31
 855 033a 36       		.byte	54
ARM GAS  C:\Users\abhim\AppData\Local\Temp\ccopMHNR.s 			page 16


 856 033b 2C       		.byte	44
 857 033c 37       		.byte	55
 858 033d 38       		.byte	56
 859 033e 3A       		.byte	58
 860 033f A0       		.byte	-96
 861 0340 3B       		.byte	59
 862 0341 28       		.byte	40
 863 0342 3E       		.byte	62
 864 0343 01       		.byte	1
 865 0344 56       		.byte	86
 866 0345 02       		.byte	2
 867 0346 57       		.byte	87
 868 0347 13       		.byte	19
 869 0348 58       		.byte	88
 870 0349 04       		.byte	4
 871 034a 59       		.byte	89
 872 034b 04       		.byte	4
 873 034c 5B       		.byte	91
 874 034d 04       		.byte	4
 875 034e 5C       		.byte	92
 876 034f 11       		.byte	17
 877 0350 5D       		.byte	93
 878 0351 10       		.byte	16
 879 0352 5F       		.byte	95
 880 0353 01       		.byte	1
 881 0354 89       		.byte	-119
 882 0355 05       		.byte	5
 883 0356 8B       		.byte	-117
 884 0357 3A       		.byte	58
 885 0358 93       		.byte	-109
 886 0359 20       		.byte	32
 887 035a 95       		.byte	-107
 888 035b 02       		.byte	2
 889 035c 97       		.byte	-105
 890 035d 0D       		.byte	13
 891 035e 9D       		.byte	-99
 892 035f 13       		.byte	19
 893 0360 9F       		.byte	-97
 894 0361 0C       		.byte	12
 895 0362 AD       		.byte	-83
 896 0363 09       		.byte	9
 897 0364 AF       		.byte	-81
 898 0365 36       		.byte	54
 899 0366 B3       		.byte	-77
 900 0367 0F       		.byte	15
 901 0368 B7       		.byte	-73
 902 0369 30       		.byte	48
 903 036a BB       		.byte	-69
 904 036b 08       		.byte	8
 905 036c D4       		.byte	-44
 906 036d 01       		.byte	1
 907 036e D9       		.byte	-39
 908 036f 04       		.byte	4
 909 0370 DB       		.byte	-37
 910 0371 04       		.byte	4
 911 0372 DD       		.byte	-35
 912 0373 10       		.byte	16
ARM GAS  C:\Users\abhim\AppData\Local\Temp\ccopMHNR.s 			page 17


 913 0374 DF       		.byte	-33
 914 0375 01       		.byte	1
 915 0376 01       		.byte	1
 916 0377 20       		.byte	32
 917 0378 02       		.byte	2
 918 0379 01       		.byte	1
 919 037a 03       		.byte	3
 920 037b A0       		.byte	-96
 921 037c 09       		.byte	9
 922 037d 08       		.byte	8
 923 037e 0A       		.byte	10
 924 037f 01       		.byte	1
 925 0380 0B       		.byte	11
 926 0381 04       		.byte	4
 927 0382 10       		.byte	16
 928 0383 A8       		.byte	-88
 929 0384 11       		.byte	17
 930 0385 40       		.byte	64
 931 0386 19       		.byte	25
 932 0387 65       		.byte	101
 933 0388 1A       		.byte	26
 934 0389 05       		.byte	5
 935 038a 21       		.byte	33
 936 038b 89       		.byte	-119
 937 038c 23       		.byte	35
 938 038d 04       		.byte	4
 939 038e 26       		.byte	38
 940 038f 08       		.byte	8
 941 0390 27       		.byte	39
 942 0391 01       		.byte	1
 943 0392 29       		.byte	41
 944 0393 64       		.byte	100
 945 0394 2B       		.byte	43
 946 0395 80       		.byte	-128
 947 0396 2D       		.byte	45
 948 0397 80       		.byte	-128
 949 0398 30       		.byte	48
 950 0399 89       		.byte	-119
 951 039a 33       		.byte	51
 952 039b 20       		.byte	32
 953 039c 36       		.byte	54
 954 039d 88       		.byte	-120
 955 039e 37       		.byte	55
 956 039f 01       		.byte	1
 957 03a0 38       		.byte	56
 958 03a1 20       		.byte	32
 959 03a2 39       		.byte	57
 960 03a3 40       		.byte	64
 961 03a4 3A       		.byte	58
 962 03a5 03       		.byte	3
 963 03a6 3B       		.byte	59
 964 03a7 04       		.byte	4
 965 03a8 3C       		.byte	60
 966 03a9 20       		.byte	32
 967 03aa 59       		.byte	89
 968 03ab 01       		.byte	1
 969 03ac 5D       		.byte	93
ARM GAS  C:\Users\abhim\AppData\Local\Temp\ccopMHNR.s 			page 18


 970 03ad 01       		.byte	1
 971 03ae 5E       		.byte	94
 972 03af 08       		.byte	8
 973 03b0 5F       		.byte	95
 974 03b1 50       		.byte	80
 975 03b2 68       		.byte	104
 976 03b3 04       		.byte	4
 977 03b4 6B       		.byte	107
 978 03b5 22       		.byte	34
 979 03b6 70       		.byte	112
 980 03b7 B8       		.byte	-72
 981 03b8 84       		.byte	-124
 982 03b9 01       		.byte	1
 983 03ba 85       		.byte	-123
 984 03bb 08       		.byte	8
 985 03bc 87       		.byte	-121
 986 03bd 12       		.byte	18
 987 03be 8B       		.byte	-117
 988 03bf 01       		.byte	1
 989 03c0 8C       		.byte	-116
 990 03c1 20       		.byte	32
 991 03c2 8D       		.byte	-115
 992 03c3 40       		.byte	64
 993 03c4 91       		.byte	-111
 994 03c5 01       		.byte	1
 995 03c6 93       		.byte	-109
 996 03c7 40       		.byte	64
 997 03c8 95       		.byte	-107
 998 03c9 02       		.byte	2
 999 03ca 96       		.byte	-106
 1000 03cb 05       		.byte	5
 1001 03cc 97       		.byte	-105
 1002 03cd 04       		.byte	4
 1003 03ce 99       		.byte	-103
 1004 03cf 80       		.byte	-128
 1005 03d0 9A       		.byte	-102
 1006 03d1 02       		.byte	2
 1007 03d2 9C       		.byte	-100
 1008 03d3 20       		.byte	32
 1009 03d4 9F       		.byte	-97
 1010 03d5 22       		.byte	34
 1011 03d6 A0       		.byte	-96
 1012 03d7 10       		.byte	16
 1013 03d8 A2       		.byte	-94
 1014 03d9 84       		.byte	-124
 1015 03da A3       		.byte	-93
 1016 03db A2       		.byte	-94
 1017 03dc A4       		.byte	-92
 1018 03dd 04       		.byte	4
 1019 03de A5       		.byte	-91
 1020 03df 88       		.byte	-120
 1021 03e0 A6       		.byte	-90
 1022 03e1 08       		.byte	8
 1023 03e2 AE       		.byte	-82
 1024 03e3 04       		.byte	4
 1025 03e4 AF       		.byte	-81
 1026 03e5 09       		.byte	9
ARM GAS  C:\Users\abhim\AppData\Local\Temp\ccopMHNR.s 			page 19


 1027 03e6 B1       		.byte	-79
 1028 03e7 02       		.byte	2
 1029 03e8 B2       		.byte	-78
 1030 03e9 04       		.byte	4
 1031 03ea C0       		.byte	-64
 1032 03eb 0F       		.byte	15
 1033 03ec C2       		.byte	-62
 1034 03ed 07       		.byte	7
 1035 03ee C4       		.byte	-60
 1036 03ef 0F       		.byte	15
 1037 03f0 CA       		.byte	-54
 1038 03f1 1F       		.byte	31
 1039 03f2 CC       		.byte	-52
 1040 03f3 DF       		.byte	-33
 1041 03f4 CE       		.byte	-50
 1042 03f5 2F       		.byte	47
 1043 03f6 D6       		.byte	-42
 1044 03f7 F1       		.byte	-15
 1045 03f8 EC       		.byte	-20
 1046 03f9 02       		.byte	2
 1047 03fa 32       		.byte	50
 1048 03fb 40       		.byte	64
 1049 03fc CC       		.byte	-52
 1050 03fd 10       		.byte	16
 1051 03fe 96       		.byte	-106
 1052 03ff 80       		.byte	-128
 1053 0400 53       		.byte	83
 1054 0401 08       		.byte	8
 1055 0402 5B       		.byte	91
 1056 0403 02       		.byte	2
 1057 0404 96       		.byte	-106
 1058 0405 80       		.byte	-128
 1059 0406 9B       		.byte	-101
 1060 0407 02       		.byte	2
 1061 0408 AF       		.byte	-81
 1062 0409 02       		.byte	2
 1063 040a D4       		.byte	-44
 1064 040b 20       		.byte	32
 1065 040c D6       		.byte	-42
 1066 040d 40       		.byte	64
 1067 040e EE       		.byte	-18
 1068 040f 40       		.byte	64
 1069 0410 1B       		.byte	27
 1070 0411 08       		.byte	8
 1071 0412 96       		.byte	-106
 1072 0413 80       		.byte	-128
 1073 0414 A7       		.byte	-89
 1074 0415 08       		.byte	8
 1075 0416 C6       		.byte	-58
 1076 0417 10       		.byte	16
 1077 0418 75       		.byte	117
 1078 0419 02       		.byte	2
 1079 041a DE       		.byte	-34
 1080 041b 04       		.byte	4
 1081 041c 9D       		.byte	-99
 1082 041d 02       		.byte	2
 1083 041e 9D       		.byte	-99
ARM GAS  C:\Users\abhim\AppData\Local\Temp\ccopMHNR.s 			page 20


 1084 041f 02       		.byte	2
 1085 0420 8D       		.byte	-115
 1086 0421 02       		.byte	2
 1087 0422 9D       		.byte	-99
 1088 0423 02       		.byte	2
 1089 0424 E0       		.byte	-32
 1090 0425 02       		.byte	2
 1091 0426 82       		.byte	-126
 1092 0427 40       		.byte	64
 1093 0428 96       		.byte	-106
 1094 0429 80       		.byte	-128
 1095 042a E6       		.byte	-26
 1096 042b 80       		.byte	-128
 1097 042c 12       		.byte	18
 1098 042d 80       		.byte	-128
 1099 042e 77       		.byte	119
 1100 042f 80       		.byte	-128
 1101 0430 78       		.byte	120
 1102 0431 80       		.byte	-128
 1103 0432 8B       		.byte	-117
 1104 0433 80       		.byte	-128
 1105 0434 8E       		.byte	-114
 1106 0435 80       		.byte	-128
 1107 0436 98       		.byte	-104
 1108 0437 80       		.byte	-128
 1109 0438 AC       		.byte	-84
 1110 0439 80       		.byte	-128
 1111 043a C4       		.byte	-60
 1112 043b 08       		.byte	8
 1113 043c DC       		.byte	-36
 1114 043d 01       		.byte	1
 1115 043e DE       		.byte	-34
 1116 043f 04       		.byte	4
 1117 0440 E2       		.byte	-30
 1118 0441 02       		.byte	2
 1119 0442 E4       		.byte	-28
 1120 0443 04       		.byte	4
 1121 0444 00       		.byte	0
 1122 0445 03       		.byte	3
 1123 0446 0C       		.byte	12
 1124 0447 03       		.byte	3
 1125 0448 10       		.byte	16
 1126 0449 03       		.byte	3
 1127 044a 1C       		.byte	28
 1128 044b 03       		.byte	3
 1129 044c 00       		.byte	0
 1130 044d 03       		.byte	3
 1131 044e 00       		.byte	0
 1132 044f 00       		.byte	0
 1133 0450 30       		.byte	48
 1134 0451 94       		.byte	-108
 1135 0452 00       		.byte	0
 1136 0453 00       		.byte	0
 1137 0454 40       		.byte	64
 1138 0455 00       		.byte	0
 1139 0456 00       		.byte	0
 1140 0457 00       		.byte	0
ARM GAS  C:\Users\abhim\AppData\Local\Temp\ccopMHNR.s 			page 21


 1141 0458 84       		.byte	-124
 1142 0459 9A       		.byte	-102
 1143 045a 00       		.byte	0
 1144 045b 00       		.byte	0
 1145 045c 04       		.byte	4
 1146 045d 21       		.byte	33
 1147 045e 00       		.byte	0
 1148 045f D8       		.byte	-40
 1149 0460 00       		.byte	0
 1150 0461 38       		.byte	56
 1151 0462 00       		.byte	0
 1152 0463 C0       		.byte	-64
 1153 0464 56       		.byte	86
 1154 0465 9A       		.byte	-102
 1155 0466 09       		.byte	9
 1156 0467 00       		.byte	0
 1157 0468 60       		.byte	96
 1158 0469 00       		.byte	0
 1159 046a 00       		.byte	0
 1160 046b 00       		.byte	0
 1161 046c 01       		.byte	1
 1162 046d 02       		.byte	2
 1163 046e 00       		.byte	0
 1164 046f 98       		.byte	-104
 1165 0470 0A       		.byte	10
 1166 0471 98       		.byte	-104
 1167 0472 10       		.byte	16
 1168 0473 02       		.byte	2
 1169 0474 84       		.byte	-124
 1170 0475 13       		.byte	19
 1171 0476 00       		.byte	0
 1172 0477 64       		.byte	100
 1173 0478 07       		.byte	7
 1174 0479 98       		.byte	-104
 1175 047a 38       		.byte	56
 1176 047b 02       		.byte	2
 1177 047c 84       		.byte	-124
 1178 047d 02       		.byte	2
 1179 047e 00       		.byte	0
 1180 047f 00       		.byte	0
 1181 0480 80       		.byte	-128
 1182 0481 00       		.byte	0
 1183 0482 04       		.byte	4
 1184 0483 00       		.byte	0
 1185 0484 04       		.byte	4
 1186 0485 FC       		.byte	-4
 1187 0486 80       		.byte	-128
 1188 0487 03       		.byte	3
 1189 0488 80       		.byte	-128
 1190 0489 00       		.byte	0
 1191 048a 7F       		.byte	127
 1192 048b 0F       		.byte	15
 1193 048c 80       		.byte	-128
 1194 048d E0       		.byte	-32
 1195 048e 00       		.byte	0
 1196 048f 13       		.byte	19
 1197 0490 08       		.byte	8
ARM GAS  C:\Users\abhim\AppData\Local\Temp\ccopMHNR.s 			page 22


 1198 0491 00       		.byte	0
 1199 0492 00       		.byte	0
 1200 0493 28       		.byte	40
 1201 0494 00       		.byte	0
 1202 0495 00       		.byte	0
 1203 0496 11       		.byte	17
 1204 0497 00       		.byte	0
 1205 0498 35       		.byte	53
 1206 0499 01       		.byte	1
 1207 049a 20       		.byte	32
 1208 049b 00       		.byte	0
 1209 049c 00       		.byte	0
 1210 049d DE       		.byte	-34
 1211 049e F0       		.byte	-16
 1212 049f BC       		.byte	-68
 1213 04a0 3B       		.byte	59
 1214 04a1 FF       		.byte	-1
 1215 04a2 FF       		.byte	-1
 1216 04a3 FF       		.byte	-1
 1217 04a4 22       		.byte	34
 1218 04a5 00       		.byte	0
 1219 04a6 F0       		.byte	-16
 1220 04a7 08       		.byte	8
 1221 04a8 04       		.byte	4
 1222 04a9 00       		.byte	0
 1223 04aa 00       		.byte	0
 1224 04ab 00       		.byte	0
 1225 04ac 00       		.byte	0
 1226 04ad 00       		.byte	0
 1227 04ae 02       		.byte	2
 1228 04af 28       		.byte	40
 1229 04b0 04       		.byte	4
 1230 04b1 04       		.byte	4
 1231 04b2 04       		.byte	4
 1232 04b3 04       		.byte	4
 1233 04b4 00       		.byte	0
 1234 04b5 00       		.byte	0
 1235 04b6 00       		.byte	0
 1236 04b7 01       		.byte	1
 1237 04b8 00       		.byte	0
 1238 04b9 00       		.byte	0
 1239 04ba C0       		.byte	-64
 1240 04bb 00       		.byte	0
 1241 04bc 40       		.byte	64
 1242 04bd 01       		.byte	1
 1243 04be 10       		.byte	16
 1244 04bf 11       		.byte	17
 1245 04c0 C0       		.byte	-64
 1246 04c1 01       		.byte	1
 1247 04c2 00       		.byte	0
 1248 04c3 11       		.byte	17
 1249 04c4 40       		.byte	64
 1250 04c5 01       		.byte	1
 1251 04c6 40       		.byte	64
 1252 04c7 01       		.byte	1
 1253 04c8 00       		.byte	0
 1254 04c9 00       		.byte	0
ARM GAS  C:\Users\abhim\AppData\Local\Temp\ccopMHNR.s 			page 23


 1255 04ca 00       		.byte	0
 1256 04cb 00       		.byte	0
 1257 04cc 00       		.byte	0
 1258 04cd 00       		.byte	0
 1259 04ce 00       		.byte	0
 1260 04cf 00       		.byte	0
 1261 04d0 00       		.byte	0
 1262 04d1 00       		.byte	0
 1263 04d2 00       		.byte	0
 1264 04d3 00       		.byte	0
 1265 04d4 00       		.byte	0
 1266 04d5 00       		.byte	0
 1267 04d6 00       		.byte	0
 1268 04d7 00       		.byte	0
 1269 04d8 00       		.byte	0
 1270 04d9 00       		.byte	0
 1271 04da 00       		.byte	0
 1272 04db 00       		.byte	0
 1273 04dc 7E       		.byte	126
 1274 04dd 00       		.byte	0
 1275 04de 00       		.byte	0
 1276 04df 08       		.byte	8
 1277 04e0 00       		.byte	0
 1278 04e1 10       		.byte	16
 1279 04e2 00       		.byte	0
 1280 04e3 00       		.byte	0
 1281 04e4 28       		.byte	40
 1282 04e5 10       		.byte	16
 1283 04e6 12       		.byte	18
 1284 04e7 00       		.byte	0
 1285 04e8 01       		.byte	1
 1286 04e9 00       		.byte	0
 1287 04ea 00       		.byte	0
 1288 04eb 02       		.byte	2
 1289 04ec 01       		.byte	1
 1290 04ed 00       		.byte	0
 1291 04ee 00       		.byte	0
 1292 04ef 01       		.byte	1
 1293 04f0 14       		.byte	20
 1294 04f1 00       		.byte	0
 1295 04f2 22       		.byte	34
 1296 04f3 01       		.byte	1
 1297 04f4 00       		.byte	0
 1298 04f5 00       		.byte	0
 1299 04f6 01       		.byte	1
 1300 04f7 08       		.byte	8
 1301 04f8 40       		.byte	64
 1302 04f9 00       		.byte	0
 1303 04fa 00       		.byte	0
 1304 04fb 04       		.byte	4
 1305 04fc 00       		.byte	0
 1306 04fd 00       		.byte	0
 1307 04fe 01       		.byte	1
 1308 04ff 04       		.byte	4
 1309 0500 7E       		.byte	126
 1310 0501 00       		.byte	0
 1311 0502 00       		.byte	0
ARM GAS  C:\Users\abhim\AppData\Local\Temp\ccopMHNR.s 			page 24


 1312 0503 00       		.byte	0
 1313 0504 02       		.byte	2
 1314 0505 10       		.byte	16
 1315 0506 0C       		.byte	12
 1316 0507 00       		.byte	0
 1317 0508 30       		.byte	48
 1318 0509 08       		.byte	8
 1319 050a 01       		.byte	1
 1320 050b 10       		.byte	16
 1321 050c 40       		.byte	64
 1322 050d 01       		.byte	1
 1323 050e 0E       		.byte	14
 1324 050f 06       		.byte	6
 1325 0510 08       		.byte	8
 1326 0511 00       		.byte	0
 1327 0512 00       		.byte	0
 1328 0513 00       		.byte	0
 1329 0514 00       		.byte	0
 1330 0515 00       		.byte	0
 1331 0516 00       		.byte	0
 1332 0517 55       		.byte	85
 1333 0518 26       		.byte	38
 1334 0519 03       		.byte	3
 1335 051a 05       		.byte	5
 1336 051b 00       		.byte	0
 1337 051c 01       		.byte	1
 1338 051d 0E       		.byte	14
 1339 051e 00       		.byte	0
 1340 051f 0C       		.byte	12
 1341 0520 11       		.byte	17
 1342 0521 FF       		.byte	-1
 1343 0522 FF       		.byte	-1
 1344 0523 FF       		.byte	-1
 1345 0524 62       		.byte	98
 1346 0525 A0       		.byte	-96
 1347 0526 F0       		.byte	-16
 1348 0527 41       		.byte	65
 1349 0528 0C       		.byte	12
 1350 0529 00       		.byte	0
 1351 052a 00       		.byte	0
 1352 052b 00       		.byte	0
 1353 052c 18       		.byte	24
 1354 052d 00       		.byte	0
 1355 052e 04       		.byte	4
 1356 052f 00       		.byte	0
 1357 0530 04       		.byte	4
 1358 0531 04       		.byte	4
 1359 0532 04       		.byte	4
 1360 0533 04       		.byte	4
 1361 0534 01       		.byte	1
 1362 0535 11       		.byte	17
 1363 0536 00       		.byte	0
 1364 0537 01       		.byte	1
 1365 0538 00       		.byte	0
 1366 0539 00       		.byte	0
 1367 053a 00       		.byte	0
 1368 053b 00       		.byte	0
ARM GAS  C:\Users\abhim\AppData\Local\Temp\ccopMHNR.s 			page 25


 1369 053c 00       		.byte	0
 1370 053d 00       		.byte	0
 1371 053e 40       		.byte	64
 1372 053f 02       		.byte	2
 1373 0540 00       		.byte	0
 1374 0541 10       		.byte	16
 1375 0542 30       		.byte	48
 1376 0543 10       		.byte	16
 1377 0544 00       		.byte	0
 1378 0545 10       		.byte	16
 1379 0546 10       		.byte	16
 1380 0547 12       		.byte	18
 1381 0548 00       		.byte	0
 1382 0549 00       		.byte	0
 1383 054a 00       		.byte	0
 1384 054b 00       		.byte	0
 1385 054c 00       		.byte	0
 1386 054d 00       		.byte	0
 1387 054e 00       		.byte	0
 1388 054f 00       		.byte	0
 1389 0550 00       		.byte	0
 1390 0551 00       		.byte	0
 1391 0552 00       		.byte	0
 1392 0553 00       		.byte	0
 1393 0554 00       		.byte	0
 1394 0555 00       		.byte	0
 1395 0556 00       		.byte	0
 1396 0557 00       		.byte	0
 1397 0558 80       		.byte	-128
 1398 0559 00       		.byte	0
 1399 055a 40       		.byte	64
 1400 055b BC       		.byte	-68
 1401 055c BC       		.byte	-68
 1402 055d 00       		.byte	0
 1403 055e B4       		.byte	-76
 1404 055f 00       		.byte	0
 1405 0560 00       		.byte	0
 1406 0561 00       		.byte	0
 1407 0562 00       		.byte	0
 1408 0563 00       		.byte	0
 1409 0564 00       		.byte	0
 1410 0565 0B       		.byte	11
 1411 0566 0B       		.byte	11
 1412 0567 00       		.byte	0
 1413 0568 00       		.byte	0
 1414 0569 00       		.byte	0
 1415 056a 00       		.byte	0
 1416 056b 00       		.byte	0
 1417 056c 00       		.byte	0
 1418 056d 18       		.byte	24
 1419 056e 18       		.byte	24
 1420 056f 00       		.byte	0
 1421 0570 08       		.byte	8
 1422 0571 00       		.byte	0
 1423 0572 00       		.byte	0
 1424 0573 00       		.byte	0
 1425              		.section	.cywolatch,"a",%progbits
ARM GAS  C:\Users\abhim\AppData\Local\Temp\ccopMHNR.s 			page 26


 1426              		.align	2
 1427              		.type	cy_meta_wonvl, %object
 1428              		.size	cy_meta_wonvl, 4
 1429              	cy_meta_wonvl:
 1430 0000 BC       		.byte	-68
 1431 0001 90       		.byte	-112
 1432 0002 AC       		.byte	-84
 1433 0003 AF       		.byte	-81
 1434              		.section	.cycustnvl,"a",%progbits
 1435              		.align	2
 1436              		.type	cy_meta_custnvl, %object
 1437              		.size	cy_meta_custnvl, 4
 1438              	cy_meta_custnvl:
 1439 0000 00       		.byte	0
 1440 0001 00       		.byte	0
 1441 0002 40       		.byte	64
 1442 0003 05       		.byte	5
 1443              		.section	.cymeta,"a",%progbits
 1444              		.align	2
 1445              		.type	cy_metadata, %object
 1446              		.size	cy_metadata, 12
 1447              	cy_metadata:
 1448 0000 00       		.byte	0
 1449 0001 01       		.byte	1
 1450 0002 2E       		.byte	46
 1451 0003 16       		.byte	22
 1452 0004 10       		.byte	16
 1453 0005 69       		.byte	105
 1454 0006 00       		.byte	0
 1455 0007 01       		.byte	1
 1456 0008 00       		.byte	0
 1457 0009 00       		.byte	0
 1458 000a 00       		.byte	0
 1459 000b 00       		.byte	0
 1460              		.section	.cyflashprotect,"a",%progbits
 1461              		.align	2
 1462              		.type	cy_meta_flashprotect, %object
 1463              		.size	cy_meta_flashprotect, 256
 1464              	cy_meta_flashprotect:
 1465 0000 00000000 		.space	256
 1465      00000000 
 1465      00000000 
 1465      00000000 
 1465      00000000 
 1466              		.text
 1467              	.Letext0:
 1468              		.file 1 "c:\\program files (x86)\\cypress\\psoc creator\\4.4\\psoc creator\\import\\gnu\\arm\\5.4.
 1469              		.file 2 "c:\\program files (x86)\\cypress\\psoc creator\\4.4\\psoc creator\\import\\gnu\\arm\\5.4.
 1470              		.file 3 "Generated_Source\\PSoC5\\cymetadata.c"
 1471              		.section	.debug_info,"",%progbits
 1472              	.Ldebug_info0:
 1473 0000 32010000 		.4byte	0x132
 1474 0004 0400     		.2byte	0x4
 1475 0006 00000000 		.4byte	.Ldebug_abbrev0
 1476 000a 04       		.byte	0x4
 1477 000b 01       		.uleb128 0x1
 1478 000c 24000000 		.4byte	.LASF17
ARM GAS  C:\Users\abhim\AppData\Local\Temp\ccopMHNR.s 			page 27


 1479 0010 0C       		.byte	0xc
 1480 0011 B5010000 		.4byte	.LASF18
 1481 0015 5F010000 		.4byte	.LASF19
 1482 0019 00000000 		.4byte	.Ldebug_line0
 1483 001d 02       		.uleb128 0x2
 1484 001e 01       		.byte	0x1
 1485 001f 06       		.byte	0x6
 1486 0020 A9010000 		.4byte	.LASF0
 1487 0024 03       		.uleb128 0x3
 1488 0025 00000000 		.4byte	.LASF9
 1489 0029 01       		.byte	0x1
 1490 002a 1D       		.byte	0x1d
 1491 002b 2F000000 		.4byte	0x2f
 1492 002f 02       		.uleb128 0x2
 1493 0030 01       		.byte	0x1
 1494 0031 08       		.byte	0x8
 1495 0032 16000000 		.4byte	.LASF1
 1496 0036 02       		.uleb128 0x2
 1497 0037 02       		.byte	0x2
 1498 0038 05       		.byte	0x5
 1499 0039 96010000 		.4byte	.LASF2
 1500 003d 02       		.uleb128 0x2
 1501 003e 02       		.byte	0x2
 1502 003f 07       		.byte	0x7
 1503 0040 C4000000 		.4byte	.LASF3
 1504 0044 02       		.uleb128 0x2
 1505 0045 04       		.byte	0x4
 1506 0046 05       		.byte	0x5
 1507 0047 A0010000 		.4byte	.LASF4
 1508 004b 02       		.uleb128 0x2
 1509 004c 04       		.byte	0x4
 1510 004d 07       		.byte	0x7
 1511 004e B2000000 		.4byte	.LASF5
 1512 0052 02       		.uleb128 0x2
 1513 0053 08       		.byte	0x8
 1514 0054 05       		.byte	0x5
 1515 0055 51010000 		.4byte	.LASF6
 1516 0059 02       		.uleb128 0x2
 1517 005a 08       		.byte	0x8
 1518 005b 07       		.byte	0x7
 1519 005c 06010000 		.4byte	.LASF7
 1520 0060 04       		.uleb128 0x4
 1521 0061 04       		.byte	0x4
 1522 0062 05       		.byte	0x5
 1523 0063 696E7400 		.ascii	"int\000"
 1524 0067 02       		.uleb128 0x2
 1525 0068 04       		.byte	0x4
 1526 0069 07       		.byte	0x7
 1527 006a F9000000 		.4byte	.LASF8
 1528 006e 03       		.uleb128 0x3
 1529 006f 1D010000 		.4byte	.LASF10
 1530 0073 02       		.byte	0x2
 1531 0074 18       		.byte	0x18
 1532 0075 24000000 		.4byte	0x24
 1533 0079 05       		.uleb128 0x5
 1534 007a 91000000 		.4byte	0x91
 1535 007e 8A000000 		.4byte	0x8a
ARM GAS  C:\Users\abhim\AppData\Local\Temp\ccopMHNR.s 			page 28


 1536 0082 06       		.uleb128 0x6
 1537 0083 8A000000 		.4byte	0x8a
 1538 0087 7305     		.2byte	0x573
 1539 0089 00       		.byte	0
 1540 008a 02       		.uleb128 0x2
 1541 008b 04       		.byte	0x4
 1542 008c 07       		.byte	0x7
 1543 008d 48010000 		.4byte	.LASF11
 1544 0091 07       		.uleb128 0x7
 1545 0092 6E000000 		.4byte	0x6e
 1546 0096 08       		.uleb128 0x8
 1547 0097 E7000000 		.4byte	.LASF12
 1548 009b 03       		.byte	0x3
 1549 009c 1F       		.byte	0x1f
 1550 009d A7000000 		.4byte	0xa7
 1551 00a1 05       		.uleb128 0x5
 1552 00a2 03       		.byte	0x3
 1553 00a3 00000000 		.4byte	cy_meta_configecc
 1554 00a7 07       		.uleb128 0x7
 1555 00a8 79000000 		.4byte	0x79
 1556 00ac 05       		.uleb128 0x5
 1557 00ad 91000000 		.4byte	0x91
 1558 00b1 BC000000 		.4byte	0xbc
 1559 00b5 09       		.uleb128 0x9
 1560 00b6 8A000000 		.4byte	0x8a
 1561 00ba 03       		.byte	0x3
 1562 00bb 00       		.byte	0
 1563 00bc 08       		.uleb128 0x8
 1564 00bd D7000000 		.4byte	.LASF13
 1565 00c1 03       		.byte	0x3
 1566 00c2 DB       		.byte	0xdb
 1567 00c3 CD000000 		.4byte	0xcd
 1568 00c7 05       		.uleb128 0x5
 1569 00c8 03       		.byte	0x3
 1570 00c9 00000000 		.4byte	cy_meta_custnvl
 1571 00cd 07       		.uleb128 0x7
 1572 00ce AC000000 		.4byte	0xac
 1573 00d2 08       		.uleb128 0x8
 1574 00d3 3A010000 		.4byte	.LASF14
 1575 00d7 03       		.byte	0x3
 1576 00d8 E9       		.byte	0xe9
 1577 00d9 E3000000 		.4byte	0xe3
 1578 00dd 05       		.uleb128 0x5
 1579 00de 03       		.byte	0x3
 1580 00df 00000000 		.4byte	cy_meta_wonvl
 1581 00e3 07       		.uleb128 0x7
 1582 00e4 AC000000 		.4byte	0xac
 1583 00e8 05       		.uleb128 0x5
 1584 00e9 91000000 		.4byte	0x91
 1585 00ed F8000000 		.4byte	0xf8
 1586 00f1 09       		.uleb128 0x9
 1587 00f2 8A000000 		.4byte	0x8a
 1588 00f6 FF       		.byte	0xff
 1589 00f7 00       		.byte	0
 1590 00f8 08       		.uleb128 0x8
 1591 00f9 25010000 		.4byte	.LASF15
 1592 00fd 03       		.byte	0x3
ARM GAS  C:\Users\abhim\AppData\Local\Temp\ccopMHNR.s 			page 29


 1593 00fe F7       		.byte	0xf7
 1594 00ff 09010000 		.4byte	0x109
 1595 0103 05       		.uleb128 0x5
 1596 0104 03       		.byte	0x3
 1597 0105 00000000 		.4byte	cy_meta_flashprotect
 1598 0109 07       		.uleb128 0x7
 1599 010a E8000000 		.4byte	0xe8
 1600 010e 05       		.uleb128 0x5
 1601 010f 91000000 		.4byte	0x91
 1602 0113 1E010000 		.4byte	0x11e
 1603 0117 09       		.uleb128 0x9
 1604 0118 8A000000 		.4byte	0x8a
 1605 011c 0B       		.byte	0xb
 1606 011d 00       		.byte	0
 1607 011e 0A       		.uleb128 0xa
 1608 011f 0A000000 		.4byte	.LASF16
 1609 0123 03       		.byte	0x3
 1610 0124 2401     		.2byte	0x124
 1611 0126 30010000 		.4byte	0x130
 1612 012a 05       		.uleb128 0x5
 1613 012b 03       		.byte	0x3
 1614 012c 00000000 		.4byte	cy_metadata
 1615 0130 07       		.uleb128 0x7
 1616 0131 0E010000 		.4byte	0x10e
 1617 0135 00       		.byte	0
 1618              		.section	.debug_abbrev,"",%progbits
 1619              	.Ldebug_abbrev0:
 1620 0000 01       		.uleb128 0x1
 1621 0001 11       		.uleb128 0x11
 1622 0002 01       		.byte	0x1
 1623 0003 25       		.uleb128 0x25
 1624 0004 0E       		.uleb128 0xe
 1625 0005 13       		.uleb128 0x13
 1626 0006 0B       		.uleb128 0xb
 1627 0007 03       		.uleb128 0x3
 1628 0008 0E       		.uleb128 0xe
 1629 0009 1B       		.uleb128 0x1b
 1630 000a 0E       		.uleb128 0xe
 1631 000b 10       		.uleb128 0x10
 1632 000c 17       		.uleb128 0x17
 1633 000d 00       		.byte	0
 1634 000e 00       		.byte	0
 1635 000f 02       		.uleb128 0x2
 1636 0010 24       		.uleb128 0x24
 1637 0011 00       		.byte	0
 1638 0012 0B       		.uleb128 0xb
 1639 0013 0B       		.uleb128 0xb
 1640 0014 3E       		.uleb128 0x3e
 1641 0015 0B       		.uleb128 0xb
 1642 0016 03       		.uleb128 0x3
 1643 0017 0E       		.uleb128 0xe
 1644 0018 00       		.byte	0
 1645 0019 00       		.byte	0
 1646 001a 03       		.uleb128 0x3
 1647 001b 16       		.uleb128 0x16
 1648 001c 00       		.byte	0
 1649 001d 03       		.uleb128 0x3
ARM GAS  C:\Users\abhim\AppData\Local\Temp\ccopMHNR.s 			page 30


 1650 001e 0E       		.uleb128 0xe
 1651 001f 3A       		.uleb128 0x3a
 1652 0020 0B       		.uleb128 0xb
 1653 0021 3B       		.uleb128 0x3b
 1654 0022 0B       		.uleb128 0xb
 1655 0023 49       		.uleb128 0x49
 1656 0024 13       		.uleb128 0x13
 1657 0025 00       		.byte	0
 1658 0026 00       		.byte	0
 1659 0027 04       		.uleb128 0x4
 1660 0028 24       		.uleb128 0x24
 1661 0029 00       		.byte	0
 1662 002a 0B       		.uleb128 0xb
 1663 002b 0B       		.uleb128 0xb
 1664 002c 3E       		.uleb128 0x3e
 1665 002d 0B       		.uleb128 0xb
 1666 002e 03       		.uleb128 0x3
 1667 002f 08       		.uleb128 0x8
 1668 0030 00       		.byte	0
 1669 0031 00       		.byte	0
 1670 0032 05       		.uleb128 0x5
 1671 0033 01       		.uleb128 0x1
 1672 0034 01       		.byte	0x1
 1673 0035 49       		.uleb128 0x49
 1674 0036 13       		.uleb128 0x13
 1675 0037 01       		.uleb128 0x1
 1676 0038 13       		.uleb128 0x13
 1677 0039 00       		.byte	0
 1678 003a 00       		.byte	0
 1679 003b 06       		.uleb128 0x6
 1680 003c 21       		.uleb128 0x21
 1681 003d 00       		.byte	0
 1682 003e 49       		.uleb128 0x49
 1683 003f 13       		.uleb128 0x13
 1684 0040 2F       		.uleb128 0x2f
 1685 0041 05       		.uleb128 0x5
 1686 0042 00       		.byte	0
 1687 0043 00       		.byte	0
 1688 0044 07       		.uleb128 0x7
 1689 0045 26       		.uleb128 0x26
 1690 0046 00       		.byte	0
 1691 0047 49       		.uleb128 0x49
 1692 0048 13       		.uleb128 0x13
 1693 0049 00       		.byte	0
 1694 004a 00       		.byte	0
 1695 004b 08       		.uleb128 0x8
 1696 004c 34       		.uleb128 0x34
 1697 004d 00       		.byte	0
 1698 004e 03       		.uleb128 0x3
 1699 004f 0E       		.uleb128 0xe
 1700 0050 3A       		.uleb128 0x3a
 1701 0051 0B       		.uleb128 0xb
 1702 0052 3B       		.uleb128 0x3b
 1703 0053 0B       		.uleb128 0xb
 1704 0054 49       		.uleb128 0x49
 1705 0055 13       		.uleb128 0x13
 1706 0056 3F       		.uleb128 0x3f
ARM GAS  C:\Users\abhim\AppData\Local\Temp\ccopMHNR.s 			page 31


 1707 0057 19       		.uleb128 0x19
 1708 0058 02       		.uleb128 0x2
 1709 0059 18       		.uleb128 0x18
 1710 005a 00       		.byte	0
 1711 005b 00       		.byte	0
 1712 005c 09       		.uleb128 0x9
 1713 005d 21       		.uleb128 0x21
 1714 005e 00       		.byte	0
 1715 005f 49       		.uleb128 0x49
 1716 0060 13       		.uleb128 0x13
 1717 0061 2F       		.uleb128 0x2f
 1718 0062 0B       		.uleb128 0xb
 1719 0063 00       		.byte	0
 1720 0064 00       		.byte	0
 1721 0065 0A       		.uleb128 0xa
 1722 0066 34       		.uleb128 0x34
 1723 0067 00       		.byte	0
 1724 0068 03       		.uleb128 0x3
 1725 0069 0E       		.uleb128 0xe
 1726 006a 3A       		.uleb128 0x3a
 1727 006b 0B       		.uleb128 0xb
 1728 006c 3B       		.uleb128 0x3b
 1729 006d 05       		.uleb128 0x5
 1730 006e 49       		.uleb128 0x49
 1731 006f 13       		.uleb128 0x13
 1732 0070 3F       		.uleb128 0x3f
 1733 0071 19       		.uleb128 0x19
 1734 0072 02       		.uleb128 0x2
 1735 0073 18       		.uleb128 0x18
 1736 0074 00       		.byte	0
 1737 0075 00       		.byte	0
 1738 0076 00       		.byte	0
 1739              		.section	.debug_aranges,"",%progbits
 1740 0000 14000000 		.4byte	0x14
 1741 0004 0200     		.2byte	0x2
 1742 0006 00000000 		.4byte	.Ldebug_info0
 1743 000a 04       		.byte	0x4
 1744 000b 00       		.byte	0
 1745 000c 0000     		.2byte	0
 1746 000e 0000     		.2byte	0
 1747 0010 00000000 		.4byte	0
 1748 0014 00000000 		.4byte	0
 1749              		.section	.debug_line,"",%progbits
 1750              	.Ldebug_line0:
 1751 0000 3D010000 		.section	.debug_str,"MS",%progbits,1
 1751      02003701 
 1751      00000201 
 1751      FB0E0D00 
 1751      01010101 
 1752              	.LASF9:
 1753 0000 5F5F7569 		.ascii	"__uint8_t\000"
 1753      6E74385F 
 1753      7400
 1754              	.LASF16:
 1755 000a 63795F6D 		.ascii	"cy_metadata\000"
 1755      65746164 
 1755      61746100 
ARM GAS  C:\Users\abhim\AppData\Local\Temp\ccopMHNR.s 			page 32


 1756              	.LASF1:
 1757 0016 756E7369 		.ascii	"unsigned char\000"
 1757      676E6564 
 1757      20636861 
 1757      7200
 1758              	.LASF17:
 1759 0024 474E5520 		.ascii	"GNU C11 5.4.1 20160609 (release) [ARM/embedded-5-br"
 1759      43313120 
 1759      352E342E 
 1759      31203230 
 1759      31363036 
 1760 0057 616E6368 		.ascii	"anch revision 237715] -mcpu=cortex-m3 -mthumb -g -O"
 1760      20726576 
 1760      6973696F 
 1760      6E203233 
 1760      37373135 
 1761 008a 67202D66 		.ascii	"g -ffunction-sections -ffat-lto-objects\000"
 1761      66756E63 
 1761      74696F6E 
 1761      2D736563 
 1761      74696F6E 
 1762              	.LASF5:
 1763 00b2 6C6F6E67 		.ascii	"long unsigned int\000"
 1763      20756E73 
 1763      69676E65 
 1763      6420696E 
 1763      7400
 1764              	.LASF3:
 1765 00c4 73686F72 		.ascii	"short unsigned int\000"
 1765      7420756E 
 1765      7369676E 
 1765      65642069 
 1765      6E7400
 1766              	.LASF13:
 1767 00d7 63795F6D 		.ascii	"cy_meta_custnvl\000"
 1767      6574615F 
 1767      63757374 
 1767      6E766C00 
 1768              	.LASF12:
 1769 00e7 63795F6D 		.ascii	"cy_meta_configecc\000"
 1769      6574615F 
 1769      636F6E66 
 1769      69676563 
 1769      6300
 1770              	.LASF8:
 1771 00f9 756E7369 		.ascii	"unsigned int\000"
 1771      676E6564 
 1771      20696E74 
 1771      00
 1772              	.LASF7:
 1773 0106 6C6F6E67 		.ascii	"long long unsigned int\000"
 1773      206C6F6E 
 1773      6720756E 
 1773      7369676E 
 1773      65642069 
 1774              	.LASF10:
 1775 011d 75696E74 		.ascii	"uint8_t\000"
ARM GAS  C:\Users\abhim\AppData\Local\Temp\ccopMHNR.s 			page 33


 1775      385F7400 
 1776              	.LASF15:
 1777 0125 63795F6D 		.ascii	"cy_meta_flashprotect\000"
 1777      6574615F 
 1777      666C6173 
 1777      6870726F 
 1777      74656374 
 1778              	.LASF14:
 1779 013a 63795F6D 		.ascii	"cy_meta_wonvl\000"
 1779      6574615F 
 1779      776F6E76 
 1779      6C00
 1780              	.LASF11:
 1781 0148 73697A65 		.ascii	"sizetype\000"
 1781      74797065 
 1781      00
 1782              	.LASF6:
 1783 0151 6C6F6E67 		.ascii	"long long int\000"
 1783      206C6F6E 
 1783      6720696E 
 1783      7400
 1784              	.LASF19:
 1785 015f 443A5C70 		.ascii	"D:\\psoc-workspace\\Lab Assignments\\Lab3\\Lab3\\La"
 1785      736F632D 
 1785      776F726B 
 1785      73706163 
 1785      655C4C61 
 1786 018d 62332E63 		.ascii	"b3.cydsn\000"
 1786      7964736E 
 1786      00
 1787              	.LASF2:
 1788 0196 73686F72 		.ascii	"short int\000"
 1788      7420696E 
 1788      7400
 1789              	.LASF4:
 1790 01a0 6C6F6E67 		.ascii	"long int\000"
 1790      20696E74 
 1790      00
 1791              	.LASF0:
 1792 01a9 7369676E 		.ascii	"signed char\000"
 1792      65642063 
 1792      68617200 
 1793              	.LASF18:
 1794 01b5 47656E65 		.ascii	"Generated_Source\\PSoC5\\cymetadata.c\000"
 1794      72617465 
 1794      645F536F 
 1794      75726365 
 1794      5C50536F 
 1795              		.ident	"GCC: (GNU Tools for ARM Embedded Processors) 5.4.1 20160609 (release) [ARM/embedded-5-bran
