ARM GAS  C:\Users\abhim\AppData\Local\Temp\ccGDlNrk.s 			page 1


   1              		.syntax unified
   2              		.cpu cortex-m3
   3              		.fpu softvfp
   4              		.eabi_attribute 20, 1
   5              		.eabi_attribute 21, 1
   6              		.eabi_attribute 23, 3
   7              		.eabi_attribute 24, 1
   8              		.eabi_attribute 25, 1
   9              		.eabi_attribute 26, 1
  10              		.eabi_attribute 30, 1
  11              		.eabi_attribute 34, 1
  12              		.eabi_attribute 18, 4
  13              		.thumb
  14              		.syntax unified
  15              		.file	"drawer.c"
  16              		.text
  17              	.Ltext0:
  18              		.cfi_sections	.debug_frame
  19              		.section	.text.initDrawer,"ax",%progbits
  20              		.align	2
  21              		.global	initDrawer
  22              		.thumb
  23              		.thumb_func
  24              		.type	initDrawer, %function
  25              	initDrawer:
  26              	.LFB110:
  27              		.file 1 "source\\bsw\\drawer.c"
   1:source\bsw/drawer.c **** /**
   2:source\bsw/drawer.c **** * \file <filename>
   3:source\bsw/drawer.c **** * \author <author-name>
   4:source\bsw/drawer.c **** * \date <date>
   5:source\bsw/drawer.c **** *
   6:source\bsw/drawer.c **** * \brief <Symbolic File name>
   7:source\bsw/drawer.c **** *
   8:source\bsw/drawer.c **** * \copyright Copyright ©2016
   9:source\bsw/drawer.c **** * Department of electrical engineering and information technology, Hochschule Darmstadt - Universit
  10:source\bsw/drawer.c **** * Permission to use, copy, modify, and distribute this software and its documentation for education
  11:source\bsw/drawer.c **** * (unless permitted by h_da) and official h_da projects, is hereby granted for enrolled students of
  12:source\bsw/drawer.c **** * this paragraph and the following paragraph appear in all copies, modifications, and distributions
  13:source\bsw/drawer.c **** * Contact Prof.Dr.-Ing. Peter Fromm, peter.fromm@h-da.de, Birkenweg 8 64295 Darmstadt - GERMANY for
  14:source\bsw/drawer.c **** *
  15:source\bsw/drawer.c **** * \warning This software is a PROTOTYPE version and is not designed or intended for use in producti
  16:source\bsw/drawer.c **** * The user represents and warrants that it will NOT use or redistribute the Software for such purpo
  17:source\bsw/drawer.c **** * This prototype is for research purposes only. This software is provided "AS IS," without a warran
  18:source\bsw/drawer.c **** */
  19:source\bsw/drawer.c **** 
  20:source\bsw/drawer.c **** /*****************************************************************************/
  21:source\bsw/drawer.c **** /* Include files                                                             */
  22:source\bsw/drawer.c **** /*****************************************************************************/
  23:source\bsw/drawer.c **** 
  24:source\bsw/drawer.c **** #include "drawer.h"
  25:source\bsw/drawer.c **** 
  26:source\bsw/drawer.c **** /*****************************************************************************/
  27:source\bsw/drawer.c **** /* Local pre-processor symbols/macros ('#define')                            */
  28:source\bsw/drawer.c **** /*****************************************************************************/
  29:source\bsw/drawer.c **** 
  30:source\bsw/drawer.c **** /*****************************************************************************/
ARM GAS  C:\Users\abhim\AppData\Local\Temp\ccGDlNrk.s 			page 2


  31:source\bsw/drawer.c **** /* Global variable definitions (declared in header file with 'extern')       */
  32:source\bsw/drawer.c **** /*****************************************************************************/
  33:source\bsw/drawer.c **** 
  34:source\bsw/drawer.c **** /*****************************************************************************/
  35:source\bsw/drawer.c **** /* Local type definitions ('typedef')                                        */
  36:source\bsw/drawer.c **** /*****************************************************************************/
  37:source\bsw/drawer.c **** 
  38:source\bsw/drawer.c **** /*****************************************************************************/
  39:source\bsw/drawer.c **** /* Local variable definitions ('static')                                     */
  40:source\bsw/drawer.c **** /*****************************************************************************/
  41:source\bsw/drawer.c **** 
  42:source\bsw/drawer.c **** 
  43:source\bsw/drawer.c **** 
  44:source\bsw/drawer.c **** /*****************************************************************************/
  45:source\bsw/drawer.c **** /* Local function prototypes ('static')                                      */
  46:source\bsw/drawer.c **** /*****************************************************************************/
  47:source\bsw/drawer.c **** 
  48:source\bsw/drawer.c **** 
  49:source\bsw/drawer.c **** /*****************************************************************************/
  50:source\bsw/drawer.c **** /* Function implementation - global ('extern') and local ('static')          */
  51:source\bsw/drawer.c **** /*****************************************************************************/
  52:source\bsw/drawer.c **** 
  53:source\bsw/drawer.c **** /**
  54:source\bsw/drawer.c ****  * <Description>
  55:source\bsw/drawer.c ****  * \param <first para>
  56:source\bsw/drawer.c ****  * \return <return value>
  57:source\bsw/drawer.c ****  */
  58:source\bsw/drawer.c **** 
  59:source\bsw/drawer.c **** RC_t initDrawer(drawer_t *drawer) {
  28              		.loc 1 59 0
  29              		.cfi_startproc
  30              		@ args = 0, pretend = 0, frame = 0
  31              		@ frame_needed = 0, uses_anonymous_args = 0
  32              	.LVL0:
  33 0000 10B5     		push	{r4, lr}
  34              		.cfi_def_cfa_offset 8
  35              		.cfi_offset 4, -8
  36              		.cfi_offset 14, -4
  60:source\bsw/drawer.c ****     if (drawer == NULL) {
  37              		.loc 1 60 0
  38 0002 28B9     		cbnz	r0, .L2
  61:source\bsw/drawer.c ****         UART_LOG_PutString("Error: Null pointer passed to initDrawer\r\n");
  39              		.loc 1 61 0
  40 0004 0748     		ldr	r0, .L5
  41              	.LVL1:
  42 0006 FFF7FEFF 		bl	UART_LOG_PutString
  43              	.LVL2:
  62:source\bsw/drawer.c ****         return RC_ERROR;
  44              		.loc 1 62 0
  45 000a 4FF0FF30 		mov	r0, #-1
  46 000e 10BD     		pop	{r4, pc}
  47              	.LVL3:
  48              	.L2:
  63:source\bsw/drawer.c ****     }
  64:source\bsw/drawer.c ****     drawer->command = DRAWER_CMD_DRAW;  
  49              		.loc 1 64 0
  50 0010 0122     		movs	r2, #1
ARM GAS  C:\Users\abhim\AppData\Local\Temp\ccGDlNrk.s 			page 3


  51 0012 0270     		strb	r2, [r0]
  65:source\bsw/drawer.c ****     drawer->data.color = NULL; // Default: no color assigned
  52              		.loc 1 65 0
  53 0014 0024     		movs	r4, #0
  54 0016 4460     		str	r4, [r0, #4]
  66:source\bsw/drawer.c ****     UART_LOG_PutString("initDrawer: Drawer initialized successfully\r\n");
  55              		.loc 1 66 0
  56 0018 0348     		ldr	r0, .L5+4
  57              	.LVL4:
  58 001a FFF7FEFF 		bl	UART_LOG_PutString
  59              	.LVL5:
  67:source\bsw/drawer.c ****     return RC_SUCCESS;
  60              		.loc 1 67 0
  61 001e 2046     		mov	r0, r4
  68:source\bsw/drawer.c **** }
  62              		.loc 1 68 0
  63 0020 10BD     		pop	{r4, pc}
  64              	.L6:
  65 0022 00BF     		.align	2
  66              	.L5:
  67 0024 00000000 		.word	.LC0
  68 0028 2C000000 		.word	.LC1
  69              		.cfi_endproc
  70              	.LFE110:
  71              		.size	initDrawer, .-initDrawer
  72              		.section	.text.freeDrawer,"ax",%progbits
  73              		.align	2
  74              		.global	freeDrawer
  75              		.thumb
  76              		.thumb_func
  77              		.type	freeDrawer, %function
  78              	freeDrawer:
  79              	.LFB111:
  69:source\bsw/drawer.c **** 
  70:source\bsw/drawer.c **** 
  71:source\bsw/drawer.c **** RC_t freeDrawer(drawer_t* drawer) {
  80              		.loc 1 71 0
  81              		.cfi_startproc
  82              		@ args = 0, pretend = 0, frame = 0
  83              		@ frame_needed = 0, uses_anonymous_args = 0
  84              	.LVL6:
  72:source\bsw/drawer.c ****     if (drawer != NULL) {
  85              		.loc 1 72 0
  86 0000 50B1     		cbz	r0, .L11
  71:source\bsw/drawer.c ****     if (drawer != NULL) {
  87              		.loc 1 71 0
  88 0002 10B5     		push	{r4, lr}
  89              		.cfi_def_cfa_offset 8
  90              		.cfi_offset 4, -8
  91              		.cfi_offset 14, -4
  92 0004 0446     		mov	r4, r0
  73:source\bsw/drawer.c ****       if(drawer->data.color != NULL){
  93              		.loc 1 73 0
  94 0006 4068     		ldr	r0, [r0, #4]
  95              	.LVL7:
  96 0008 08B1     		cbz	r0, .L9
  74:source\bsw/drawer.c ****         free(drawer->data.color);
ARM GAS  C:\Users\abhim\AppData\Local\Temp\ccGDlNrk.s 			page 4


  97              		.loc 1 74 0
  98 000a FFF7FEFF 		bl	free
  99              	.LVL8:
 100              	.L9:
  75:source\bsw/drawer.c ****       }
  76:source\bsw/drawer.c ****       else{
  77:source\bsw/drawer.c ****         //nothing
  78:source\bsw/drawer.c ****       }
  79:source\bsw/drawer.c ****       free(drawer);
 101              		.loc 1 79 0
 102 000e 2046     		mov	r0, r4
 103 0010 FFF7FEFF 		bl	free
 104              	.LVL9:
  80:source\bsw/drawer.c ****     }
  81:source\bsw/drawer.c ****     return RC_SUCCESS;  // Ensure return statement is valid
  82:source\bsw/drawer.c **** }  
 105              		.loc 1 82 0
 106 0014 0020     		movs	r0, #0
 107 0016 10BD     		pop	{r4, pc}
 108              	.LVL10:
 109              	.L11:
 110              		.cfi_def_cfa_offset 0
 111              		.cfi_restore 4
 112              		.cfi_restore 14
 113 0018 0020     		movs	r0, #0
 114              	.LVL11:
 115 001a 7047     		bx	lr
 116              		.cfi_endproc
 117              	.LFE111:
 118              		.size	freeDrawer, .-freeDrawer
 119              		.section	.rodata.str1.4,"aMS",%progbits,1
 120              		.align	2
 121              	.LC0:
 122 0000 4572726F 		.ascii	"Error: Null pointer passed to initDrawer\015\012\000"
 122      723A204E 
 122      756C6C20 
 122      706F696E 
 122      74657220 
 123 002b 00       		.space	1
 124              	.LC1:
 125 002c 696E6974 		.ascii	"initDrawer: Drawer initialized successfully\015\012"
 125      44726177 
 125      65723A20 
 125      44726177 
 125      65722069 
 126 0059 00       		.ascii	"\000"
 127              		.text
 128              	.Letext0:
 129              		.file 2 "c:\\program files (x86)\\cypress\\psoc creator\\4.4\\psoc creator\\import\\gnu\\arm\\5.4.
 130              		.file 3 "c:\\program files (x86)\\cypress\\psoc creator\\4.4\\psoc creator\\import\\gnu\\arm\\5.4.
 131              		.file 4 "Generated_Source\\PSoC5/ErikaOS_common_ee_types.inc"
 132              		.file 5 "Generated_Source\\PSoC5/ErikaOS_cortex_mx_ee_cpu.inc"
 133              		.file 6 "source\\bsw\\global.h"
 134              		.file 7 "source\\bsw\\drawer.h"
 135              		.file 8 "Generated_Source\\PSoC5/ErikaOS_ee_oo_intfunc.inc"
 136              		.file 9 "Generated_Source\\PSoC5/ErikaOS_cortex_mx_ee_context.inc"
 137              		.file 10 "Generated_Source\\PSoC5/ErikaOS_common_ee_primitives.inc"
ARM GAS  C:\Users\abhim\AppData\Local\Temp\ccGDlNrk.s 			page 5


 138              		.file 11 "Generated_Source\\PSoC5/core_cm3.h"
 139              		.file 12 "Generated_Source\\PSoC5/UART_LOG.h"
 140              		.file 13 "c:\\program files (x86)\\cypress\\psoc creator\\4.4\\psoc creator\\import\\gnu\\arm\\5.4
 141              		.section	.debug_info,"",%progbits
 142              	.Ldebug_info0:
 143 0000 3C030000 		.4byte	0x33c
 144 0004 0400     		.2byte	0x4
 145 0006 00000000 		.4byte	.Ldebug_abbrev0
 146 000a 04       		.byte	0x4
 147 000b 01       		.uleb128 0x1
 148 000c F3020000 		.4byte	.LASF73
 149 0010 0C       		.byte	0xc
 150 0011 43040000 		.4byte	.LASF74
 151 0015 A3030000 		.4byte	.LASF75
 152 0019 00000000 		.4byte	.Ldebug_ranges0+0
 153 001d 00000000 		.4byte	0
 154 0021 00000000 		.4byte	.Ldebug_line0
 155 0025 02       		.uleb128 0x2
 156 0026 01       		.byte	0x1
 157 0027 06       		.byte	0x6
 158 0028 75020000 		.4byte	.LASF0
 159 002c 03       		.uleb128 0x3
 160 002d FE010000 		.4byte	.LASF4
 161 0031 02       		.byte	0x2
 162 0032 1D       		.byte	0x1d
 163 0033 37000000 		.4byte	0x37
 164 0037 02       		.uleb128 0x2
 165 0038 01       		.byte	0x1
 166 0039 08       		.byte	0x8
 167 003a 4A020000 		.4byte	.LASF1
 168 003e 02       		.uleb128 0x2
 169 003f 02       		.byte	0x2
 170 0040 05       		.byte	0x5
 171 0041 32000000 		.4byte	.LASF2
 172 0045 02       		.uleb128 0x2
 173 0046 02       		.byte	0x2
 174 0047 07       		.byte	0x7
 175 0048 E0020000 		.4byte	.LASF3
 176 004c 03       		.uleb128 0x3
 177 004d 57040000 		.4byte	.LASF5
 178 0051 02       		.byte	0x2
 179 0052 3F       		.byte	0x3f
 180 0053 57000000 		.4byte	0x57
 181 0057 02       		.uleb128 0x2
 182 0058 04       		.byte	0x4
 183 0059 05       		.byte	0x5
 184 005a CE010000 		.4byte	.LASF6
 185 005e 02       		.uleb128 0x2
 186 005f 04       		.byte	0x4
 187 0060 07       		.byte	0x7
 188 0061 F2030000 		.4byte	.LASF7
 189 0065 02       		.uleb128 0x2
 190 0066 08       		.byte	0x8
 191 0067 05       		.byte	0x5
 192 0068 83010000 		.4byte	.LASF8
 193 006c 02       		.uleb128 0x2
 194 006d 08       		.byte	0x8
ARM GAS  C:\Users\abhim\AppData\Local\Temp\ccGDlNrk.s 			page 6


 195 006e 07       		.byte	0x7
 196 006f 81020000 		.4byte	.LASF9
 197 0073 04       		.uleb128 0x4
 198 0074 04       		.byte	0x4
 199 0075 05       		.byte	0x5
 200 0076 696E7400 		.ascii	"int\000"
 201 007a 02       		.uleb128 0x2
 202 007b 04       		.byte	0x4
 203 007c 07       		.byte	0x7
 204 007d 98020000 		.4byte	.LASF10
 205 0081 03       		.uleb128 0x3
 206 0082 FA000000 		.4byte	.LASF11
 207 0086 03       		.byte	0x3
 208 0087 18       		.byte	0x18
 209 0088 2C000000 		.4byte	0x2c
 210 008c 03       		.uleb128 0x3
 211 008d 9B030000 		.4byte	.LASF12
 212 0091 03       		.byte	0x3
 213 0092 2C       		.byte	0x2c
 214 0093 4C000000 		.4byte	0x4c
 215 0097 02       		.uleb128 0x2
 216 0098 04       		.byte	0x4
 217 0099 04       		.byte	0x4
 218 009a 64010000 		.4byte	.LASF13
 219 009e 02       		.uleb128 0x2
 220 009f 08       		.byte	0x8
 221 00a0 04       		.byte	0x4
 222 00a1 8C040000 		.4byte	.LASF14
 223 00a5 02       		.uleb128 0x2
 224 00a6 01       		.byte	0x1
 225 00a7 08       		.byte	0x8
 226 00a8 81030000 		.4byte	.LASF15
 227 00ac 02       		.uleb128 0x2
 228 00ad 08       		.byte	0x8
 229 00ae 04       		.byte	0x4
 230 00af 3E020000 		.4byte	.LASF16
 231 00b3 03       		.uleb128 0x3
 232 00b4 D7020000 		.4byte	.LASF17
 233 00b8 04       		.byte	0x4
 234 00b9 53       		.byte	0x53
 235 00ba 73000000 		.4byte	0x73
 236 00be 03       		.uleb128 0x3
 237 00bf 6B020000 		.4byte	.LASF18
 238 00c3 04       		.byte	0x4
 239 00c4 54       		.byte	0x54
 240 00c5 7A000000 		.4byte	0x7a
 241 00c9 03       		.uleb128 0x3
 242 00ca 2A040000 		.4byte	.LASF19
 243 00ce 05       		.byte	0x5
 244 00cf 4D       		.byte	0x4d
 245 00d0 BE000000 		.4byte	0xbe
 246 00d4 03       		.uleb128 0x3
 247 00d5 83000000 		.4byte	.LASF20
 248 00d9 05       		.byte	0x5
 249 00da 4F       		.byte	0x4f
 250 00db BE000000 		.4byte	0xbe
 251 00df 03       		.uleb128 0x3
ARM GAS  C:\Users\abhim\AppData\Local\Temp\ccGDlNrk.s 			page 7


 252 00e0 CB000000 		.4byte	.LASF21
 253 00e4 05       		.byte	0x5
 254 00e5 78       		.byte	0x78
 255 00e6 B3000000 		.4byte	0xb3
 256 00ea 02       		.uleb128 0x2
 257 00eb 04       		.byte	0x4
 258 00ec 07       		.byte	0x7
 259 00ed 71040000 		.4byte	.LASF22
 260 00f1 05       		.uleb128 0x5
 261 00f2 04       		.byte	0x4
 262 00f3 A5000000 		.4byte	0xa5
 263 00f7 06       		.uleb128 0x6
 264 00f8 01       		.byte	0x1
 265 00f9 25000000 		.4byte	0x25
 266 00fd 06       		.byte	0x6
 267 00fe D0       		.byte	0xd0
 268 00ff B8010000 		.4byte	0x1b8
 269 0103 07       		.uleb128 0x7
 270 0104 13000000 		.4byte	.LASF23
 271 0108 00       		.byte	0
 272 0109 08       		.uleb128 0x8
 273 010a A0040000 		.4byte	.LASF24
 274 010e 7F       		.sleb128 -1
 275 010f 08       		.uleb128 0x8
 276 0110 B3020000 		.4byte	.LASF25
 277 0114 7E       		.sleb128 -2
 278 0115 08       		.uleb128 0x8
 279 0116 75000000 		.4byte	.LASF26
 280 011a 7D       		.sleb128 -3
 281 011b 08       		.uleb128 0x8
 282 011c A9040000 		.4byte	.LASF27
 283 0120 7C       		.sleb128 -4
 284 0121 08       		.uleb128 0x8
 285 0122 4C010000 		.4byte	.LASF28
 286 0126 7B       		.sleb128 -5
 287 0127 08       		.uleb128 0x8
 288 0128 32040000 		.4byte	.LASF29
 289 012c 7A       		.sleb128 -6
 290 012d 08       		.uleb128 0x8
 291 012e D7010000 		.4byte	.LASF30
 292 0132 79       		.sleb128 -7
 293 0133 08       		.uleb128 0x8
 294 0134 86030000 		.4byte	.LASF31
 295 0138 78       		.sleb128 -8
 296 0139 08       		.uleb128 0x8
 297 013a C1020000 		.4byte	.LASF32
 298 013e 77       		.sleb128 -9
 299 013f 08       		.uleb128 0x8
 300 0140 E9010000 		.4byte	.LASF33
 301 0144 76       		.sleb128 -10
 302 0145 08       		.uleb128 0x8
 303 0146 F5040000 		.4byte	.LASF34
 304 014a 75       		.sleb128 -11
 305 014b 08       		.uleb128 0x8
 306 014c A5020000 		.4byte	.LASF35
 307 0150 74       		.sleb128 -12
 308 0151 08       		.uleb128 0x8
ARM GAS  C:\Users\abhim\AppData\Local\Temp\ccGDlNrk.s 			page 8


 309 0152 18040000 		.4byte	.LASF36
 310 0156 73       		.sleb128 -13
 311 0157 08       		.uleb128 0x8
 312 0158 00000000 		.4byte	.LASF37
 313 015c 72       		.sleb128 -14
 314 015d 08       		.uleb128 0x8
 315 015e 1E000000 		.4byte	.LASF38
 316 0162 71       		.sleb128 -15
 317 0163 08       		.uleb128 0x8
 318 0164 08020000 		.4byte	.LASF39
 319 0168 70       		.sleb128 -16
 320 0169 08       		.uleb128 0x8
 321 016a 8B000000 		.4byte	.LASF40
 322 016e 6F       		.sleb128 -17
 323 016f 08       		.uleb128 0x8
 324 0170 47000000 		.4byte	.LASF41
 325 0174 6E       		.sleb128 -18
 326 0175 08       		.uleb128 0x8
 327 0176 AA010000 		.4byte	.LASF42
 328 017a 6D       		.sleb128 -19
 329 017b 08       		.uleb128 0x8
 330 017c 58020000 		.4byte	.LASF43
 331 0180 6C       		.sleb128 -20
 332 0181 08       		.uleb128 0x8
 333 0182 19020000 		.4byte	.LASF44
 334 0186 6B       		.sleb128 -21
 335 0187 08       		.uleb128 0x8
 336 0188 7A040000 		.4byte	.LASF45
 337 018c 6A       		.sleb128 -22
 338 018d 08       		.uleb128 0x8
 339 018e 02010000 		.4byte	.LASF46
 340 0192 69       		.sleb128 -23
 341 0193 08       		.uleb128 0x8
 342 0194 BD010000 		.4byte	.LASF47
 343 0198 68       		.sleb128 -24
 344 0199 08       		.uleb128 0x8
 345 019a 6A010000 		.4byte	.LASF48
 346 019e 67       		.sleb128 -25
 347 019f 08       		.uleb128 0x8
 348 01a0 E7000000 		.4byte	.LASF49
 349 01a4 66       		.sleb128 -26
 350 01a5 08       		.uleb128 0x8
 351 01a6 62000000 		.4byte	.LASF50
 352 01aa 65       		.sleb128 -27
 353 01ab 08       		.uleb128 0x8
 354 01ac DE040000 		.4byte	.LASF51
 355 01b0 64       		.sleb128 -28
 356 01b1 08       		.uleb128 0x8
 357 01b2 61040000 		.4byte	.LASF52
 358 01b6 63       		.sleb128 -29
 359 01b7 00       		.byte	0
 360 01b8 03       		.uleb128 0x3
 361 01b9 D9040000 		.4byte	.LASF53
 362 01bd 06       		.byte	0x6
 363 01be EF       		.byte	0xef
 364 01bf F7000000 		.4byte	0xf7
 365 01c3 06       		.uleb128 0x6
ARM GAS  C:\Users\abhim\AppData\Local\Temp\ccGDlNrk.s 			page 9


 366 01c4 01       		.byte	0x1
 367 01c5 37000000 		.4byte	0x37
 368 01c9 07       		.byte	0x7
 369 01ca 71       		.byte	0x71
 370 01cb DC010000 		.4byte	0x1dc
 371 01cf 07       		.uleb128 0x7
 372 01d0 BA000000 		.4byte	.LASF54
 373 01d4 00       		.byte	0
 374 01d5 07       		.uleb128 0x7
 375 01d6 AA000000 		.4byte	.LASF55
 376 01da 01       		.byte	0x1
 377 01db 00       		.byte	0
 378 01dc 03       		.uleb128 0x3
 379 01dd D2000000 		.4byte	.LASF56
 380 01e1 07       		.byte	0x7
 381 01e2 71       		.byte	0x71
 382 01e3 C3010000 		.4byte	0x1c3
 383 01e7 09       		.uleb128 0x9
 384 01e8 04       		.byte	0x4
 385 01e9 07       		.byte	0x7
 386 01ea 74       		.byte	0x74
 387 01eb 06020000 		.4byte	0x206
 388 01ef 0A       		.uleb128 0xa
 389 01f0 5C000000 		.4byte	.LASF57
 390 01f4 07       		.byte	0x7
 391 01f5 75       		.byte	0x75
 392 01f6 F1000000 		.4byte	0xf1
 393 01fa 0A       		.uleb128 0xa
 394 01fb 04040000 		.4byte	.LASF58
 395 01ff 07       		.byte	0x7
 396 0200 76       		.byte	0x76
 397 0201 06020000 		.4byte	0x206
 398 0205 00       		.byte	0
 399 0206 0B       		.uleb128 0xb
 400 0207 81000000 		.4byte	0x81
 401 020b 16020000 		.4byte	0x216
 402 020f 0C       		.uleb128 0xc
 403 0210 EA000000 		.4byte	0xea
 404 0214 03       		.byte	0x3
 405 0215 00       		.byte	0
 406 0216 0D       		.uleb128 0xd
 407 0217 5B010000 		.4byte	.LASF76
 408 021b 08       		.byte	0x8
 409 021c 07       		.byte	0x7
 410 021d 72       		.byte	0x72
 411 021e 3B020000 		.4byte	0x23b
 412 0222 0E       		.uleb128 0xe
 413 0223 D1040000 		.4byte	.LASF59
 414 0227 07       		.byte	0x7
 415 0228 73       		.byte	0x73
 416 0229 DC010000 		.4byte	0x1dc
 417 022d 00       		.byte	0
 418 022e 0E       		.uleb128 0xe
 419 022f DA030000 		.4byte	.LASF60
 420 0233 07       		.byte	0x7
 421 0234 77       		.byte	0x77
 422 0235 E7010000 		.4byte	0x1e7
ARM GAS  C:\Users\abhim\AppData\Local\Temp\ccGDlNrk.s 			page 10


 423 0239 04       		.byte	0x4
 424 023a 00       		.byte	0
 425 023b 03       		.uleb128 0x3
 426 023c 0F040000 		.4byte	.LASF61
 427 0240 07       		.byte	0x7
 428 0241 79       		.byte	0x79
 429 0242 16020000 		.4byte	0x216
 430 0246 0F       		.uleb128 0xf
 431 0247 9F000000 		.4byte	.LASF62
 432 024b 01       		.byte	0x1
 433 024c 3B       		.byte	0x3b
 434 024d B8010000 		.4byte	0x1b8
 435 0251 00000000 		.4byte	.LFB110
 436 0255 2C000000 		.4byte	.LFE110-.LFB110
 437 0259 01       		.uleb128 0x1
 438 025a 9C       		.byte	0x9c
 439 025b 99020000 		.4byte	0x299
 440 025f 10       		.uleb128 0x10
 441 0260 F7010000 		.4byte	.LASF64
 442 0264 01       		.byte	0x1
 443 0265 3B       		.byte	0x3b
 444 0266 99020000 		.4byte	0x299
 445 026a 00000000 		.4byte	.LLST0
 446 026e 11       		.uleb128 0x11
 447 026f 0A000000 		.4byte	.LVL2
 448 0273 29030000 		.4byte	0x329
 449 0277 85020000 		.4byte	0x285
 450 027b 12       		.uleb128 0x12
 451 027c 01       		.uleb128 0x1
 452 027d 50       		.byte	0x50
 453 027e 05       		.uleb128 0x5
 454 027f 03       		.byte	0x3
 455 0280 00000000 		.4byte	.LC0
 456 0284 00       		.byte	0
 457 0285 13       		.uleb128 0x13
 458 0286 1E000000 		.4byte	.LVL5
 459 028a 29030000 		.4byte	0x329
 460 028e 12       		.uleb128 0x12
 461 028f 01       		.uleb128 0x1
 462 0290 50       		.byte	0x50
 463 0291 05       		.uleb128 0x5
 464 0292 03       		.byte	0x3
 465 0293 2C000000 		.4byte	.LC1
 466 0297 00       		.byte	0
 467 0298 00       		.byte	0
 468 0299 05       		.uleb128 0x5
 469 029a 04       		.byte	0x4
 470 029b 3B020000 		.4byte	0x23b
 471 029f 0F       		.uleb128 0xf
 472 02a0 3C000000 		.4byte	.LASF63
 473 02a4 01       		.byte	0x1
 474 02a5 47       		.byte	0x47
 475 02a6 B8010000 		.4byte	0x1b8
 476 02aa 00000000 		.4byte	.LFB111
 477 02ae 1C000000 		.4byte	.LFE111-.LFB111
 478 02b2 01       		.uleb128 0x1
 479 02b3 9C       		.byte	0x9c
ARM GAS  C:\Users\abhim\AppData\Local\Temp\ccGDlNrk.s 			page 11


 480 02b4 E1020000 		.4byte	0x2e1
 481 02b8 10       		.uleb128 0x10
 482 02b9 F7010000 		.4byte	.LASF64
 483 02bd 01       		.byte	0x1
 484 02be 47       		.byte	0x47
 485 02bf 99020000 		.4byte	0x299
 486 02c3 3A000000 		.4byte	.LLST1
 487 02c7 14       		.uleb128 0x14
 488 02c8 0E000000 		.4byte	.LVL8
 489 02cc 34030000 		.4byte	0x334
 490 02d0 13       		.uleb128 0x13
 491 02d1 14000000 		.4byte	.LVL9
 492 02d5 34030000 		.4byte	0x334
 493 02d9 12       		.uleb128 0x12
 494 02da 01       		.uleb128 0x1
 495 02db 50       		.byte	0x50
 496 02dc 02       		.uleb128 0x2
 497 02dd 74       		.byte	0x74
 498 02de 00       		.sleb128 0
 499 02df 00       		.byte	0
 500 02e0 00       		.byte	0
 501 02e1 15       		.uleb128 0x15
 502 02e2 B9040000 		.4byte	.LASF65
 503 02e6 08       		.byte	0x8
 504 02e7 40       		.byte	0x40
 505 02e8 C9000000 		.4byte	0xc9
 506 02ec 15       		.uleb128 0x15
 507 02ed 91010000 		.4byte	.LASF66
 508 02f1 08       		.byte	0x8
 509 02f2 47       		.byte	0x47
 510 02f3 D4000000 		.4byte	0xd4
 511 02f7 15       		.uleb128 0x15
 512 02f8 DF030000 		.4byte	.LASF67
 513 02fc 08       		.byte	0x8
 514 02fd 4A       		.byte	0x4a
 515 02fe C9000000 		.4byte	0xc9
 516 0302 15       		.uleb128 0x15
 517 0303 33010000 		.4byte	.LASF68
 518 0307 09       		.byte	0x9
 519 0308 48       		.byte	0x48
 520 0309 DF000000 		.4byte	0xdf
 521 030d 15       		.uleb128 0x15
 522 030e 19010000 		.4byte	.LASF69
 523 0312 0A       		.byte	0xa
 524 0313 44       		.byte	0x44
 525 0314 C9000000 		.4byte	0xc9
 526 0318 16       		.uleb128 0x16
 527 0319 93040000 		.4byte	.LASF70
 528 031d 0B       		.byte	0xb
 529 031e 1207     		.2byte	0x712
 530 0320 24030000 		.4byte	0x324
 531 0324 17       		.uleb128 0x17
 532 0325 8C000000 		.4byte	0x8c
 533 0329 18       		.uleb128 0x18
 534 032a 2B020000 		.4byte	.LASF71
 535 032e 2B020000 		.4byte	.LASF71
 536 0332 0C       		.byte	0xc
ARM GAS  C:\Users\abhim\AppData\Local\Temp\ccGDlNrk.s 			page 12


 537 0333 8B       		.byte	0x8b
 538 0334 18       		.uleb128 0x18
 539 0335 2E010000 		.4byte	.LASF72
 540 0339 2E010000 		.4byte	.LASF72
 541 033d 0D       		.byte	0xd
 542 033e 59       		.byte	0x59
 543 033f 00       		.byte	0
 544              		.section	.debug_abbrev,"",%progbits
 545              	.Ldebug_abbrev0:
 546 0000 01       		.uleb128 0x1
 547 0001 11       		.uleb128 0x11
 548 0002 01       		.byte	0x1
 549 0003 25       		.uleb128 0x25
 550 0004 0E       		.uleb128 0xe
 551 0005 13       		.uleb128 0x13
 552 0006 0B       		.uleb128 0xb
 553 0007 03       		.uleb128 0x3
 554 0008 0E       		.uleb128 0xe
 555 0009 1B       		.uleb128 0x1b
 556 000a 0E       		.uleb128 0xe
 557 000b 55       		.uleb128 0x55
 558 000c 17       		.uleb128 0x17
 559 000d 11       		.uleb128 0x11
 560 000e 01       		.uleb128 0x1
 561 000f 10       		.uleb128 0x10
 562 0010 17       		.uleb128 0x17
 563 0011 00       		.byte	0
 564 0012 00       		.byte	0
 565 0013 02       		.uleb128 0x2
 566 0014 24       		.uleb128 0x24
 567 0015 00       		.byte	0
 568 0016 0B       		.uleb128 0xb
 569 0017 0B       		.uleb128 0xb
 570 0018 3E       		.uleb128 0x3e
 571 0019 0B       		.uleb128 0xb
 572 001a 03       		.uleb128 0x3
 573 001b 0E       		.uleb128 0xe
 574 001c 00       		.byte	0
 575 001d 00       		.byte	0
 576 001e 03       		.uleb128 0x3
 577 001f 16       		.uleb128 0x16
 578 0020 00       		.byte	0
 579 0021 03       		.uleb128 0x3
 580 0022 0E       		.uleb128 0xe
 581 0023 3A       		.uleb128 0x3a
 582 0024 0B       		.uleb128 0xb
 583 0025 3B       		.uleb128 0x3b
 584 0026 0B       		.uleb128 0xb
 585 0027 49       		.uleb128 0x49
 586 0028 13       		.uleb128 0x13
 587 0029 00       		.byte	0
 588 002a 00       		.byte	0
 589 002b 04       		.uleb128 0x4
 590 002c 24       		.uleb128 0x24
 591 002d 00       		.byte	0
 592 002e 0B       		.uleb128 0xb
 593 002f 0B       		.uleb128 0xb
ARM GAS  C:\Users\abhim\AppData\Local\Temp\ccGDlNrk.s 			page 13


 594 0030 3E       		.uleb128 0x3e
 595 0031 0B       		.uleb128 0xb
 596 0032 03       		.uleb128 0x3
 597 0033 08       		.uleb128 0x8
 598 0034 00       		.byte	0
 599 0035 00       		.byte	0
 600 0036 05       		.uleb128 0x5
 601 0037 0F       		.uleb128 0xf
 602 0038 00       		.byte	0
 603 0039 0B       		.uleb128 0xb
 604 003a 0B       		.uleb128 0xb
 605 003b 49       		.uleb128 0x49
 606 003c 13       		.uleb128 0x13
 607 003d 00       		.byte	0
 608 003e 00       		.byte	0
 609 003f 06       		.uleb128 0x6
 610 0040 04       		.uleb128 0x4
 611 0041 01       		.byte	0x1
 612 0042 0B       		.uleb128 0xb
 613 0043 0B       		.uleb128 0xb
 614 0044 49       		.uleb128 0x49
 615 0045 13       		.uleb128 0x13
 616 0046 3A       		.uleb128 0x3a
 617 0047 0B       		.uleb128 0xb
 618 0048 3B       		.uleb128 0x3b
 619 0049 0B       		.uleb128 0xb
 620 004a 01       		.uleb128 0x1
 621 004b 13       		.uleb128 0x13
 622 004c 00       		.byte	0
 623 004d 00       		.byte	0
 624 004e 07       		.uleb128 0x7
 625 004f 28       		.uleb128 0x28
 626 0050 00       		.byte	0
 627 0051 03       		.uleb128 0x3
 628 0052 0E       		.uleb128 0xe
 629 0053 1C       		.uleb128 0x1c
 630 0054 0B       		.uleb128 0xb
 631 0055 00       		.byte	0
 632 0056 00       		.byte	0
 633 0057 08       		.uleb128 0x8
 634 0058 28       		.uleb128 0x28
 635 0059 00       		.byte	0
 636 005a 03       		.uleb128 0x3
 637 005b 0E       		.uleb128 0xe
 638 005c 1C       		.uleb128 0x1c
 639 005d 0D       		.uleb128 0xd
 640 005e 00       		.byte	0
 641 005f 00       		.byte	0
 642 0060 09       		.uleb128 0x9
 643 0061 17       		.uleb128 0x17
 644 0062 01       		.byte	0x1
 645 0063 0B       		.uleb128 0xb
 646 0064 0B       		.uleb128 0xb
 647 0065 3A       		.uleb128 0x3a
 648 0066 0B       		.uleb128 0xb
 649 0067 3B       		.uleb128 0x3b
 650 0068 0B       		.uleb128 0xb
ARM GAS  C:\Users\abhim\AppData\Local\Temp\ccGDlNrk.s 			page 14


 651 0069 01       		.uleb128 0x1
 652 006a 13       		.uleb128 0x13
 653 006b 00       		.byte	0
 654 006c 00       		.byte	0
 655 006d 0A       		.uleb128 0xa
 656 006e 0D       		.uleb128 0xd
 657 006f 00       		.byte	0
 658 0070 03       		.uleb128 0x3
 659 0071 0E       		.uleb128 0xe
 660 0072 3A       		.uleb128 0x3a
 661 0073 0B       		.uleb128 0xb
 662 0074 3B       		.uleb128 0x3b
 663 0075 0B       		.uleb128 0xb
 664 0076 49       		.uleb128 0x49
 665 0077 13       		.uleb128 0x13
 666 0078 00       		.byte	0
 667 0079 00       		.byte	0
 668 007a 0B       		.uleb128 0xb
 669 007b 01       		.uleb128 0x1
 670 007c 01       		.byte	0x1
 671 007d 49       		.uleb128 0x49
 672 007e 13       		.uleb128 0x13
 673 007f 01       		.uleb128 0x1
 674 0080 13       		.uleb128 0x13
 675 0081 00       		.byte	0
 676 0082 00       		.byte	0
 677 0083 0C       		.uleb128 0xc
 678 0084 21       		.uleb128 0x21
 679 0085 00       		.byte	0
 680 0086 49       		.uleb128 0x49
 681 0087 13       		.uleb128 0x13
 682 0088 2F       		.uleb128 0x2f
 683 0089 0B       		.uleb128 0xb
 684 008a 00       		.byte	0
 685 008b 00       		.byte	0
 686 008c 0D       		.uleb128 0xd
 687 008d 13       		.uleb128 0x13
 688 008e 01       		.byte	0x1
 689 008f 03       		.uleb128 0x3
 690 0090 0E       		.uleb128 0xe
 691 0091 0B       		.uleb128 0xb
 692 0092 0B       		.uleb128 0xb
 693 0093 3A       		.uleb128 0x3a
 694 0094 0B       		.uleb128 0xb
 695 0095 3B       		.uleb128 0x3b
 696 0096 0B       		.uleb128 0xb
 697 0097 01       		.uleb128 0x1
 698 0098 13       		.uleb128 0x13
 699 0099 00       		.byte	0
 700 009a 00       		.byte	0
 701 009b 0E       		.uleb128 0xe
 702 009c 0D       		.uleb128 0xd
 703 009d 00       		.byte	0
 704 009e 03       		.uleb128 0x3
 705 009f 0E       		.uleb128 0xe
 706 00a0 3A       		.uleb128 0x3a
 707 00a1 0B       		.uleb128 0xb
ARM GAS  C:\Users\abhim\AppData\Local\Temp\ccGDlNrk.s 			page 15


 708 00a2 3B       		.uleb128 0x3b
 709 00a3 0B       		.uleb128 0xb
 710 00a4 49       		.uleb128 0x49
 711 00a5 13       		.uleb128 0x13
 712 00a6 38       		.uleb128 0x38
 713 00a7 0B       		.uleb128 0xb
 714 00a8 00       		.byte	0
 715 00a9 00       		.byte	0
 716 00aa 0F       		.uleb128 0xf
 717 00ab 2E       		.uleb128 0x2e
 718 00ac 01       		.byte	0x1
 719 00ad 3F       		.uleb128 0x3f
 720 00ae 19       		.uleb128 0x19
 721 00af 03       		.uleb128 0x3
 722 00b0 0E       		.uleb128 0xe
 723 00b1 3A       		.uleb128 0x3a
 724 00b2 0B       		.uleb128 0xb
 725 00b3 3B       		.uleb128 0x3b
 726 00b4 0B       		.uleb128 0xb
 727 00b5 27       		.uleb128 0x27
 728 00b6 19       		.uleb128 0x19
 729 00b7 49       		.uleb128 0x49
 730 00b8 13       		.uleb128 0x13
 731 00b9 11       		.uleb128 0x11
 732 00ba 01       		.uleb128 0x1
 733 00bb 12       		.uleb128 0x12
 734 00bc 06       		.uleb128 0x6
 735 00bd 40       		.uleb128 0x40
 736 00be 18       		.uleb128 0x18
 737 00bf 9742     		.uleb128 0x2117
 738 00c1 19       		.uleb128 0x19
 739 00c2 01       		.uleb128 0x1
 740 00c3 13       		.uleb128 0x13
 741 00c4 00       		.byte	0
 742 00c5 00       		.byte	0
 743 00c6 10       		.uleb128 0x10
 744 00c7 05       		.uleb128 0x5
 745 00c8 00       		.byte	0
 746 00c9 03       		.uleb128 0x3
 747 00ca 0E       		.uleb128 0xe
 748 00cb 3A       		.uleb128 0x3a
 749 00cc 0B       		.uleb128 0xb
 750 00cd 3B       		.uleb128 0x3b
 751 00ce 0B       		.uleb128 0xb
 752 00cf 49       		.uleb128 0x49
 753 00d0 13       		.uleb128 0x13
 754 00d1 02       		.uleb128 0x2
 755 00d2 17       		.uleb128 0x17
 756 00d3 00       		.byte	0
 757 00d4 00       		.byte	0
 758 00d5 11       		.uleb128 0x11
 759 00d6 898201   		.uleb128 0x4109
 760 00d9 01       		.byte	0x1
 761 00da 11       		.uleb128 0x11
 762 00db 01       		.uleb128 0x1
 763 00dc 31       		.uleb128 0x31
 764 00dd 13       		.uleb128 0x13
ARM GAS  C:\Users\abhim\AppData\Local\Temp\ccGDlNrk.s 			page 16


 765 00de 01       		.uleb128 0x1
 766 00df 13       		.uleb128 0x13
 767 00e0 00       		.byte	0
 768 00e1 00       		.byte	0
 769 00e2 12       		.uleb128 0x12
 770 00e3 8A8201   		.uleb128 0x410a
 771 00e6 00       		.byte	0
 772 00e7 02       		.uleb128 0x2
 773 00e8 18       		.uleb128 0x18
 774 00e9 9142     		.uleb128 0x2111
 775 00eb 18       		.uleb128 0x18
 776 00ec 00       		.byte	0
 777 00ed 00       		.byte	0
 778 00ee 13       		.uleb128 0x13
 779 00ef 898201   		.uleb128 0x4109
 780 00f2 01       		.byte	0x1
 781 00f3 11       		.uleb128 0x11
 782 00f4 01       		.uleb128 0x1
 783 00f5 31       		.uleb128 0x31
 784 00f6 13       		.uleb128 0x13
 785 00f7 00       		.byte	0
 786 00f8 00       		.byte	0
 787 00f9 14       		.uleb128 0x14
 788 00fa 898201   		.uleb128 0x4109
 789 00fd 00       		.byte	0
 790 00fe 11       		.uleb128 0x11
 791 00ff 01       		.uleb128 0x1
 792 0100 31       		.uleb128 0x31
 793 0101 13       		.uleb128 0x13
 794 0102 00       		.byte	0
 795 0103 00       		.byte	0
 796 0104 15       		.uleb128 0x15
 797 0105 34       		.uleb128 0x34
 798 0106 00       		.byte	0
 799 0107 03       		.uleb128 0x3
 800 0108 0E       		.uleb128 0xe
 801 0109 3A       		.uleb128 0x3a
 802 010a 0B       		.uleb128 0xb
 803 010b 3B       		.uleb128 0x3b
 804 010c 0B       		.uleb128 0xb
 805 010d 49       		.uleb128 0x49
 806 010e 13       		.uleb128 0x13
 807 010f 3F       		.uleb128 0x3f
 808 0110 19       		.uleb128 0x19
 809 0111 3C       		.uleb128 0x3c
 810 0112 19       		.uleb128 0x19
 811 0113 00       		.byte	0
 812 0114 00       		.byte	0
 813 0115 16       		.uleb128 0x16
 814 0116 34       		.uleb128 0x34
 815 0117 00       		.byte	0
 816 0118 03       		.uleb128 0x3
 817 0119 0E       		.uleb128 0xe
 818 011a 3A       		.uleb128 0x3a
 819 011b 0B       		.uleb128 0xb
 820 011c 3B       		.uleb128 0x3b
 821 011d 05       		.uleb128 0x5
ARM GAS  C:\Users\abhim\AppData\Local\Temp\ccGDlNrk.s 			page 17


 822 011e 49       		.uleb128 0x49
 823 011f 13       		.uleb128 0x13
 824 0120 3F       		.uleb128 0x3f
 825 0121 19       		.uleb128 0x19
 826 0122 3C       		.uleb128 0x3c
 827 0123 19       		.uleb128 0x19
 828 0124 00       		.byte	0
 829 0125 00       		.byte	0
 830 0126 17       		.uleb128 0x17
 831 0127 35       		.uleb128 0x35
 832 0128 00       		.byte	0
 833 0129 49       		.uleb128 0x49
 834 012a 13       		.uleb128 0x13
 835 012b 00       		.byte	0
 836 012c 00       		.byte	0
 837 012d 18       		.uleb128 0x18
 838 012e 2E       		.uleb128 0x2e
 839 012f 00       		.byte	0
 840 0130 3F       		.uleb128 0x3f
 841 0131 19       		.uleb128 0x19
 842 0132 3C       		.uleb128 0x3c
 843 0133 19       		.uleb128 0x19
 844 0134 6E       		.uleb128 0x6e
 845 0135 0E       		.uleb128 0xe
 846 0136 03       		.uleb128 0x3
 847 0137 0E       		.uleb128 0xe
 848 0138 3A       		.uleb128 0x3a
 849 0139 0B       		.uleb128 0xb
 850 013a 3B       		.uleb128 0x3b
 851 013b 0B       		.uleb128 0xb
 852 013c 00       		.byte	0
 853 013d 00       		.byte	0
 854 013e 00       		.byte	0
 855              		.section	.debug_loc,"",%progbits
 856              	.Ldebug_loc0:
 857              	.LLST0:
 858 0000 00000000 		.4byte	.LVL0
 859 0004 06000000 		.4byte	.LVL1
 860 0008 0100     		.2byte	0x1
 861 000a 50       		.byte	0x50
 862 000b 06000000 		.4byte	.LVL1
 863 000f 10000000 		.4byte	.LVL3
 864 0013 0400     		.2byte	0x4
 865 0015 F3       		.byte	0xf3
 866 0016 01       		.uleb128 0x1
 867 0017 50       		.byte	0x50
 868 0018 9F       		.byte	0x9f
 869 0019 10000000 		.4byte	.LVL3
 870 001d 1A000000 		.4byte	.LVL4
 871 0021 0100     		.2byte	0x1
 872 0023 50       		.byte	0x50
 873 0024 1A000000 		.4byte	.LVL4
 874 0028 2C000000 		.4byte	.LFE110
 875 002c 0400     		.2byte	0x4
 876 002e F3       		.byte	0xf3
 877 002f 01       		.uleb128 0x1
 878 0030 50       		.byte	0x50
ARM GAS  C:\Users\abhim\AppData\Local\Temp\ccGDlNrk.s 			page 18


 879 0031 9F       		.byte	0x9f
 880 0032 00000000 		.4byte	0
 881 0036 00000000 		.4byte	0
 882              	.LLST1:
 883 003a 00000000 		.4byte	.LVL6
 884 003e 08000000 		.4byte	.LVL7
 885 0042 0100     		.2byte	0x1
 886 0044 50       		.byte	0x50
 887 0045 08000000 		.4byte	.LVL7
 888 0049 18000000 		.4byte	.LVL10
 889 004d 0100     		.2byte	0x1
 890 004f 54       		.byte	0x54
 891 0050 18000000 		.4byte	.LVL10
 892 0054 1A000000 		.4byte	.LVL11
 893 0058 0100     		.2byte	0x1
 894 005a 50       		.byte	0x50
 895 005b 1A000000 		.4byte	.LVL11
 896 005f 1C000000 		.4byte	.LFE111
 897 0063 0400     		.2byte	0x4
 898 0065 F3       		.byte	0xf3
 899 0066 01       		.uleb128 0x1
 900 0067 50       		.byte	0x50
 901 0068 9F       		.byte	0x9f
 902 0069 00000000 		.4byte	0
 903 006d 00000000 		.4byte	0
 904              		.section	.debug_aranges,"",%progbits
 905 0000 24000000 		.4byte	0x24
 906 0004 0200     		.2byte	0x2
 907 0006 00000000 		.4byte	.Ldebug_info0
 908 000a 04       		.byte	0x4
 909 000b 00       		.byte	0
 910 000c 0000     		.2byte	0
 911 000e 0000     		.2byte	0
 912 0010 00000000 		.4byte	.LFB110
 913 0014 2C000000 		.4byte	.LFE110-.LFB110
 914 0018 00000000 		.4byte	.LFB111
 915 001c 1C000000 		.4byte	.LFE111-.LFB111
 916 0020 00000000 		.4byte	0
 917 0024 00000000 		.4byte	0
 918              		.section	.debug_ranges,"",%progbits
 919              	.Ldebug_ranges0:
 920 0000 00000000 		.4byte	.LFB110
 921 0004 2C000000 		.4byte	.LFE110
 922 0008 00000000 		.4byte	.LFB111
 923 000c 1C000000 		.4byte	.LFE111
 924 0010 00000000 		.4byte	0
 925 0014 00000000 		.4byte	0
 926              		.section	.debug_line,"",%progbits
 927              	.Ldebug_line0:
 928 0000 BD020000 		.section	.debug_str,"MS",%progbits,1
 928      02008A02 
 928      00000201 
 928      FB0E0D00 
 928      01010101 
 929              	.LASF37:
 930 0000 52435F45 		.ascii	"RC_ERROR_READ_ONLY\000"
 930      52524F52 
ARM GAS  C:\Users\abhim\AppData\Local\Temp\ccGDlNrk.s 			page 19


 930      5F524541 
 930      445F4F4E 
 930      4C5900
 931              	.LASF23:
 932 0013 52435F53 		.ascii	"RC_SUCCESS\000"
 932      55434345 
 932      535300
 933              	.LASF38:
 934 001e 52435F45 		.ascii	"RC_ERROR_WRITE_ONLY\000"
 934      52524F52 
 934      5F575249 
 934      54455F4F 
 934      4E4C5900 
 935              	.LASF2:
 936 0032 73686F72 		.ascii	"short int\000"
 936      7420696E 
 936      7400
 937              	.LASF63:
 938 003c 66726565 		.ascii	"freeDrawer\000"
 938      44726177 
 938      657200
 939              	.LASF41:
 940 0047 52435F45 		.ascii	"RC_ERROR_WRITE_FAILS\000"
 940      52524F52 
 940      5F575249 
 940      54455F46 
 940      41494C53 
 941              	.LASF57:
 942 005c 636F6C6F 		.ascii	"color\000"
 942      7200
 943              	.LASF50:
 944 0062 52435F45 		.ascii	"RC_ERROR_TOKEN_END\000"
 944      52524F52 
 944      5F544F4B 
 944      454E5F45 
 944      4E4400
 945              	.LASF26:
 946 0075 52435F45 		.ascii	"RC_ERROR_ZERO\000"
 946      52524F52 
 946      5F5A4552 
 946      4F00
 947              	.LASF20:
 948 0083 45455F46 		.ascii	"EE_FREG\000"
 948      52454700 
 949              	.LASF40:
 950 008b 52435F45 		.ascii	"RC_ERROR_READ_FAILS\000"
 950      52524F52 
 950      5F524541 
 950      445F4641 
 950      494C5300 
 951              	.LASF62:
 952 009f 696E6974 		.ascii	"initDrawer\000"
 952      44726177 
 952      657200
 953              	.LASF55:
 954 00aa 44524157 		.ascii	"DRAWER_CMD_DRAW\000"
 954      45525F43 
ARM GAS  C:\Users\abhim\AppData\Local\Temp\ccGDlNrk.s 			page 20


 954      4D445F44 
 954      52415700 
 955              	.LASF54:
 956 00ba 44524157 		.ascii	"DRAWER_CMD_COLOR\000"
 956      45525F43 
 956      4D445F43 
 956      4F4C4F52 
 956      00
 957              	.LASF21:
 958 00cb 45455F54 		.ascii	"EE_TID\000"
 958      494400
 959              	.LASF56:
 960 00d2 44726177 		.ascii	"Drawer_commandType_t\000"
 960      65725F63 
 960      6F6D6D61 
 960      6E645479 
 960      70655F74 
 961              	.LASF49:
 962 00e7 52435F42 		.ascii	"RC_BUFFERUNDERFLOW\000"
 962      55464645 
 962      52554E44 
 962      4552464C 
 962      4F5700
 963              	.LASF11:
 964 00fa 75696E74 		.ascii	"uint8_t\000"
 964      385F7400 
 965              	.LASF46:
 966 0102 52435F45 		.ascii	"RC_ERROR_INVALID_STATE\000"
 966      52524F52 
 966      5F494E56 
 966      414C4944 
 966      5F535441 
 967              	.LASF69:
 968 0119 45455F49 		.ascii	"EE_IRQ_nesting_level\000"
 968      52515F6E 
 968      65737469 
 968      6E675F6C 
 968      6576656C 
 969              	.LASF72:
 970 012e 66726565 		.ascii	"free\000"
 970      00
 971              	.LASF68:
 972 0133 45455F73 		.ascii	"EE_std_endcycle_next_tid\000"
 972      74645F65 
 972      6E646379 
 972      636C655F 
 972      6E657874 
 973              	.LASF28:
 974 014c 52435F45 		.ascii	"RC_ERROR_RANGE\000"
 974      52524F52 
 974      5F52414E 
 974      474500
 975              	.LASF76:
 976 015b 73436F6D 		.ascii	"sCommand\000"
 976      6D616E64 
 976      00
 977              	.LASF13:
ARM GAS  C:\Users\abhim\AppData\Local\Temp\ccGDlNrk.s 			page 21


 978 0164 666C6F61 		.ascii	"float\000"
 978      7400
 979              	.LASF48:
 980 016a 52435F45 		.ascii	"RC_ERROR_NOT_IMPLEMENTED\000"
 980      52524F52 
 980      5F4E4F54 
 980      5F494D50 
 980      4C454D45 
 981              	.LASF8:
 982 0183 6C6F6E67 		.ascii	"long long int\000"
 982      206C6F6E 
 982      6720696E 
 982      7400
 983              	.LASF66:
 984 0191 45455F6F 		.ascii	"EE_oo_IRQ_suspend_status\000"
 984      6F5F4952 
 984      515F7375 
 984      7370656E 
 984      645F7374 
 985              	.LASF42:
 986 01aa 52435F45 		.ascii	"RC_ERROR_NOT_MATCH\000"
 986      52524F52 
 986      5F4E4F54 
 986      5F4D4154 
 986      434800
 987              	.LASF47:
 988 01bd 52435F45 		.ascii	"RC_ERROR_UNKNOWN\000"
 988      52524F52 
 988      5F554E4B 
 988      4E4F574E 
 988      00
 989              	.LASF6:
 990 01ce 6C6F6E67 		.ascii	"long int\000"
 990      20696E74 
 990      00
 991              	.LASF30:
 992 01d7 52435F45 		.ascii	"RC_ERROR_UNDERRUN\000"
 992      52524F52 
 992      5F554E44 
 992      45525255 
 992      4E00
 993              	.LASF33:
 994 01e9 52435F45 		.ascii	"RC_ERROR_BUSY\000"
 994      52524F52 
 994      5F425553 
 994      5900
 995              	.LASF64:
 996 01f7 64726177 		.ascii	"drawer\000"
 996      657200
 997              	.LASF4:
 998 01fe 5F5F7569 		.ascii	"__uint8_t\000"
 998      6E74385F 
 998      7400
 999              	.LASF39:
 1000 0208 52435F45 		.ascii	"RC_ERROR_INVALID\000"
 1000      52524F52 
 1000      5F494E56 
ARM GAS  C:\Users\abhim\AppData\Local\Temp\ccGDlNrk.s 			page 22


 1000      414C4944 
 1000      00
 1001              	.LASF44:
 1002 0219 52435F45 		.ascii	"RC_ERROR_BAD_DATA\000"
 1002      52524F52 
 1002      5F424144 
 1002      5F444154 
 1002      4100
 1003              	.LASF71:
 1004 022b 55415254 		.ascii	"UART_LOG_PutString\000"
 1004      5F4C4F47 
 1004      5F507574 
 1004      53747269 
 1004      6E6700
 1005              	.LASF16:
 1006 023e 6C6F6E67 		.ascii	"long double\000"
 1006      20646F75 
 1006      626C6500 
 1007              	.LASF1:
 1008 024a 756E7369 		.ascii	"unsigned char\000"
 1008      676E6564 
 1008      20636861 
 1008      7200
 1009              	.LASF43:
 1010 0258 52435F45 		.ascii	"RC_ERROR_BAD_PARAM\000"
 1010      52524F52 
 1010      5F424144 
 1010      5F504152 
 1010      414D00
 1011              	.LASF18:
 1012 026b 45455F55 		.ascii	"EE_UINT32\000"
 1012      494E5433 
 1012      3200
 1013              	.LASF0:
 1014 0275 7369676E 		.ascii	"signed char\000"
 1014      65642063 
 1014      68617200 
 1015              	.LASF9:
 1016 0281 6C6F6E67 		.ascii	"long long unsigned int\000"
 1016      206C6F6E 
 1016      6720756E 
 1016      7369676E 
 1016      65642069 
 1017              	.LASF10:
 1018 0298 756E7369 		.ascii	"unsigned int\000"
 1018      676E6564 
 1018      20696E74 
 1018      00
 1019              	.LASF35:
 1020 02a5 52435F45 		.ascii	"RC_ERROR_OPEN\000"
 1020      52524F52 
 1020      5F4F5045 
 1020      4E00
 1021              	.LASF25:
 1022 02b3 52435F45 		.ascii	"RC_ERROR_NULL\000"
 1022      52524F52 
 1022      5F4E554C 
ARM GAS  C:\Users\abhim\AppData\Local\Temp\ccGDlNrk.s 			page 23


 1022      4C00
 1023              	.LASF32:
 1024 02c1 52435F45 		.ascii	"RC_ERROR_BUFFER_EMTPY\000"
 1024      52524F52 
 1024      5F425546 
 1024      4645525F 
 1024      454D5450 
 1025              	.LASF17:
 1026 02d7 45455F49 		.ascii	"EE_INT32\000"
 1026      4E543332 
 1026      00
 1027              	.LASF3:
 1028 02e0 73686F72 		.ascii	"short unsigned int\000"
 1028      7420756E 
 1028      7369676E 
 1028      65642069 
 1028      6E7400
 1029              	.LASF73:
 1030 02f3 474E5520 		.ascii	"GNU C11 5.4.1 20160609 (release) [ARM/embedded-5-br"
 1030      43313120 
 1030      352E342E 
 1030      31203230 
 1030      31363036 
 1031 0326 616E6368 		.ascii	"anch revision 237715] -mcpu=cortex-m3 -mthumb -g -O"
 1031      20726576 
 1031      6973696F 
 1031      6E203233 
 1031      37373135 
 1032 0359 67202D66 		.ascii	"g -ffunction-sections -ffat-lto-objects\000"
 1032      66756E63 
 1032      74696F6E 
 1032      2D736563 
 1032      74696F6E 
 1033              	.LASF15:
 1034 0381 63686172 		.ascii	"char\000"
 1034      00
 1035              	.LASF31:
 1036 0386 52435F45 		.ascii	"RC_ERROR_BUFFER_FULL\000"
 1036      52524F52 
 1036      5F425546 
 1036      4645525F 
 1036      46554C4C 
 1037              	.LASF12:
 1038 039b 696E7433 		.ascii	"int32_t\000"
 1038      325F7400 
 1039              	.LASF75:
 1040 03a3 443A5C70 		.ascii	"D:\\psoc-workspace\\Lab Assignments\\Lab3\\Lab3\\La"
 1040      736F632D 
 1040      776F726B 
 1040      73706163 
 1040      655C4C61 
 1041 03d1 62332E63 		.ascii	"b3.cydsn\000"
 1041      7964736E 
 1041      00
 1042              	.LASF60:
 1043 03da 64617461 		.ascii	"data\000"
 1043      00
ARM GAS  C:\Users\abhim\AppData\Local\Temp\ccGDlNrk.s 			page 24


 1044              	.LASF67:
 1045 03df 45455F41 		.ascii	"EE_ApplicationMode\000"
 1045      70706C69 
 1045      63617469 
 1045      6F6E4D6F 
 1045      646500
 1046              	.LASF7:
 1047 03f2 6C6F6E67 		.ascii	"long unsigned int\000"
 1047      20756E73 
 1047      69676E65 
 1047      6420696E 
 1047      7400
 1048              	.LASF58:
 1049 0404 636F6F72 		.ascii	"coordinate\000"
 1049      64696E61 
 1049      746500
 1050              	.LASF61:
 1051 040f 64726177 		.ascii	"drawer_t\000"
 1051      65725F74 
 1051      00
 1052              	.LASF36:
 1053 0418 52435F45 		.ascii	"RC_ERROR_CHECKSUM\000"
 1053      52524F52 
 1053      5F434845 
 1053      434B5355 
 1053      4D00
 1054              	.LASF19:
 1055 042a 45455F55 		.ascii	"EE_UREG\000"
 1055      52454700 
 1056              	.LASF29:
 1057 0432 52435F45 		.ascii	"RC_ERROR_OVERRUN\000"
 1057      52524F52 
 1057      5F4F5645 
 1057      5252554E 
 1057      00
 1058              	.LASF74:
 1059 0443 736F7572 		.ascii	"source\\bsw\\drawer.c\000"
 1059      63655C62 
 1059      73775C64 
 1059      72617765 
 1059      722E6300 
 1060              	.LASF5:
 1061 0457 5F5F696E 		.ascii	"__int32_t\000"
 1061      7433325F 
 1061      7400
 1062              	.LASF52:
 1063 0461 52435F45 		.ascii	"RC_ERROR_PARSER\000"
 1063      52524F52 
 1063      5F504152 
 1063      53455200 
 1064              	.LASF22:
 1065 0471 73697A65 		.ascii	"sizetype\000"
 1065      74797065 
 1065      00
 1066              	.LASF45:
 1067 047a 52435F45 		.ascii	"RC_ERROR_CANCELED\000"
 1067      52524F52 
ARM GAS  C:\Users\abhim\AppData\Local\Temp\ccGDlNrk.s 			page 25


 1067      5F43414E 
 1067      43454C45 
 1067      4400
 1068              	.LASF14:
 1069 048c 646F7562 		.ascii	"double\000"
 1069      6C6500
 1070              	.LASF70:
 1071 0493 49544D5F 		.ascii	"ITM_RxBuffer\000"
 1071      52784275 
 1071      66666572 
 1071      00
 1072              	.LASF24:
 1073 04a0 52435F45 		.ascii	"RC_ERROR\000"
 1073      52524F52 
 1073      00
 1074              	.LASF27:
 1075 04a9 52435F45 		.ascii	"RC_ERROR_MEMORY\000"
 1075      52524F52 
 1075      5F4D454D 
 1075      4F525900 
 1076              	.LASF65:
 1077 04b9 45455F6F 		.ascii	"EE_oo_IRQ_disable_count\000"
 1077      6F5F4952 
 1077      515F6469 
 1077      7361626C 
 1077      655F636F 
 1078              	.LASF59:
 1079 04d1 636F6D6D 		.ascii	"command\000"
 1079      616E6400 
 1080              	.LASF53:
 1081 04d9 52435F74 		.ascii	"RC_t\000"
 1081      00
 1082              	.LASF51:
 1083 04de 52435F45 		.ascii	"RC_ERROR_TOKEN_INVALID\000"
 1083      52524F52 
 1083      5F544F4B 
 1083      454E5F49 
 1083      4E56414C 
 1084              	.LASF34:
 1085 04f5 52435F45 		.ascii	"RC_ERROR_TIME_OUT\000"
 1085      52524F52 
 1085      5F54494D 
 1085      455F4F55 
 1085      5400
 1086              		.ident	"GCC: (GNU Tools for ARM Embedded Processors) 5.4.1 20160609 (release) [ARM/embedded-5-bran
