ARM GAS  C:\Users\abhim\AppData\Local\Temp\ccVVOZUm.s 			page 1


   1              		.syntax unified
   2              		.cpu cortex-m3
   3              		.fpu softvfp
   4              		.eabi_attribute 20, 1
   5              		.eabi_attribute 21, 1
   6              		.eabi_attribute 23, 3
   7              		.eabi_attribute 24, 1
   8              		.eabi_attribute 25, 1
   9              		.eabi_attribute 26, 1
  10              		.eabi_attribute 30, 1
  11              		.eabi_attribute 34, 1
  12              		.eabi_attribute 18, 4
  13              		.thumb
  14              		.syntax unified
  15              		.file	"ErikaOS_eecfg.c"
  16              		.text
  17              	.Ltext0:
  18              		.cfi_sections	.debug_frame
  19              		.global	EE_oo_autostart_task_data
  20              		.comm	EE_ApplicationMode,4,4
  21              		.global	EE_oo_action_ROM
  22              		.comm	EE_oo_counter_object_RAM,16,4
  23              		.global	EE_oo_counter_object_ROM
  24              		.global	EE_ALARM_ID
  25              		.global	EE_ALARM_NAME
  26              		.global	EE_alarm_ROM
  27              		.global	EE_counter_RAM
  28              		.global	EE_counter_ROM
  29              		.comm	EE_resource_oldceiling,4,4
  30              		.global	EE_resource_ceiling
  31              		.global	EE_resource_locked
  32              		.global	EE_resource_stack
  33              		.global	EE_th_resource_last
  34              		.global	EE_th_is_extended
  35              		.global	EE_th_waswaiting
  36              		.global	EE_th_event_waitmask
  37              		.global	EE_th_event_active
  38              		.global	EE_th_terminate_nextask
  39              		.global	EE_rq_free
  40              		.comm	EE_rq_pairs_tid,16,4
  41              		.global	EE_rq_pairs_next
  42              		.global	EE_rq_link
  43              		.global	EE_th_rnact_max
  44              		.global	EE_th_rnact
  45              		.global	EE_rq_bitmask
  46              		.global	EE_rq_queues_tail
  47              		.global	EE_rq_queues_head
  48              		.global	EE_sys_ceiling
  49              		.global	EE_stkfirst
  50              		.global	EE_th_next
  51              		.global	EE_th_status
  52              		.global	EE_th_dispatch_prio
  53              		.global	EE_EVENT_ID
  54              		.global	EE_EVENT_NAME
  55              		.global	EE_RESOURCE_ID
  56              		.global	EE_RESOURCE_NAME
  57              		.global	EE_TASK_NAME
ARM GAS  C:\Users\abhim\AppData\Local\Temp\ccVVOZUm.s 			page 2


  58              		.global	EE_th_ready_prio
  59              		.global	EE_terminate_real_th_body
  60              		.comm	EE_terminate_data,16,4
  61              		.global	EE_hal_thread_body
  62              		.global	EE_cortex_mx_IRQ_tos
  63              		.global	EE_cortex_mx_active_tos
  64              		.global	EE_cortex_mx_system_tos
  65              		.global	EE_std_thread_tos
  66              		.comm	EE_cortex_mx_stack_9,512,4
  67              		.comm	EE_cortex_mx_stack_4,8192,4
  68              		.comm	EE_cortex_mx_stack_3,8192,4
  69              		.section	.rodata
  70              		.align	2
  71              		.type	EE_oo_autostart_task_data, %object
  72              		.size	EE_oo_autostart_task_data, 8
  73              	EE_oo_autostart_task_data:
  74 0000 01000000 		.word	1
  75 0004 08000000 		.word	EE_oo_autostart_task_mode_OSDEFAULTAPPMODE
  76              		.type	EE_oo_autostart_task_mode_OSDEFAULTAPPMODE, %object
  77              		.size	EE_oo_autostart_task_mode_OSDEFAULTAPPMODE, 4
  78              	EE_oo_autostart_task_mode_OSDEFAULTAPPMODE:
  79 0008 00000000 		.space	4
  80              		.type	EE_oo_action_ROM, %object
  81              		.size	EE_oo_action_ROM, 20
  82              	EE_oo_action_ROM:
  83 000c 01       		.byte	1
  84 000d 000000   		.space	3
  85 0010 02000000 		.word	2
  86 0014 01000000 		.word	1
  87 0018 00000000 		.word	0
  88 001c FFFFFFFF 		.word	-1
  89              		.type	EE_oo_counter_object_ROM, %object
  90              		.size	EE_oo_counter_object_ROM, 12
  91              	EE_oo_counter_object_ROM:
  92 0020 00000000 		.space	12
  92      00000000 
  92      00000000 
  93              		.type	EE_ALARM_ID, %object
  94              		.size	EE_ALARM_ID, 4
  95              	EE_ALARM_ID:
  96 002c 00000000 		.space	4
  97              		.type	EE_alarm_ROM, %object
  98              		.size	EE_alarm_ROM, 4
  99              	EE_alarm_ROM:
 100 0030 00000000 		.space	4
 101              		.type	EE_counter_ROM, %object
 102              		.size	EE_counter_ROM, 12
 103              	EE_counter_ROM:
 104 0034 A0860100 		.word	100000
 105 0038 01000000 		.word	1
 106 003c 00000000 		.word	0
 107              		.type	EE_resource_ceiling, %object
 108              		.size	EE_resource_ceiling, 4
 109              	EE_resource_ceiling:
 110 0040 10000000 		.word	16
 111              		.type	EE_th_is_extended, %object
 112              		.size	EE_th_is_extended, 16
ARM GAS  C:\Users\abhim\AppData\Local\Temp\ccVVOZUm.s 			page 3


 113              	EE_th_is_extended:
 114 0044 00000000 		.word	0
 115 0048 00000000 		.word	0
 116 004c 01000000 		.word	1
 117 0050 01000000 		.word	1
 118              		.type	EE_th_rnact_max, %object
 119              		.size	EE_th_rnact_max, 16
 120              	EE_th_rnact_max:
 121 0054 01000000 		.word	1
 122 0058 01000000 		.word	1
 123 005c 01000000 		.word	1
 124 0060 01000000 		.word	1
 125              		.type	EE_th_dispatch_prio, %object
 126              		.size	EE_th_dispatch_prio, 16
 127              	EE_th_dispatch_prio:
 128 0064 80000000 		.word	128
 129 0068 01000000 		.word	1
 130 006c 10000000 		.word	16
 131 0070 08000000 		.word	8
 132              		.type	EE_EVENT_ID, %object
 133              		.size	EE_EVENT_ID, 8
 134              	EE_EVENT_ID:
 135 0074 01000000 		.word	1
 136 0078 02000000 		.word	2
 137              		.type	EE_RESOURCE_ID, %object
 138              		.size	EE_RESOURCE_ID, 4
 139              	EE_RESOURCE_ID:
 140 007c 00000000 		.space	4
 141              		.type	EE_th_ready_prio, %object
 142              		.size	EE_th_ready_prio, 16
 143              	EE_th_ready_prio:
 144 0080 01000000 		.word	1
 145 0084 01000000 		.word	1
 146 0088 10000000 		.word	16
 147 008c 08000000 		.word	8
 148              		.type	EE_terminate_real_th_body, %object
 149              		.size	EE_terminate_real_th_body, 16
 150              	EE_terminate_real_th_body:
 151 0090 00000000 		.word	Functsk_init
 152 0094 00000000 		.word	Functsk_background
 153 0098 00000000 		.word	Functsk_json
 154 009c 00000000 		.word	Functsk_hmi
 155              		.type	EE_hal_thread_body, %object
 156              		.size	EE_hal_thread_body, 16
 157              	EE_hal_thread_body:
 158 00a0 00000000 		.word	EE_oo_thread_stub
 159 00a4 00000000 		.word	EE_oo_thread_stub
 160 00a8 00000000 		.word	EE_oo_thread_stub
 161 00ac 00000000 		.word	EE_oo_thread_stub
 162              		.type	EE_std_thread_tos, %object
 163              		.size	EE_std_thread_tos, 20
 164              	EE_std_thread_tos:
 165 00b0 00000000 		.word	0
 166 00b4 00000000 		.word	0
 167 00b8 00000000 		.word	0
 168 00bc 01000000 		.word	1
 169 00c0 02000000 		.word	2
ARM GAS  C:\Users\abhim\AppData\Local\Temp\ccVVOZUm.s 			page 4


 170              		.data
 171              		.align	2
 172              		.type	EE_ALARM_NAME, %object
 173              		.size	EE_ALARM_NAME, 4
 174              	EE_ALARM_NAME:
 175 0000 00000000 		.word	.LC0
 176              		.type	EE_counter_RAM, %object
 177              		.size	EE_counter_RAM, 8
 178              	EE_counter_RAM:
 179 0004 00000000 		.word	0
 180 0008 FFFFFFFF 		.word	-1
 181              		.type	EE_resource_stack, %object
 182              		.size	EE_resource_stack, 4
 183              	EE_resource_stack:
 184 000c FFFFFFFF 		.word	-1
 185              		.type	EE_th_resource_last, %object
 186              		.size	EE_th_resource_last, 16
 187              	EE_th_resource_last:
 188 0010 FFFFFFFF 		.word	-1
 189 0014 FFFFFFFF 		.word	-1
 190 0018 FFFFFFFF 		.word	-1
 191 001c FFFFFFFF 		.word	-1
 192              		.type	EE_th_terminate_nextask, %object
 193              		.size	EE_th_terminate_nextask, 16
 194              	EE_th_terminate_nextask:
 195 0020 FFFFFFFF 		.word	-1
 196 0024 FFFFFFFF 		.word	-1
 197 0028 FFFFFFFF 		.word	-1
 198 002c FFFFFFFF 		.word	-1
 199              		.type	EE_rq_pairs_next, %object
 200              		.size	EE_rq_pairs_next, 16
 201              	EE_rq_pairs_next:
 202 0030 01000000 		.word	1
 203 0034 02000000 		.word	2
 204 0038 03000000 		.word	3
 205 003c FFFFFFFF 		.word	-1
 206              		.type	EE_rq_link, %object
 207              		.size	EE_rq_link, 16
 208              	EE_rq_link:
 209 0040 00000000 		.word	0
 210 0044 00000000 		.word	0
 211 0048 04000000 		.word	4
 212 004c 03000000 		.word	3
 213              		.type	EE_th_rnact, %object
 214              		.size	EE_th_rnact, 16
 215              	EE_th_rnact:
 216 0050 01000000 		.word	1
 217 0054 01000000 		.word	1
 218 0058 01000000 		.word	1
 219 005c 01000000 		.word	1
 220              		.type	EE_rq_queues_tail, %object
 221              		.size	EE_rq_queues_tail, 64
 222              	EE_rq_queues_tail:
 223 0060 FFFFFFFF 		.word	-1
 224 0064 FFFFFFFF 		.word	-1
 225 0068 FFFFFFFF 		.word	-1
 226 006c FFFFFFFF 		.word	-1
ARM GAS  C:\Users\abhim\AppData\Local\Temp\ccVVOZUm.s 			page 5


 227 0070 FFFFFFFF 		.word	-1
 228 0074 FFFFFFFF 		.word	-1
 229 0078 FFFFFFFF 		.word	-1
 230 007c FFFFFFFF 		.word	-1
 231 0080 FFFFFFFF 		.word	-1
 232 0084 FFFFFFFF 		.word	-1
 233 0088 FFFFFFFF 		.word	-1
 234 008c FFFFFFFF 		.word	-1
 235 0090 FFFFFFFF 		.word	-1
 236 0094 FFFFFFFF 		.word	-1
 237 0098 FFFFFFFF 		.word	-1
 238 009c FFFFFFFF 		.word	-1
 239              		.type	EE_rq_queues_head, %object
 240              		.size	EE_rq_queues_head, 64
 241              	EE_rq_queues_head:
 242 00a0 FFFFFFFF 		.word	-1
 243 00a4 FFFFFFFF 		.word	-1
 244 00a8 FFFFFFFF 		.word	-1
 245 00ac FFFFFFFF 		.word	-1
 246 00b0 FFFFFFFF 		.word	-1
 247 00b4 FFFFFFFF 		.word	-1
 248 00b8 FFFFFFFF 		.word	-1
 249 00bc FFFFFFFF 		.word	-1
 250 00c0 FFFFFFFF 		.word	-1
 251 00c4 FFFFFFFF 		.word	-1
 252 00c8 FFFFFFFF 		.word	-1
 253 00cc FFFFFFFF 		.word	-1
 254 00d0 FFFFFFFF 		.word	-1
 255 00d4 FFFFFFFF 		.word	-1
 256 00d8 FFFFFFFF 		.word	-1
 257 00dc FFFFFFFF 		.word	-1
 258              		.type	EE_stkfirst, %object
 259              		.size	EE_stkfirst, 4
 260              	EE_stkfirst:
 261 00e0 FFFFFFFF 		.word	-1
 262              		.type	EE_th_next, %object
 263              		.size	EE_th_next, 16
 264              	EE_th_next:
 265 00e4 FFFFFFFF 		.word	-1
 266 00e8 FFFFFFFF 		.word	-1
 267 00ec FFFFFFFF 		.word	-1
 268 00f0 FFFFFFFF 		.word	-1
 269              		.type	EE_th_status, %object
 270              		.size	EE_th_status, 16
 271              	EE_th_status:
 272 00f4 03000000 		.word	3
 273 00f8 03000000 		.word	3
 274 00fc 03000000 		.word	3
 275 0100 03000000 		.word	3
 276              		.type	EE_EVENT_NAME, %object
 277              		.size	EE_EVENT_NAME, 8
 278              	EE_EVENT_NAME:
 279 0104 0C000000 		.word	.LC1
 280 0108 14000000 		.word	.LC2
 281              		.type	EE_RESOURCE_NAME, %object
 282              		.size	EE_RESOURCE_NAME, 4
 283              	EE_RESOURCE_NAME:
ARM GAS  C:\Users\abhim\AppData\Local\Temp\ccVVOZUm.s 			page 6


 284 010c 20000000 		.word	.LC3
 285              		.type	EE_TASK_NAME, %object
 286              		.size	EE_TASK_NAME, 16
 287              	EE_TASK_NAME:
 288 0110 2C000000 		.word	.LC4
 289 0114 38000000 		.word	.LC5
 290 0118 48000000 		.word	.LC6
 291 011c 54000000 		.word	.LC7
 292              		.type	EE_cortex_mx_IRQ_tos, %object
 293              		.size	EE_cortex_mx_IRQ_tos, 4
 294              	EE_cortex_mx_IRQ_tos:
 295 0120 00020000 		.word	EE_cortex_mx_stack_9+512
 296              		.type	EE_cortex_mx_system_tos, %object
 297              		.size	EE_cortex_mx_system_tos, 12
 298              	EE_cortex_mx_system_tos:
 299 0124 00000000 		.word	0
 300 0128 D81F0000 		.word	EE_cortex_mx_stack_3+8152
 301 012c D81F0000 		.word	EE_cortex_mx_stack_4+8152
 302              		.section	.rodata.str1.4,"aMS",%progbits,1
 303              		.align	2
 304              	.LC0:
 305 0000 616C726D 		.ascii	"alrm_50ms\000"
 305      5F35306D 
 305      7300
 306 000a 0000     		.space	2
 307              	.LC1:
 308 000c 65765F65 		.ascii	"ev_eos\000"
 308      6F7300
 309 0013 00       		.space	1
 310              	.LC2:
 311 0014 65765F73 		.ascii	"ev_sendMsg\000"
 311      656E644D 
 311      736700
 312 001f 00       		.space	1
 313              	.LC3:
 314 0020 6572696B 		.ascii	"erika_res\000"
 314      615F7265 
 314      7300
 315 002a 0000     		.space	2
 316              	.LC4:
 317 002c 74736B5F 		.ascii	"tsk_init\000"
 317      696E6974 
 317      00
 318 0035 000000   		.space	3
 319              	.LC5:
 320 0038 74736B5F 		.ascii	"tsk_background\000"
 320      6261636B 
 320      67726F75 
 320      6E6400
 321 0047 00       		.space	1
 322              	.LC6:
 323 0048 74736B5F 		.ascii	"tsk_json\000"
 323      6A736F6E 
 323      00
 324 0051 000000   		.space	3
 325              	.LC7:
 326 0054 74736B5F 		.ascii	"tsk_hmi\000"
ARM GAS  C:\Users\abhim\AppData\Local\Temp\ccVVOZUm.s 			page 7


 326      686D6900 
 327              		.bss
 328              		.align	2
 329              		.type	EE_resource_locked, %object
 330              		.size	EE_resource_locked, 4
 331              	EE_resource_locked:
 332 0000 00000000 		.space	4
 333              		.type	EE_th_waswaiting, %object
 334              		.size	EE_th_waswaiting, 16
 335              	EE_th_waswaiting:
 336 0004 00000000 		.space	16
 336      00000000 
 336      00000000 
 336      00000000 
 337              		.type	EE_th_event_waitmask, %object
 338              		.size	EE_th_event_waitmask, 16
 339              	EE_th_event_waitmask:
 340 0014 00000000 		.space	16
 340      00000000 
 340      00000000 
 340      00000000 
 341              		.type	EE_th_event_active, %object
 342              		.size	EE_th_event_active, 16
 343              	EE_th_event_active:
 344 0024 00000000 		.space	16
 344      00000000 
 344      00000000 
 344      00000000 
 345              		.type	EE_rq_free, %object
 346              		.size	EE_rq_free, 4
 347              	EE_rq_free:
 348 0034 00000000 		.space	4
 349              		.type	EE_rq_bitmask, %object
 350              		.size	EE_rq_bitmask, 2
 351              	EE_rq_bitmask:
 352 0038 0000     		.space	2
 353 003a 0000     		.space	2
 354              		.type	EE_sys_ceiling, %object
 355              		.size	EE_sys_ceiling, 4
 356              	EE_sys_ceiling:
 357 003c 00000000 		.space	4
 358              		.type	EE_cortex_mx_active_tos, %object
 359              		.size	EE_cortex_mx_active_tos, 4
 360              	EE_cortex_mx_active_tos:
 361 0040 00000000 		.space	4
 362              		.text
 363              	.Letext0:
 364              		.file 1 "Generated_Source\\PSoC5\\ErikaOS_common_ee_types.inc"
 365              		.file 2 "Generated_Source\\PSoC5\\ErikaOS_cortex_mx_ee_cpu.inc"
 366              		.file 3 "Generated_Source\\PSoC5\\ErikaOS_ee_oo_common.inc"
 367              		.file 4 "Generated_Source\\PSoC5\\ErikaOS_common_ee_hal_structs.inc"
 368              		.file 5 "Generated_Source\\PSoC5\\ErikaOS_eecfg.c"
 369              		.file 6 "Generated_Source\\PSoC5\\ErikaOS_ee_oo_intfunc.inc"
 370              		.file 7 "Generated_Source\\PSoC5\\ErikaOS_cortex_mx_ee_context.inc"
 371              		.file 8 "Generated_Source\\PSoC5\\ErikaOS_common_ee_primitives.inc"
 372              		.section	.debug_info,"",%progbits
 373              	.Ldebug_info0:
ARM GAS  C:\Users\abhim\AppData\Local\Temp\ccVVOZUm.s 			page 8


 374 0000 7C090000 		.4byte	0x97c
 375 0004 0400     		.2byte	0x4
 376 0006 00000000 		.4byte	.Ldebug_abbrev0
 377 000a 04       		.byte	0x4
 378 000b 01       		.uleb128 0x1
 379 000c AD050000 		.4byte	.LASF120
 380 0010 0C       		.byte	0xc
 381 0011 AF000000 		.4byte	.LASF121
 382 0015 5F050000 		.4byte	.LASF122
 383 0019 00000000 		.4byte	.Ldebug_line0
 384 001d 02       		.uleb128 0x2
 385 001e 01       		.byte	0x1
 386 001f 06       		.byte	0x6
 387 0020 6A010000 		.4byte	.LASF0
 388 0024 02       		.uleb128 0x2
 389 0025 01       		.byte	0x1
 390 0026 08       		.byte	0x8
 391 0027 BF040000 		.4byte	.LASF1
 392 002b 02       		.uleb128 0x2
 393 002c 02       		.byte	0x2
 394 002d 05       		.byte	0x5
 395 002e 04050000 		.4byte	.LASF2
 396 0032 02       		.uleb128 0x2
 397 0033 02       		.byte	0x2
 398 0034 07       		.byte	0x7
 399 0035 E5020000 		.4byte	.LASF3
 400 0039 02       		.uleb128 0x2
 401 003a 04       		.byte	0x4
 402 003b 05       		.byte	0x5
 403 003c 08020000 		.4byte	.LASF4
 404 0040 02       		.uleb128 0x2
 405 0041 04       		.byte	0x4
 406 0042 07       		.byte	0x7
 407 0043 A3020000 		.4byte	.LASF5
 408 0047 02       		.uleb128 0x2
 409 0048 08       		.byte	0x8
 410 0049 05       		.byte	0x5
 411 004a 5C010000 		.4byte	.LASF6
 412 004e 02       		.uleb128 0x2
 413 004f 08       		.byte	0x8
 414 0050 07       		.byte	0x7
 415 0051 92000000 		.4byte	.LASF7
 416 0055 03       		.uleb128 0x3
 417 0056 04       		.byte	0x4
 418 0057 05       		.byte	0x5
 419 0058 696E7400 		.ascii	"int\000"
 420 005c 02       		.uleb128 0x2
 421 005d 04       		.byte	0x4
 422 005e 07       		.byte	0x7
 423 005f 6B020000 		.4byte	.LASF8
 424 0063 02       		.uleb128 0x2
 425 0064 08       		.byte	0x8
 426 0065 04       		.byte	0x4
 427 0066 0D040000 		.4byte	.LASF9
 428 006a 04       		.uleb128 0x4
 429 006b 8C040000 		.4byte	.LASF10
 430 006f 01       		.byte	0x1
ARM GAS  C:\Users\abhim\AppData\Local\Temp\ccVVOZUm.s 			page 9


 431 0070 52       		.byte	0x52
 432 0071 32000000 		.4byte	0x32
 433 0075 04       		.uleb128 0x4
 434 0076 C8070000 		.4byte	.LASF11
 435 007a 01       		.byte	0x1
 436 007b 53       		.byte	0x53
 437 007c 55000000 		.4byte	0x55
 438 0080 04       		.uleb128 0x4
 439 0081 BE070000 		.4byte	.LASF12
 440 0085 01       		.byte	0x1
 441 0086 54       		.byte	0x54
 442 0087 5C000000 		.4byte	0x5c
 443 008b 04       		.uleb128 0x4
 444 008c 26080000 		.4byte	.LASF13
 445 0090 01       		.byte	0x1
 446 0091 64       		.byte	0x64
 447 0092 96000000 		.4byte	0x96
 448 0096 05       		.uleb128 0x5
 449 0097 04       		.byte	0x4
 450 0098 06       		.uleb128 0x6
 451 0099 04       		.byte	0x4
 452 009a 9E000000 		.4byte	0x9e
 453 009e 07       		.uleb128 0x7
 454 009f 04       		.uleb128 0x4
 455 00a0 90030000 		.4byte	.LASF14
 456 00a4 01       		.byte	0x1
 457 00a5 70       		.byte	0x70
 458 00a6 98000000 		.4byte	0x98
 459 00aa 04       		.uleb128 0x4
 460 00ab 47060000 		.4byte	.LASF15
 461 00af 01       		.byte	0x1
 462 00b0 73       		.byte	0x73
 463 00b1 98000000 		.4byte	0x98
 464 00b5 04       		.uleb128 0x4
 465 00b6 78020000 		.4byte	.LASF16
 466 00ba 02       		.byte	0x2
 467 00bb 4D       		.byte	0x4d
 468 00bc 80000000 		.4byte	0x80
 469 00c0 04       		.uleb128 0x4
 470 00c1 2F040000 		.4byte	.LASF17
 471 00c5 02       		.byte	0x2
 472 00c6 4E       		.byte	0x4e
 473 00c7 75000000 		.4byte	0x75
 474 00cb 04       		.uleb128 0x4
 475 00cc 40080000 		.4byte	.LASF18
 476 00d0 02       		.byte	0x2
 477 00d1 4F       		.byte	0x4f
 478 00d2 80000000 		.4byte	0x80
 479 00d6 04       		.uleb128 0x4
 480 00d7 71000000 		.4byte	.LASF19
 481 00db 02       		.byte	0x2
 482 00dc 54       		.byte	0x54
 483 00dd B5000000 		.4byte	0xb5
 484 00e1 04       		.uleb128 0x4
 485 00e2 5E020000 		.4byte	.LASF20
 486 00e6 02       		.byte	0x2
 487 00e7 78       		.byte	0x78
ARM GAS  C:\Users\abhim\AppData\Local\Temp\ccVVOZUm.s 			page 10


 488 00e8 75000000 		.4byte	0x75
 489 00ec 08       		.uleb128 0x8
 490 00ed 0E010000 		.4byte	.LASF61
 491 00f1 04       		.byte	0x4
 492 00f2 04       		.byte	0x4
 493 00f3 4D       		.byte	0x4d
 494 00f4 05010000 		.4byte	0x105
 495 00f8 09       		.uleb128 0x9
 496 00f9 FF070000 		.4byte	.LASF28
 497 00fd 04       		.byte	0x4
 498 00fe 4E       		.byte	0x4e
 499 00ff 8B000000 		.4byte	0x8b
 500 0103 00       		.byte	0
 501 0104 00       		.byte	0
 502 0105 0A       		.uleb128 0xa
 503 0106 F4030000 		.4byte	.LASF21
 504 010a 03       		.byte	0x3
 505 010b 1101     		.2byte	0x111
 506 010d 6A000000 		.4byte	0x6a
 507 0111 0A       		.uleb128 0xa
 508 0112 05010000 		.4byte	.LASF22
 509 0116 03       		.byte	0x3
 510 0117 F701     		.2byte	0x1f7
 511 0119 E1000000 		.4byte	0xe1
 512 011d 0A       		.uleb128 0xa
 513 011e 8D010000 		.4byte	.LASF23
 514 0122 03       		.byte	0x3
 515 0123 2C02     		.2byte	0x22c
 516 0125 B5000000 		.4byte	0xb5
 517 0129 0A       		.uleb128 0xa
 518 012a 42000000 		.4byte	.LASF24
 519 012e 03       		.byte	0x3
 520 012f 3502     		.2byte	0x235
 521 0131 B5000000 		.4byte	0xb5
 522 0135 0A       		.uleb128 0xa
 523 0136 B2060000 		.4byte	.LASF25
 524 013a 03       		.byte	0x3
 525 013b 5D02     		.2byte	0x25d
 526 013d B5000000 		.4byte	0xb5
 527 0141 0A       		.uleb128 0xa
 528 0142 66000000 		.4byte	.LASF26
 529 0146 03       		.byte	0x3
 530 0147 6302     		.2byte	0x263
 531 0149 B5000000 		.4byte	0xb5
 532 014d 0A       		.uleb128 0xa
 533 014e A1030000 		.4byte	.LASF27
 534 0152 03       		.byte	0x3
 535 0153 6C02     		.2byte	0x26c
 536 0155 B5000000 		.4byte	0xb5
 537 0159 0B       		.uleb128 0xb
 538 015a 0C       		.byte	0xc
 539 015b 03       		.byte	0x3
 540 015c 7202     		.2byte	0x272
 541 015e 8A010000 		.4byte	0x18a
 542 0162 0C       		.uleb128 0xc
 543 0163 15010000 		.4byte	.LASF29
 544 0167 03       		.byte	0x3
ARM GAS  C:\Users\abhim\AppData\Local\Temp\ccVVOZUm.s 			page 11


 545 0168 7302     		.2byte	0x273
 546 016a 29010000 		.4byte	0x129
 547 016e 00       		.byte	0
 548 016f 0C       		.uleb128 0xc
 549 0170 37040000 		.4byte	.LASF30
 550 0174 03       		.byte	0x3
 551 0175 7402     		.2byte	0x274
 552 0177 29010000 		.4byte	0x129
 553 017b 04       		.byte	0x4
 554 017c 0C       		.uleb128 0xc
 555 017d 55020000 		.4byte	.LASF31
 556 0181 03       		.byte	0x3
 557 0182 7502     		.2byte	0x275
 558 0184 29010000 		.4byte	0x129
 559 0188 08       		.byte	0x8
 560 0189 00       		.byte	0
 561 018a 0A       		.uleb128 0xa
 562 018b 96050000 		.4byte	.LASF32
 563 018f 03       		.byte	0x3
 564 0190 7A02     		.2byte	0x27a
 565 0192 59010000 		.4byte	0x159
 566 0196 0B       		.uleb128 0xb
 567 0197 08       		.byte	0x8
 568 0198 03       		.byte	0x3
 569 0199 7D02     		.2byte	0x27d
 570 019b BA010000 		.4byte	0x1ba
 571 019f 0C       		.uleb128 0xc
 572 01a0 65020000 		.4byte	.LASF33
 573 01a4 03       		.byte	0x3
 574 01a5 7E02     		.2byte	0x27e
 575 01a7 29010000 		.4byte	0x129
 576 01ab 00       		.byte	0
 577 01ac 0C       		.uleb128 0xc
 578 01ad AC060000 		.4byte	.LASF34
 579 01b1 03       		.byte	0x3
 580 01b2 7F02     		.2byte	0x27f
 581 01b4 35010000 		.4byte	0x135
 582 01b8 04       		.byte	0x4
 583 01b9 00       		.byte	0
 584 01ba 0A       		.uleb128 0xa
 585 01bb CE010000 		.4byte	.LASF35
 586 01bf 03       		.byte	0x3
 587 01c0 8002     		.2byte	0x280
 588 01c2 96010000 		.4byte	0x196
 589 01c6 0D       		.uleb128 0xd
 590 01c7 01       		.byte	0x1
 591 01c8 24000000 		.4byte	0x24
 592 01cc 03       		.byte	0x3
 593 01cd 8A02     		.2byte	0x28a
 594 01cf E0010000 		.4byte	0x1e0
 595 01d3 0E       		.uleb128 0xe
 596 01d4 CD040000 		.4byte	.LASF36
 597 01d8 00       		.byte	0
 598 01d9 0E       		.uleb128 0xe
 599 01da 96040000 		.4byte	.LASF37
 600 01de 01       		.byte	0x1
 601 01df 00       		.byte	0
ARM GAS  C:\Users\abhim\AppData\Local\Temp\ccVVOZUm.s 			page 12


 602 01e0 0A       		.uleb128 0xa
 603 01e1 10030000 		.4byte	.LASF38
 604 01e5 03       		.byte	0x3
 605 01e6 8D02     		.2byte	0x28d
 606 01e8 C6010000 		.4byte	0x1c6
 607 01ec 0A       		.uleb128 0xa
 608 01ed 3C030000 		.4byte	.LASF39
 609 01f1 03       		.byte	0x3
 610 01f2 9002     		.2byte	0x290
 611 01f4 E0010000 		.4byte	0x1e0
 612 01f8 0B       		.uleb128 0xb
 613 01f9 0C       		.byte	0xc
 614 01fa 03       		.byte	0x3
 615 01fb 9402     		.2byte	0x294
 616 01fd 27020000 		.4byte	0x227
 617 0201 0F       		.uleb128 0xf
 618 0202 6300     		.ascii	"c\000"
 619 0204 03       		.byte	0x3
 620 0205 9602     		.2byte	0x296
 621 0207 4D010000 		.4byte	0x14d
 622 020b 00       		.byte	0
 623 020c 0C       		.uleb128 0xc
 624 020d 09070000 		.4byte	.LASF40
 625 0211 03       		.byte	0x3
 626 0212 9802     		.2byte	0x298
 627 0214 35010000 		.4byte	0x135
 628 0218 04       		.byte	0x4
 629 0219 0C       		.uleb128 0xc
 630 021a E0020000 		.4byte	.LASF41
 631 021e 03       		.byte	0x3
 632 021f 9A02     		.2byte	0x29a
 633 0221 EC010000 		.4byte	0x1ec
 634 0225 08       		.byte	0x8
 635 0226 00       		.byte	0
 636 0227 0A       		.uleb128 0xa
 637 0228 D6000000 		.4byte	.LASF42
 638 022c 03       		.byte	0x3
 639 022d 9B02     		.2byte	0x29b
 640 022f F8010000 		.4byte	0x1f8
 641 0233 0B       		.uleb128 0xb
 642 0234 10       		.byte	0x10
 643 0235 03       		.byte	0x3
 644 0236 9F02     		.2byte	0x29f
 645 0238 71020000 		.4byte	0x271
 646 023c 0C       		.uleb128 0xc
 647 023d 44040000 		.4byte	.LASF43
 648 0241 03       		.byte	0x3
 649 0242 A002     		.2byte	0x2a0
 650 0244 D6000000 		.4byte	0xd6
 651 0248 00       		.byte	0
 652 0249 0C       		.uleb128 0xc
 653 024a F6070000 		.4byte	.LASF44
 654 024e 03       		.byte	0x3
 655 024f A102     		.2byte	0x2a1
 656 0251 29010000 		.4byte	0x129
 657 0255 04       		.byte	0x4
 658 0256 0C       		.uleb128 0xc
ARM GAS  C:\Users\abhim\AppData\Local\Temp\ccVVOZUm.s 			page 13


 659 0257 A9000000 		.4byte	.LASF45
 660 025b 03       		.byte	0x3
 661 025c A202     		.2byte	0x2a2
 662 025e 29010000 		.4byte	0x129
 663 0262 08       		.byte	0x8
 664 0263 0C       		.uleb128 0xc
 665 0264 25000000 		.4byte	.LASF46
 666 0268 03       		.byte	0x3
 667 0269 A302     		.2byte	0x2a3
 668 026b 35010000 		.4byte	0x135
 669 026f 0C       		.byte	0xc
 670 0270 00       		.byte	0
 671 0271 0A       		.uleb128 0xa
 672 0272 49040000 		.4byte	.LASF47
 673 0276 03       		.byte	0x3
 674 0277 A402     		.2byte	0x2a4
 675 0279 33020000 		.4byte	0x233
 676 027d 0D       		.uleb128 0xd
 677 027e 01       		.byte	0x1
 678 027f 24000000 		.4byte	0x24
 679 0283 03       		.byte	0x3
 680 0284 A702     		.2byte	0x2a7
 681 0286 A3020000 		.4byte	0x2a3
 682 028a 0E       		.uleb128 0xe
 683 028b C9060000 		.4byte	.LASF48
 684 028f 00       		.byte	0
 685 0290 0E       		.uleb128 0xe
 686 0291 11070000 		.4byte	.LASF49
 687 0295 01       		.byte	0x1
 688 0296 0E       		.uleb128 0xe
 689 0297 E8060000 		.4byte	.LASF50
 690 029b 02       		.byte	0x2
 691 029c 0E       		.uleb128 0xe
 692 029d 79060000 		.4byte	.LASF51
 693 02a1 03       		.byte	0x3
 694 02a2 00       		.byte	0
 695 02a3 0A       		.uleb128 0xa
 696 02a4 76010000 		.4byte	.LASF52
 697 02a8 03       		.byte	0x3
 698 02a9 AC02     		.2byte	0x2ac
 699 02ab 7D020000 		.4byte	0x27d
 700 02af 0A       		.uleb128 0xa
 701 02b0 6D070000 		.4byte	.LASF53
 702 02b4 03       		.byte	0x3
 703 02b5 AF02     		.2byte	0x2af
 704 02b7 A3020000 		.4byte	0x2a3
 705 02bb 0B       		.uleb128 0xb
 706 02bc 14       		.byte	0x14
 707 02bd 03       		.byte	0x3
 708 02be B202     		.2byte	0x2b2
 709 02c0 04030000 		.4byte	0x304
 710 02c4 0C       		.uleb128 0xc
 711 02c5 43070000 		.4byte	.LASF54
 712 02c9 03       		.byte	0x3
 713 02ca B302     		.2byte	0x2b3
 714 02cc AF020000 		.4byte	0x2af
 715 02d0 00       		.byte	0
ARM GAS  C:\Users\abhim\AppData\Local\Temp\ccVVOZUm.s 			page 14


 716 02d1 0C       		.uleb128 0xc
 717 02d2 07080000 		.4byte	.LASF55
 718 02d6 03       		.byte	0x3
 719 02d7 B402     		.2byte	0x2b4
 720 02d9 11010000 		.4byte	0x111
 721 02dd 04       		.byte	0x4
 722 02de 0C       		.uleb128 0xc
 723 02df 3B060000 		.4byte	.LASF56
 724 02e3 03       		.byte	0x3
 725 02e4 B602     		.2byte	0x2b6
 726 02e6 1D010000 		.4byte	0x11d
 727 02ea 08       		.byte	0x8
 728 02eb 0F       		.uleb128 0xf
 729 02ec 6600     		.ascii	"f\000"
 730 02ee 03       		.byte	0x3
 731 02ef B802     		.2byte	0x2b8
 732 02f1 9F000000 		.4byte	0x9f
 733 02f5 0C       		.byte	0xc
 734 02f6 0C       		.uleb128 0xc
 735 02f7 FB040000 		.4byte	.LASF57
 736 02fb 03       		.byte	0x3
 737 02fc BA02     		.2byte	0x2ba
 738 02fe 4D010000 		.4byte	0x14d
 739 0302 10       		.byte	0x10
 740 0303 00       		.byte	0
 741 0304 0A       		.uleb128 0xa
 742 0305 76040000 		.4byte	.LASF58
 743 0309 03       		.byte	0x3
 744 030a BB02     		.2byte	0x2bb
 745 030c BB020000 		.4byte	0x2bb
 746 0310 0B       		.uleb128 0xb
 747 0311 04       		.byte	0x4
 748 0312 03       		.byte	0x3
 749 0313 BD02     		.2byte	0x2bd
 750 0315 27030000 		.4byte	0x327
 751 0319 0C       		.uleb128 0xc
 752 031a C6030000 		.4byte	.LASF59
 753 031e 03       		.byte	0x3
 754 031f BF02     		.2byte	0x2bf
 755 0321 41010000 		.4byte	0x141
 756 0325 00       		.byte	0
 757 0326 00       		.byte	0
 758 0327 0A       		.uleb128 0xa
 759 0328 80020000 		.4byte	.LASF60
 760 032c 03       		.byte	0x3
 761 032d C402     		.2byte	0x2c4
 762 032f 10030000 		.4byte	0x310
 763 0333 10       		.uleb128 0x10
 764 0334 C6020000 		.4byte	.LASF62
 765 0338 08       		.byte	0x8
 766 0339 03       		.byte	0x3
 767 033a 0E04     		.2byte	0x40e
 768 033c 5A030000 		.4byte	0x35a
 769 0340 0F       		.uleb128 0xf
 770 0341 6E7400   		.ascii	"nt\000"
 771 0344 03       		.byte	0x3
 772 0345 0F04     		.2byte	0x40f
ARM GAS  C:\Users\abhim\AppData\Local\Temp\ccVVOZUm.s 			page 15


 773 0347 B5000000 		.4byte	0xb5
 774 034b 00       		.byte	0
 775 034c 0C       		.uleb128 0xc
 776 034d 4F070000 		.4byte	.LASF63
 777 0351 03       		.byte	0x3
 778 0352 1004     		.2byte	0x410
 779 0354 6A030000 		.4byte	0x36a
 780 0358 04       		.byte	0x4
 781 0359 00       		.byte	0
 782 035a 11       		.uleb128 0x11
 783 035b 65030000 		.4byte	0x365
 784 035f 65030000 		.4byte	0x365
 785 0363 12       		.uleb128 0x12
 786 0364 00       		.byte	0
 787 0365 13       		.uleb128 0x13
 788 0366 E1000000 		.4byte	0xe1
 789 036a 06       		.uleb128 0x6
 790 036b 04       		.byte	0x4
 791 036c 5A030000 		.4byte	0x35a
 792 0370 11       		.uleb128 0x11
 793 0371 65030000 		.4byte	0x365
 794 0375 80030000 		.4byte	0x380
 795 0379 14       		.uleb128 0x14
 796 037a 80030000 		.4byte	0x380
 797 037e 00       		.byte	0
 798 037f 00       		.byte	0
 799 0380 02       		.uleb128 0x2
 800 0381 04       		.byte	0x4
 801 0382 07       		.byte	0x7
 802 0383 04040000 		.4byte	.LASF64
 803 0387 15       		.uleb128 0x15
 804 0388 25010000 		.4byte	.LASF123
 805 038c 05       		.byte	0x5
 806 038d 6507     		.2byte	0x765
 807 038f 99030000 		.4byte	0x399
 808 0393 05       		.uleb128 0x5
 809 0394 03       		.byte	0x3
 810 0395 08000000 		.4byte	EE_oo_autostart_task_mode_OSDEFAULTAPPMODE
 811 0399 13       		.uleb128 0x13
 812 039a 70030000 		.4byte	0x370
 813 039e 11       		.uleb128 0x11
 814 039f AE030000 		.4byte	0x3ae
 815 03a3 AE030000 		.4byte	0x3ae
 816 03a7 14       		.uleb128 0x14
 817 03a8 80030000 		.4byte	0x380
 818 03ac 03       		.byte	0x3
 819 03ad 00       		.byte	0
 820 03ae 13       		.uleb128 0x13
 821 03af AA000000 		.4byte	0xaa
 822 03b3 16       		.uleb128 0x16
 823 03b4 21070000 		.4byte	.LASF65
 824 03b8 05       		.byte	0x5
 825 03b9 D2       		.byte	0xd2
 826 03ba C4030000 		.4byte	0x3c4
 827 03be 05       		.uleb128 0x5
 828 03bf 03       		.byte	0x3
 829 03c0 00000000 		.4byte	EE_hal_thread_body
ARM GAS  C:\Users\abhim\AppData\Local\Temp\ccVVOZUm.s 			page 16


 830 03c4 13       		.uleb128 0x13
 831 03c5 9E030000 		.4byte	0x39e
 832 03c9 11       		.uleb128 0x11
 833 03ca D9030000 		.4byte	0x3d9
 834 03ce D9030000 		.4byte	0x3d9
 835 03d2 14       		.uleb128 0x14
 836 03d3 80030000 		.4byte	0x380
 837 03d7 04       		.byte	0x4
 838 03d8 00       		.byte	0
 839 03d9 13       		.uleb128 0x13
 840 03da B5000000 		.4byte	0xb5
 841 03de 16       		.uleb128 0x16
 842 03df 67060000 		.4byte	.LASF66
 843 03e3 05       		.byte	0x5
 844 03e4 71       		.byte	0x71
 845 03e5 EF030000 		.4byte	0x3ef
 846 03e9 05       		.uleb128 0x5
 847 03ea 03       		.byte	0x3
 848 03eb 00000000 		.4byte	EE_std_thread_tos
 849 03ef 13       		.uleb128 0x13
 850 03f0 C9030000 		.4byte	0x3c9
 851 03f4 11       		.uleb128 0x11
 852 03f5 80000000 		.4byte	0x80
 853 03f9 04040000 		.4byte	0x404
 854 03fd 14       		.uleb128 0x14
 855 03fe 80030000 		.4byte	0x380
 856 0402 03       		.byte	0x3
 857 0403 00       		.byte	0
 858 0404 16       		.uleb128 0x16
 859 0405 D1070000 		.4byte	.LASF67
 860 0409 05       		.byte	0x5
 861 040a ED       		.byte	0xed
 862 040b F4030000 		.4byte	0x3f4
 863 040f 05       		.uleb128 0x5
 864 0410 03       		.byte	0x3
 865 0411 00000000 		.4byte	EE_terminate_data
 866 0415 16       		.uleb128 0x16
 867 0416 E1040000 		.4byte	.LASF68
 868 041a 05       		.byte	0x5
 869 041b F0       		.byte	0xf0
 870 041c 26040000 		.4byte	0x426
 871 0420 05       		.uleb128 0x5
 872 0421 03       		.byte	0x3
 873 0422 00000000 		.4byte	EE_terminate_real_th_body
 874 0426 13       		.uleb128 0x13
 875 0427 9E030000 		.4byte	0x39e
 876 042b 11       		.uleb128 0x11
 877 042c EC000000 		.4byte	0xec
 878 0430 3B040000 		.4byte	0x43b
 879 0434 14       		.uleb128 0x14
 880 0435 80030000 		.4byte	0x380
 881 0439 02       		.byte	0x2
 882 043a 00       		.byte	0
 883 043b 16       		.uleb128 0x16
 884 043c A7040000 		.4byte	.LASF69
 885 0440 05       		.byte	0x5
 886 0441 8D       		.byte	0x8d
ARM GAS  C:\Users\abhim\AppData\Local\Temp\ccVVOZUm.s 			page 17


 887 0442 2B040000 		.4byte	0x42b
 888 0446 05       		.uleb128 0x5
 889 0447 03       		.byte	0x3
 890 0448 00000000 		.4byte	EE_cortex_mx_system_tos
 891 044c 16       		.uleb128 0x16
 892 044d B6010000 		.4byte	.LASF70
 893 0451 05       		.byte	0x5
 894 0452 A9       		.byte	0xa9
 895 0453 B5000000 		.4byte	0xb5
 896 0457 05       		.uleb128 0x5
 897 0458 03       		.byte	0x3
 898 0459 00000000 		.4byte	EE_cortex_mx_active_tos
 899 045d 11       		.uleb128 0x11
 900 045e D9030000 		.4byte	0x3d9
 901 0462 6D040000 		.4byte	0x46d
 902 0466 14       		.uleb128 0x14
 903 0467 80030000 		.4byte	0x380
 904 046b 03       		.byte	0x3
 905 046c 00       		.byte	0
 906 046d 17       		.uleb128 0x17
 907 046e D8060000 		.4byte	.LASF71
 908 0472 05       		.byte	0x5
 909 0473 E202     		.2byte	0x2e2
 910 0475 7F040000 		.4byte	0x47f
 911 0479 05       		.uleb128 0x5
 912 047a 03       		.byte	0x3
 913 047b 00000000 		.4byte	EE_th_rnact_max
 914 047f 13       		.uleb128 0x13
 915 0480 5D040000 		.4byte	0x45d
 916 0484 17       		.uleb128 0x17
 917 0485 7C070000 		.4byte	.LASF72
 918 0489 05       		.byte	0x5
 919 048a 0C01     		.2byte	0x10c
 920 048c 96040000 		.4byte	0x496
 921 0490 05       		.uleb128 0x5
 922 0491 03       		.byte	0x3
 923 0492 00000000 		.4byte	EE_th_ready_prio
 924 0496 13       		.uleb128 0x13
 925 0497 5D040000 		.4byte	0x45d
 926 049b 17       		.uleb128 0x17
 927 049c 52030000 		.4byte	.LASF73
 928 04a0 05       		.byte	0x5
 929 04a1 4502     		.2byte	0x245
 930 04a3 AD040000 		.4byte	0x4ad
 931 04a7 05       		.uleb128 0x5
 932 04a8 03       		.byte	0x3
 933 04a9 00000000 		.4byte	EE_th_dispatch_prio
 934 04ad 13       		.uleb128 0x13
 935 04ae 5D040000 		.4byte	0x45d
 936 04b2 11       		.uleb128 0x11
 937 04b3 C2040000 		.4byte	0x4c2
 938 04b7 C2040000 		.4byte	0x4c2
 939 04bb 14       		.uleb128 0x14
 940 04bc 80030000 		.4byte	0x380
 941 04c0 03       		.byte	0x3
 942 04c1 00       		.byte	0
 943 04c2 06       		.uleb128 0x6
ARM GAS  C:\Users\abhim\AppData\Local\Temp\ccVVOZUm.s 			page 18


 944 04c3 04       		.byte	0x4
 945 04c4 CF040000 		.4byte	0x4cf
 946 04c8 02       		.uleb128 0x2
 947 04c9 01       		.byte	0x1
 948 04ca 08       		.byte	0x8
 949 04cb C4060000 		.4byte	.LASF74
 950 04cf 13       		.uleb128 0x13
 951 04d0 C8040000 		.4byte	0x4c8
 952 04d4 17       		.uleb128 0x17
 953 04d5 52050000 		.4byte	.LASF75
 954 04d9 05       		.byte	0x5
 955 04da 2801     		.2byte	0x128
 956 04dc B2040000 		.4byte	0x4b2
 957 04e0 05       		.uleb128 0x5
 958 04e1 03       		.byte	0x3
 959 04e2 00000000 		.4byte	EE_TASK_NAME
 960 04e6 11       		.uleb128 0x11
 961 04e7 C2040000 		.4byte	0x4c2
 962 04eb F6040000 		.4byte	0x4f6
 963 04ef 14       		.uleb128 0x14
 964 04f0 80030000 		.4byte	0x380
 965 04f4 01       		.byte	0x1
 966 04f5 00       		.byte	0
 967 04f6 17       		.uleb128 0x17
 968 04f7 9B010000 		.4byte	.LASF76
 969 04fb 05       		.byte	0x5
 970 04fc 8101     		.2byte	0x181
 971 04fe E6040000 		.4byte	0x4e6
 972 0502 05       		.uleb128 0x5
 973 0503 03       		.byte	0x3
 974 0504 00000000 		.4byte	EE_EVENT_NAME
 975 0508 11       		.uleb128 0x11
 976 0509 C2040000 		.4byte	0x4c2
 977 050d 18050000 		.4byte	0x518
 978 0511 14       		.uleb128 0x14
 979 0512 80030000 		.4byte	0x380
 980 0516 00       		.byte	0
 981 0517 00       		.byte	0
 982 0518 17       		.uleb128 0x17
 983 0519 95020000 		.4byte	.LASF77
 984 051d 05       		.byte	0x5
 985 051e 3D06     		.2byte	0x63d
 986 0520 08050000 		.4byte	0x508
 987 0524 05       		.uleb128 0x5
 988 0525 03       		.byte	0x3
 989 0526 00000000 		.4byte	EE_ALARM_NAME
 990 052a 17       		.uleb128 0x17
 991 052b 00000000 		.4byte	.LASF78
 992 052f 05       		.byte	0x5
 993 0530 4601     		.2byte	0x146
 994 0532 08050000 		.4byte	0x508
 995 0536 05       		.uleb128 0x5
 996 0537 03       		.byte	0x3
 997 0538 00000000 		.4byte	EE_RESOURCE_NAME
 998 053c 11       		.uleb128 0x11
 999 053d 4C050000 		.4byte	0x54c
 1000 0541 4C050000 		.4byte	0x54c
ARM GAS  C:\Users\abhim\AppData\Local\Temp\ccVVOZUm.s 			page 19


 1001 0545 14       		.uleb128 0x14
 1002 0546 80030000 		.4byte	0x380
 1003 054a 00       		.byte	0
 1004 054b 00       		.byte	0
 1005 054c 13       		.uleb128 0x13
 1006 054d 40000000 		.4byte	0x40
 1007 0551 17       		.uleb128 0x17
 1008 0552 4B000000 		.4byte	.LASF79
 1009 0556 05       		.byte	0x5
 1010 0557 6201     		.2byte	0x162
 1011 0559 63050000 		.4byte	0x563
 1012 055d 05       		.uleb128 0x5
 1013 055e 03       		.byte	0x3
 1014 055f 00000000 		.4byte	EE_RESOURCE_ID
 1015 0563 13       		.uleb128 0x13
 1016 0564 3C050000 		.4byte	0x53c
 1017 0568 11       		.uleb128 0x11
 1018 0569 4C050000 		.4byte	0x54c
 1019 056d 78050000 		.4byte	0x578
 1020 0571 14       		.uleb128 0x14
 1021 0572 80030000 		.4byte	0x380
 1022 0576 01       		.byte	0x1
 1023 0577 00       		.byte	0
 1024 0578 17       		.uleb128 0x17
 1025 0579 FC010000 		.4byte	.LASF80
 1026 057d 05       		.byte	0x5
 1027 057e E201     		.2byte	0x1e2
 1028 0580 8A050000 		.4byte	0x58a
 1029 0584 05       		.uleb128 0x5
 1030 0585 03       		.byte	0x3
 1031 0586 00000000 		.4byte	EE_EVENT_ID
 1032 058a 13       		.uleb128 0x13
 1033 058b 68050000 		.4byte	0x568
 1034 058f 17       		.uleb128 0x17
 1035 0590 50010000 		.4byte	.LASF81
 1036 0594 05       		.byte	0x5
 1037 0595 5906     		.2byte	0x659
 1038 0597 A1050000 		.4byte	0x5a1
 1039 059b 05       		.uleb128 0x5
 1040 059c 03       		.byte	0x3
 1041 059d 00000000 		.4byte	EE_ALARM_ID
 1042 05a1 13       		.uleb128 0x13
 1043 05a2 3C050000 		.4byte	0x53c
 1044 05a6 11       		.uleb128 0x11
 1045 05a7 B5000000 		.4byte	0xb5
 1046 05ab B6050000 		.4byte	0x5b6
 1047 05af 14       		.uleb128 0x14
 1048 05b0 80030000 		.4byte	0x380
 1049 05b4 03       		.byte	0x3
 1050 05b5 00       		.byte	0
 1051 05b6 17       		.uleb128 0x17
 1052 05b7 2F030000 		.4byte	.LASF82
 1053 05bb 05       		.byte	0x5
 1054 05bc 8102     		.2byte	0x281
 1055 05be A6050000 		.4byte	0x5a6
 1056 05c2 05       		.uleb128 0x5
 1057 05c3 03       		.byte	0x3
ARM GAS  C:\Users\abhim\AppData\Local\Temp\ccVVOZUm.s 			page 20


 1058 05c4 00000000 		.4byte	EE_th_status
 1059 05c8 11       		.uleb128 0x11
 1060 05c9 E1000000 		.4byte	0xe1
 1061 05cd D8050000 		.4byte	0x5d8
 1062 05d1 14       		.uleb128 0x14
 1063 05d2 80030000 		.4byte	0x380
 1064 05d6 03       		.byte	0x3
 1065 05d7 00       		.byte	0
 1066 05d8 17       		.uleb128 0x17
 1067 05d9 D6040000 		.4byte	.LASF83
 1068 05dd 05       		.byte	0x5
 1069 05de 9D02     		.2byte	0x29d
 1070 05e0 C8050000 		.4byte	0x5c8
 1071 05e4 05       		.uleb128 0x5
 1072 05e5 03       		.byte	0x3
 1073 05e6 00000000 		.4byte	EE_th_next
 1074 05ea 17       		.uleb128 0x17
 1075 05eb 8D070000 		.4byte	.LASF84
 1076 05ef 05       		.byte	0x5
 1077 05f0 C702     		.2byte	0x2c7
 1078 05f2 A6050000 		.4byte	0x5a6
 1079 05f6 05       		.uleb128 0x5
 1080 05f7 03       		.byte	0x3
 1081 05f8 00000000 		.4byte	EE_th_rnact
 1082 05fc 17       		.uleb128 0x17
 1083 05fd 2A000000 		.4byte	.LASF85
 1084 0601 05       		.byte	0x5
 1085 0602 7703     		.2byte	0x377
 1086 0604 C8050000 		.4byte	0x5c8
 1087 0608 05       		.uleb128 0x5
 1088 0609 03       		.byte	0x3
 1089 060a 00000000 		.4byte	EE_th_terminate_nextask
 1090 060e 17       		.uleb128 0x17
 1091 060f 5A000000 		.4byte	.LASF86
 1092 0613 05       		.byte	0x5
 1093 0614 B902     		.2byte	0x2b9
 1094 0616 E1000000 		.4byte	0xe1
 1095 061a 05       		.uleb128 0x5
 1096 061b 03       		.byte	0x3
 1097 061c 00000000 		.4byte	EE_stkfirst
 1098 0620 17       		.uleb128 0x17
 1099 0621 34070000 		.4byte	.LASF87
 1100 0625 05       		.byte	0x5
 1101 0626 BC02     		.2byte	0x2bc
 1102 0628 B5000000 		.4byte	0xb5
 1103 062c 05       		.uleb128 0x5
 1104 062d 03       		.byte	0x3
 1105 062e 00000000 		.4byte	EE_sys_ceiling
 1106 0632 17       		.uleb128 0x17
 1107 0633 24040000 		.4byte	.LASF88
 1108 0637 05       		.byte	0x5
 1109 0638 FD02     		.2byte	0x2fd
 1110 063a A6050000 		.4byte	0x5a6
 1111 063e 05       		.uleb128 0x5
 1112 063f 03       		.byte	0x3
 1113 0640 00000000 		.4byte	EE_rq_link
 1114 0644 11       		.uleb128 0x11
ARM GAS  C:\Users\abhim\AppData\Local\Temp\ccVVOZUm.s 			page 21


 1115 0645 C0000000 		.4byte	0xc0
 1116 0649 54060000 		.4byte	0x654
 1117 064d 14       		.uleb128 0x14
 1118 064e 80030000 		.4byte	0x380
 1119 0652 0F       		.byte	0xf
 1120 0653 00       		.byte	0
 1121 0654 17       		.uleb128 0x17
 1122 0655 11020000 		.4byte	.LASF89
 1123 0659 05       		.byte	0x5
 1124 065a BF02     		.2byte	0x2bf
 1125 065c 44060000 		.4byte	0x644
 1126 0660 05       		.uleb128 0x5
 1127 0661 03       		.byte	0x3
 1128 0662 00000000 		.4byte	EE_rq_queues_head
 1129 0666 17       		.uleb128 0x17
 1130 0667 55060000 		.4byte	.LASF90
 1131 066b 05       		.byte	0x5
 1132 066c C102     		.2byte	0x2c1
 1133 066e 44060000 		.4byte	0x644
 1134 0672 05       		.uleb128 0x5
 1135 0673 03       		.byte	0x3
 1136 0674 00000000 		.4byte	EE_rq_queues_tail
 1137 0678 11       		.uleb128 0x11
 1138 0679 C0000000 		.4byte	0xc0
 1139 067d 88060000 		.4byte	0x688
 1140 0681 14       		.uleb128 0x14
 1141 0682 80030000 		.4byte	0x380
 1142 0686 03       		.byte	0x3
 1143 0687 00       		.byte	0
 1144 0688 17       		.uleb128 0x17
 1145 0689 F4000000 		.4byte	.LASF91
 1146 068d 05       		.byte	0x5
 1147 068e 1B03     		.2byte	0x31b
 1148 0690 78060000 		.4byte	0x678
 1149 0694 05       		.uleb128 0x5
 1150 0695 03       		.byte	0x3
 1151 0696 00000000 		.4byte	EE_rq_pairs_next
 1152 069a 17       		.uleb128 0x17
 1153 069b 99070000 		.4byte	.LASF92
 1154 069f 05       		.byte	0x5
 1155 06a0 7003     		.2byte	0x370
 1156 06a2 C8050000 		.4byte	0x5c8
 1157 06a6 05       		.uleb128 0x5
 1158 06a7 03       		.byte	0x3
 1159 06a8 00000000 		.4byte	EE_rq_pairs_tid
 1160 06ac 17       		.uleb128 0x17
 1161 06ad 8C060000 		.4byte	.LASF93
 1162 06b1 05       		.byte	0x5
 1163 06b2 C402     		.2byte	0x2c4
 1164 06b4 05010000 		.4byte	0x105
 1165 06b8 05       		.uleb128 0x5
 1166 06b9 03       		.byte	0x3
 1167 06ba 00000000 		.4byte	EE_rq_bitmask
 1168 06be 17       		.uleb128 0x17
 1169 06bf 19040000 		.4byte	.LASF94
 1170 06c3 05       		.byte	0x5
 1171 06c4 7303     		.2byte	0x373
ARM GAS  C:\Users\abhim\AppData\Local\Temp\ccVVOZUm.s 			page 22


 1172 06c6 C0000000 		.4byte	0xc0
 1173 06ca 05       		.uleb128 0x5
 1174 06cb 03       		.byte	0x3
 1175 06cc 00000000 		.4byte	EE_rq_free
 1176 06d0 17       		.uleb128 0x17
 1177 06d1 E3070000 		.4byte	.LASF95
 1178 06d5 05       		.byte	0x5
 1179 06d6 9A03     		.2byte	0x39a
 1180 06d8 A6050000 		.4byte	0x5a6
 1181 06dc 05       		.uleb128 0x5
 1182 06dd 03       		.byte	0x3
 1183 06de 00000000 		.4byte	EE_th_event_active
 1184 06e2 17       		.uleb128 0x17
 1185 06e3 0E050000 		.4byte	.LASF96
 1186 06e7 05       		.byte	0x5
 1187 06e8 B603     		.2byte	0x3b6
 1188 06ea A6050000 		.4byte	0x5a6
 1189 06ee 05       		.uleb128 0x5
 1190 06ef 03       		.byte	0x3
 1191 06f0 00000000 		.4byte	EE_th_event_waitmask
 1192 06f4 11       		.uleb128 0x11
 1193 06f5 D6000000 		.4byte	0xd6
 1194 06f9 04070000 		.4byte	0x704
 1195 06fd 14       		.uleb128 0x14
 1196 06fe 80030000 		.4byte	0x380
 1197 0702 03       		.byte	0x3
 1198 0703 00       		.byte	0
 1199 0704 17       		.uleb128 0x17
 1200 0705 B5020000 		.4byte	.LASF97
 1201 0709 05       		.byte	0x5
 1202 070a D203     		.2byte	0x3d2
 1203 070c F4060000 		.4byte	0x6f4
 1204 0710 05       		.uleb128 0x5
 1205 0711 03       		.byte	0x3
 1206 0712 00000000 		.4byte	EE_th_waswaiting
 1207 0716 17       		.uleb128 0x17
 1208 0717 2E080000 		.4byte	.LASF98
 1209 071b 05       		.byte	0x5
 1210 071c EE03     		.2byte	0x3ee
 1211 071e 28070000 		.4byte	0x728
 1212 0722 05       		.uleb128 0x5
 1213 0723 03       		.byte	0x3
 1214 0724 00000000 		.4byte	EE_th_is_extended
 1215 0728 13       		.uleb128 0x13
 1216 0729 5D040000 		.4byte	0x45d
 1217 072d 11       		.uleb128 0x11
 1218 072e D9030000 		.4byte	0x3d9
 1219 0732 3D070000 		.4byte	0x73d
 1220 0736 14       		.uleb128 0x14
 1221 0737 80030000 		.4byte	0x380
 1222 073b 00       		.byte	0
 1223 073c 00       		.byte	0
 1224 073d 17       		.uleb128 0x17
 1225 073e 48080000 		.4byte	.LASF99
 1226 0742 05       		.byte	0x5
 1227 0743 B504     		.2byte	0x4b5
 1228 0745 4F070000 		.4byte	0x74f
ARM GAS  C:\Users\abhim\AppData\Local\Temp\ccVVOZUm.s 			page 23


 1229 0749 05       		.uleb128 0x5
 1230 074a 03       		.byte	0x3
 1231 074b 00000000 		.4byte	EE_resource_ceiling
 1232 074f 13       		.uleb128 0x13
 1233 0750 2D070000 		.4byte	0x72d
 1234 0754 11       		.uleb128 0x11
 1235 0755 B5000000 		.4byte	0xb5
 1236 0759 64070000 		.4byte	0x764
 1237 075d 14       		.uleb128 0x14
 1238 075e 80030000 		.4byte	0x380
 1239 0762 00       		.byte	0
 1240 0763 00       		.byte	0
 1241 0764 17       		.uleb128 0x17
 1242 0765 E5010000 		.4byte	.LASF100
 1243 0769 05       		.byte	0x5
 1244 076a F404     		.2byte	0x4f4
 1245 076c 54070000 		.4byte	0x754
 1246 0770 05       		.uleb128 0x5
 1247 0771 03       		.byte	0x3
 1248 0772 00000000 		.4byte	EE_resource_oldceiling
 1249 0776 11       		.uleb128 0x11
 1250 0777 D6000000 		.4byte	0xd6
 1251 077b 86070000 		.4byte	0x786
 1252 077f 14       		.uleb128 0x14
 1253 0780 80030000 		.4byte	0x380
 1254 0784 00       		.byte	0
 1255 0785 00       		.byte	0
 1256 0786 17       		.uleb128 0x17
 1257 0787 13080000 		.4byte	.LASF101
 1258 078b 05       		.byte	0x5
 1259 078c 9404     		.2byte	0x494
 1260 078e 76070000 		.4byte	0x776
 1261 0792 05       		.uleb128 0x5
 1262 0793 03       		.byte	0x3
 1263 0794 00000000 		.4byte	EE_resource_locked
 1264 0798 17       		.uleb128 0x17
 1265 0799 11000000 		.4byte	.LASF102
 1266 079d 05       		.byte	0x5
 1267 079e 3704     		.2byte	0x437
 1268 07a0 A6050000 		.4byte	0x5a6
 1269 07a4 05       		.uleb128 0x5
 1270 07a5 03       		.byte	0x3
 1271 07a6 00000000 		.4byte	EE_th_resource_last
 1272 07aa 17       		.uleb128 0x17
 1273 07ab 9A060000 		.4byte	.LASF103
 1274 07af 05       		.byte	0x5
 1275 07b0 7004     		.2byte	0x470
 1276 07b2 54070000 		.4byte	0x754
 1277 07b6 05       		.uleb128 0x5
 1278 07b7 03       		.byte	0x3
 1279 07b8 00000000 		.4byte	EE_resource_stack
 1280 07bc 11       		.uleb128 0x11
 1281 07bd CC070000 		.4byte	0x7cc
 1282 07c1 CC070000 		.4byte	0x7cc
 1283 07c5 14       		.uleb128 0x14
 1284 07c6 80030000 		.4byte	0x380
 1285 07ca 00       		.byte	0
ARM GAS  C:\Users\abhim\AppData\Local\Temp\ccVVOZUm.s 			page 24


 1286 07cb 00       		.byte	0
 1287 07cc 13       		.uleb128 0x13
 1288 07cd 8A010000 		.4byte	0x18a
 1289 07d1 17       		.uleb128 0x17
 1290 07d2 67040000 		.4byte	.LASF104
 1291 07d6 05       		.byte	0x5
 1292 07d7 FF05     		.2byte	0x5ff
 1293 07d9 E3070000 		.4byte	0x7e3
 1294 07dd 05       		.uleb128 0x5
 1295 07de 03       		.byte	0x3
 1296 07df 00000000 		.4byte	EE_counter_ROM
 1297 07e3 13       		.uleb128 0x13
 1298 07e4 BC070000 		.4byte	0x7bc
 1299 07e8 11       		.uleb128 0x11
 1300 07e9 F8070000 		.4byte	0x7f8
 1301 07ed F8070000 		.4byte	0x7f8
 1302 07f1 14       		.uleb128 0x14
 1303 07f2 80030000 		.4byte	0x380
 1304 07f6 00       		.byte	0
 1305 07f7 00       		.byte	0
 1306 07f8 13       		.uleb128 0x13
 1307 07f9 27020000 		.4byte	0x227
 1308 07fd 17       		.uleb128 0x17
 1309 07fe AD030000 		.4byte	.LASF105
 1310 0802 05       		.byte	0x5
 1311 0803 9606     		.2byte	0x696
 1312 0805 0F080000 		.4byte	0x80f
 1313 0809 05       		.uleb128 0x5
 1314 080a 03       		.byte	0x3
 1315 080b 00000000 		.4byte	EE_oo_counter_object_ROM
 1316 080f 13       		.uleb128 0x13
 1317 0810 E8070000 		.4byte	0x7e8
 1318 0814 11       		.uleb128 0x11
 1319 0815 24080000 		.4byte	0x824
 1320 0819 24080000 		.4byte	0x824
 1321 081d 14       		.uleb128 0x14
 1322 081e 80030000 		.4byte	0x380
 1323 0822 00       		.byte	0
 1324 0823 00       		.byte	0
 1325 0824 13       		.uleb128 0x13
 1326 0825 04030000 		.4byte	0x304
 1327 0829 17       		.uleb128 0x17
 1328 082a E3030000 		.4byte	.LASF106
 1329 082e 05       		.byte	0x5
 1330 082f BA06     		.2byte	0x6ba
 1331 0831 3B080000 		.4byte	0x83b
 1332 0835 05       		.uleb128 0x5
 1333 0836 03       		.byte	0x3
 1334 0837 00000000 		.4byte	EE_oo_action_ROM
 1335 083b 13       		.uleb128 0x13
 1336 083c 14080000 		.4byte	0x814
 1337 0840 11       		.uleb128 0x11
 1338 0841 50080000 		.4byte	0x850
 1339 0845 50080000 		.4byte	0x850
 1340 0849 14       		.uleb128 0x14
 1341 084a 80030000 		.4byte	0x380
 1342 084e 00       		.byte	0
ARM GAS  C:\Users\abhim\AppData\Local\Temp\ccVVOZUm.s 			page 25


 1343 084f 00       		.byte	0
 1344 0850 13       		.uleb128 0x13
 1345 0851 27030000 		.4byte	0x327
 1346 0855 17       		.uleb128 0x17
 1347 0856 A9010000 		.4byte	.LASF107
 1348 085a 05       		.byte	0x5
 1349 085b 2006     		.2byte	0x620
 1350 085d 67080000 		.4byte	0x867
 1351 0861 05       		.uleb128 0x5
 1352 0862 03       		.byte	0x3
 1353 0863 00000000 		.4byte	EE_alarm_ROM
 1354 0867 13       		.uleb128 0x13
 1355 0868 40080000 		.4byte	0x840
 1356 086c 11       		.uleb128 0x11
 1357 086d BA010000 		.4byte	0x1ba
 1358 0871 7C080000 		.4byte	0x87c
 1359 0875 14       		.uleb128 0x14
 1360 0876 80030000 		.4byte	0x380
 1361 087a 00       		.byte	0
 1362 087b 00       		.byte	0
 1363 087c 17       		.uleb128 0x17
 1364 087d FA060000 		.4byte	.LASF108
 1365 0881 05       		.byte	0x5
 1366 0882 0C06     		.2byte	0x60c
 1367 0884 6C080000 		.4byte	0x86c
 1368 0888 05       		.uleb128 0x5
 1369 0889 03       		.byte	0x3
 1370 088a 00000000 		.4byte	EE_counter_RAM
 1371 088e 11       		.uleb128 0x11
 1372 088f 71020000 		.4byte	0x271
 1373 0893 9E080000 		.4byte	0x89e
 1374 0897 14       		.uleb128 0x14
 1375 0898 80030000 		.4byte	0x380
 1376 089c 00       		.byte	0
 1377 089d 00       		.byte	0
 1378 089e 17       		.uleb128 0x17
 1379 089f 54070000 		.4byte	.LASF109
 1380 08a3 05       		.byte	0x5
 1381 08a4 B106     		.2byte	0x6b1
 1382 08a6 8E080000 		.4byte	0x88e
 1383 08aa 05       		.uleb128 0x5
 1384 08ab 03       		.byte	0x3
 1385 08ac 00000000 		.4byte	EE_oo_counter_object_RAM
 1386 08b0 11       		.uleb128 0x11
 1387 08b1 C0080000 		.4byte	0x8c0
 1388 08b5 C0080000 		.4byte	0x8c0
 1389 08b9 14       		.uleb128 0x14
 1390 08ba 80030000 		.4byte	0x380
 1391 08be 00       		.byte	0
 1392 08bf 00       		.byte	0
 1393 08c0 13       		.uleb128 0x13
 1394 08c1 33030000 		.4byte	0x333
 1395 08c5 17       		.uleb128 0x17
 1396 08c6 23050000 		.4byte	.LASF110
 1397 08ca 05       		.byte	0x5
 1398 08cb 9607     		.2byte	0x796
 1399 08cd D7080000 		.4byte	0x8d7
ARM GAS  C:\Users\abhim\AppData\Local\Temp\ccVVOZUm.s 			page 26


 1400 08d1 05       		.uleb128 0x5
 1401 08d2 03       		.byte	0x3
 1402 08d3 00000000 		.4byte	EE_oo_autostart_task_data
 1403 08d7 13       		.uleb128 0x13
 1404 08d8 B0080000 		.4byte	0x8b0
 1405 08dc 18       		.uleb128 0x18
 1406 08dd F8020000 		.4byte	.LASF111
 1407 08e1 06       		.byte	0x6
 1408 08e2 40       		.byte	0x40
 1409 08e3 B5000000 		.4byte	0xb5
 1410 08e7 18       		.uleb128 0x18
 1411 08e8 23020000 		.4byte	.LASF112
 1412 08ec 06       		.byte	0x6
 1413 08ed 47       		.byte	0x47
 1414 08ee CB000000 		.4byte	0xcb
 1415 08f2 17       		.uleb128 0x17
 1416 08f3 D0030000 		.4byte	.LASF113
 1417 08f7 05       		.byte	0x5
 1418 08f8 5C07     		.2byte	0x75c
 1419 08fa B5000000 		.4byte	0xb5
 1420 08fe 05       		.uleb128 0x5
 1421 08ff 03       		.byte	0x3
 1422 0900 00000000 		.4byte	EE_ApplicationMode
 1423 0904 18       		.uleb128 0x18
 1424 0905 3C020000 		.4byte	.LASF114
 1425 0909 07       		.byte	0x7
 1426 090a 48       		.byte	0x48
 1427 090b E1000000 		.4byte	0xe1
 1428 090f 18       		.uleb128 0x18
 1429 0910 A9070000 		.4byte	.LASF115
 1430 0914 08       		.byte	0x8
 1431 0915 44       		.byte	0x44
 1432 0916 B5000000 		.4byte	0xb5
 1433 091a 16       		.uleb128 0x16
 1434 091b 7D000000 		.4byte	.LASF116
 1435 091f 05       		.byte	0x5
 1436 0920 AD       		.byte	0xad
 1437 0921 EC000000 		.4byte	0xec
 1438 0925 05       		.uleb128 0x5
 1439 0926 03       		.byte	0x3
 1440 0927 00000000 		.4byte	EE_cortex_mx_IRQ_tos
 1441 092b 11       		.uleb128 0x11
 1442 092c 55000000 		.4byte	0x55
 1443 0930 3C090000 		.4byte	0x93c
 1444 0934 19       		.uleb128 0x19
 1445 0935 80030000 		.4byte	0x380
 1446 0939 FF07     		.2byte	0x7ff
 1447 093b 00       		.byte	0
 1448 093c 16       		.uleb128 0x16
 1449 093d 3D050000 		.4byte	.LASF117
 1450 0941 05       		.byte	0x5
 1451 0942 19       		.byte	0x19
 1452 0943 2B090000 		.4byte	0x92b
 1453 0947 05       		.uleb128 0x5
 1454 0948 03       		.byte	0x3
 1455 0949 00000000 		.4byte	EE_cortex_mx_stack_3
 1456 094d 16       		.uleb128 0x16
ARM GAS  C:\Users\abhim\AppData\Local\Temp\ccVVOZUm.s 			page 27


 1457 094e 66030000 		.4byte	.LASF118
 1458 0952 05       		.byte	0x5
 1459 0953 1D       		.byte	0x1d
 1460 0954 2B090000 		.4byte	0x92b
 1461 0958 05       		.uleb128 0x5
 1462 0959 03       		.byte	0x3
 1463 095a 00000000 		.4byte	EE_cortex_mx_stack_4
 1464 095e 11       		.uleb128 0x11
 1465 095f 55000000 		.4byte	0x55
 1466 0963 6E090000 		.4byte	0x96e
 1467 0967 14       		.uleb128 0x14
 1468 0968 80030000 		.4byte	0x380
 1469 096c 7F       		.byte	0x7f
 1470 096d 00       		.byte	0
 1471 096e 16       		.uleb128 0x16
 1472 096f 7B030000 		.4byte	.LASF119
 1473 0973 05       		.byte	0x5
 1474 0974 32       		.byte	0x32
 1475 0975 5E090000 		.4byte	0x95e
 1476 0979 05       		.uleb128 0x5
 1477 097a 03       		.byte	0x3
 1478 097b 00000000 		.4byte	EE_cortex_mx_stack_9
 1479 097f 00       		.byte	0
 1480              		.section	.debug_abbrev,"",%progbits
 1481              	.Ldebug_abbrev0:
 1482 0000 01       		.uleb128 0x1
 1483 0001 11       		.uleb128 0x11
 1484 0002 01       		.byte	0x1
 1485 0003 25       		.uleb128 0x25
 1486 0004 0E       		.uleb128 0xe
 1487 0005 13       		.uleb128 0x13
 1488 0006 0B       		.uleb128 0xb
 1489 0007 03       		.uleb128 0x3
 1490 0008 0E       		.uleb128 0xe
 1491 0009 1B       		.uleb128 0x1b
 1492 000a 0E       		.uleb128 0xe
 1493 000b 10       		.uleb128 0x10
 1494 000c 17       		.uleb128 0x17
 1495 000d 00       		.byte	0
 1496 000e 00       		.byte	0
 1497 000f 02       		.uleb128 0x2
 1498 0010 24       		.uleb128 0x24
 1499 0011 00       		.byte	0
 1500 0012 0B       		.uleb128 0xb
 1501 0013 0B       		.uleb128 0xb
 1502 0014 3E       		.uleb128 0x3e
 1503 0015 0B       		.uleb128 0xb
 1504 0016 03       		.uleb128 0x3
 1505 0017 0E       		.uleb128 0xe
 1506 0018 00       		.byte	0
 1507 0019 00       		.byte	0
 1508 001a 03       		.uleb128 0x3
 1509 001b 24       		.uleb128 0x24
 1510 001c 00       		.byte	0
 1511 001d 0B       		.uleb128 0xb
 1512 001e 0B       		.uleb128 0xb
 1513 001f 3E       		.uleb128 0x3e
ARM GAS  C:\Users\abhim\AppData\Local\Temp\ccVVOZUm.s 			page 28


 1514 0020 0B       		.uleb128 0xb
 1515 0021 03       		.uleb128 0x3
 1516 0022 08       		.uleb128 0x8
 1517 0023 00       		.byte	0
 1518 0024 00       		.byte	0
 1519 0025 04       		.uleb128 0x4
 1520 0026 16       		.uleb128 0x16
 1521 0027 00       		.byte	0
 1522 0028 03       		.uleb128 0x3
 1523 0029 0E       		.uleb128 0xe
 1524 002a 3A       		.uleb128 0x3a
 1525 002b 0B       		.uleb128 0xb
 1526 002c 3B       		.uleb128 0x3b
 1527 002d 0B       		.uleb128 0xb
 1528 002e 49       		.uleb128 0x49
 1529 002f 13       		.uleb128 0x13
 1530 0030 00       		.byte	0
 1531 0031 00       		.byte	0
 1532 0032 05       		.uleb128 0x5
 1533 0033 0F       		.uleb128 0xf
 1534 0034 00       		.byte	0
 1535 0035 0B       		.uleb128 0xb
 1536 0036 0B       		.uleb128 0xb
 1537 0037 00       		.byte	0
 1538 0038 00       		.byte	0
 1539 0039 06       		.uleb128 0x6
 1540 003a 0F       		.uleb128 0xf
 1541 003b 00       		.byte	0
 1542 003c 0B       		.uleb128 0xb
 1543 003d 0B       		.uleb128 0xb
 1544 003e 49       		.uleb128 0x49
 1545 003f 13       		.uleb128 0x13
 1546 0040 00       		.byte	0
 1547 0041 00       		.byte	0
 1548 0042 07       		.uleb128 0x7
 1549 0043 15       		.uleb128 0x15
 1550 0044 00       		.byte	0
 1551 0045 27       		.uleb128 0x27
 1552 0046 19       		.uleb128 0x19
 1553 0047 00       		.byte	0
 1554 0048 00       		.byte	0
 1555 0049 08       		.uleb128 0x8
 1556 004a 13       		.uleb128 0x13
 1557 004b 01       		.byte	0x1
 1558 004c 03       		.uleb128 0x3
 1559 004d 0E       		.uleb128 0xe
 1560 004e 0B       		.uleb128 0xb
 1561 004f 0B       		.uleb128 0xb
 1562 0050 3A       		.uleb128 0x3a
 1563 0051 0B       		.uleb128 0xb
 1564 0052 3B       		.uleb128 0x3b
 1565 0053 0B       		.uleb128 0xb
 1566 0054 01       		.uleb128 0x1
 1567 0055 13       		.uleb128 0x13
 1568 0056 00       		.byte	0
 1569 0057 00       		.byte	0
 1570 0058 09       		.uleb128 0x9
ARM GAS  C:\Users\abhim\AppData\Local\Temp\ccVVOZUm.s 			page 29


 1571 0059 0D       		.uleb128 0xd
 1572 005a 00       		.byte	0
 1573 005b 03       		.uleb128 0x3
 1574 005c 0E       		.uleb128 0xe
 1575 005d 3A       		.uleb128 0x3a
 1576 005e 0B       		.uleb128 0xb
 1577 005f 3B       		.uleb128 0x3b
 1578 0060 0B       		.uleb128 0xb
 1579 0061 49       		.uleb128 0x49
 1580 0062 13       		.uleb128 0x13
 1581 0063 38       		.uleb128 0x38
 1582 0064 0B       		.uleb128 0xb
 1583 0065 00       		.byte	0
 1584 0066 00       		.byte	0
 1585 0067 0A       		.uleb128 0xa
 1586 0068 16       		.uleb128 0x16
 1587 0069 00       		.byte	0
 1588 006a 03       		.uleb128 0x3
 1589 006b 0E       		.uleb128 0xe
 1590 006c 3A       		.uleb128 0x3a
 1591 006d 0B       		.uleb128 0xb
 1592 006e 3B       		.uleb128 0x3b
 1593 006f 05       		.uleb128 0x5
 1594 0070 49       		.uleb128 0x49
 1595 0071 13       		.uleb128 0x13
 1596 0072 00       		.byte	0
 1597 0073 00       		.byte	0
 1598 0074 0B       		.uleb128 0xb
 1599 0075 13       		.uleb128 0x13
 1600 0076 01       		.byte	0x1
 1601 0077 0B       		.uleb128 0xb
 1602 0078 0B       		.uleb128 0xb
 1603 0079 3A       		.uleb128 0x3a
 1604 007a 0B       		.uleb128 0xb
 1605 007b 3B       		.uleb128 0x3b
 1606 007c 05       		.uleb128 0x5
 1607 007d 01       		.uleb128 0x1
 1608 007e 13       		.uleb128 0x13
 1609 007f 00       		.byte	0
 1610 0080 00       		.byte	0
 1611 0081 0C       		.uleb128 0xc
 1612 0082 0D       		.uleb128 0xd
 1613 0083 00       		.byte	0
 1614 0084 03       		.uleb128 0x3
 1615 0085 0E       		.uleb128 0xe
 1616 0086 3A       		.uleb128 0x3a
 1617 0087 0B       		.uleb128 0xb
 1618 0088 3B       		.uleb128 0x3b
 1619 0089 05       		.uleb128 0x5
 1620 008a 49       		.uleb128 0x49
 1621 008b 13       		.uleb128 0x13
 1622 008c 38       		.uleb128 0x38
 1623 008d 0B       		.uleb128 0xb
 1624 008e 00       		.byte	0
 1625 008f 00       		.byte	0
 1626 0090 0D       		.uleb128 0xd
 1627 0091 04       		.uleb128 0x4
ARM GAS  C:\Users\abhim\AppData\Local\Temp\ccVVOZUm.s 			page 30


 1628 0092 01       		.byte	0x1
 1629 0093 0B       		.uleb128 0xb
 1630 0094 0B       		.uleb128 0xb
 1631 0095 49       		.uleb128 0x49
 1632 0096 13       		.uleb128 0x13
 1633 0097 3A       		.uleb128 0x3a
 1634 0098 0B       		.uleb128 0xb
 1635 0099 3B       		.uleb128 0x3b
 1636 009a 05       		.uleb128 0x5
 1637 009b 01       		.uleb128 0x1
 1638 009c 13       		.uleb128 0x13
 1639 009d 00       		.byte	0
 1640 009e 00       		.byte	0
 1641 009f 0E       		.uleb128 0xe
 1642 00a0 28       		.uleb128 0x28
 1643 00a1 00       		.byte	0
 1644 00a2 03       		.uleb128 0x3
 1645 00a3 0E       		.uleb128 0xe
 1646 00a4 1C       		.uleb128 0x1c
 1647 00a5 0B       		.uleb128 0xb
 1648 00a6 00       		.byte	0
 1649 00a7 00       		.byte	0
 1650 00a8 0F       		.uleb128 0xf
 1651 00a9 0D       		.uleb128 0xd
 1652 00aa 00       		.byte	0
 1653 00ab 03       		.uleb128 0x3
 1654 00ac 08       		.uleb128 0x8
 1655 00ad 3A       		.uleb128 0x3a
 1656 00ae 0B       		.uleb128 0xb
 1657 00af 3B       		.uleb128 0x3b
 1658 00b0 05       		.uleb128 0x5
 1659 00b1 49       		.uleb128 0x49
 1660 00b2 13       		.uleb128 0x13
 1661 00b3 38       		.uleb128 0x38
 1662 00b4 0B       		.uleb128 0xb
 1663 00b5 00       		.byte	0
 1664 00b6 00       		.byte	0
 1665 00b7 10       		.uleb128 0x10
 1666 00b8 13       		.uleb128 0x13
 1667 00b9 01       		.byte	0x1
 1668 00ba 03       		.uleb128 0x3
 1669 00bb 0E       		.uleb128 0xe
 1670 00bc 0B       		.uleb128 0xb
 1671 00bd 0B       		.uleb128 0xb
 1672 00be 3A       		.uleb128 0x3a
 1673 00bf 0B       		.uleb128 0xb
 1674 00c0 3B       		.uleb128 0x3b
 1675 00c1 05       		.uleb128 0x5
 1676 00c2 01       		.uleb128 0x1
 1677 00c3 13       		.uleb128 0x13
 1678 00c4 00       		.byte	0
 1679 00c5 00       		.byte	0
 1680 00c6 11       		.uleb128 0x11
 1681 00c7 01       		.uleb128 0x1
 1682 00c8 01       		.byte	0x1
 1683 00c9 49       		.uleb128 0x49
 1684 00ca 13       		.uleb128 0x13
ARM GAS  C:\Users\abhim\AppData\Local\Temp\ccVVOZUm.s 			page 31


 1685 00cb 01       		.uleb128 0x1
 1686 00cc 13       		.uleb128 0x13
 1687 00cd 00       		.byte	0
 1688 00ce 00       		.byte	0
 1689 00cf 12       		.uleb128 0x12
 1690 00d0 21       		.uleb128 0x21
 1691 00d1 00       		.byte	0
 1692 00d2 00       		.byte	0
 1693 00d3 00       		.byte	0
 1694 00d4 13       		.uleb128 0x13
 1695 00d5 26       		.uleb128 0x26
 1696 00d6 00       		.byte	0
 1697 00d7 49       		.uleb128 0x49
 1698 00d8 13       		.uleb128 0x13
 1699 00d9 00       		.byte	0
 1700 00da 00       		.byte	0
 1701 00db 14       		.uleb128 0x14
 1702 00dc 21       		.uleb128 0x21
 1703 00dd 00       		.byte	0
 1704 00de 49       		.uleb128 0x49
 1705 00df 13       		.uleb128 0x13
 1706 00e0 2F       		.uleb128 0x2f
 1707 00e1 0B       		.uleb128 0xb
 1708 00e2 00       		.byte	0
 1709 00e3 00       		.byte	0
 1710 00e4 15       		.uleb128 0x15
 1711 00e5 34       		.uleb128 0x34
 1712 00e6 00       		.byte	0
 1713 00e7 03       		.uleb128 0x3
 1714 00e8 0E       		.uleb128 0xe
 1715 00e9 3A       		.uleb128 0x3a
 1716 00ea 0B       		.uleb128 0xb
 1717 00eb 3B       		.uleb128 0x3b
 1718 00ec 05       		.uleb128 0x5
 1719 00ed 49       		.uleb128 0x49
 1720 00ee 13       		.uleb128 0x13
 1721 00ef 02       		.uleb128 0x2
 1722 00f0 18       		.uleb128 0x18
 1723 00f1 00       		.byte	0
 1724 00f2 00       		.byte	0
 1725 00f3 16       		.uleb128 0x16
 1726 00f4 34       		.uleb128 0x34
 1727 00f5 00       		.byte	0
 1728 00f6 03       		.uleb128 0x3
 1729 00f7 0E       		.uleb128 0xe
 1730 00f8 3A       		.uleb128 0x3a
 1731 00f9 0B       		.uleb128 0xb
 1732 00fa 3B       		.uleb128 0x3b
 1733 00fb 0B       		.uleb128 0xb
 1734 00fc 49       		.uleb128 0x49
 1735 00fd 13       		.uleb128 0x13
 1736 00fe 3F       		.uleb128 0x3f
 1737 00ff 19       		.uleb128 0x19
 1738 0100 02       		.uleb128 0x2
 1739 0101 18       		.uleb128 0x18
 1740 0102 00       		.byte	0
 1741 0103 00       		.byte	0
ARM GAS  C:\Users\abhim\AppData\Local\Temp\ccVVOZUm.s 			page 32


 1742 0104 17       		.uleb128 0x17
 1743 0105 34       		.uleb128 0x34
 1744 0106 00       		.byte	0
 1745 0107 03       		.uleb128 0x3
 1746 0108 0E       		.uleb128 0xe
 1747 0109 3A       		.uleb128 0x3a
 1748 010a 0B       		.uleb128 0xb
 1749 010b 3B       		.uleb128 0x3b
 1750 010c 05       		.uleb128 0x5
 1751 010d 49       		.uleb128 0x49
 1752 010e 13       		.uleb128 0x13
 1753 010f 3F       		.uleb128 0x3f
 1754 0110 19       		.uleb128 0x19
 1755 0111 02       		.uleb128 0x2
 1756 0112 18       		.uleb128 0x18
 1757 0113 00       		.byte	0
 1758 0114 00       		.byte	0
 1759 0115 18       		.uleb128 0x18
 1760 0116 34       		.uleb128 0x34
 1761 0117 00       		.byte	0
 1762 0118 03       		.uleb128 0x3
 1763 0119 0E       		.uleb128 0xe
 1764 011a 3A       		.uleb128 0x3a
 1765 011b 0B       		.uleb128 0xb
 1766 011c 3B       		.uleb128 0x3b
 1767 011d 0B       		.uleb128 0xb
 1768 011e 49       		.uleb128 0x49
 1769 011f 13       		.uleb128 0x13
 1770 0120 3F       		.uleb128 0x3f
 1771 0121 19       		.uleb128 0x19
 1772 0122 3C       		.uleb128 0x3c
 1773 0123 19       		.uleb128 0x19
 1774 0124 00       		.byte	0
 1775 0125 00       		.byte	0
 1776 0126 19       		.uleb128 0x19
 1777 0127 21       		.uleb128 0x21
 1778 0128 00       		.byte	0
 1779 0129 49       		.uleb128 0x49
 1780 012a 13       		.uleb128 0x13
 1781 012b 2F       		.uleb128 0x2f
 1782 012c 05       		.uleb128 0x5
 1783 012d 00       		.byte	0
 1784 012e 00       		.byte	0
 1785 012f 00       		.byte	0
 1786              		.section	.debug_aranges,"",%progbits
 1787 0000 14000000 		.4byte	0x14
 1788 0004 0200     		.2byte	0x2
 1789 0006 00000000 		.4byte	.Ldebug_info0
 1790 000a 04       		.byte	0x4
 1791 000b 00       		.byte	0
 1792 000c 0000     		.2byte	0
 1793 000e 0000     		.2byte	0
 1794 0010 00000000 		.4byte	0
 1795 0014 00000000 		.4byte	0
 1796              		.section	.debug_line,"",%progbits
 1797              	.Ldebug_line0:
 1798 0000 28010000 		.section	.debug_str,"MS",%progbits,1
ARM GAS  C:\Users\abhim\AppData\Local\Temp\ccVVOZUm.s 			page 33


 1798      02002201 
 1798      00000201 
 1798      FB0E0D00 
 1798      01010101 
 1799              	.LASF78:
 1800 0000 45455F52 		.ascii	"EE_RESOURCE_NAME\000"
 1800      45534F55 
 1800      5243455F 
 1800      4E414D45 
 1800      00
 1801              	.LASF102:
 1802 0011 45455F74 		.ascii	"EE_th_resource_last\000"
 1802      685F7265 
 1802      736F7572 
 1802      63655F6C 
 1802      61737400 
 1803              	.LASF46:
 1804 0025 6E657874 		.ascii	"next\000"
 1804      00
 1805              	.LASF85:
 1806 002a 45455F74 		.ascii	"EE_th_terminate_nextask\000"
 1806      685F7465 
 1806      726D696E 
 1806      6174655F 
 1806      6E657874 
 1807              	.LASF24:
 1808 0042 5469636B 		.ascii	"TickType\000"
 1808      54797065 
 1808      00
 1809              	.LASF79:
 1810 004b 45455F52 		.ascii	"EE_RESOURCE_ID\000"
 1810      45534F55 
 1810      5243455F 
 1810      494400
 1811              	.LASF86:
 1812 005a 45455F73 		.ascii	"EE_stkfirst\000"
 1812      746B6669 
 1812      72737400 
 1813              	.LASF26:
 1814 0066 41637469 		.ascii	"ActionType\000"
 1814      6F6E5479 
 1814      706500
 1815              	.LASF19:
 1816 0071 45455F54 		.ascii	"EE_TYPEBOOL\000"
 1816      59504542 
 1816      4F4F4C00 
 1817              	.LASF116:
 1818 007d 45455F63 		.ascii	"EE_cortex_mx_IRQ_tos\000"
 1818      6F727465 
 1818      785F6D78 
 1818      5F495251 
 1818      5F746F73 
 1819              	.LASF7:
 1820 0092 6C6F6E67 		.ascii	"long long unsigned int\000"
 1820      206C6F6E 
 1820      6720756E 
 1820      7369676E 
ARM GAS  C:\Users\abhim\AppData\Local\Temp\ccVVOZUm.s 			page 34


 1820      65642069 
 1821              	.LASF45:
 1822 00a9 64656C74 		.ascii	"delta\000"
 1822      6100
 1823              	.LASF121:
 1824 00af 47656E65 		.ascii	"Generated_Source\\PSoC5\\ErikaOS_eecfg.c\000"
 1824      72617465 
 1824      645F536F 
 1824      75726365 
 1824      5C50536F 
 1825              	.LASF42:
 1826 00d6 45455F6F 		.ascii	"EE_oo_counter_object_ROM_type\000"
 1826      6F5F636F 
 1826      756E7465 
 1826      725F6F62 
 1826      6A656374 
 1827              	.LASF91:
 1828 00f4 45455F72 		.ascii	"EE_rq_pairs_next\000"
 1828      715F7061 
 1828      6972735F 
 1828      6E657874 
 1828      00
 1829              	.LASF22:
 1830 0105 5461736B 		.ascii	"TaskType\000"
 1830      54797065 
 1830      00
 1831              	.LASF61:
 1832 010e 45455F54 		.ascii	"EE_TOS\000"
 1832      4F5300
 1833              	.LASF29:
 1834 0115 6D617861 		.ascii	"maxallowedvalue\000"
 1834      6C6C6F77 
 1834      65647661 
 1834      6C756500 
 1835              	.LASF123:
 1836 0125 45455F6F 		.ascii	"EE_oo_autostart_task_mode_OSDEFAULTAPPMODE\000"
 1836      6F5F6175 
 1836      746F7374 
 1836      6172745F 
 1836      7461736B 
 1837              	.LASF81:
 1838 0150 45455F41 		.ascii	"EE_ALARM_ID\000"
 1838      4C41524D 
 1838      5F494400 
 1839              	.LASF6:
 1840 015c 6C6F6E67 		.ascii	"long long int\000"
 1840      206C6F6E 
 1840      6720696E 
 1840      7400
 1841              	.LASF0:
 1842 016a 7369676E 		.ascii	"signed char\000"
 1842      65642063 
 1842      68617200 
 1843              	.LASF52:
 1844 0176 45455F6F 		.ascii	"EE_oo_action_kind_type\000"
 1844      6F5F6163 
 1844      74696F6E 
ARM GAS  C:\Users\abhim\AppData\Local\Temp\ccVVOZUm.s 			page 35


 1844      5F6B696E 
 1844      645F7479 
 1845              	.LASF23:
 1846 018d 4576656E 		.ascii	"EventMaskType\000"
 1846      744D6173 
 1846      6B547970 
 1846      6500
 1847              	.LASF76:
 1848 019b 45455F45 		.ascii	"EE_EVENT_NAME\000"
 1848      56454E54 
 1848      5F4E414D 
 1848      4500
 1849              	.LASF107:
 1850 01a9 45455F61 		.ascii	"EE_alarm_ROM\000"
 1850      6C61726D 
 1850      5F524F4D 
 1850      00
 1851              	.LASF70:
 1852 01b6 45455F63 		.ascii	"EE_cortex_mx_active_tos\000"
 1852      6F727465 
 1852      785F6D78 
 1852      5F616374 
 1852      6976655F 
 1853              	.LASF35:
 1854 01ce 45455F6F 		.ascii	"EE_oo_counter_RAM_type\000"
 1854      6F5F636F 
 1854      756E7465 
 1854      725F5241 
 1854      4D5F7479 
 1855              	.LASF100:
 1856 01e5 45455F72 		.ascii	"EE_resource_oldceiling\000"
 1856      65736F75 
 1856      7263655F 
 1856      6F6C6463 
 1856      65696C69 
 1857              	.LASF80:
 1858 01fc 45455F45 		.ascii	"EE_EVENT_ID\000"
 1858      56454E54 
 1858      5F494400 
 1859              	.LASF4:
 1860 0208 6C6F6E67 		.ascii	"long int\000"
 1860      20696E74 
 1860      00
 1861              	.LASF89:
 1862 0211 45455F72 		.ascii	"EE_rq_queues_head\000"
 1862      715F7175 
 1862      65756573 
 1862      5F686561 
 1862      6400
 1863              	.LASF112:
 1864 0223 45455F6F 		.ascii	"EE_oo_IRQ_suspend_status\000"
 1864      6F5F4952 
 1864      515F7375 
 1864      7370656E 
 1864      645F7374 
 1865              	.LASF114:
 1866 023c 45455F73 		.ascii	"EE_std_endcycle_next_tid\000"
ARM GAS  C:\Users\abhim\AppData\Local\Temp\ccVVOZUm.s 			page 36


 1866      74645F65 
 1866      6E646379 
 1866      636C655F 
 1866      6E657874 
 1867              	.LASF31:
 1868 0255 6D696E63 		.ascii	"mincycle\000"
 1868      79636C65 
 1868      00
 1869              	.LASF20:
 1870 025e 45455F54 		.ascii	"EE_TID\000"
 1870      494400
 1871              	.LASF33:
 1872 0265 76616C75 		.ascii	"value\000"
 1872      6500
 1873              	.LASF8:
 1874 026b 756E7369 		.ascii	"unsigned int\000"
 1874      676E6564 
 1874      20696E74 
 1874      00
 1875              	.LASF16:
 1876 0278 45455F55 		.ascii	"EE_UREG\000"
 1876      52454700 
 1877              	.LASF60:
 1878 0280 45455F6F 		.ascii	"EE_oo_alarm_ROM_type\000"
 1878      6F5F616C 
 1878      61726D5F 
 1878      524F4D5F 
 1878      74797065 
 1879              	.LASF77:
 1880 0295 45455F41 		.ascii	"EE_ALARM_NAME\000"
 1880      4C41524D 
 1880      5F4E414D 
 1880      4500
 1881              	.LASF5:
 1882 02a3 6C6F6E67 		.ascii	"long unsigned int\000"
 1882      20756E73 
 1882      69676E65 
 1882      6420696E 
 1882      7400
 1883              	.LASF97:
 1884 02b5 45455F74 		.ascii	"EE_th_waswaiting\000"
 1884      685F7761 
 1884      73776169 
 1884      74696E67 
 1884      00
 1885              	.LASF62:
 1886 02c6 45455F6F 		.ascii	"EE_oo_autostart_task_type\000"
 1886      6F5F6175 
 1886      746F7374 
 1886      6172745F 
 1886      7461736B 
 1887              	.LASF41:
 1888 02e0 6B696E64 		.ascii	"kind\000"
 1888      00
 1889              	.LASF3:
 1890 02e5 73686F72 		.ascii	"short unsigned int\000"
 1890      7420756E 
ARM GAS  C:\Users\abhim\AppData\Local\Temp\ccVVOZUm.s 			page 37


 1890      7369676E 
 1890      65642069 
 1890      6E7400
 1891              	.LASF111:
 1892 02f8 45455F6F 		.ascii	"EE_oo_IRQ_disable_count\000"
 1892      6F5F4952 
 1892      515F6469 
 1892      7361626C 
 1892      655F636F 
 1893              	.LASF38:
 1894 0310 45455F6F 		.ascii	"EE_oo_counter_object_kind_type\000"
 1894      6F5F636F 
 1894      756E7465 
 1894      725F6F62 
 1894      6A656374 
 1895              	.LASF82:
 1896 032f 45455F74 		.ascii	"EE_th_status\000"
 1896      685F7374 
 1896      61747573 
 1896      00
 1897              	.LASF39:
 1898 033c 436F756E 		.ascii	"CounterObjectKindType\000"
 1898      7465724F 
 1898      626A6563 
 1898      744B696E 
 1898      64547970 
 1899              	.LASF73:
 1900 0352 45455F74 		.ascii	"EE_th_dispatch_prio\000"
 1900      685F6469 
 1900      73706174 
 1900      63685F70 
 1900      72696F00 
 1901              	.LASF118:
 1902 0366 45455F63 		.ascii	"EE_cortex_mx_stack_4\000"
 1902      6F727465 
 1902      785F6D78 
 1902      5F737461 
 1902      636B5F34 
 1903              	.LASF119:
 1904 037b 45455F63 		.ascii	"EE_cortex_mx_stack_9\000"
 1904      6F727465 
 1904      785F6D78 
 1904      5F737461 
 1904      636B5F39 
 1905              	.LASF14:
 1906 0390 45455F56 		.ascii	"EE_VOID_CALLBACK\000"
 1906      4F49445F 
 1906      43414C4C 
 1906      4241434B 
 1906      00
 1907              	.LASF27:
 1908 03a1 436F756E 		.ascii	"CounterType\000"
 1908      74657254 
 1908      79706500 
 1909              	.LASF105:
 1910 03ad 45455F6F 		.ascii	"EE_oo_counter_object_ROM\000"
 1910      6F5F636F 
ARM GAS  C:\Users\abhim\AppData\Local\Temp\ccVVOZUm.s 			page 38


 1910      756E7465 
 1910      725F6F62 
 1910      6A656374 
 1911              	.LASF59:
 1912 03c6 61637469 		.ascii	"action_id\000"
 1912      6F6E5F69 
 1912      6400
 1913              	.LASF113:
 1914 03d0 45455F41 		.ascii	"EE_ApplicationMode\000"
 1914      70706C69 
 1914      63617469 
 1914      6F6E4D6F 
 1914      646500
 1915              	.LASF106:
 1916 03e3 45455F6F 		.ascii	"EE_oo_action_ROM\000"
 1916      6F5F6163 
 1916      74696F6E 
 1916      5F524F4D 
 1916      00
 1917              	.LASF21:
 1918 03f4 45455F54 		.ascii	"EE_TYPE_RQ_MASK\000"
 1918      5950455F 
 1918      52515F4D 
 1918      41534B00 
 1919              	.LASF64:
 1920 0404 73697A65 		.ascii	"sizetype\000"
 1920      74797065 
 1920      00
 1921              	.LASF9:
 1922 040d 6C6F6E67 		.ascii	"long double\000"
 1922      20646F75 
 1922      626C6500 
 1923              	.LASF94:
 1924 0419 45455F72 		.ascii	"EE_rq_free\000"
 1924      715F6672 
 1924      656500
 1925              	.LASF88:
 1926 0424 45455F72 		.ascii	"EE_rq_link\000"
 1926      715F6C69 
 1926      6E6B00
 1927              	.LASF17:
 1928 042f 45455F53 		.ascii	"EE_SREG\000"
 1928      52454700 
 1929              	.LASF30:
 1930 0437 7469636B 		.ascii	"ticksperbase\000"
 1930      73706572 
 1930      62617365 
 1930      00
 1931              	.LASF43:
 1932 0444 75736564 		.ascii	"used\000"
 1932      00
 1933              	.LASF47:
 1934 0449 45455F6F 		.ascii	"EE_oo_counter_object_RAM_type\000"
 1934      6F5F636F 
 1934      756E7465 
 1934      725F6F62 
 1934      6A656374 
ARM GAS  C:\Users\abhim\AppData\Local\Temp\ccVVOZUm.s 			page 39


 1935              	.LASF104:
 1936 0467 45455F63 		.ascii	"EE_counter_ROM\000"
 1936      6F756E74 
 1936      65725F52 
 1936      4F4D00
 1937              	.LASF58:
 1938 0476 45455F6F 		.ascii	"EE_oo_action_ROM_type\000"
 1938      6F5F6163 
 1938      74696F6E 
 1938      5F524F4D 
 1938      5F747970 
 1939              	.LASF10:
 1940 048c 45455F55 		.ascii	"EE_UINT16\000"
 1940      494E5431 
 1940      3600
 1941              	.LASF37:
 1942 0496 45455F53 		.ascii	"EE_SCHEDULETABLE\000"
 1942      43484544 
 1942      554C4554 
 1942      41424C45 
 1942      00
 1943              	.LASF69:
 1944 04a7 45455F63 		.ascii	"EE_cortex_mx_system_tos\000"
 1944      6F727465 
 1944      785F6D78 
 1944      5F737973 
 1944      74656D5F 
 1945              	.LASF1:
 1946 04bf 756E7369 		.ascii	"unsigned char\000"
 1946      676E6564 
 1946      20636861 
 1946      7200
 1947              	.LASF36:
 1948 04cd 45455F41 		.ascii	"EE_ALARM\000"
 1948      4C41524D 
 1948      00
 1949              	.LASF83:
 1950 04d6 45455F74 		.ascii	"EE_th_next\000"
 1950      685F6E65 
 1950      787400
 1951              	.LASF68:
 1952 04e1 45455F74 		.ascii	"EE_terminate_real_th_body\000"
 1952      65726D69 
 1952      6E617465 
 1952      5F726561 
 1952      6C5F7468 
 1953              	.LASF57:
 1954 04fb 696E6363 		.ascii	"inccount\000"
 1954      6F756E74 
 1954      00
 1955              	.LASF2:
 1956 0504 73686F72 		.ascii	"short int\000"
 1956      7420696E 
 1956      7400
 1957              	.LASF96:
 1958 050e 45455F74 		.ascii	"EE_th_event_waitmask\000"
 1958      685F6576 
ARM GAS  C:\Users\abhim\AppData\Local\Temp\ccVVOZUm.s 			page 40


 1958      656E745F 
 1958      77616974 
 1958      6D61736B 
 1959              	.LASF110:
 1960 0523 45455F6F 		.ascii	"EE_oo_autostart_task_data\000"
 1960      6F5F6175 
 1960      746F7374 
 1960      6172745F 
 1960      7461736B 
 1961              	.LASF117:
 1962 053d 45455F63 		.ascii	"EE_cortex_mx_stack_3\000"
 1962      6F727465 
 1962      785F6D78 
 1962      5F737461 
 1962      636B5F33 
 1963              	.LASF75:
 1964 0552 45455F54 		.ascii	"EE_TASK_NAME\000"
 1964      41534B5F 
 1964      4E414D45 
 1964      00
 1965              	.LASF122:
 1966 055f 443A5C70 		.ascii	"D:\\psoc-workspace\\Lab Assignments\\Lab3\\Lab3\\La"
 1966      736F632D 
 1966      776F726B 
 1966      73706163 
 1966      655C4C61 
 1967 058d 62332E63 		.ascii	"b3.cydsn\000"
 1967      7964736E 
 1967      00
 1968              	.LASF32:
 1969 0596 45455F6F 		.ascii	"EE_oo_counter_ROM_type\000"
 1969      6F5F636F 
 1969      756E7465 
 1969      725F524F 
 1969      4D5F7479 
 1970              	.LASF120:
 1971 05ad 474E5520 		.ascii	"GNU C11 5.4.1 20160609 (release) [ARM/embedded-5-br"
 1971      43313120 
 1971      352E342E 
 1971      31203230 
 1971      31363036 
 1972 05e0 616E6368 		.ascii	"anch revision 237715] -mcpu=cortex-m3 -mthumb -g -O"
 1972      20726576 
 1972      6973696F 
 1972      6E203233 
 1972      37373135 
 1973 0613 67202D66 		.ascii	"g -ffunction-sections -ffat-lto-objects\000"
 1973      66756E63 
 1973      74696F6E 
 1973      2D736563 
 1973      74696F6E 
 1974              	.LASF56:
 1975 063b 61637469 		.ascii	"action_mask\000"
 1975      6F6E5F6D 
 1975      61736B00 
 1976              	.LASF15:
 1977 0647 45455F54 		.ascii	"EE_THREAD_PTR\000"
ARM GAS  C:\Users\abhim\AppData\Local\Temp\ccVVOZUm.s 			page 41


 1977      48524541 
 1977      445F5054 
 1977      5200
 1978              	.LASF90:
 1979 0655 45455F72 		.ascii	"EE_rq_queues_tail\000"
 1979      715F7175 
 1979      65756573 
 1979      5F746169 
 1979      6C00
 1980              	.LASF66:
 1981 0667 45455F73 		.ascii	"EE_std_thread_tos\000"
 1981      74645F74 
 1981      68726561 
 1981      645F746F 
 1981      7300
 1982              	.LASF51:
 1983 0679 45455F41 		.ascii	"EE_ACTION_CALLBACK\000"
 1983      4354494F 
 1983      4E5F4341 
 1983      4C4C4241 
 1983      434B00
 1984              	.LASF93:
 1985 068c 45455F72 		.ascii	"EE_rq_bitmask\000"
 1985      715F6269 
 1985      746D6173 
 1985      6B00
 1986              	.LASF103:
 1987 069a 45455F72 		.ascii	"EE_resource_stack\000"
 1987      65736F75 
 1987      7263655F 
 1987      73746163 
 1987      6B00
 1988              	.LASF34:
 1989 06ac 66697273 		.ascii	"first\000"
 1989      7400
 1990              	.LASF25:
 1991 06b2 436F756E 		.ascii	"CounterObjectType\000"
 1991      7465724F 
 1991      626A6563 
 1991      74547970 
 1991      6500
 1992              	.LASF74:
 1993 06c4 63686172 		.ascii	"char\000"
 1993      00
 1994              	.LASF48:
 1995 06c9 45455F41 		.ascii	"EE_ACTION_TASK\000"
 1995      4354494F 
 1995      4E5F5441 
 1995      534B00
 1996              	.LASF71:
 1997 06d8 45455F74 		.ascii	"EE_th_rnact_max\000"
 1997      685F726E 
 1997      6163745F 
 1997      6D617800 
 1998              	.LASF50:
 1999 06e8 45455F41 		.ascii	"EE_ACTION_COUNTER\000"
 1999      4354494F 
ARM GAS  C:\Users\abhim\AppData\Local\Temp\ccVVOZUm.s 			page 42


 1999      4E5F434F 
 1999      554E5445 
 1999      5200
 2000              	.LASF108:
 2001 06fa 45455F63 		.ascii	"EE_counter_RAM\000"
 2001      6F756E74 
 2001      65725F52 
 2001      414D00
 2002              	.LASF40:
 2003 0709 73706563 		.ascii	"spec_id\000"
 2003      5F696400 
 2004              	.LASF49:
 2005 0711 45455F41 		.ascii	"EE_ACTION_EVENT\000"
 2005      4354494F 
 2005      4E5F4556 
 2005      454E5400 
 2006              	.LASF65:
 2007 0721 45455F68 		.ascii	"EE_hal_thread_body\000"
 2007      616C5F74 
 2007      68726561 
 2007      645F626F 
 2007      647900
 2008              	.LASF87:
 2009 0734 45455F73 		.ascii	"EE_sys_ceiling\000"
 2009      79735F63 
 2009      65696C69 
 2009      6E6700
 2010              	.LASF54:
 2011 0743 61637469 		.ascii	"action_kind\000"
 2011      6F6E5F6B 
 2011      696E6400 
 2012              	.LASF63:
 2013 074f 7461736B 		.ascii	"task\000"
 2013      00
 2014              	.LASF109:
 2015 0754 45455F6F 		.ascii	"EE_oo_counter_object_RAM\000"
 2015      6F5F636F 
 2015      756E7465 
 2015      725F6F62 
 2015      6A656374 
 2016              	.LASF53:
 2017 076d 41637469 		.ascii	"ActionKindType\000"
 2017      6F6E4B69 
 2017      6E645479 
 2017      706500
 2018              	.LASF72:
 2019 077c 45455F74 		.ascii	"EE_th_ready_prio\000"
 2019      685F7265 
 2019      6164795F 
 2019      7072696F 
 2019      00
 2020              	.LASF84:
 2021 078d 45455F74 		.ascii	"EE_th_rnact\000"
 2021      685F726E 
 2021      61637400 
 2022              	.LASF92:
 2023 0799 45455F72 		.ascii	"EE_rq_pairs_tid\000"
ARM GAS  C:\Users\abhim\AppData\Local\Temp\ccVVOZUm.s 			page 43


 2023      715F7061 
 2023      6972735F 
 2023      74696400 
 2024              	.LASF115:
 2025 07a9 45455F49 		.ascii	"EE_IRQ_nesting_level\000"
 2025      52515F6E 
 2025      65737469 
 2025      6E675F6C 
 2025      6576656C 
 2026              	.LASF12:
 2027 07be 45455F55 		.ascii	"EE_UINT32\000"
 2027      494E5433 
 2027      3200
 2028              	.LASF11:
 2029 07c8 45455F49 		.ascii	"EE_INT32\000"
 2029      4E543332 
 2029      00
 2030              	.LASF67:
 2031 07d1 45455F74 		.ascii	"EE_terminate_data\000"
 2031      65726D69 
 2031      6E617465 
 2031      5F646174 
 2031      6100
 2032              	.LASF95:
 2033 07e3 45455F74 		.ascii	"EE_th_event_active\000"
 2033      685F6576 
 2033      656E745F 
 2033      61637469 
 2033      766500
 2034              	.LASF44:
 2035 07f6 636E7463 		.ascii	"cntcycle\000"
 2035      79636C65 
 2035      00
 2036              	.LASF28:
 2037 07ff 5359535F 		.ascii	"SYS_tos\000"
 2037      746F7300 
 2038              	.LASF55:
 2039 0807 61637469 		.ascii	"action_task\000"
 2039      6F6E5F74 
 2039      61736B00 
 2040              	.LASF101:
 2041 0813 45455F72 		.ascii	"EE_resource_locked\000"
 2041      65736F75 
 2041      7263655F 
 2041      6C6F636B 
 2041      656400
 2042              	.LASF13:
 2043 0826 45455F41 		.ascii	"EE_ADDR\000"
 2043      44445200 
 2044              	.LASF98:
 2045 082e 45455F74 		.ascii	"EE_th_is_extended\000"
 2045      685F6973 
 2045      5F657874 
 2045      656E6465 
 2045      6400
 2046              	.LASF18:
 2047 0840 45455F46 		.ascii	"EE_FREG\000"
ARM GAS  C:\Users\abhim\AppData\Local\Temp\ccVVOZUm.s 			page 44


 2047      52454700 
 2048              	.LASF99:
 2049 0848 45455F72 		.ascii	"EE_resource_ceiling\000"
 2049      65736F75 
 2049      7263655F 
 2049      6365696C 
 2049      696E6700 
 2050              		.ident	"GCC: (GNU Tools for ARM Embedded Processors) 5.4.1 20160609 (release) [ARM/embedded-5-bran
