ARM GAS  C:\Users\abhim\AppData\Local\Temp\cc2wej8D.s 			page 1


   1              		.syntax unified
   2              		.cpu cortex-m3
   3              		.fpu softvfp
   4              		.eabi_attribute 20, 1
   5              		.eabi_attribute 21, 1
   6              		.eabi_attribute 23, 3
   7              		.eabi_attribute 24, 1
   8              		.eabi_attribute 25, 1
   9              		.eabi_attribute 26, 1
  10              		.eabi_attribute 30, 1
  11              		.eabi_attribute 34, 1
  12              		.eabi_attribute 18, 4
  13              		.thumb
  14              		.syntax unified
  15              		.file	"logging.c"
  16              		.text
  17              	.Ltext0:
  18              		.cfi_sections	.debug_frame
  19              		.section	.text.LOG_Init,"ax",%progbits
  20              		.align	2
  21              		.global	LOG_Init
  22              		.thumb
  23              		.thumb_func
  24              		.type	LOG_Init, %function
  25              	LOG_Init:
  26              	.LFB111:
  27              		.file 1 "source\\bsw\\services\\logging.c"
   1:source\bsw\services/logging.c **** /**
   2:source\bsw\services/logging.c ****  * \file 	logging.c
   3:source\bsw\services/logging.c ****  * \author 	Thomas Barth	- Hochschule Darmstadt thomas.barth@h-da.de
   4:source\bsw\services/logging.c ****  * \date 	26.11.2016
   5:source\bsw\services/logging.c ****  * \version 0.1
   6:source\bsw\services/logging.c ****  *
   7:source\bsw\services/logging.c ****  * \brief  Logging mechanism
   8:source\bsw\services/logging.c ****  *
   9:source\bsw\services/logging.c ****  * \copyright Copyright ©2016
  10:source\bsw\services/logging.c ****  * Department of electrical engineering and information technology, Hochschule Darmstadt - Universi
  11:source\bsw\services/logging.c ****  * Permission to use, copy, modify, and distribute this software and its documentation for educatio
  12:source\bsw\services/logging.c ****  * (unless permitted by h_da) and official h_da projects, is hereby granted for enrolled students o
  13:source\bsw\services/logging.c ****  * this paragraph and the following paragraph appear in all copies, modifications, and distribution
  14:source\bsw\services/logging.c ****  * Contact Prof.Dr.-Ing. Peter Fromm, peter.fromm@h-da.de, Birkenweg 8 64295 Darmstadt - GERMANY fo
  15:source\bsw\services/logging.c ****  *
  16:source\bsw\services/logging.c ****  * \warning This software is a PROTOTYPE version and is not designed or intended for use in product
  17:source\bsw\services/logging.c ****  * The user represents and warrants that it will NOT use or redistribute the Software for such purp
  18:source\bsw\services/logging.c ****  * This prototype is for research purposes only. This software is provided "AS IS," without a warra
  19:source\bsw\services/logging.c ****  */
  20:source\bsw\services/logging.c **** /*=======================[ Includes ]==============================================================
  21:source\bsw\services/logging.c **** #include <project.h>
  22:source\bsw\services/logging.c **** #include "logging.h"
  23:source\bsw\services/logging.c **** 
  24:source\bsw\services/logging.c **** 
  25:source\bsw\services/logging.c **** /*=======================[ constant data ]=========================================================
  26:source\bsw\services/logging.c **** 
  27:source\bsw\services/logging.c **** const char logLevel2String[6][CFG_LOGGING_LEVEL_L+1]={
  28:source\bsw\services/logging.c ****     "Verbose",
  29:source\bsw\services/logging.c ****     "Info",
  30:source\bsw\services/logging.c ****     "Warning",
ARM GAS  C:\Users\abhim\AppData\Local\Temp\cc2wej8D.s 			page 2


  31:source\bsw\services/logging.c ****     "Error",
  32:source\bsw\services/logging.c ****     "Debug",
  33:source\bsw\services/logging.c ****     "Off"
  34:source\bsw\services/logging.c **** };
  35:source\bsw\services/logging.c **** 
  36:source\bsw\services/logging.c **** /*=======================[ variable data ]=========================================================
  37:source\bsw\services/logging.c **** 
  38:source\bsw\services/logging.c **** /*=======================[ Function implementation ]===============================================
  39:source\bsw\services/logging.c **** 
  40:source\bsw\services/logging.c **** RC_t LOG_Init(void){
  28              		.loc 1 40 0
  29              		.cfi_startproc
  30              		@ args = 0, pretend = 0, frame = 0
  31              		@ frame_needed = 0, uses_anonymous_args = 0
  32 0000 10B5     		push	{r4, lr}
  33              		.cfi_def_cfa_offset 8
  34              		.cfi_offset 4, -8
  35              		.cfi_offset 14, -4
  41:source\bsw\services/logging.c **** #if (CFG_LOGGING_ENABLE==ON)   
  42:source\bsw\services/logging.c ****     //Start logging service HW module
  43:source\bsw\services/logging.c ****     MODULE_LOG(Start)();
  36              		.loc 1 43 0
  37 0002 FFF7FEFF 		bl	UART_LOG_Start
  38              	.LVL0:
  44:source\bsw\services/logging.c ****     
  45:source\bsw\services/logging.c ****     //indicate DEBUG Start
  46:source\bsw\services/logging.c ****     MODULE_LOG(PutString)(CFG_LOGGING_NL_CHAR);
  39              		.loc 1 46 0
  40 0006 074C     		ldr	r4, .L3
  41 0008 2046     		mov	r0, r4
  42 000a FFF7FEFF 		bl	UART_LOG_PutString
  43              	.LVL1:
  47:source\bsw\services/logging.c ****     MODULE_LOG(PutString)(CFG_LOGGING_NL_CHAR);
  44              		.loc 1 47 0
  45 000e 2046     		mov	r0, r4
  46 0010 FFF7FEFF 		bl	UART_LOG_PutString
  47              	.LVL2:
  48:source\bsw\services/logging.c ****     MODULE_LOG(PutString)("UART started");
  48              		.loc 1 48 0
  49 0014 0448     		ldr	r0, .L3+4
  50 0016 FFF7FEFF 		bl	UART_LOG_PutString
  51              	.LVL3:
  49:source\bsw\services/logging.c ****     MODULE_LOG(PutString)(CFG_LOGGING_NL_CHAR);
  52              		.loc 1 49 0
  53 001a 2046     		mov	r0, r4
  54 001c FFF7FEFF 		bl	UART_LOG_PutString
  55              	.LVL4:
  50:source\bsw\services/logging.c **** 
  51:source\bsw\services/logging.c **** #else
  52:source\bsw\services/logging.c ****     return RC_ERROR_INVALID_STATE;
  53:source\bsw\services/logging.c **** #endif
  54:source\bsw\services/logging.c **** }
  56              		.loc 1 54 0
  57 0020 10BD     		pop	{r4, pc}
  58              	.L4:
  59 0022 00BF     		.align	2
  60              	.L3:
ARM GAS  C:\Users\abhim\AppData\Local\Temp\cc2wej8D.s 			page 3


  61 0024 00000000 		.word	.LC0
  62 0028 04000000 		.word	.LC1
  63              		.cfi_endproc
  64              	.LFE111:
  65              		.size	LOG_Init, .-LOG_Init
  66              		.section	.text.LOG_send,"ax",%progbits
  67              		.align	2
  68              		.global	LOG_send
  69              		.thumb
  70              		.thumb_func
  71              		.type	LOG_send, %function
  72              	LOG_send:
  73              	.LFB112:
  55:source\bsw\services/logging.c **** 
  56:source\bsw\services/logging.c **** RC_t LOG_send(logging_t* entry){
  74              		.loc 1 56 0
  75              		.cfi_startproc
  76              		@ args = 0, pretend = 0, frame = 0
  77              		@ frame_needed = 0, uses_anonymous_args = 0
  78              	.LVL5:
  79 0000 10B5     		push	{r4, lr}
  80              		.cfi_def_cfa_offset 8
  81              		.cfi_offset 4, -8
  82              		.cfi_offset 14, -4
  83 0002 0446     		mov	r4, r0
  84              	.LVL6:
  57:source\bsw\services/logging.c ****     
  58:source\bsw\services/logging.c ****     //result buffer
  59:source\bsw\services/logging.c ****     RC_t result=RC_ERROR_INVALID_STATE;
  60:source\bsw\services/logging.c **** #if (CFG_LOGGING_ENABLE==ON)     
  61:source\bsw\services/logging.c ****     MODULE_LOG(PutString)(entry->sender);
  85              		.loc 1 61 0
  86 0004 0130     		adds	r0, r0, #1
  87              	.LVL7:
  88 0006 FFF7FEFF 		bl	UART_LOG_PutString
  89              	.LVL8:
  62:source\bsw\services/logging.c ****     MODULE_LOG(PutString)(" : ");
  90              		.loc 1 62 0
  91 000a 0648     		ldr	r0, .L7
  92 000c FFF7FEFF 		bl	UART_LOG_PutString
  93              	.LVL9:
  63:source\bsw\services/logging.c ****     MODULE_LOG(PutString)(entry->message);
  94              		.loc 1 63 0
  95 0010 04F11100 		add	r0, r4, #17
  96 0014 FFF7FEFF 		bl	UART_LOG_PutString
  97              	.LVL10:
  64:source\bsw\services/logging.c ****     MODULE_LOG(PutString)(CFG_LOGGING_NL_CHAR);
  98              		.loc 1 64 0
  99 0018 0348     		ldr	r0, .L7+4
 100 001a FFF7FEFF 		bl	UART_LOG_PutString
 101              	.LVL11:
  65:source\bsw\services/logging.c ****     
  66:source\bsw\services/logging.c ****     result = RC_SUCCESS;
  67:source\bsw\services/logging.c ****     
  68:source\bsw\services/logging.c **** #endif
  69:source\bsw\services/logging.c **** 
  70:source\bsw\services/logging.c ****     return result;
ARM GAS  C:\Users\abhim\AppData\Local\Temp\cc2wej8D.s 			page 4


  71:source\bsw\services/logging.c **** 
  72:source\bsw\services/logging.c **** }
 102              		.loc 1 72 0
 103 001e 0020     		movs	r0, #0
 104 0020 10BD     		pop	{r4, pc}
 105              	.LVL12:
 106              	.L8:
 107 0022 00BF     		.align	2
 108              	.L7:
 109 0024 14000000 		.word	.LC2
 110 0028 00000000 		.word	.LC0
 111              		.cfi_endproc
 112              	.LFE112:
 113              		.size	LOG_send, .-LOG_send
 114              		.global	logLevel2String
 115              		.section	.rodata
 116              		.align	2
 117              		.type	logLevel2String, %object
 118              		.size	logLevel2String, 48
 119              	logLevel2String:
 120 0000 56657262 		.ascii	"Verbose\000"
 120      6F736500 
 121 0008 496E666F 		.ascii	"Info\000"
 121      00
 122 000d 000000   		.space	3
 123 0010 5761726E 		.ascii	"Warning\000"
 123      696E6700 
 124 0018 4572726F 		.ascii	"Error\000"
 124      7200
 125 001e 0000     		.space	2
 126 0020 44656275 		.ascii	"Debug\000"
 126      6700
 127 0026 0000     		.space	2
 128 0028 4F666600 		.ascii	"Off\000"
 129 002c 00000000 		.space	4
 130              		.section	.rodata.str1.4,"aMS",%progbits,1
 131              		.align	2
 132              	.LC0:
 133 0000 0A00     		.ascii	"\012\000"
 134 0002 0000     		.space	2
 135              	.LC1:
 136 0004 55415254 		.ascii	"UART started\000"
 136      20737461 
 136      72746564 
 136      00
 137 0011 000000   		.space	3
 138              	.LC2:
 139 0014 203A2000 		.ascii	" : \000"
 140              		.text
 141              	.Letext0:
 142              		.file 2 "c:\\program files (x86)\\cypress\\psoc creator\\4.4\\psoc creator\\import\\gnu\\arm\\5.4.
 143              		.file 3 "c:\\program files (x86)\\cypress\\psoc creator\\4.4\\psoc creator\\import\\gnu\\arm\\5.4.
 144              		.file 4 "Generated_Source\\PSoC5/ErikaOS_common_ee_types.inc"
 145              		.file 5 "Generated_Source\\PSoC5/ErikaOS_cortex_mx_ee_cpu.inc"
 146              		.file 6 ".\\source\\bsw/global.h"
 147              		.file 7 "source\\bsw\\services\\logging.h"
 148              		.file 8 "Generated_Source\\PSoC5/ErikaOS_ee_oo_intfunc.inc"
ARM GAS  C:\Users\abhim\AppData\Local\Temp\cc2wej8D.s 			page 5


 149              		.file 9 "Generated_Source\\PSoC5/ErikaOS_cortex_mx_ee_context.inc"
 150              		.file 10 "Generated_Source\\PSoC5/ErikaOS_common_ee_primitives.inc"
 151              		.file 11 "Generated_Source\\PSoC5/core_cm3.h"
 152              		.file 12 "Generated_Source\\PSoC5/UART_LOG.h"
 153              		.section	.debug_info,"",%progbits
 154              	.Ldebug_info0:
 155 0000 C9030000 		.4byte	0x3c9
 156 0004 0400     		.2byte	0x4
 157 0006 00000000 		.4byte	.Ldebug_abbrev0
 158 000a 04       		.byte	0x4
 159 000b 01       		.uleb128 0x1
 160 000c 29030000 		.4byte	.LASF74
 161 0010 0C       		.byte	0xc
 162 0011 02010000 		.4byte	.LASF75
 163 0015 F2030000 		.4byte	.LASF76
 164 0019 00000000 		.4byte	.Ldebug_ranges0+0
 165 001d 00000000 		.4byte	0
 166 0021 00000000 		.4byte	.Ldebug_line0
 167 0025 02       		.uleb128 0x2
 168 0026 01       		.byte	0x1
 169 0027 06       		.byte	0x6
 170 0028 89020000 		.4byte	.LASF0
 171 002c 02       		.uleb128 0x2
 172 002d 01       		.byte	0x1
 173 002e 08       		.byte	0x8
 174 002f 68020000 		.4byte	.LASF1
 175 0033 02       		.uleb128 0x2
 176 0034 02       		.byte	0x2
 177 0035 05       		.byte	0x5
 178 0036 66000000 		.4byte	.LASF2
 179 003a 02       		.uleb128 0x2
 180 003b 02       		.byte	0x2
 181 003c 07       		.byte	0x7
 182 003d 16030000 		.4byte	.LASF3
 183 0041 03       		.uleb128 0x3
 184 0042 88040000 		.4byte	.LASF9
 185 0046 02       		.byte	0x2
 186 0047 3F       		.byte	0x3f
 187 0048 4C000000 		.4byte	0x4c
 188 004c 02       		.uleb128 0x2
 189 004d 04       		.byte	0x4
 190 004e 05       		.byte	0x5
 191 004f ED010000 		.4byte	.LASF4
 192 0053 02       		.uleb128 0x2
 193 0054 04       		.byte	0x4
 194 0055 07       		.byte	0x7
 195 0056 D7020000 		.4byte	.LASF5
 196 005a 02       		.uleb128 0x2
 197 005b 08       		.byte	0x8
 198 005c 05       		.byte	0x5
 199 005d A2010000 		.4byte	.LASF6
 200 0061 02       		.uleb128 0x2
 201 0062 08       		.byte	0x8
 202 0063 07       		.byte	0x7
 203 0064 95020000 		.4byte	.LASF7
 204 0068 04       		.uleb128 0x4
 205 0069 04       		.byte	0x4
ARM GAS  C:\Users\abhim\AppData\Local\Temp\cc2wej8D.s 			page 6


 206 006a 05       		.byte	0x5
 207 006b 696E7400 		.ascii	"int\000"
 208 006f 02       		.uleb128 0x2
 209 0070 04       		.byte	0x4
 210 0071 07       		.byte	0x7
 211 0072 BC020000 		.4byte	.LASF8
 212 0076 03       		.uleb128 0x3
 213 0077 D1030000 		.4byte	.LASF10
 214 007b 03       		.byte	0x3
 215 007c 2C       		.byte	0x2c
 216 007d 41000000 		.4byte	0x41
 217 0081 02       		.uleb128 0x2
 218 0082 04       		.byte	0x4
 219 0083 04       		.byte	0x4
 220 0084 83010000 		.4byte	.LASF11
 221 0088 02       		.uleb128 0x2
 222 0089 08       		.byte	0x8
 223 008a 04       		.byte	0x4
 224 008b 5B040000 		.4byte	.LASF12
 225 008f 02       		.uleb128 0x2
 226 0090 01       		.byte	0x1
 227 0091 08       		.byte	0x8
 228 0092 B7030000 		.4byte	.LASF13
 229 0096 02       		.uleb128 0x2
 230 0097 08       		.byte	0x8
 231 0098 04       		.byte	0x4
 232 0099 5C020000 		.4byte	.LASF14
 233 009d 03       		.uleb128 0x3
 234 009e 0D030000 		.4byte	.LASF15
 235 00a2 04       		.byte	0x4
 236 00a3 53       		.byte	0x53
 237 00a4 68000000 		.4byte	0x68
 238 00a8 03       		.uleb128 0x3
 239 00a9 F1000000 		.4byte	.LASF16
 240 00ad 04       		.byte	0x4
 241 00ae 54       		.byte	0x54
 242 00af 6F000000 		.4byte	0x6f
 243 00b3 03       		.uleb128 0x3
 244 00b4 80040000 		.4byte	.LASF17
 245 00b8 05       		.byte	0x5
 246 00b9 4D       		.byte	0x4d
 247 00ba A8000000 		.4byte	0xa8
 248 00be 03       		.uleb128 0x3
 249 00bf D5000000 		.4byte	.LASF18
 250 00c3 05       		.byte	0x5
 251 00c4 4F       		.byte	0x4f
 252 00c5 A8000000 		.4byte	0xa8
 253 00c9 03       		.uleb128 0x3
 254 00ca FB000000 		.4byte	.LASF19
 255 00ce 05       		.byte	0x5
 256 00cf 78       		.byte	0x78
 257 00d0 9D000000 		.4byte	0x9d
 258 00d4 02       		.uleb128 0x2
 259 00d5 04       		.byte	0x4
 260 00d6 07       		.byte	0x7
 261 00d7 96000000 		.4byte	.LASF20
 262 00db 05       		.uleb128 0x5
ARM GAS  C:\Users\abhim\AppData\Local\Temp\cc2wej8D.s 			page 7


 263 00dc 8F000000 		.4byte	0x8f
 264 00e0 06       		.uleb128 0x6
 265 00e1 01       		.byte	0x1
 266 00e2 25000000 		.4byte	0x25
 267 00e6 06       		.byte	0x6
 268 00e7 D0       		.byte	0xd0
 269 00e8 A1010000 		.4byte	0x1a1
 270 00ec 07       		.uleb128 0x7
 271 00ed 29000000 		.4byte	.LASF21
 272 00f1 00       		.byte	0
 273 00f2 08       		.uleb128 0x8
 274 00f3 D9040000 		.4byte	.LASF22
 275 00f7 7F       		.sleb128 -1
 276 00f8 08       		.uleb128 0x8
 277 00f9 E9020000 		.4byte	.LASF23
 278 00fd 7E       		.sleb128 -2
 279 00fe 08       		.uleb128 0x8
 280 00ff C7000000 		.4byte	.LASF24
 281 0103 7D       		.sleb128 -3
 282 0104 08       		.uleb128 0x8
 283 0105 E2040000 		.4byte	.LASF25
 284 0109 7C       		.sleb128 -4
 285 010a 08       		.uleb128 0x8
 286 010b 6D010000 		.4byte	.LASF26
 287 010f 7B       		.sleb128 -5
 288 0110 08       		.uleb128 0x8
 289 0111 70000000 		.4byte	.LASF27
 290 0115 7A       		.sleb128 -6
 291 0116 08       		.uleb128 0x8
 292 0117 F6010000 		.4byte	.LASF28
 293 011b 79       		.sleb128 -7
 294 011c 08       		.uleb128 0x8
 295 011d BC030000 		.4byte	.LASF29
 296 0121 78       		.sleb128 -8
 297 0122 08       		.uleb128 0x8
 298 0123 F7020000 		.4byte	.LASF30
 299 0127 77       		.sleb128 -9
 300 0128 08       		.uleb128 0x8
 301 0129 08020000 		.4byte	.LASF31
 302 012d 76       		.sleb128 -10
 303 012e 08       		.uleb128 0x8
 304 012f 0F050000 		.4byte	.LASF32
 305 0133 75       		.sleb128 -11
 306 0134 08       		.uleb128 0x8
 307 0135 C9020000 		.4byte	.LASF33
 308 0139 74       		.sleb128 -12
 309 013a 08       		.uleb128 0x8
 310 013b 6E040000 		.4byte	.LASF34
 311 013f 73       		.sleb128 -13
 312 0140 08       		.uleb128 0x8
 313 0141 16000000 		.4byte	.LASF35
 314 0145 72       		.sleb128 -14
 315 0146 08       		.uleb128 0x8
 316 0147 52000000 		.4byte	.LASF36
 317 014b 71       		.sleb128 -15
 318 014c 08       		.uleb128 0x8
 319 014d 16020000 		.4byte	.LASF37
ARM GAS  C:\Users\abhim\AppData\Local\Temp\cc2wej8D.s 			page 8


 320 0151 70       		.sleb128 -16
 321 0152 08       		.uleb128 0x8
 322 0153 DD000000 		.4byte	.LASF38
 323 0157 6F       		.sleb128 -17
 324 0158 08       		.uleb128 0x8
 325 0159 81000000 		.4byte	.LASF39
 326 015d 6E       		.sleb128 -18
 327 015e 08       		.uleb128 0x8
 328 015f C9010000 		.4byte	.LASF40
 329 0163 6D       		.sleb128 -19
 330 0164 08       		.uleb128 0x8
 331 0165 76020000 		.4byte	.LASF41
 332 0169 6C       		.sleb128 -20
 333 016a 08       		.uleb128 0x8
 334 016b 27020000 		.4byte	.LASF42
 335 016f 6B       		.sleb128 -21
 336 0170 08       		.uleb128 0x8
 337 0171 BA040000 		.4byte	.LASF43
 338 0175 6A       		.sleb128 -22
 339 0176 08       		.uleb128 0x8
 340 0177 33010000 		.4byte	.LASF44
 341 017b 69       		.sleb128 -23
 342 017c 08       		.uleb128 0x8
 343 017d DC010000 		.4byte	.LASF45
 344 0181 68       		.sleb128 -24
 345 0182 08       		.uleb128 0x8
 346 0183 89010000 		.4byte	.LASF46
 347 0187 67       		.sleb128 -25
 348 0188 08       		.uleb128 0x8
 349 0189 20010000 		.4byte	.LASF47
 350 018d 66       		.sleb128 -26
 351 018e 08       		.uleb128 0x8
 352 018f B4000000 		.4byte	.LASF48
 353 0193 65       		.sleb128 -27
 354 0194 08       		.uleb128 0x8
 355 0195 44040000 		.4byte	.LASF49
 356 0199 64       		.sleb128 -28
 357 019a 08       		.uleb128 0x8
 358 019b 98040000 		.4byte	.LASF50
 359 019f 63       		.sleb128 -29
 360 01a0 00       		.byte	0
 361 01a1 03       		.uleb128 0x3
 362 01a2 0A050000 		.4byte	.LASF51
 363 01a6 06       		.byte	0x6
 364 01a7 EF       		.byte	0xef
 365 01a8 E0000000 		.4byte	0xe0
 366 01ac 06       		.uleb128 0x6
 367 01ad 01       		.byte	0x1
 368 01ae 2C000000 		.4byte	0x2c
 369 01b2 07       		.byte	0x7
 370 01b3 3C       		.byte	0x3c
 371 01b4 DD010000 		.4byte	0x1dd
 372 01b8 07       		.uleb128 0x7
 373 01b9 46000000 		.4byte	.LASF52
 374 01bd 00       		.byte	0
 375 01be 07       		.uleb128 0x7
 376 01bf B1040000 		.4byte	.LASF53
ARM GAS  C:\Users\abhim\AppData\Local\Temp\cc2wej8D.s 			page 9


 377 01c3 01       		.byte	0x1
 378 01c4 07       		.uleb128 0x7
 379 01c5 62040000 		.4byte	.LASF54
 380 01c9 02       		.byte	0x2
 381 01ca 07       		.uleb128 0x7
 382 01cb 4A010000 		.4byte	.LASF55
 383 01cf 03       		.byte	0x3
 384 01d0 07       		.uleb128 0x7
 385 01d1 39020000 		.4byte	.LASF56
 386 01d5 04       		.byte	0x4
 387 01d6 07       		.uleb128 0x7
 388 01d7 34000000 		.4byte	.LASF57
 389 01db 05       		.byte	0x5
 390 01dc 00       		.byte	0
 391 01dd 03       		.uleb128 0x3
 392 01de E2030000 		.4byte	.LASF58
 393 01e2 07       		.byte	0x7
 394 01e3 43       		.byte	0x43
 395 01e4 AC010000 		.4byte	0x1ac
 396 01e8 09       		.uleb128 0x9
 397 01e9 A8       		.byte	0xa8
 398 01ea 07       		.byte	0x7
 399 01eb 4A       		.byte	0x4a
 400 01ec 15020000 		.4byte	0x215
 401 01f0 0A       		.uleb128 0xa
 402 01f1 92040000 		.4byte	.LASF59
 403 01f5 07       		.byte	0x7
 404 01f6 4B       		.byte	0x4b
 405 01f7 DD010000 		.4byte	0x1dd
 406 01fb 00       		.byte	0
 407 01fc 0A       		.uleb128 0xa
 408 01fd 7C010000 		.4byte	.LASF60
 409 0201 07       		.byte	0x7
 410 0202 4C       		.byte	0x4c
 411 0203 15020000 		.4byte	0x215
 412 0207 01       		.byte	0x1
 413 0208 0A       		.uleb128 0xa
 414 0209 3C040000 		.4byte	.LASF61
 415 020d 07       		.byte	0x7
 416 020e 4D       		.byte	0x4d
 417 020f 25020000 		.4byte	0x225
 418 0213 11       		.byte	0x11
 419 0214 00       		.byte	0
 420 0215 0B       		.uleb128 0xb
 421 0216 8F000000 		.4byte	0x8f
 422 021a 25020000 		.4byte	0x225
 423 021e 0C       		.uleb128 0xc
 424 021f D4000000 		.4byte	0xd4
 425 0223 0F       		.byte	0xf
 426 0224 00       		.byte	0
 427 0225 0B       		.uleb128 0xb
 428 0226 8F000000 		.4byte	0x8f
 429 022a 35020000 		.4byte	0x235
 430 022e 0C       		.uleb128 0xc
 431 022f D4000000 		.4byte	0xd4
 432 0233 96       		.byte	0x96
 433 0234 00       		.byte	0
ARM GAS  C:\Users\abhim\AppData\Local\Temp\cc2wej8D.s 			page 10


 434 0235 03       		.uleb128 0x3
 435 0236 3C000000 		.4byte	.LASF62
 436 023a 07       		.byte	0x7
 437 023b 4E       		.byte	0x4e
 438 023c E8010000 		.4byte	0x1e8
 439 0240 0D       		.uleb128 0xd
 440 0241 D9030000 		.4byte	.LASF63
 441 0245 01       		.byte	0x1
 442 0246 28       		.byte	0x28
 443 0247 A1010000 		.4byte	0x1a1
 444 024b 00000000 		.4byte	.LFB111
 445 024f 2C000000 		.4byte	.LFE111-.LFB111
 446 0253 01       		.uleb128 0x1
 447 0254 9C       		.byte	0x9c
 448 0255 B2020000 		.4byte	0x2b2
 449 0259 0E       		.uleb128 0xe
 450 025a 06000000 		.4byte	.LVL0
 451 025e B6030000 		.4byte	0x3b6
 452 0262 0F       		.uleb128 0xf
 453 0263 0E000000 		.4byte	.LVL1
 454 0267 C1030000 		.4byte	0x3c1
 455 026b 76020000 		.4byte	0x276
 456 026f 10       		.uleb128 0x10
 457 0270 01       		.uleb128 0x1
 458 0271 50       		.byte	0x50
 459 0272 02       		.uleb128 0x2
 460 0273 74       		.byte	0x74
 461 0274 00       		.sleb128 0
 462 0275 00       		.byte	0
 463 0276 0F       		.uleb128 0xf
 464 0277 14000000 		.4byte	.LVL2
 465 027b C1030000 		.4byte	0x3c1
 466 027f 8A020000 		.4byte	0x28a
 467 0283 10       		.uleb128 0x10
 468 0284 01       		.uleb128 0x1
 469 0285 50       		.byte	0x50
 470 0286 02       		.uleb128 0x2
 471 0287 74       		.byte	0x74
 472 0288 00       		.sleb128 0
 473 0289 00       		.byte	0
 474 028a 0F       		.uleb128 0xf
 475 028b 1A000000 		.4byte	.LVL3
 476 028f C1030000 		.4byte	0x3c1
 477 0293 A1020000 		.4byte	0x2a1
 478 0297 10       		.uleb128 0x10
 479 0298 01       		.uleb128 0x1
 480 0299 50       		.byte	0x50
 481 029a 05       		.uleb128 0x5
 482 029b 03       		.byte	0x3
 483 029c 04000000 		.4byte	.LC1
 484 02a0 00       		.byte	0
 485 02a1 11       		.uleb128 0x11
 486 02a2 20000000 		.4byte	.LVL4
 487 02a6 C1030000 		.4byte	0x3c1
 488 02aa 10       		.uleb128 0x10
 489 02ab 01       		.uleb128 0x1
 490 02ac 50       		.byte	0x50
ARM GAS  C:\Users\abhim\AppData\Local\Temp\cc2wej8D.s 			page 11


 491 02ad 02       		.uleb128 0x2
 492 02ae 74       		.byte	0x74
 493 02af 00       		.sleb128 0
 494 02b0 00       		.byte	0
 495 02b1 00       		.byte	0
 496 02b2 0D       		.uleb128 0xd
 497 02b3 A8040000 		.4byte	.LASF64
 498 02b7 01       		.byte	0x1
 499 02b8 38       		.byte	0x38
 500 02b9 A1010000 		.4byte	0x1a1
 501 02bd 00000000 		.4byte	.LFB112
 502 02c1 2C000000 		.4byte	.LFE112-.LFB112
 503 02c5 01       		.uleb128 0x1
 504 02c6 9C       		.byte	0x9c
 505 02c7 3C030000 		.4byte	0x33c
 506 02cb 12       		.uleb128 0x12
 507 02cc 56020000 		.4byte	.LASF77
 508 02d0 01       		.byte	0x1
 509 02d1 38       		.byte	0x38
 510 02d2 3C030000 		.4byte	0x33c
 511 02d6 00000000 		.4byte	.LLST0
 512 02da 13       		.uleb128 0x13
 513 02db 0F000000 		.4byte	.LASF78
 514 02df 01       		.byte	0x1
 515 02e0 3B       		.byte	0x3b
 516 02e1 A1010000 		.4byte	0x1a1
 517 02e5 2C000000 		.4byte	.LLST1
 518 02e9 0F       		.uleb128 0xf
 519 02ea 0A000000 		.4byte	.LVL8
 520 02ee C1030000 		.4byte	0x3c1
 521 02f2 FD020000 		.4byte	0x2fd
 522 02f6 10       		.uleb128 0x10
 523 02f7 01       		.uleb128 0x1
 524 02f8 50       		.byte	0x50
 525 02f9 02       		.uleb128 0x2
 526 02fa 74       		.byte	0x74
 527 02fb 01       		.sleb128 1
 528 02fc 00       		.byte	0
 529 02fd 0F       		.uleb128 0xf
 530 02fe 10000000 		.4byte	.LVL9
 531 0302 C1030000 		.4byte	0x3c1
 532 0306 14030000 		.4byte	0x314
 533 030a 10       		.uleb128 0x10
 534 030b 01       		.uleb128 0x1
 535 030c 50       		.byte	0x50
 536 030d 05       		.uleb128 0x5
 537 030e 03       		.byte	0x3
 538 030f 14000000 		.4byte	.LC2
 539 0313 00       		.byte	0
 540 0314 0F       		.uleb128 0xf
 541 0315 18000000 		.4byte	.LVL10
 542 0319 C1030000 		.4byte	0x3c1
 543 031d 28030000 		.4byte	0x328
 544 0321 10       		.uleb128 0x10
 545 0322 01       		.uleb128 0x1
 546 0323 50       		.byte	0x50
 547 0324 02       		.uleb128 0x2
ARM GAS  C:\Users\abhim\AppData\Local\Temp\cc2wej8D.s 			page 12


 548 0325 74       		.byte	0x74
 549 0326 11       		.sleb128 17
 550 0327 00       		.byte	0
 551 0328 11       		.uleb128 0x11
 552 0329 1E000000 		.4byte	.LVL11
 553 032d C1030000 		.4byte	0x3c1
 554 0331 10       		.uleb128 0x10
 555 0332 01       		.uleb128 0x1
 556 0333 50       		.byte	0x50
 557 0334 05       		.uleb128 0x5
 558 0335 03       		.byte	0x3
 559 0336 00000000 		.4byte	.LC0
 560 033a 00       		.byte	0
 561 033b 00       		.byte	0
 562 033c 14       		.uleb128 0x14
 563 033d 04       		.byte	0x4
 564 033e 35020000 		.4byte	0x235
 565 0342 15       		.uleb128 0x15
 566 0343 F2040000 		.4byte	.LASF65
 567 0347 08       		.byte	0x8
 568 0348 40       		.byte	0x40
 569 0349 B3000000 		.4byte	0xb3
 570 034d 15       		.uleb128 0x15
 571 034e B0010000 		.4byte	.LASF66
 572 0352 08       		.byte	0x8
 573 0353 47       		.byte	0x47
 574 0354 BE000000 		.4byte	0xbe
 575 0358 15       		.uleb128 0x15
 576 0359 29040000 		.4byte	.LASF67
 577 035d 08       		.byte	0x8
 578 035e 4A       		.byte	0x4a
 579 035f B3000000 		.4byte	0xb3
 580 0363 15       		.uleb128 0x15
 581 0364 54010000 		.4byte	.LASF68
 582 0368 09       		.byte	0x9
 583 0369 48       		.byte	0x48
 584 036a C9000000 		.4byte	0xc9
 585 036e 15       		.uleb128 0x15
 586 036f 9F000000 		.4byte	.LASF69
 587 0373 0A       		.byte	0xa
 588 0374 44       		.byte	0x44
 589 0375 B3000000 		.4byte	0xb3
 590 0379 16       		.uleb128 0x16
 591 037a CC040000 		.4byte	.LASF70
 592 037e 0B       		.byte	0xb
 593 037f 1207     		.2byte	0x712
 594 0381 85030000 		.4byte	0x385
 595 0385 17       		.uleb128 0x17
 596 0386 76000000 		.4byte	0x76
 597 038a 0B       		.uleb128 0xb
 598 038b DB000000 		.4byte	0xdb
 599 038f A0030000 		.4byte	0x3a0
 600 0393 0C       		.uleb128 0xc
 601 0394 D4000000 		.4byte	0xd4
 602 0398 05       		.byte	0x5
 603 0399 0C       		.uleb128 0xc
 604 039a D4000000 		.4byte	0xd4
ARM GAS  C:\Users\abhim\AppData\Local\Temp\cc2wej8D.s 			page 13


 605 039e 07       		.byte	0x7
 606 039f 00       		.byte	0
 607 03a0 18       		.uleb128 0x18
 608 03a1 AC020000 		.4byte	.LASF71
 609 03a5 01       		.byte	0x1
 610 03a6 1B       		.byte	0x1b
 611 03a7 B1030000 		.4byte	0x3b1
 612 03ab 05       		.uleb128 0x5
 613 03ac 03       		.byte	0x3
 614 03ad 00000000 		.4byte	logLevel2String
 615 03b1 05       		.uleb128 0x5
 616 03b2 8A030000 		.4byte	0x38a
 617 03b6 19       		.uleb128 0x19
 618 03b7 00000000 		.4byte	.LASF72
 619 03bb 00000000 		.4byte	.LASF72
 620 03bf 0C       		.byte	0xc
 621 03c0 54       		.byte	0x54
 622 03c1 19       		.uleb128 0x19
 623 03c2 43020000 		.4byte	.LASF73
 624 03c6 43020000 		.4byte	.LASF73
 625 03ca 0C       		.byte	0xc
 626 03cb 8B       		.byte	0x8b
 627 03cc 00       		.byte	0
 628              		.section	.debug_abbrev,"",%progbits
 629              	.Ldebug_abbrev0:
 630 0000 01       		.uleb128 0x1
 631 0001 11       		.uleb128 0x11
 632 0002 01       		.byte	0x1
 633 0003 25       		.uleb128 0x25
 634 0004 0E       		.uleb128 0xe
 635 0005 13       		.uleb128 0x13
 636 0006 0B       		.uleb128 0xb
 637 0007 03       		.uleb128 0x3
 638 0008 0E       		.uleb128 0xe
 639 0009 1B       		.uleb128 0x1b
 640 000a 0E       		.uleb128 0xe
 641 000b 55       		.uleb128 0x55
 642 000c 17       		.uleb128 0x17
 643 000d 11       		.uleb128 0x11
 644 000e 01       		.uleb128 0x1
 645 000f 10       		.uleb128 0x10
 646 0010 17       		.uleb128 0x17
 647 0011 00       		.byte	0
 648 0012 00       		.byte	0
 649 0013 02       		.uleb128 0x2
 650 0014 24       		.uleb128 0x24
 651 0015 00       		.byte	0
 652 0016 0B       		.uleb128 0xb
 653 0017 0B       		.uleb128 0xb
 654 0018 3E       		.uleb128 0x3e
 655 0019 0B       		.uleb128 0xb
 656 001a 03       		.uleb128 0x3
 657 001b 0E       		.uleb128 0xe
 658 001c 00       		.byte	0
 659 001d 00       		.byte	0
 660 001e 03       		.uleb128 0x3
 661 001f 16       		.uleb128 0x16
ARM GAS  C:\Users\abhim\AppData\Local\Temp\cc2wej8D.s 			page 14


 662 0020 00       		.byte	0
 663 0021 03       		.uleb128 0x3
 664 0022 0E       		.uleb128 0xe
 665 0023 3A       		.uleb128 0x3a
 666 0024 0B       		.uleb128 0xb
 667 0025 3B       		.uleb128 0x3b
 668 0026 0B       		.uleb128 0xb
 669 0027 49       		.uleb128 0x49
 670 0028 13       		.uleb128 0x13
 671 0029 00       		.byte	0
 672 002a 00       		.byte	0
 673 002b 04       		.uleb128 0x4
 674 002c 24       		.uleb128 0x24
 675 002d 00       		.byte	0
 676 002e 0B       		.uleb128 0xb
 677 002f 0B       		.uleb128 0xb
 678 0030 3E       		.uleb128 0x3e
 679 0031 0B       		.uleb128 0xb
 680 0032 03       		.uleb128 0x3
 681 0033 08       		.uleb128 0x8
 682 0034 00       		.byte	0
 683 0035 00       		.byte	0
 684 0036 05       		.uleb128 0x5
 685 0037 26       		.uleb128 0x26
 686 0038 00       		.byte	0
 687 0039 49       		.uleb128 0x49
 688 003a 13       		.uleb128 0x13
 689 003b 00       		.byte	0
 690 003c 00       		.byte	0
 691 003d 06       		.uleb128 0x6
 692 003e 04       		.uleb128 0x4
 693 003f 01       		.byte	0x1
 694 0040 0B       		.uleb128 0xb
 695 0041 0B       		.uleb128 0xb
 696 0042 49       		.uleb128 0x49
 697 0043 13       		.uleb128 0x13
 698 0044 3A       		.uleb128 0x3a
 699 0045 0B       		.uleb128 0xb
 700 0046 3B       		.uleb128 0x3b
 701 0047 0B       		.uleb128 0xb
 702 0048 01       		.uleb128 0x1
 703 0049 13       		.uleb128 0x13
 704 004a 00       		.byte	0
 705 004b 00       		.byte	0
 706 004c 07       		.uleb128 0x7
 707 004d 28       		.uleb128 0x28
 708 004e 00       		.byte	0
 709 004f 03       		.uleb128 0x3
 710 0050 0E       		.uleb128 0xe
 711 0051 1C       		.uleb128 0x1c
 712 0052 0B       		.uleb128 0xb
 713 0053 00       		.byte	0
 714 0054 00       		.byte	0
 715 0055 08       		.uleb128 0x8
 716 0056 28       		.uleb128 0x28
 717 0057 00       		.byte	0
 718 0058 03       		.uleb128 0x3
ARM GAS  C:\Users\abhim\AppData\Local\Temp\cc2wej8D.s 			page 15


 719 0059 0E       		.uleb128 0xe
 720 005a 1C       		.uleb128 0x1c
 721 005b 0D       		.uleb128 0xd
 722 005c 00       		.byte	0
 723 005d 00       		.byte	0
 724 005e 09       		.uleb128 0x9
 725 005f 13       		.uleb128 0x13
 726 0060 01       		.byte	0x1
 727 0061 0B       		.uleb128 0xb
 728 0062 0B       		.uleb128 0xb
 729 0063 3A       		.uleb128 0x3a
 730 0064 0B       		.uleb128 0xb
 731 0065 3B       		.uleb128 0x3b
 732 0066 0B       		.uleb128 0xb
 733 0067 01       		.uleb128 0x1
 734 0068 13       		.uleb128 0x13
 735 0069 00       		.byte	0
 736 006a 00       		.byte	0
 737 006b 0A       		.uleb128 0xa
 738 006c 0D       		.uleb128 0xd
 739 006d 00       		.byte	0
 740 006e 03       		.uleb128 0x3
 741 006f 0E       		.uleb128 0xe
 742 0070 3A       		.uleb128 0x3a
 743 0071 0B       		.uleb128 0xb
 744 0072 3B       		.uleb128 0x3b
 745 0073 0B       		.uleb128 0xb
 746 0074 49       		.uleb128 0x49
 747 0075 13       		.uleb128 0x13
 748 0076 38       		.uleb128 0x38
 749 0077 0B       		.uleb128 0xb
 750 0078 00       		.byte	0
 751 0079 00       		.byte	0
 752 007a 0B       		.uleb128 0xb
 753 007b 01       		.uleb128 0x1
 754 007c 01       		.byte	0x1
 755 007d 49       		.uleb128 0x49
 756 007e 13       		.uleb128 0x13
 757 007f 01       		.uleb128 0x1
 758 0080 13       		.uleb128 0x13
 759 0081 00       		.byte	0
 760 0082 00       		.byte	0
 761 0083 0C       		.uleb128 0xc
 762 0084 21       		.uleb128 0x21
 763 0085 00       		.byte	0
 764 0086 49       		.uleb128 0x49
 765 0087 13       		.uleb128 0x13
 766 0088 2F       		.uleb128 0x2f
 767 0089 0B       		.uleb128 0xb
 768 008a 00       		.byte	0
 769 008b 00       		.byte	0
 770 008c 0D       		.uleb128 0xd
 771 008d 2E       		.uleb128 0x2e
 772 008e 01       		.byte	0x1
 773 008f 3F       		.uleb128 0x3f
 774 0090 19       		.uleb128 0x19
 775 0091 03       		.uleb128 0x3
ARM GAS  C:\Users\abhim\AppData\Local\Temp\cc2wej8D.s 			page 16


 776 0092 0E       		.uleb128 0xe
 777 0093 3A       		.uleb128 0x3a
 778 0094 0B       		.uleb128 0xb
 779 0095 3B       		.uleb128 0x3b
 780 0096 0B       		.uleb128 0xb
 781 0097 27       		.uleb128 0x27
 782 0098 19       		.uleb128 0x19
 783 0099 49       		.uleb128 0x49
 784 009a 13       		.uleb128 0x13
 785 009b 11       		.uleb128 0x11
 786 009c 01       		.uleb128 0x1
 787 009d 12       		.uleb128 0x12
 788 009e 06       		.uleb128 0x6
 789 009f 40       		.uleb128 0x40
 790 00a0 18       		.uleb128 0x18
 791 00a1 9742     		.uleb128 0x2117
 792 00a3 19       		.uleb128 0x19
 793 00a4 01       		.uleb128 0x1
 794 00a5 13       		.uleb128 0x13
 795 00a6 00       		.byte	0
 796 00a7 00       		.byte	0
 797 00a8 0E       		.uleb128 0xe
 798 00a9 898201   		.uleb128 0x4109
 799 00ac 00       		.byte	0
 800 00ad 11       		.uleb128 0x11
 801 00ae 01       		.uleb128 0x1
 802 00af 31       		.uleb128 0x31
 803 00b0 13       		.uleb128 0x13
 804 00b1 00       		.byte	0
 805 00b2 00       		.byte	0
 806 00b3 0F       		.uleb128 0xf
 807 00b4 898201   		.uleb128 0x4109
 808 00b7 01       		.byte	0x1
 809 00b8 11       		.uleb128 0x11
 810 00b9 01       		.uleb128 0x1
 811 00ba 31       		.uleb128 0x31
 812 00bb 13       		.uleb128 0x13
 813 00bc 01       		.uleb128 0x1
 814 00bd 13       		.uleb128 0x13
 815 00be 00       		.byte	0
 816 00bf 00       		.byte	0
 817 00c0 10       		.uleb128 0x10
 818 00c1 8A8201   		.uleb128 0x410a
 819 00c4 00       		.byte	0
 820 00c5 02       		.uleb128 0x2
 821 00c6 18       		.uleb128 0x18
 822 00c7 9142     		.uleb128 0x2111
 823 00c9 18       		.uleb128 0x18
 824 00ca 00       		.byte	0
 825 00cb 00       		.byte	0
 826 00cc 11       		.uleb128 0x11
 827 00cd 898201   		.uleb128 0x4109
 828 00d0 01       		.byte	0x1
 829 00d1 11       		.uleb128 0x11
 830 00d2 01       		.uleb128 0x1
 831 00d3 31       		.uleb128 0x31
 832 00d4 13       		.uleb128 0x13
ARM GAS  C:\Users\abhim\AppData\Local\Temp\cc2wej8D.s 			page 17


 833 00d5 00       		.byte	0
 834 00d6 00       		.byte	0
 835 00d7 12       		.uleb128 0x12
 836 00d8 05       		.uleb128 0x5
 837 00d9 00       		.byte	0
 838 00da 03       		.uleb128 0x3
 839 00db 0E       		.uleb128 0xe
 840 00dc 3A       		.uleb128 0x3a
 841 00dd 0B       		.uleb128 0xb
 842 00de 3B       		.uleb128 0x3b
 843 00df 0B       		.uleb128 0xb
 844 00e0 49       		.uleb128 0x49
 845 00e1 13       		.uleb128 0x13
 846 00e2 02       		.uleb128 0x2
 847 00e3 17       		.uleb128 0x17
 848 00e4 00       		.byte	0
 849 00e5 00       		.byte	0
 850 00e6 13       		.uleb128 0x13
 851 00e7 34       		.uleb128 0x34
 852 00e8 00       		.byte	0
 853 00e9 03       		.uleb128 0x3
 854 00ea 0E       		.uleb128 0xe
 855 00eb 3A       		.uleb128 0x3a
 856 00ec 0B       		.uleb128 0xb
 857 00ed 3B       		.uleb128 0x3b
 858 00ee 0B       		.uleb128 0xb
 859 00ef 49       		.uleb128 0x49
 860 00f0 13       		.uleb128 0x13
 861 00f1 02       		.uleb128 0x2
 862 00f2 17       		.uleb128 0x17
 863 00f3 00       		.byte	0
 864 00f4 00       		.byte	0
 865 00f5 14       		.uleb128 0x14
 866 00f6 0F       		.uleb128 0xf
 867 00f7 00       		.byte	0
 868 00f8 0B       		.uleb128 0xb
 869 00f9 0B       		.uleb128 0xb
 870 00fa 49       		.uleb128 0x49
 871 00fb 13       		.uleb128 0x13
 872 00fc 00       		.byte	0
 873 00fd 00       		.byte	0
 874 00fe 15       		.uleb128 0x15
 875 00ff 34       		.uleb128 0x34
 876 0100 00       		.byte	0
 877 0101 03       		.uleb128 0x3
 878 0102 0E       		.uleb128 0xe
 879 0103 3A       		.uleb128 0x3a
 880 0104 0B       		.uleb128 0xb
 881 0105 3B       		.uleb128 0x3b
 882 0106 0B       		.uleb128 0xb
 883 0107 49       		.uleb128 0x49
 884 0108 13       		.uleb128 0x13
 885 0109 3F       		.uleb128 0x3f
 886 010a 19       		.uleb128 0x19
 887 010b 3C       		.uleb128 0x3c
 888 010c 19       		.uleb128 0x19
 889 010d 00       		.byte	0
ARM GAS  C:\Users\abhim\AppData\Local\Temp\cc2wej8D.s 			page 18


 890 010e 00       		.byte	0
 891 010f 16       		.uleb128 0x16
 892 0110 34       		.uleb128 0x34
 893 0111 00       		.byte	0
 894 0112 03       		.uleb128 0x3
 895 0113 0E       		.uleb128 0xe
 896 0114 3A       		.uleb128 0x3a
 897 0115 0B       		.uleb128 0xb
 898 0116 3B       		.uleb128 0x3b
 899 0117 05       		.uleb128 0x5
 900 0118 49       		.uleb128 0x49
 901 0119 13       		.uleb128 0x13
 902 011a 3F       		.uleb128 0x3f
 903 011b 19       		.uleb128 0x19
 904 011c 3C       		.uleb128 0x3c
 905 011d 19       		.uleb128 0x19
 906 011e 00       		.byte	0
 907 011f 00       		.byte	0
 908 0120 17       		.uleb128 0x17
 909 0121 35       		.uleb128 0x35
 910 0122 00       		.byte	0
 911 0123 49       		.uleb128 0x49
 912 0124 13       		.uleb128 0x13
 913 0125 00       		.byte	0
 914 0126 00       		.byte	0
 915 0127 18       		.uleb128 0x18
 916 0128 34       		.uleb128 0x34
 917 0129 00       		.byte	0
 918 012a 03       		.uleb128 0x3
 919 012b 0E       		.uleb128 0xe
 920 012c 3A       		.uleb128 0x3a
 921 012d 0B       		.uleb128 0xb
 922 012e 3B       		.uleb128 0x3b
 923 012f 0B       		.uleb128 0xb
 924 0130 49       		.uleb128 0x49
 925 0131 13       		.uleb128 0x13
 926 0132 3F       		.uleb128 0x3f
 927 0133 19       		.uleb128 0x19
 928 0134 02       		.uleb128 0x2
 929 0135 18       		.uleb128 0x18
 930 0136 00       		.byte	0
 931 0137 00       		.byte	0
 932 0138 19       		.uleb128 0x19
 933 0139 2E       		.uleb128 0x2e
 934 013a 00       		.byte	0
 935 013b 3F       		.uleb128 0x3f
 936 013c 19       		.uleb128 0x19
 937 013d 3C       		.uleb128 0x3c
 938 013e 19       		.uleb128 0x19
 939 013f 6E       		.uleb128 0x6e
 940 0140 0E       		.uleb128 0xe
 941 0141 03       		.uleb128 0x3
 942 0142 0E       		.uleb128 0xe
 943 0143 3A       		.uleb128 0x3a
 944 0144 0B       		.uleb128 0xb
 945 0145 3B       		.uleb128 0x3b
 946 0146 0B       		.uleb128 0xb
ARM GAS  C:\Users\abhim\AppData\Local\Temp\cc2wej8D.s 			page 19


 947 0147 00       		.byte	0
 948 0148 00       		.byte	0
 949 0149 00       		.byte	0
 950              		.section	.debug_loc,"",%progbits
 951              	.Ldebug_loc0:
 952              	.LLST0:
 953 0000 00000000 		.4byte	.LVL5
 954 0004 06000000 		.4byte	.LVL7
 955 0008 0100     		.2byte	0x1
 956 000a 50       		.byte	0x50
 957 000b 06000000 		.4byte	.LVL7
 958 000f 22000000 		.4byte	.LVL12
 959 0013 0100     		.2byte	0x1
 960 0015 54       		.byte	0x54
 961 0016 22000000 		.4byte	.LVL12
 962 001a 2C000000 		.4byte	.LFE112
 963 001e 0400     		.2byte	0x4
 964 0020 F3       		.byte	0xf3
 965 0021 01       		.uleb128 0x1
 966 0022 50       		.byte	0x50
 967 0023 9F       		.byte	0x9f
 968 0024 00000000 		.4byte	0
 969 0028 00000000 		.4byte	0
 970              	.LLST1:
 971 002c 04000000 		.4byte	.LVL6
 972 0030 1E000000 		.4byte	.LVL11
 973 0034 0300     		.2byte	0x3
 974 0036 09       		.byte	0x9
 975 0037 E9       		.byte	0xe9
 976 0038 9F       		.byte	0x9f
 977 0039 1E000000 		.4byte	.LVL11
 978 003d 2C000000 		.4byte	.LFE112
 979 0041 0200     		.2byte	0x2
 980 0043 30       		.byte	0x30
 981 0044 9F       		.byte	0x9f
 982 0045 00000000 		.4byte	0
 983 0049 00000000 		.4byte	0
 984              		.section	.debug_aranges,"",%progbits
 985 0000 24000000 		.4byte	0x24
 986 0004 0200     		.2byte	0x2
 987 0006 00000000 		.4byte	.Ldebug_info0
 988 000a 04       		.byte	0x4
 989 000b 00       		.byte	0
 990 000c 0000     		.2byte	0
 991 000e 0000     		.2byte	0
 992 0010 00000000 		.4byte	.LFB111
 993 0014 2C000000 		.4byte	.LFE111-.LFB111
 994 0018 00000000 		.4byte	.LFB112
 995 001c 2C000000 		.4byte	.LFE112-.LFB112
 996 0020 00000000 		.4byte	0
 997 0024 00000000 		.4byte	0
 998              		.section	.debug_ranges,"",%progbits
 999              	.Ldebug_ranges0:
 1000 0000 00000000 		.4byte	.LFB111
 1001 0004 2C000000 		.4byte	.LFE111
 1002 0008 00000000 		.4byte	.LFB112
 1003 000c 2C000000 		.4byte	.LFE112
ARM GAS  C:\Users\abhim\AppData\Local\Temp\cc2wej8D.s 			page 20


 1004 0010 00000000 		.4byte	0
 1005 0014 00000000 		.4byte	0
 1006              		.section	.debug_line,"",%progbits
 1007              	.Ldebug_line0:
 1008 0000 5D020000 		.section	.debug_str,"MS",%progbits,1
 1008      02002E02 
 1008      00000201 
 1008      FB0E0D00 
 1008      01010101 
 1009              	.LASF72:
 1010 0000 55415254 		.ascii	"UART_LOG_Start\000"
 1010      5F4C4F47 
 1010      5F537461 
 1010      727400
 1011              	.LASF78:
 1012 000f 72657375 		.ascii	"result\000"
 1012      6C7400
 1013              	.LASF35:
 1014 0016 52435F45 		.ascii	"RC_ERROR_READ_ONLY\000"
 1014      52524F52 
 1014      5F524541 
 1014      445F4F4E 
 1014      4C5900
 1015              	.LASF21:
 1016 0029 52435F53 		.ascii	"RC_SUCCESS\000"
 1016      55434345 
 1016      535300
 1017              	.LASF57:
 1018 0034 4C4F475F 		.ascii	"LOG_OFF\000"
 1018      4F464600 
 1019              	.LASF62:
 1020 003c 6C6F6767 		.ascii	"logging_t\000"
 1020      696E675F 
 1020      7400
 1021              	.LASF52:
 1022 0046 4C4F475F 		.ascii	"LOG_VERBOSE\000"
 1022      56455242 
 1022      4F534500 
 1023              	.LASF36:
 1024 0052 52435F45 		.ascii	"RC_ERROR_WRITE_ONLY\000"
 1024      52524F52 
 1024      5F575249 
 1024      54455F4F 
 1024      4E4C5900 
 1025              	.LASF2:
 1026 0066 73686F72 		.ascii	"short int\000"
 1026      7420696E 
 1026      7400
 1027              	.LASF27:
 1028 0070 52435F45 		.ascii	"RC_ERROR_OVERRUN\000"
 1028      52524F52 
 1028      5F4F5645 
 1028      5252554E 
 1028      00
 1029              	.LASF39:
 1030 0081 52435F45 		.ascii	"RC_ERROR_WRITE_FAILS\000"
 1030      52524F52 
ARM GAS  C:\Users\abhim\AppData\Local\Temp\cc2wej8D.s 			page 21


 1030      5F575249 
 1030      54455F46 
 1030      41494C53 
 1031              	.LASF20:
 1032 0096 73697A65 		.ascii	"sizetype\000"
 1032      74797065 
 1032      00
 1033              	.LASF69:
 1034 009f 45455F49 		.ascii	"EE_IRQ_nesting_level\000"
 1034      52515F6E 
 1034      65737469 
 1034      6E675F6C 
 1034      6576656C 
 1035              	.LASF48:
 1036 00b4 52435F45 		.ascii	"RC_ERROR_TOKEN_END\000"
 1036      52524F52 
 1036      5F544F4B 
 1036      454E5F45 
 1036      4E4400
 1037              	.LASF24:
 1038 00c7 52435F45 		.ascii	"RC_ERROR_ZERO\000"
 1038      52524F52 
 1038      5F5A4552 
 1038      4F00
 1039              	.LASF18:
 1040 00d5 45455F46 		.ascii	"EE_FREG\000"
 1040      52454700 
 1041              	.LASF38:
 1042 00dd 52435F45 		.ascii	"RC_ERROR_READ_FAILS\000"
 1042      52524F52 
 1042      5F524541 
 1042      445F4641 
 1042      494C5300 
 1043              	.LASF16:
 1044 00f1 45455F55 		.ascii	"EE_UINT32\000"
 1044      494E5433 
 1044      3200
 1045              	.LASF19:
 1046 00fb 45455F54 		.ascii	"EE_TID\000"
 1046      494400
 1047              	.LASF75:
 1048 0102 736F7572 		.ascii	"source\\bsw\\services\\logging.c\000"
 1048      63655C62 
 1048      73775C73 
 1048      65727669 
 1048      6365735C 
 1049              	.LASF47:
 1050 0120 52435F42 		.ascii	"RC_BUFFERUNDERFLOW\000"
 1050      55464645 
 1050      52554E44 
 1050      4552464C 
 1050      4F5700
 1051              	.LASF44:
 1052 0133 52435F45 		.ascii	"RC_ERROR_INVALID_STATE\000"
 1052      52524F52 
 1052      5F494E56 
 1052      414C4944 
ARM GAS  C:\Users\abhim\AppData\Local\Temp\cc2wej8D.s 			page 22


 1052      5F535441 
 1053              	.LASF55:
 1054 014a 4C4F475F 		.ascii	"LOG_ERROR\000"
 1054      4552524F 
 1054      5200
 1055              	.LASF68:
 1056 0154 45455F73 		.ascii	"EE_std_endcycle_next_tid\000"
 1056      74645F65 
 1056      6E646379 
 1056      636C655F 
 1056      6E657874 
 1057              	.LASF26:
 1058 016d 52435F45 		.ascii	"RC_ERROR_RANGE\000"
 1058      52524F52 
 1058      5F52414E 
 1058      474500
 1059              	.LASF60:
 1060 017c 73656E64 		.ascii	"sender\000"
 1060      657200
 1061              	.LASF11:
 1062 0183 666C6F61 		.ascii	"float\000"
 1062      7400
 1063              	.LASF46:
 1064 0189 52435F45 		.ascii	"RC_ERROR_NOT_IMPLEMENTED\000"
 1064      52524F52 
 1064      5F4E4F54 
 1064      5F494D50 
 1064      4C454D45 
 1065              	.LASF6:
 1066 01a2 6C6F6E67 		.ascii	"long long int\000"
 1066      206C6F6E 
 1066      6720696E 
 1066      7400
 1067              	.LASF66:
 1068 01b0 45455F6F 		.ascii	"EE_oo_IRQ_suspend_status\000"
 1068      6F5F4952 
 1068      515F7375 
 1068      7370656E 
 1068      645F7374 
 1069              	.LASF40:
 1070 01c9 52435F45 		.ascii	"RC_ERROR_NOT_MATCH\000"
 1070      52524F52 
 1070      5F4E4F54 
 1070      5F4D4154 
 1070      434800
 1071              	.LASF45:
 1072 01dc 52435F45 		.ascii	"RC_ERROR_UNKNOWN\000"
 1072      52524F52 
 1072      5F554E4B 
 1072      4E4F574E 
 1072      00
 1073              	.LASF4:
 1074 01ed 6C6F6E67 		.ascii	"long int\000"
 1074      20696E74 
 1074      00
 1075              	.LASF28:
 1076 01f6 52435F45 		.ascii	"RC_ERROR_UNDERRUN\000"
ARM GAS  C:\Users\abhim\AppData\Local\Temp\cc2wej8D.s 			page 23


 1076      52524F52 
 1076      5F554E44 
 1076      45525255 
 1076      4E00
 1077              	.LASF31:
 1078 0208 52435F45 		.ascii	"RC_ERROR_BUSY\000"
 1078      52524F52 
 1078      5F425553 
 1078      5900
 1079              	.LASF37:
 1080 0216 52435F45 		.ascii	"RC_ERROR_INVALID\000"
 1080      52524F52 
 1080      5F494E56 
 1080      414C4944 
 1080      00
 1081              	.LASF42:
 1082 0227 52435F45 		.ascii	"RC_ERROR_BAD_DATA\000"
 1082      52524F52 
 1082      5F424144 
 1082      5F444154 
 1082      4100
 1083              	.LASF56:
 1084 0239 4C4F475F 		.ascii	"LOG_DEBUG\000"
 1084      44454255 
 1084      4700
 1085              	.LASF73:
 1086 0243 55415254 		.ascii	"UART_LOG_PutString\000"
 1086      5F4C4F47 
 1086      5F507574 
 1086      53747269 
 1086      6E6700
 1087              	.LASF77:
 1088 0256 656E7472 		.ascii	"entry\000"
 1088      7900
 1089              	.LASF14:
 1090 025c 6C6F6E67 		.ascii	"long double\000"
 1090      20646F75 
 1090      626C6500 
 1091              	.LASF1:
 1092 0268 756E7369 		.ascii	"unsigned char\000"
 1092      676E6564 
 1092      20636861 
 1092      7200
 1093              	.LASF41:
 1094 0276 52435F45 		.ascii	"RC_ERROR_BAD_PARAM\000"
 1094      52524F52 
 1094      5F424144 
 1094      5F504152 
 1094      414D00
 1095              	.LASF0:
 1096 0289 7369676E 		.ascii	"signed char\000"
 1096      65642063 
 1096      68617200 
 1097              	.LASF7:
 1098 0295 6C6F6E67 		.ascii	"long long unsigned int\000"
 1098      206C6F6E 
 1098      6720756E 
ARM GAS  C:\Users\abhim\AppData\Local\Temp\cc2wej8D.s 			page 24


 1098      7369676E 
 1098      65642069 
 1099              	.LASF71:
 1100 02ac 6C6F674C 		.ascii	"logLevel2String\000"
 1100      6576656C 
 1100      32537472 
 1100      696E6700 
 1101              	.LASF8:
 1102 02bc 756E7369 		.ascii	"unsigned int\000"
 1102      676E6564 
 1102      20696E74 
 1102      00
 1103              	.LASF33:
 1104 02c9 52435F45 		.ascii	"RC_ERROR_OPEN\000"
 1104      52524F52 
 1104      5F4F5045 
 1104      4E00
 1105              	.LASF5:
 1106 02d7 6C6F6E67 		.ascii	"long unsigned int\000"
 1106      20756E73 
 1106      69676E65 
 1106      6420696E 
 1106      7400
 1107              	.LASF23:
 1108 02e9 52435F45 		.ascii	"RC_ERROR_NULL\000"
 1108      52524F52 
 1108      5F4E554C 
 1108      4C00
 1109              	.LASF30:
 1110 02f7 52435F45 		.ascii	"RC_ERROR_BUFFER_EMTPY\000"
 1110      52524F52 
 1110      5F425546 
 1110      4645525F 
 1110      454D5450 
 1111              	.LASF15:
 1112 030d 45455F49 		.ascii	"EE_INT32\000"
 1112      4E543332 
 1112      00
 1113              	.LASF3:
 1114 0316 73686F72 		.ascii	"short unsigned int\000"
 1114      7420756E 
 1114      7369676E 
 1114      65642069 
 1114      6E7400
 1115              	.LASF74:
 1116 0329 474E5520 		.ascii	"GNU C11 5.4.1 20160609 (release) [ARM/embedded-5-br"
 1116      43313120 
 1116      352E342E 
 1116      31203230 
 1116      31363036 
 1117 035c 616E6368 		.ascii	"anch revision 237715] -mcpu=cortex-m3 -mthumb -g -O"
 1117      20726576 
 1117      6973696F 
 1117      6E203233 
 1117      37373135 
 1118 038f 67202D66 		.ascii	"g -ffunction-sections -ffat-lto-objects\000"
 1118      66756E63 
ARM GAS  C:\Users\abhim\AppData\Local\Temp\cc2wej8D.s 			page 25


 1118      74696F6E 
 1118      2D736563 
 1118      74696F6E 
 1119              	.LASF13:
 1120 03b7 63686172 		.ascii	"char\000"
 1120      00
 1121              	.LASF29:
 1122 03bc 52435F45 		.ascii	"RC_ERROR_BUFFER_FULL\000"
 1122      52524F52 
 1122      5F425546 
 1122      4645525F 
 1122      46554C4C 
 1123              	.LASF10:
 1124 03d1 696E7433 		.ascii	"int32_t\000"
 1124      325F7400 
 1125              	.LASF63:
 1126 03d9 4C4F475F 		.ascii	"LOG_Init\000"
 1126      496E6974 
 1126      00
 1127              	.LASF58:
 1128 03e2 6C6F6767 		.ascii	"logging_level_t\000"
 1128      696E675F 
 1128      6C657665 
 1128      6C5F7400 
 1129              	.LASF76:
 1130 03f2 443A5C70 		.ascii	"D:\\psoc-workspace\\Lab Assignments\\Lab3\\Lab3\\La"
 1130      736F632D 
 1130      776F726B 
 1130      73706163 
 1130      655C4C61 
 1131 0420 62332E63 		.ascii	"b3.cydsn\000"
 1131      7964736E 
 1131      00
 1132              	.LASF67:
 1133 0429 45455F41 		.ascii	"EE_ApplicationMode\000"
 1133      70706C69 
 1133      63617469 
 1133      6F6E4D6F 
 1133      646500
 1134              	.LASF61:
 1135 043c 6D657373 		.ascii	"message\000"
 1135      61676500 
 1136              	.LASF49:
 1137 0444 52435F45 		.ascii	"RC_ERROR_TOKEN_INVALID\000"
 1137      52524F52 
 1137      5F544F4B 
 1137      454E5F49 
 1137      4E56414C 
 1138              	.LASF12:
 1139 045b 646F7562 		.ascii	"double\000"
 1139      6C6500
 1140              	.LASF54:
 1141 0462 4C4F475F 		.ascii	"LOG_WARNING\000"
 1141      5741524E 
 1141      494E4700 
 1142              	.LASF34:
 1143 046e 52435F45 		.ascii	"RC_ERROR_CHECKSUM\000"
ARM GAS  C:\Users\abhim\AppData\Local\Temp\cc2wej8D.s 			page 26


 1143      52524F52 
 1143      5F434845 
 1143      434B5355 
 1143      4D00
 1144              	.LASF17:
 1145 0480 45455F55 		.ascii	"EE_UREG\000"
 1145      52454700 
 1146              	.LASF9:
 1147 0488 5F5F696E 		.ascii	"__int32_t\000"
 1147      7433325F 
 1147      7400
 1148              	.LASF59:
 1149 0492 6C657665 		.ascii	"level\000"
 1149      6C00
 1150              	.LASF50:
 1151 0498 52435F45 		.ascii	"RC_ERROR_PARSER\000"
 1151      52524F52 
 1151      5F504152 
 1151      53455200 
 1152              	.LASF64:
 1153 04a8 4C4F475F 		.ascii	"LOG_send\000"
 1153      73656E64 
 1153      00
 1154              	.LASF53:
 1155 04b1 4C4F475F 		.ascii	"LOG_INFO\000"
 1155      494E464F 
 1155      00
 1156              	.LASF43:
 1157 04ba 52435F45 		.ascii	"RC_ERROR_CANCELED\000"
 1157      52524F52 
 1157      5F43414E 
 1157      43454C45 
 1157      4400
 1158              	.LASF70:
 1159 04cc 49544D5F 		.ascii	"ITM_RxBuffer\000"
 1159      52784275 
 1159      66666572 
 1159      00
 1160              	.LASF22:
 1161 04d9 52435F45 		.ascii	"RC_ERROR\000"
 1161      52524F52 
 1161      00
 1162              	.LASF25:
 1163 04e2 52435F45 		.ascii	"RC_ERROR_MEMORY\000"
 1163      52524F52 
 1163      5F4D454D 
 1163      4F525900 
 1164              	.LASF65:
 1165 04f2 45455F6F 		.ascii	"EE_oo_IRQ_disable_count\000"
 1165      6F5F4952 
 1165      515F6469 
 1165      7361626C 
 1165      655F636F 
 1166              	.LASF51:
 1167 050a 52435F74 		.ascii	"RC_t\000"
 1167      00
 1168              	.LASF32:
ARM GAS  C:\Users\abhim\AppData\Local\Temp\cc2wej8D.s 			page 27


 1169 050f 52435F45 		.ascii	"RC_ERROR_TIME_OUT\000"
 1169      52524F52 
 1169      5F54494D 
 1169      455F4F55 
 1169      5400
 1170              		.ident	"GCC: (GNU Tools for ARM Embedded Processors) 5.4.1 20160609 (release) [ARM/embedded-5-bran
