ARM GAS  C:\Users\abhim\AppData\Local\Temp\ccv5QGZr.s 			page 1


   1              		.syntax unified
   2              		.cpu cortex-m3
   3              		.fpu softvfp
   4              		.eabi_attribute 20, 1
   5              		.eabi_attribute 21, 1
   6              		.eabi_attribute 23, 3
   7              		.eabi_attribute 24, 1
   8              		.eabi_attribute 25, 1
   9              		.eabi_attribute 26, 1
  10              		.eabi_attribute 30, 1
  11              		.eabi_attribute 34, 1
  12              		.eabi_attribute 18, 4
  13              		.thumb
  14              		.syntax unified
  15              		.file	"messageBox.c"
  16              		.text
  17              	.Ltext0:
  18              		.cfi_sections	.debug_frame
  19              		.section	.text.MSG_init,"ax",%progbits
  20              		.align	2
  21              		.global	MSG_init
  22              		.thumb
  23              		.thumb_func
  24              		.type	MSG_init, %function
  25              	MSG_init:
  26              	.LFB110:
  27              		.file 1 "source\\bsw\\messageBox.c"
   1:source\bsw/messageBox.c **** /**
   2:source\bsw/messageBox.c **** * \file <filename>
   3:source\bsw/messageBox.c **** * \author <author-name>
   4:source\bsw/messageBox.c **** * \date <date>
   5:source\bsw/messageBox.c **** *
   6:source\bsw/messageBox.c **** * \brief <Symbolic File name>
   7:source\bsw/messageBox.c **** *
   8:source\bsw/messageBox.c **** * \copyright Copyright ©2016
   9:source\bsw/messageBox.c **** * Department of electrical engineering and information technology, Hochschule Darmstadt - Universit
  10:source\bsw/messageBox.c **** * Permission to use, copy, modify, and distribute this software and its documentation for education
  11:source\bsw/messageBox.c **** * (unless permitted by h_da) and official h_da projects, is hereby granted for enrolled students of
  12:source\bsw/messageBox.c **** * this paragraph and the following paragraph appear in all copies, modifications, and distributions
  13:source\bsw/messageBox.c **** * Contact Prof.Dr.-Ing. Peter Fromm, peter.fromm@h-da.de, Birkenweg 8 64295 Darmstadt - GERMANY for
  14:source\bsw/messageBox.c **** *
  15:source\bsw/messageBox.c **** * \warning This software is a PROTOTYPE version and is not designed or intended for use in producti
  16:source\bsw/messageBox.c **** * The user represents and warrants that it will NOT use or redistribute the Software for such purpo
  17:source\bsw/messageBox.c **** * This prototype is for research purposes only. This software is provided "AS IS," without a warran
  18:source\bsw/messageBox.c **** */
  19:source\bsw/messageBox.c **** 
  20:source\bsw/messageBox.c **** /*****************************************************************************/
  21:source\bsw/messageBox.c **** /* Include files                                                             */
  22:source\bsw/messageBox.c **** /*****************************************************************************/
  23:source\bsw/messageBox.c **** 
  24:source\bsw/messageBox.c **** #include "message.h"
  25:source\bsw/messageBox.c **** #include "drawer.h"
  26:source\bsw/messageBox.c **** #include "messageBox.h"
  27:source\bsw/messageBox.c **** 
  28:source\bsw/messageBox.c **** /*****************************************************************************/
  29:source\bsw/messageBox.c **** /* Local pre-processor symbols/macros ('#define')                            */
  30:source\bsw/messageBox.c **** /*****************************************************************************/
ARM GAS  C:\Users\abhim\AppData\Local\Temp\ccv5QGZr.s 			page 2


  31:source\bsw/messageBox.c **** 
  32:source\bsw/messageBox.c **** /*****************************************************************************/
  33:source\bsw/messageBox.c **** /* Global variable definitions (declared in header file with 'extern')       */
  34:source\bsw/messageBox.c **** /*****************************************************************************/
  35:source\bsw/messageBox.c **** 
  36:source\bsw/messageBox.c **** /*****************************************************************************/
  37:source\bsw/messageBox.c **** /* Local type definitions ('typedef')                                        */
  38:source\bsw/messageBox.c **** /*****************************************************************************/
  39:source\bsw/messageBox.c **** 
  40:source\bsw/messageBox.c **** /*****************************************************************************/
  41:source\bsw/messageBox.c **** /* Local variable definitions ('static')                                     */
  42:source\bsw/messageBox.c **** /*****************************************************************************/
  43:source\bsw/messageBox.c **** 
  44:source\bsw/messageBox.c **** 
  45:source\bsw/messageBox.c **** 
  46:source\bsw/messageBox.c **** /*****************************************************************************/
  47:source\bsw/messageBox.c **** /* Local function prototypes ('static')                                      */
  48:source\bsw/messageBox.c **** /*****************************************************************************/
  49:source\bsw/messageBox.c **** 
  50:source\bsw/messageBox.c **** 
  51:source\bsw/messageBox.c **** /*****************************************************************************/
  52:source\bsw/messageBox.c **** /* Function implementation - global ('extern') and local ('static')          */
  53:source\bsw/messageBox.c **** /*****************************************************************************/
  54:source\bsw/messageBox.c **** 
  55:source\bsw/messageBox.c **** RC_t MSG_init(MSG_messagebox_t *const me, uint16_t const size, EventMaskType const ev, TaskType con
  28              		.loc 1 55 0
  29              		.cfi_startproc
  30              		@ args = 0, pretend = 0, frame = 0
  31              		@ frame_needed = 0, uses_anonymous_args = 0
  32              	.LVL0:
  33 0000 10B5     		push	{r4, lr}
  34              		.cfi_def_cfa_offset 8
  35              		.cfi_offset 4, -8
  36              		.cfi_offset 14, -4
  37 0002 0446     		mov	r4, r0
  56:source\bsw/messageBox.c ****     me->readIdx = 0;
  38              		.loc 1 56 0
  39 0004 0021     		movs	r1, #0
  40              	.LVL1:
  41 0006 4170     		strb	r1, [r0, #1]
  57:source\bsw/messageBox.c ****     me->writeIdx = 0;
  42              		.loc 1 57 0
  43 0008 8170     		strb	r1, [r0, #2]
  58:source\bsw/messageBox.c ****     me->size= 100;
  44              		.loc 1 58 0
  45 000a 6420     		movs	r0, #100
  46              	.LVL2:
  47 000c 2070     		strb	r0, [r4]
  59:source\bsw/messageBox.c ****     me->fillLevel = 0;
  48              		.loc 1 59 0
  49 000e E170     		strb	r1, [r4, #3]
  60:source\bsw/messageBox.c ****     me->m_task = task;
  50              		.loc 1 60 0
  51 0010 E360     		str	r3, [r4, #12]
  61:source\bsw/messageBox.c ****     me->m_ev = ev;
  52              		.loc 1 61 0
  53 0012 A260     		str	r2, [r4, #8]
ARM GAS  C:\Users\abhim\AppData\Local\Temp\ccv5QGZr.s 			page 3


  62:source\bsw/messageBox.c ****     me->p_Buffer = (message_t *)malloc(me->size * (sizeof(message_t)));
  54              		.loc 1 62 0
  55 0014 4FF44870 		mov	r0, #800
  56 0018 FFF7FEFF 		bl	malloc
  57              	.LVL3:
  58 001c 6060     		str	r0, [r4, #4]
  63:source\bsw/messageBox.c ****     if (me->p_Buffer == NULL) {
  59              		.loc 1 63 0
  60 001e 28B9     		cbnz	r0, .L3
  64:source\bsw/messageBox.c ****         UART_LOG_PutString("Error: Memory allocation failed for ring buffer\r\n");
  61              		.loc 1 64 0
  62 0020 0348     		ldr	r0, .L5
  63 0022 FFF7FEFF 		bl	UART_LOG_PutString
  64              	.LVL4:
  65:source\bsw/messageBox.c ****         return RC_ERROR_MEMORY;
  65              		.loc 1 65 0
  66 0026 6FF00300 		mvn	r0, #3
  67 002a 10BD     		pop	{r4, pc}
  68              	.LVL5:
  69              	.L3:
  66:source\bsw/messageBox.c ****     }
  67:source\bsw/messageBox.c ****     return RC_SUCCESS;
  70              		.loc 1 67 0
  71 002c 0020     		movs	r0, #0
  68:source\bsw/messageBox.c **** }
  72              		.loc 1 68 0
  73 002e 10BD     		pop	{r4, pc}
  74              	.LVL6:
  75              	.L6:
  76              		.align	2
  77              	.L5:
  78 0030 00000000 		.word	.LC0
  79              		.cfi_endproc
  80              	.LFE110:
  81              		.size	MSG_init, .-MSG_init
  82              		.section	.text.MSG_sendMessage,"ax",%progbits
  83              		.align	2
  84              		.global	MSG_sendMessage
  85              		.thumb
  86              		.thumb_func
  87              		.type	MSG_sendMessage, %function
  88              	MSG_sendMessage:
  89              	.LFB111:
  69:source\bsw/messageBox.c **** 
  70:source\bsw/messageBox.c **** RC_t MSG_sendMessage(MSG_messagebox_t *const me, void const* const pData, uint16_t const size){
  90              		.loc 1 70 0
  91              		.cfi_startproc
  92              		@ args = 0, pretend = 0, frame = 0
  93              		@ frame_needed = 0, uses_anonymous_args = 0
  94              	.LVL7:
  71:source\bsw/messageBox.c ****     if(me->fillLevel < me->size){
  95              		.loc 1 71 0
  96 0000 C278     		ldrb	r2, [r0, #3]	@ zero_extendqisi2
  97              	.LVL8:
  98 0002 0378     		ldrb	r3, [r0]	@ zero_extendqisi2
  99 0004 9A42     		cmp	r2, r3
 100 0006 1AD2     		bcs	.L9
ARM GAS  C:\Users\abhim\AppData\Local\Temp\ccv5QGZr.s 			page 4


  70:source\bsw/messageBox.c ****     if(me->fillLevel < me->size){
 101              		.loc 1 70 0
 102 0008 10B5     		push	{r4, lr}
 103              		.cfi_def_cfa_offset 8
 104              		.cfi_offset 4, -8
 105              		.cfi_offset 14, -4
 106 000a 0346     		mov	r3, r0
 107              	.LVL9:
 108              	.LBB2:
  72:source\bsw/messageBox.c ****         message_t *msg = (message_t *)pData;
  73:source\bsw/messageBox.c ****         me->p_Buffer[me->writeIdx++] = *msg;
 109              		.loc 1 73 0
 110 000c 4268     		ldr	r2, [r0, #4]
 111 000e 8078     		ldrb	r0, [r0, #2]	@ zero_extendqisi2
 112              	.LVL10:
 113 0010 441C     		adds	r4, r0, #1
 114 0012 9C70     		strb	r4, [r3, #2]
 115 0014 02EBC002 		add	r2, r2, r0, lsl #3
 116 0018 03C9     		ldmia	r1, {r0, r1}
 117              	.LVL11:
 118 001a 82E80300 		stmia	r2, {r0, r1}
  74:source\bsw/messageBox.c ****         me->writeIdx%=me->size;
 119              		.loc 1 74 0
 120 001e 1A78     		ldrb	r2, [r3]	@ zero_extendqisi2
 121 0020 9878     		ldrb	r0, [r3, #2]	@ zero_extendqisi2
 122 0022 B0FBF2F1 		udiv	r1, r0, r2
 123 0026 02FB1102 		mls	r2, r2, r1, r0
 124 002a 9A70     		strb	r2, [r3, #2]
  75:source\bsw/messageBox.c ****         me->fillLevel++;
 125              		.loc 1 75 0
 126 002c DA78     		ldrb	r2, [r3, #3]	@ zero_extendqisi2
 127 002e 0132     		adds	r2, r2, #1
 128 0030 DA70     		strb	r2, [r3, #3]
  76:source\bsw/messageBox.c ****         SetEvent(me->m_task,me->m_ev);
 129              		.loc 1 76 0
 130 0032 9968     		ldr	r1, [r3, #8]
 131 0034 D868     		ldr	r0, [r3, #12]
 132 0036 FFF7FEFF 		bl	EE_oo_SetEvent
 133              	.LVL12:
  77:source\bsw/messageBox.c ****         return RC_SUCCESS;
 134              		.loc 1 77 0
 135 003a 0020     		movs	r0, #0
 136 003c 10BD     		pop	{r4, pc}
 137              	.LVL13:
 138              	.L9:
 139              		.cfi_def_cfa_offset 0
 140              		.cfi_restore 4
 141              		.cfi_restore 14
 142              	.LBE2:
  78:source\bsw/messageBox.c ****     }
  79:source\bsw/messageBox.c ****     else{ 
  80:source\bsw/messageBox.c ****         return RC_BUFFERUNDERFLOW;
 143              		.loc 1 80 0
 144 003e 6FF01900 		mvn	r0, #25
 145              	.LVL14:
 146 0042 7047     		bx	lr
 147              		.cfi_endproc
ARM GAS  C:\Users\abhim\AppData\Local\Temp\ccv5QGZr.s 			page 5


 148              	.LFE111:
 149              		.size	MSG_sendMessage, .-MSG_sendMessage
 150              		.section	.text.MSG_waitNextMessage,"ax",%progbits
 151              		.align	2
 152              		.global	MSG_waitNextMessage
 153              		.thumb
 154              		.thumb_func
 155              		.type	MSG_waitNextMessage, %function
 156              	MSG_waitNextMessage:
 157              	.LFB112:
  81:source\bsw/messageBox.c ****     }
  82:source\bsw/messageBox.c **** }
  83:source\bsw/messageBox.c **** 
  84:source\bsw/messageBox.c **** RC_t MSG_waitNextMessage(MSG_messagebox_t *const me){
 158              		.loc 1 84 0
 159              		.cfi_startproc
 160              		@ args = 0, pretend = 0, frame = 0
 161              		@ frame_needed = 0, uses_anonymous_args = 0
 162              	.LVL15:
  85:source\bsw/messageBox.c ****     if(me->fillLevel>0){
 163              		.loc 1 85 0
 164 0000 C378     		ldrb	r3, [r0, #3]	@ zero_extendqisi2
 165 0002 4BB1     		cbz	r3, .L14
  84:source\bsw/messageBox.c ****     if(me->fillLevel>0){
 166              		.loc 1 84 0
 167 0004 10B5     		push	{r4, lr}
 168              		.cfi_def_cfa_offset 8
 169              		.cfi_offset 4, -8
 170              		.cfi_offset 14, -4
 171 0006 0446     		mov	r4, r0
  86:source\bsw/messageBox.c ****         WaitEvent(me->m_ev);
 172              		.loc 1 86 0
 173 0008 8068     		ldr	r0, [r0, #8]
 174              	.LVL16:
 175 000a FFF7FEFF 		bl	EE_oo_WaitEvent
 176              	.LVL17:
  87:source\bsw/messageBox.c ****         ClearEvent(me->m_ev);
 177              		.loc 1 87 0
 178 000e A068     		ldr	r0, [r4, #8]
 179 0010 FFF7FEFF 		bl	EE_oo_ClearEvent
 180              	.LVL18:
  88:source\bsw/messageBox.c ****         return RC_SUCCESS;
 181              		.loc 1 88 0
 182 0014 0020     		movs	r0, #0
 183 0016 10BD     		pop	{r4, pc}
 184              	.LVL19:
 185              	.L14:
 186              		.cfi_def_cfa_offset 0
 187              		.cfi_restore 4
 188              		.cfi_restore 14
  89:source\bsw/messageBox.c ****     }else{
  90:source\bsw/messageBox.c ****         return RC_ERROR;
 189              		.loc 1 90 0
 190 0018 4FF0FF30 		mov	r0, #-1
 191              	.LVL20:
 192 001c 7047     		bx	lr
 193              		.cfi_endproc
ARM GAS  C:\Users\abhim\AppData\Local\Temp\ccv5QGZr.s 			page 6


 194              	.LFE112:
 195              		.size	MSG_waitNextMessage, .-MSG_waitNextMessage
 196 001e 00BF     		.section	.text.MSG_getSizeOfNextMessage,"ax",%progbits
 197              		.align	2
 198              		.global	MSG_getSizeOfNextMessage
 199              		.thumb
 200              		.thumb_func
 201              		.type	MSG_getSizeOfNextMessage, %function
 202              	MSG_getSizeOfNextMessage:
 203              	.LFB113:
  91:source\bsw/messageBox.c ****     }
  92:source\bsw/messageBox.c **** }
  93:source\bsw/messageBox.c **** 
  94:source\bsw/messageBox.c **** RC_t MSG_getSizeOfNextMessage(MSG_messagebox_t *const me, uint16_t *const size){
 204              		.loc 1 94 0
 205              		.cfi_startproc
 206              		@ args = 0, pretend = 0, frame = 0
 207              		@ frame_needed = 0, uses_anonymous_args = 0
 208              		@ link register save eliminated.
 209              	.LVL21:
  95:source\bsw/messageBox.c ****     if(me->fillLevel > 0){
 210              		.loc 1 95 0
 211 0000 C378     		ldrb	r3, [r0, #3]	@ zero_extendqisi2
 212 0002 73B1     		cbz	r3, .L19
  94:source\bsw/messageBox.c ****     if(me->fillLevel > 0){
 213              		.loc 1 94 0
 214 0004 10B4     		push	{r4}
 215              		.cfi_def_cfa_offset 4
 216              		.cfi_offset 4, -4
 217              	.LBB3:
  96:source\bsw/messageBox.c ****         uint8_t nextMsg = (me->readIdx) % me->size;
 218              		.loc 1 96 0
 219 0006 4478     		ldrb	r4, [r0, #1]	@ zero_extendqisi2
 220 0008 0378     		ldrb	r3, [r0]	@ zero_extendqisi2
 221 000a B4FBF3F2 		udiv	r2, r4, r3
 222 000e 03FB1243 		mls	r3, r3, r2, r4
 223 0012 DBB2     		uxtb	r3, r3
 224              	.LVL22:
  97:source\bsw/messageBox.c ****         *size = me->p_Buffer[nextMsg].size;
 225              		.loc 1 97 0
 226 0014 4268     		ldr	r2, [r0, #4]
 227 0016 02EBC303 		add	r3, r2, r3, lsl #3
 228              	.LVL23:
 229 001a 9B88     		ldrh	r3, [r3, #4]
 230 001c 0B80     		strh	r3, [r1]	@ movhi
 231              	.LVL24:
  98:source\bsw/messageBox.c ****         return RC_SUCCESS;
 232              		.loc 1 98 0
 233 001e 0020     		movs	r0, #0
 234              	.LVL25:
 235 0020 02E0     		b	.L18
 236              	.LVL26:
 237              	.L19:
 238              		.cfi_def_cfa_offset 0
 239              		.cfi_restore 4
 240              	.LBE3:
  99:source\bsw/messageBox.c ****     }else{
ARM GAS  C:\Users\abhim\AppData\Local\Temp\ccv5QGZr.s 			page 7


 100:source\bsw/messageBox.c ****         return RC_BUFFERUNDERFLOW;
 241              		.loc 1 100 0
 242 0022 6FF01900 		mvn	r0, #25
 243              	.LVL27:
 244 0026 7047     		bx	lr
 245              	.L18:
 246              		.cfi_def_cfa_offset 4
 247              		.cfi_offset 4, -4
 101:source\bsw/messageBox.c ****     }
 102:source\bsw/messageBox.c **** }
 248              		.loc 1 102 0
 249 0028 10BC     		pop	{r4}
 250              		.cfi_restore 4
 251              		.cfi_def_cfa_offset 0
 252 002a 7047     		bx	lr
 253              		.cfi_endproc
 254              	.LFE113:
 255              		.size	MSG_getSizeOfNextMessage, .-MSG_getSizeOfNextMessage
 256              		.section	.text.MSG_receiveMessage,"ax",%progbits
 257              		.align	2
 258              		.global	MSG_receiveMessage
 259              		.thumb
 260              		.thumb_func
 261              		.type	MSG_receiveMessage, %function
 262              	MSG_receiveMessage:
 263              	.LFB114:
 103:source\bsw/messageBox.c **** 
 104:source\bsw/messageBox.c **** RC_t MSG_receiveMessage(MSG_messagebox_t *const me, void* pData, uint16_t const size){
 264              		.loc 1 104 0
 265              		.cfi_startproc
 266              		@ args = 0, pretend = 0, frame = 0
 267              		@ frame_needed = 0, uses_anonymous_args = 0
 268              	.LVL28:
 269 0000 38B5     		push	{r3, r4, r5, lr}
 270              		.cfi_def_cfa_offset 16
 271              		.cfi_offset 3, -16
 272              		.cfi_offset 4, -12
 273              		.cfi_offset 5, -8
 274              		.cfi_offset 14, -4
 105:source\bsw/messageBox.c ****     if(me->fillLevel>0){
 275              		.loc 1 105 0
 276 0002 C378     		ldrb	r3, [r0, #3]	@ zero_extendqisi2
 277 0004 43B3     		cbz	r3, .L23
 278 0006 0D46     		mov	r5, r1
 279 0008 0446     		mov	r4, r0
 280              	.LVL29:
 281              	.LBB4:
 106:source\bsw/messageBox.c ****        message_t *msg = (message_t*)pData;
 107:source\bsw/messageBox.c ****         *msg = me->p_Buffer[me->readIdx]; 
 282              		.loc 1 107 0
 283 000a 4368     		ldr	r3, [r0, #4]
 284 000c 4278     		ldrb	r2, [r0, #1]	@ zero_extendqisi2
 285              	.LVL30:
 286 000e 03EBC203 		add	r3, r3, r2, lsl #3
 287 0012 93E80300 		ldmia	r3, {r0, r1}
 288              	.LVL31:
 289 0016 85E80300 		stmia	r5, {r0, r1}
ARM GAS  C:\Users\abhim\AppData\Local\Temp\ccv5QGZr.s 			page 8


 108:source\bsw/messageBox.c ****         if (me->p_Buffer[me->readIdx].drawer != NULL) {
 290              		.loc 1 108 0
 291 001a 6368     		ldr	r3, [r4, #4]
 292 001c 6278     		ldrb	r2, [r4, #1]	@ zero_extendqisi2
 293 001e 53F83230 		ldr	r3, [r3, r2, lsl #3]
 294 0022 6BB1     		cbz	r3, .L24
 109:source\bsw/messageBox.c ****             msg->drawer = malloc(sizeof(drawer_t));
 295              		.loc 1 109 0
 296 0024 0820     		movs	r0, #8
 297 0026 FFF7FEFF 		bl	malloc
 298              	.LVL32:
 299 002a 0346     		mov	r3, r0
 300 002c 2860     		str	r0, [r5]
 110:source\bsw/messageBox.c ****             if (msg->drawer != NULL) {
 301              		.loc 1 110 0
 302 002e 38B1     		cbz	r0, .L24
 111:source\bsw/messageBox.c ****                 *(msg->drawer) = *(me->p_Buffer[me->readIdx].drawer);
 303              		.loc 1 111 0
 304 0030 6268     		ldr	r2, [r4, #4]
 305 0032 6178     		ldrb	r1, [r4, #1]	@ zero_extendqisi2
 306 0034 52F83120 		ldr	r2, [r2, r1, lsl #3]
 307 0038 92E80300 		ldmia	r2, {r0, r1}
 308 003c 83E80300 		stmia	r3, {r0, r1}
 309              	.L24:
 112:source\bsw/messageBox.c ****             }
 113:source\bsw/messageBox.c ****         }
 114:source\bsw/messageBox.c **** 
 115:source\bsw/messageBox.c ****         me->readIdx = (me->readIdx + 1) % me->size;
 310              		.loc 1 115 0
 311 0040 6378     		ldrb	r3, [r4, #1]	@ zero_extendqisi2
 312 0042 0133     		adds	r3, r3, #1
 313 0044 2178     		ldrb	r1, [r4]	@ zero_extendqisi2
 314 0046 93FBF1F2 		sdiv	r2, r3, r1
 315 004a 01FB1233 		mls	r3, r1, r2, r3
 316 004e 6370     		strb	r3, [r4, #1]
 116:source\bsw/messageBox.c ****         me->fillLevel--;
 317              		.loc 1 116 0
 318 0050 E378     		ldrb	r3, [r4, #3]	@ zero_extendqisi2
 319 0052 013B     		subs	r3, r3, #1
 320 0054 E370     		strb	r3, [r4, #3]
 321              	.LBE4:
 117:source\bsw/messageBox.c ****     }else{
 118:source\bsw/messageBox.c ****         return RC_BUFFERUNDERFLOW;
 119:source\bsw/messageBox.c ****     }
 120:source\bsw/messageBox.c **** }...
 322              		.loc 1 120 0
 323 0056 38BD     		pop	{r3, r4, r5, pc}
 324              	.LVL33:
 325              	.L23:
 118:source\bsw/messageBox.c ****         return RC_BUFFERUNDERFLOW;
 326              		.loc 1 118 0
 327 0058 6FF01900 		mvn	r0, #25
 328              	.LVL34:
 329              		.loc 1 120 0
 330 005c 38BD     		pop	{r3, r4, r5, pc}
 331              		.cfi_endproc
 332              	.LFE114:
ARM GAS  C:\Users\abhim\AppData\Local\Temp\ccv5QGZr.s 			page 9


 333              		.size	MSG_receiveMessage, .-MSG_receiveMessage
 334 005e 00BF     		.section	.rodata.str1.4,"aMS",%progbits,1
 335              		.align	2
 336              	.LC0:
 337 0000 4572726F 		.ascii	"Error: Memory allocation failed for ring buffer\015"
 337      723A204D 
 337      656D6F72 
 337      7920616C 
 337      6C6F6361 
 338 0030 0A00     		.ascii	"\012\000"
 339              		.text
 340              	.Letext0:
 341              		.file 2 "c:\\program files (x86)\\cypress\\psoc creator\\4.4\\psoc creator\\import\\gnu\\arm\\5.4.
 342              		.file 3 "c:\\program files (x86)\\cypress\\psoc creator\\4.4\\psoc creator\\import\\gnu\\arm\\5.4.
 343              		.file 4 "Generated_Source\\PSoC5/ErikaOS_common_ee_types.inc"
 344              		.file 5 "Generated_Source\\PSoC5/ErikaOS_cortex_mx_ee_cpu.inc"
 345              		.file 6 "Generated_Source\\PSoC5/ErikaOS_ee_oo_common.inc"
 346              		.file 7 "source\\bsw\\global.h"
 347              		.file 8 "source\\bsw\\message.h"
 348              		.file 9 "source\\bsw\\drawer.h"
 349              		.file 10 "source\\bsw\\messageBox.h"
 350              		.file 11 "Generated_Source\\PSoC5/ErikaOS_ee_oo_intfunc.inc"
 351              		.file 12 "Generated_Source\\PSoC5/ErikaOS_cortex_mx_ee_context.inc"
 352              		.file 13 "Generated_Source\\PSoC5/ErikaOS_common_ee_primitives.inc"
 353              		.file 14 "Generated_Source\\PSoC5/core_cm3.h"
 354              		.file 15 "c:\\program files (x86)\\cypress\\psoc creator\\4.4\\psoc creator\\import\\gnu\\arm\\5.4
 355              		.file 16 "Generated_Source\\PSoC5/UART_LOG.h"
 356              		.file 17 "Generated_Source\\PSoC5/ErikaOS_ee_oo_kernel.inc"
 357              		.section	.debug_info,"",%progbits
 358              	.Ldebug_info0:
 359 0000 A8050000 		.4byte	0x5a8
 360 0004 0400     		.2byte	0x4
 361 0006 00000000 		.4byte	.Ldebug_abbrev0
 362 000a 04       		.byte	0x4
 363 000b 01       		.uleb128 0x1
 364 000c 96030000 		.4byte	.LASF97
 365 0010 0C       		.byte	0xc
 366 0011 26020000 		.4byte	.LASF98
 367 0015 F6040000 		.4byte	.LASF99
 368 0019 00000000 		.4byte	.Ldebug_ranges0+0
 369 001d 00000000 		.4byte	0
 370 0021 00000000 		.4byte	.Ldebug_line0
 371 0025 02       		.uleb128 0x2
 372 0026 04       		.byte	0x4
 373 0027 07       		.byte	0x7
 374 0028 21030000 		.4byte	.LASF0
 375 002c 02       		.uleb128 0x2
 376 002d 01       		.byte	0x1
 377 002e 06       		.byte	0x6
 378 002f FE020000 		.4byte	.LASF1
 379 0033 03       		.uleb128 0x3
 380 0034 53020000 		.4byte	.LASF4
 381 0038 02       		.byte	0x2
 382 0039 1D       		.byte	0x1d
 383 003a 3E000000 		.4byte	0x3e
 384 003e 02       		.uleb128 0x2
 385 003f 01       		.byte	0x1
ARM GAS  C:\Users\abhim\AppData\Local\Temp\ccv5QGZr.s 			page 10


 386 0040 08       		.byte	0x8
 387 0041 C1020000 		.4byte	.LASF2
 388 0045 02       		.uleb128 0x2
 389 0046 02       		.byte	0x2
 390 0047 05       		.byte	0x5
 391 0048 46000000 		.4byte	.LASF3
 392 004c 03       		.uleb128 0x3
 393 004d D4000000 		.4byte	.LASF5
 394 0051 02       		.byte	0x2
 395 0052 2B       		.byte	0x2b
 396 0053 57000000 		.4byte	0x57
 397 0057 02       		.uleb128 0x2
 398 0058 02       		.byte	0x2
 399 0059 07       		.byte	0x7
 400 005a 83030000 		.4byte	.LASF6
 401 005e 03       		.uleb128 0x3
 402 005f 2D050000 		.4byte	.LASF7
 403 0063 02       		.byte	0x2
 404 0064 3F       		.byte	0x3f
 405 0065 69000000 		.4byte	0x69
 406 0069 02       		.uleb128 0x2
 407 006a 04       		.byte	0x4
 408 006b 05       		.byte	0x5
 409 006c 0B020000 		.4byte	.LASF8
 410 0070 02       		.uleb128 0x2
 411 0071 04       		.byte	0x4
 412 0072 07       		.byte	0x7
 413 0073 88040000 		.4byte	.LASF9
 414 0077 02       		.uleb128 0x2
 415 0078 08       		.byte	0x8
 416 0079 05       		.byte	0x5
 417 007a B1010000 		.4byte	.LASF10
 418 007e 02       		.uleb128 0x2
 419 007f 08       		.byte	0x8
 420 0080 07       		.byte	0x7
 421 0081 0A030000 		.4byte	.LASF11
 422 0085 04       		.uleb128 0x4
 423 0086 04       		.byte	0x4
 424 0087 05       		.byte	0x5
 425 0088 696E7400 		.ascii	"int\000"
 426 008c 03       		.uleb128 0x3
 427 008d 32010000 		.4byte	.LASF12
 428 0091 03       		.byte	0x3
 429 0092 18       		.byte	0x18
 430 0093 33000000 		.4byte	0x33
 431 0097 03       		.uleb128 0x3
 432 0098 3C030000 		.4byte	.LASF13
 433 009c 03       		.byte	0x3
 434 009d 24       		.byte	0x24
 435 009e 4C000000 		.4byte	0x4c
 436 00a2 03       		.uleb128 0x3
 437 00a3 3E040000 		.4byte	.LASF14
 438 00a7 03       		.byte	0x3
 439 00a8 2C       		.byte	0x2c
 440 00a9 5E000000 		.4byte	0x5e
 441 00ad 02       		.uleb128 0x2
 442 00ae 04       		.byte	0x4
ARM GAS  C:\Users\abhim\AppData\Local\Temp\ccv5QGZr.s 			page 11


 443 00af 04       		.byte	0x4
 444 00b0 92010000 		.4byte	.LASF15
 445 00b4 02       		.uleb128 0x2
 446 00b5 08       		.byte	0x8
 447 00b6 04       		.byte	0x4
 448 00b7 88050000 		.4byte	.LASF16
 449 00bb 02       		.uleb128 0x2
 450 00bc 01       		.byte	0x1
 451 00bd 08       		.byte	0x8
 452 00be 24040000 		.4byte	.LASF17
 453 00c2 02       		.uleb128 0x2
 454 00c3 08       		.byte	0x8
 455 00c4 04       		.byte	0x4
 456 00c5 A3020000 		.4byte	.LASF18
 457 00c9 03       		.uleb128 0x3
 458 00ca 7A030000 		.4byte	.LASF19
 459 00ce 04       		.byte	0x4
 460 00cf 53       		.byte	0x53
 461 00d0 85000000 		.4byte	0x85
 462 00d4 03       		.uleb128 0x3
 463 00d5 E2020000 		.4byte	.LASF20
 464 00d9 04       		.byte	0x4
 465 00da 54       		.byte	0x54
 466 00db 25000000 		.4byte	0x25
 467 00df 05       		.uleb128 0x5
 468 00e0 04       		.byte	0x4
 469 00e1 06       		.uleb128 0x6
 470 00e2 04       		.byte	0x4
 471 00e3 E7000000 		.4byte	0xe7
 472 00e7 07       		.uleb128 0x7
 473 00e8 03       		.uleb128 0x3
 474 00e9 DA040000 		.4byte	.LASF21
 475 00ed 05       		.byte	0x5
 476 00ee 4D       		.byte	0x4d
 477 00ef D4000000 		.4byte	0xd4
 478 00f3 03       		.uleb128 0x3
 479 00f4 A8000000 		.4byte	.LASF22
 480 00f8 05       		.byte	0x5
 481 00f9 4F       		.byte	0x4f
 482 00fa D4000000 		.4byte	0xd4
 483 00fe 03       		.uleb128 0x3
 484 00ff F0000000 		.4byte	.LASF23
 485 0103 05       		.byte	0x5
 486 0104 78       		.byte	0x78
 487 0105 C9000000 		.4byte	0xc9
 488 0109 08       		.uleb128 0x8
 489 010a B8020000 		.4byte	.LASF24
 490 010e 06       		.byte	0x6
 491 010f F701     		.2byte	0x1f7
 492 0111 FE000000 		.4byte	0xfe
 493 0115 08       		.uleb128 0x8
 494 0116 00000000 		.4byte	.LASF25
 495 011a 06       		.byte	0x6
 496 011b 2C02     		.2byte	0x22c
 497 011d E8000000 		.4byte	0xe8
 498 0121 02       		.uleb128 0x2
 499 0122 04       		.byte	0x4
ARM GAS  C:\Users\abhim\AppData\Local\Temp\ccv5QGZr.s 			page 12


 500 0123 07       		.byte	0x7
 501 0124 66050000 		.4byte	.LASF26
 502 0128 06       		.uleb128 0x6
 503 0129 04       		.byte	0x4
 504 012a BB000000 		.4byte	0xbb
 505 012e 09       		.uleb128 0x9
 506 012f 01       		.byte	0x1
 507 0130 2C000000 		.4byte	0x2c
 508 0134 07       		.byte	0x7
 509 0135 D0       		.byte	0xd0
 510 0136 EF010000 		.4byte	0x1ef
 511 013a 0A       		.uleb128 0xa
 512 013b 21000000 		.4byte	.LASF27
 513 013f 00       		.byte	0
 514 0140 0B       		.uleb128 0xb
 515 0141 AB050000 		.4byte	.LASF28
 516 0145 7F       		.sleb128 -1
 517 0146 0B       		.uleb128 0xb
 518 0147 56030000 		.4byte	.LASF29
 519 014b 7E       		.sleb128 -2
 520 014c 0B       		.uleb128 0xb
 521 014d 9A000000 		.4byte	.LASF30
 522 0151 7D       		.sleb128 -3
 523 0152 0B       		.uleb128 0xb
 524 0153 BD050000 		.4byte	.LASF31
 525 0157 7C       		.sleb128 -4
 526 0158 0B       		.uleb128 0xb
 527 0159 E7040000 		.4byte	.LASF32
 528 015d 7B       		.sleb128 -5
 529 015e 0B       		.uleb128 0xb
 530 015f 50000000 		.4byte	.LASF33
 531 0163 7A       		.sleb128 -6
 532 0164 0B       		.uleb128 0xb
 533 0165 14020000 		.4byte	.LASF34
 534 0169 79       		.sleb128 -7
 535 016a 0B       		.uleb128 0xb
 536 016b 29040000 		.4byte	.LASF35
 537 016f 78       		.sleb128 -8
 538 0170 0B       		.uleb128 0xb
 539 0171 64030000 		.4byte	.LASF36
 540 0175 77       		.sleb128 -9
 541 0176 0B       		.uleb128 0xb
 542 0177 3E020000 		.4byte	.LASF37
 543 017b 76       		.sleb128 -10
 544 017c 0B       		.uleb128 0xb
 545 017d 09060000 		.4byte	.LASF38
 546 0181 75       		.sleb128 -11
 547 0182 0B       		.uleb128 0xb
 548 0183 2E030000 		.4byte	.LASF39
 549 0187 74       		.sleb128 -12
 550 0188 0B       		.uleb128 0xb
 551 0189 C8040000 		.4byte	.LASF40
 552 018d 73       		.sleb128 -13
 553 018e 0B       		.uleb128 0xb
 554 018f 0E000000 		.4byte	.LASF41
 555 0193 72       		.sleb128 -14
 556 0194 0B       		.uleb128 0xb
ARM GAS  C:\Users\abhim\AppData\Local\Temp\ccv5QGZr.s 			page 13


 557 0195 32000000 		.4byte	.LASF42
 558 0199 71       		.sleb128 -15
 559 019a 0B       		.uleb128 0xb
 560 019b 5D020000 		.4byte	.LASF43
 561 019f 70       		.sleb128 -16
 562 01a0 0B       		.uleb128 0xb
 563 01a1 B0000000 		.4byte	.LASF44
 564 01a5 6F       		.sleb128 -17
 565 01a6 0B       		.uleb128 0xb
 566 01a7 61000000 		.4byte	.LASF45
 567 01ab 6E       		.sleb128 -18
 568 01ac 0B       		.uleb128 0xb
 569 01ad E7010000 		.4byte	.LASF46
 570 01b1 6D       		.sleb128 -19
 571 01b2 0B       		.uleb128 0xb
 572 01b3 CF020000 		.4byte	.LASF47
 573 01b7 6C       		.sleb128 -20
 574 01b8 0B       		.uleb128 0xb
 575 01b9 6E020000 		.4byte	.LASF48
 576 01bd 6B       		.sleb128 -21
 577 01be 0B       		.uleb128 0xb
 578 01bf EC020000 		.4byte	.LASF49
 579 01c3 6A       		.sleb128 -22
 580 01c4 0B       		.uleb128 0xb
 581 01c5 3A010000 		.4byte	.LASF50
 582 01c9 69       		.sleb128 -23
 583 01ca 0B       		.uleb128 0xb
 584 01cb FA010000 		.4byte	.LASF51
 585 01cf 68       		.sleb128 -24
 586 01d0 0B       		.uleb128 0xb
 587 01d1 98010000 		.4byte	.LASF52
 588 01d5 67       		.sleb128 -25
 589 01d6 0B       		.uleb128 0xb
 590 01d7 1F010000 		.4byte	.LASF53
 591 01db 66       		.sleb128 -26
 592 01dc 0B       		.uleb128 0xb
 593 01dd F7000000 		.4byte	.LASF54
 594 01e1 65       		.sleb128 -27
 595 01e2 0B       		.uleb128 0xb
 596 01e3 F2050000 		.4byte	.LASF55
 597 01e7 64       		.sleb128 -28
 598 01e8 0B       		.uleb128 0xb
 599 01e9 56050000 		.4byte	.LASF56
 600 01ed 63       		.sleb128 -29
 601 01ee 00       		.byte	0
 602 01ef 03       		.uleb128 0x3
 603 01f0 ED050000 		.4byte	.LASF57
 604 01f4 07       		.byte	0x7
 605 01f5 EF       		.byte	0xef
 606 01f6 2E010000 		.4byte	0x12e
 607 01fa 03       		.uleb128 0x3
 608 01fb B6040000 		.4byte	.LASF58
 609 01ff 08       		.byte	0x8
 610 0200 6F       		.byte	0x6f
 611 0201 05020000 		.4byte	0x205
 612 0205 0C       		.uleb128 0xc
 613 0206 89010000 		.4byte	.LASF61
ARM GAS  C:\Users\abhim\AppData\Local\Temp\ccv5QGZr.s 			page 14


 614 020a 08       		.byte	0x8
 615 020b 09       		.byte	0x9
 616 020c 72       		.byte	0x72
 617 020d 2A020000 		.4byte	0x22a
 618 0211 0D       		.uleb128 0xd
 619 0212 E5050000 		.4byte	.LASF59
 620 0216 09       		.byte	0x9
 621 0217 73       		.byte	0x73
 622 0218 79020000 		.4byte	0x279
 623 021c 00       		.byte	0
 624 021d 0D       		.uleb128 0xd
 625 021e 70040000 		.4byte	.LASF60
 626 0222 09       		.byte	0x9
 627 0223 77       		.byte	0x77
 628 0224 84020000 		.4byte	0x284
 629 0228 04       		.byte	0x4
 630 0229 00       		.byte	0
 631 022a 0C       		.uleb128 0xc
 632 022b 53040000 		.4byte	.LASF62
 633 022f 08       		.byte	0x8
 634 0230 08       		.byte	0x8
 635 0231 70       		.byte	0x70
 636 0232 4F020000 		.4byte	0x24f
 637 0236 0D       		.uleb128 0xd
 638 0237 4C020000 		.4byte	.LASF63
 639 023b 08       		.byte	0x8
 640 023c 71       		.byte	0x71
 641 023d 4F020000 		.4byte	0x24f
 642 0241 00       		.byte	0
 643 0242 0D       		.uleb128 0xd
 644 0243 E2040000 		.4byte	.LASF64
 645 0247 08       		.byte	0x8
 646 0248 72       		.byte	0x72
 647 0249 97000000 		.4byte	0x97
 648 024d 04       		.byte	0x4
 649 024e 00       		.byte	0
 650 024f 06       		.uleb128 0x6
 651 0250 04       		.byte	0x4
 652 0251 FA010000 		.4byte	0x1fa
 653 0255 03       		.uleb128 0x3
 654 0256 53040000 		.4byte	.LASF62
 655 025a 08       		.byte	0x8
 656 025b 73       		.byte	0x73
 657 025c 2A020000 		.4byte	0x22a
 658 0260 09       		.uleb128 0x9
 659 0261 01       		.byte	0x1
 660 0262 3E000000 		.4byte	0x3e
 661 0266 09       		.byte	0x9
 662 0267 71       		.byte	0x71
 663 0268 79020000 		.4byte	0x279
 664 026c 0A       		.uleb128 0xa
 665 026d DF000000 		.4byte	.LASF65
 666 0271 00       		.byte	0
 667 0272 0A       		.uleb128 0xa
 668 0273 C4000000 		.4byte	.LASF66
 669 0277 01       		.byte	0x1
 670 0278 00       		.byte	0
ARM GAS  C:\Users\abhim\AppData\Local\Temp\ccv5QGZr.s 			page 15


 671 0279 03       		.uleb128 0x3
 672 027a 0A010000 		.4byte	.LASF67
 673 027e 09       		.byte	0x9
 674 027f 71       		.byte	0x71
 675 0280 60020000 		.4byte	0x260
 676 0284 0E       		.uleb128 0xe
 677 0285 04       		.byte	0x4
 678 0286 09       		.byte	0x9
 679 0287 74       		.byte	0x74
 680 0288 A3020000 		.4byte	0x2a3
 681 028c 0F       		.uleb128 0xf
 682 028d 76000000 		.4byte	.LASF68
 683 0291 09       		.byte	0x9
 684 0292 75       		.byte	0x75
 685 0293 28010000 		.4byte	0x128
 686 0297 0F       		.uleb128 0xf
 687 0298 AB040000 		.4byte	.LASF69
 688 029c 09       		.byte	0x9
 689 029d 76       		.byte	0x76
 690 029e A3020000 		.4byte	0x2a3
 691 02a2 00       		.byte	0
 692 02a3 10       		.uleb128 0x10
 693 02a4 8C000000 		.4byte	0x8c
 694 02a8 B3020000 		.4byte	0x2b3
 695 02ac 11       		.uleb128 0x11
 696 02ad 21010000 		.4byte	0x121
 697 02b1 03       		.byte	0x3
 698 02b2 00       		.byte	0
 699 02b3 0C       		.uleb128 0xc
 700 02b4 46040000 		.4byte	.LASF70
 701 02b8 10       		.byte	0x10
 702 02b9 0A       		.byte	0xa
 703 02ba 84       		.byte	0x84
 704 02bb 14030000 		.4byte	0x314
 705 02bf 0D       		.uleb128 0xd
 706 02c0 E2040000 		.4byte	.LASF64
 707 02c4 0A       		.byte	0xa
 708 02c5 85       		.byte	0x85
 709 02c6 8C000000 		.4byte	0x8c
 710 02ca 00       		.byte	0
 711 02cb 0D       		.uleb128 0xd
 712 02cc 37050000 		.4byte	.LASF71
 713 02d0 0A       		.byte	0xa
 714 02d1 86       		.byte	0x86
 715 02d2 8C000000 		.4byte	0x8c
 716 02d6 01       		.byte	0x1
 717 02d7 0D       		.uleb128 0xd
 718 02d8 BF040000 		.4byte	.LASF72
 719 02dc 0A       		.byte	0xa
 720 02dd 87       		.byte	0x87
 721 02de 8C000000 		.4byte	0x8c
 722 02e2 02       		.byte	0x2
 723 02e3 0D       		.uleb128 0xd
 724 02e4 7F010000 		.4byte	.LASF73
 725 02e8 0A       		.byte	0xa
 726 02e9 88       		.byte	0x88
 727 02ea 8C000000 		.4byte	0x8c
ARM GAS  C:\Users\abhim\AppData\Local\Temp\ccv5QGZr.s 			page 16


 728 02ee 03       		.byte	0x3
 729 02ef 0D       		.uleb128 0xd
 730 02f0 B4050000 		.4byte	.LASF74
 731 02f4 0A       		.byte	0xa
 732 02f5 89       		.byte	0x89
 733 02f6 14030000 		.4byte	0x314
 734 02fa 04       		.byte	0x4
 735 02fb 0D       		.uleb128 0xd
 736 02fc 95000000 		.4byte	.LASF75
 737 0300 0A       		.byte	0xa
 738 0301 8A       		.byte	0x8a
 739 0302 15010000 		.4byte	0x115
 740 0306 08       		.byte	0x8
 741 0307 0D       		.uleb128 0xd
 742 0308 3F050000 		.4byte	.LASF76
 743 030c 0A       		.byte	0xa
 744 030d 8B       		.byte	0x8b
 745 030e 09010000 		.4byte	0x109
 746 0312 0C       		.byte	0xc
 747 0313 00       		.byte	0
 748 0314 06       		.uleb128 0x6
 749 0315 04       		.byte	0x4
 750 0316 55020000 		.4byte	0x255
 751 031a 03       		.uleb128 0x3
 752 031b 9A040000 		.4byte	.LASF77
 753 031f 0A       		.byte	0xa
 754 0320 8C       		.byte	0x8c
 755 0321 B3020000 		.4byte	0x2b3
 756 0325 12       		.uleb128 0x12
 757 0326 AF020000 		.4byte	.LASF79
 758 032a 01       		.byte	0x1
 759 032b 37       		.byte	0x37
 760 032c EF010000 		.4byte	0x1ef
 761 0330 00000000 		.4byte	.LFB110
 762 0334 34000000 		.4byte	.LFE110-.LFB110
 763 0338 01       		.uleb128 0x1
 764 0339 9C       		.byte	0x9c
 765 033a A1030000 		.4byte	0x3a1
 766 033e 13       		.uleb128 0x13
 767 033f 6D6500   		.ascii	"me\000"
 768 0342 01       		.byte	0x1
 769 0343 37       		.byte	0x37
 770 0344 A7030000 		.4byte	0x3a7
 771 0348 00000000 		.4byte	.LLST0
 772 034c 14       		.uleb128 0x14
 773 034d E2040000 		.4byte	.LASF64
 774 0351 01       		.byte	0x1
 775 0352 37       		.byte	0x37
 776 0353 AC030000 		.4byte	0x3ac
 777 0357 2C000000 		.4byte	.LLST1
 778 035b 13       		.uleb128 0x13
 779 035c 657600   		.ascii	"ev\000"
 780 035f 01       		.byte	0x1
 781 0360 37       		.byte	0x37
 782 0361 B1030000 		.4byte	0x3b1
 783 0365 4D000000 		.4byte	.LLST2
 784 0369 14       		.uleb128 0x14
ARM GAS  C:\Users\abhim\AppData\Local\Temp\ccv5QGZr.s 			page 17


 785 036a 90000000 		.4byte	.LASF78
 786 036e 01       		.byte	0x1
 787 036f 37       		.byte	0x37
 788 0370 B6030000 		.4byte	0x3b6
 789 0374 6E000000 		.4byte	.LLST3
 790 0378 15       		.uleb128 0x15
 791 0379 1C000000 		.4byte	.LVL3
 792 037d 71050000 		.4byte	0x571
 793 0381 8D030000 		.4byte	0x38d
 794 0385 16       		.uleb128 0x16
 795 0386 01       		.uleb128 0x1
 796 0387 50       		.byte	0x50
 797 0388 03       		.uleb128 0x3
 798 0389 0A       		.byte	0xa
 799 038a 2003     		.2byte	0x320
 800 038c 00       		.byte	0
 801 038d 17       		.uleb128 0x17
 802 038e 26000000 		.4byte	.LVL4
 803 0392 7C050000 		.4byte	0x57c
 804 0396 16       		.uleb128 0x16
 805 0397 01       		.uleb128 0x1
 806 0398 50       		.byte	0x50
 807 0399 05       		.uleb128 0x5
 808 039a 03       		.byte	0x3
 809 039b 00000000 		.4byte	.LC0
 810 039f 00       		.byte	0
 811 03a0 00       		.byte	0
 812 03a1 06       		.uleb128 0x6
 813 03a2 04       		.byte	0x4
 814 03a3 1A030000 		.4byte	0x31a
 815 03a7 18       		.uleb128 0x18
 816 03a8 A1030000 		.4byte	0x3a1
 817 03ac 18       		.uleb128 0x18
 818 03ad 97000000 		.4byte	0x97
 819 03b1 18       		.uleb128 0x18
 820 03b2 15010000 		.4byte	0x115
 821 03b6 18       		.uleb128 0x18
 822 03b7 09010000 		.4byte	0x109
 823 03bb 12       		.uleb128 0x12
 824 03bc 46050000 		.4byte	.LASF80
 825 03c0 01       		.byte	0x1
 826 03c1 46       		.byte	0x46
 827 03c2 EF010000 		.4byte	0x1ef
 828 03c6 00000000 		.4byte	.LFB111
 829 03ca 44000000 		.4byte	.LFE111-.LFB111
 830 03ce 01       		.uleb128 0x1
 831 03cf 9C       		.byte	0x9c
 832 03d0 23040000 		.4byte	0x423
 833 03d4 13       		.uleb128 0x13
 834 03d5 6D6500   		.ascii	"me\000"
 835 03d8 01       		.byte	0x1
 836 03d9 46       		.byte	0x46
 837 03da A7030000 		.4byte	0x3a7
 838 03de 8F000000 		.4byte	.LLST4
 839 03e2 14       		.uleb128 0x14
 840 03e3 2C000000 		.4byte	.LASF81
 841 03e7 01       		.byte	0x1
ARM GAS  C:\Users\abhim\AppData\Local\Temp\ccv5QGZr.s 			page 18


 842 03e8 46       		.byte	0x46
 843 03e9 23040000 		.4byte	0x423
 844 03ed D4000000 		.4byte	.LLST5
 845 03f1 14       		.uleb128 0x14
 846 03f2 E2040000 		.4byte	.LASF64
 847 03f6 01       		.byte	0x1
 848 03f7 46       		.byte	0x46
 849 03f8 AC030000 		.4byte	0x3ac
 850 03fc 00010000 		.4byte	.LLST6
 851 0400 19       		.uleb128 0x19
 852 0401 0C000000 		.4byte	.LBB2
 853 0405 32000000 		.4byte	.LBE2-.LBB2
 854 0409 1A       		.uleb128 0x1a
 855 040a 6D736700 		.ascii	"msg\000"
 856 040e 01       		.byte	0x1
 857 040f 48       		.byte	0x48
 858 0410 14030000 		.4byte	0x314
 859 0414 21010000 		.4byte	.LLST7
 860 0418 1B       		.uleb128 0x1b
 861 0419 3A000000 		.4byte	.LVL12
 862 041d 87050000 		.4byte	0x587
 863 0421 00       		.byte	0
 864 0422 00       		.byte	0
 865 0423 18       		.uleb128 0x18
 866 0424 E1000000 		.4byte	0xe1
 867 0428 12       		.uleb128 0x12
 868 0429 7C000000 		.4byte	.LASF82
 869 042d 01       		.byte	0x1
 870 042e 54       		.byte	0x54
 871 042f EF010000 		.4byte	0x1ef
 872 0433 00000000 		.4byte	.LFB112
 873 0437 1E000000 		.4byte	.LFE112-.LFB112
 874 043b 01       		.uleb128 0x1
 875 043c 9C       		.byte	0x9c
 876 043d 62040000 		.4byte	0x462
 877 0441 13       		.uleb128 0x13
 878 0442 6D6500   		.ascii	"me\000"
 879 0445 01       		.byte	0x1
 880 0446 54       		.byte	0x54
 881 0447 A7030000 		.4byte	0x3a7
 882 044b 42010000 		.4byte	.LLST8
 883 044f 1B       		.uleb128 0x1b
 884 0450 0E000000 		.4byte	.LVL17
 885 0454 93050000 		.4byte	0x593
 886 0458 1B       		.uleb128 0x1b
 887 0459 14000000 		.4byte	.LVL18
 888 045d 9F050000 		.4byte	0x59f
 889 0461 00       		.byte	0
 890 0462 12       		.uleb128 0x12
 891 0463 6F050000 		.4byte	.LASF83
 892 0467 01       		.byte	0x1
 893 0468 5E       		.byte	0x5e
 894 0469 EF010000 		.4byte	0x1ef
 895 046d 00000000 		.4byte	.LFB113
 896 0471 2C000000 		.4byte	.LFE113-.LFB113
 897 0475 01       		.uleb128 0x1
 898 0476 9C       		.byte	0x9c
ARM GAS  C:\Users\abhim\AppData\Local\Temp\ccv5QGZr.s 			page 19


 899 0477 B0040000 		.4byte	0x4b0
 900 047b 13       		.uleb128 0x13
 901 047c 6D6500   		.ascii	"me\000"
 902 047f 01       		.byte	0x1
 903 0480 5E       		.byte	0x5e
 904 0481 A7030000 		.4byte	0x3a7
 905 0485 79010000 		.4byte	.LLST9
 906 0489 1C       		.uleb128 0x1c
 907 048a E2040000 		.4byte	.LASF64
 908 048e 01       		.byte	0x1
 909 048f 5E       		.byte	0x5e
 910 0490 B6040000 		.4byte	0x4b6
 911 0494 01       		.uleb128 0x1
 912 0495 51       		.byte	0x51
 913 0496 19       		.uleb128 0x19
 914 0497 06000000 		.4byte	.LBB3
 915 049b 1C000000 		.4byte	.LBE3-.LBB3
 916 049f 1D       		.uleb128 0x1d
 917 04a0 BF010000 		.4byte	.LASF84
 918 04a4 01       		.byte	0x1
 919 04a5 60       		.byte	0x60
 920 04a6 8C000000 		.4byte	0x8c
 921 04aa B3010000 		.4byte	.LLST10
 922 04ae 00       		.byte	0
 923 04af 00       		.byte	0
 924 04b0 06       		.uleb128 0x6
 925 04b1 04       		.byte	0x4
 926 04b2 97000000 		.4byte	0x97
 927 04b6 18       		.uleb128 0x18
 928 04b7 B0040000 		.4byte	0x4b0
 929 04bb 12       		.uleb128 0x12
 930 04bc 5D040000 		.4byte	.LASF85
 931 04c0 01       		.byte	0x1
 932 04c1 68       		.byte	0x68
 933 04c2 EF010000 		.4byte	0x1ef
 934 04c6 00000000 		.4byte	.LFB114
 935 04ca 5E000000 		.4byte	.LFE114-.LFB114
 936 04ce 01       		.uleb128 0x1
 937 04cf 9C       		.byte	0x9c
 938 04d0 29050000 		.4byte	0x529
 939 04d4 13       		.uleb128 0x13
 940 04d5 6D6500   		.ascii	"me\000"
 941 04d8 01       		.byte	0x1
 942 04d9 68       		.byte	0x68
 943 04da A7030000 		.4byte	0x3a7
 944 04de EC010000 		.4byte	.LLST11
 945 04e2 14       		.uleb128 0x14
 946 04e3 2C000000 		.4byte	.LASF81
 947 04e7 01       		.byte	0x1
 948 04e8 68       		.byte	0x68
 949 04e9 DF000000 		.4byte	0xdf
 950 04ed 23020000 		.4byte	.LLST12
 951 04f1 14       		.uleb128 0x14
 952 04f2 E2040000 		.4byte	.LASF64
 953 04f6 01       		.byte	0x1
 954 04f7 68       		.byte	0x68
 955 04f8 AC030000 		.4byte	0x3ac
ARM GAS  C:\Users\abhim\AppData\Local\Temp\ccv5QGZr.s 			page 20


 956 04fc 4C020000 		.4byte	.LLST13
 957 0500 19       		.uleb128 0x19
 958 0501 0A000000 		.4byte	.LBB4
 959 0505 4C000000 		.4byte	.LBE4-.LBB4
 960 0509 1A       		.uleb128 0x1a
 961 050a 6D736700 		.ascii	"msg\000"
 962 050e 01       		.byte	0x1
 963 050f 6A       		.byte	0x6a
 964 0510 14030000 		.4byte	0x314
 965 0514 78020000 		.4byte	.LLST14
 966 0518 17       		.uleb128 0x17
 967 0519 2A000000 		.4byte	.LVL32
 968 051d 71050000 		.4byte	0x571
 969 0521 16       		.uleb128 0x16
 970 0522 01       		.uleb128 0x1
 971 0523 50       		.byte	0x50
 972 0524 01       		.uleb128 0x1
 973 0525 38       		.byte	0x38
 974 0526 00       		.byte	0
 975 0527 00       		.byte	0
 976 0528 00       		.byte	0
 977 0529 1E       		.uleb128 0x1e
 978 052a CD050000 		.4byte	.LASF86
 979 052e 0B       		.byte	0xb
 980 052f 40       		.byte	0x40
 981 0530 E8000000 		.4byte	0xe8
 982 0534 1E       		.uleb128 0x1e
 983 0535 C7010000 		.4byte	.LASF87
 984 0539 0B       		.byte	0xb
 985 053a 47       		.byte	0x47
 986 053b F3000000 		.4byte	0xf3
 987 053f 1E       		.uleb128 0x1e
 988 0540 75040000 		.4byte	.LASF88
 989 0544 0B       		.byte	0xb
 990 0545 4A       		.byte	0x4a
 991 0546 E8000000 		.4byte	0xe8
 992 054a 1E       		.uleb128 0x1e
 993 054b 66010000 		.4byte	.LASF89
 994 054f 0C       		.byte	0xc
 995 0550 48       		.byte	0x48
 996 0551 FE000000 		.4byte	0xfe
 997 0555 1E       		.uleb128 0x1e
 998 0556 51010000 		.4byte	.LASF90
 999 055a 0D       		.byte	0xd
 1000 055b 44       		.byte	0x44
 1001 055c E8000000 		.4byte	0xe8
 1002 0560 1F       		.uleb128 0x1f
 1003 0561 9E050000 		.4byte	.LASF91
 1004 0565 0E       		.byte	0xe
 1005 0566 1207     		.2byte	0x712
 1006 0568 6C050000 		.4byte	0x56c
 1007 056c 20       		.uleb128 0x20
 1008 056d A2000000 		.4byte	0xa2
 1009 0571 21       		.uleb128 0x21
 1010 0572 E0010000 		.4byte	.LASF92
 1011 0576 E0010000 		.4byte	.LASF92
 1012 057a 0F       		.byte	0xf
ARM GAS  C:\Users\abhim\AppData\Local\Temp\ccv5QGZr.s 			page 21


 1013 057b 64       		.byte	0x64
 1014 057c 21       		.uleb128 0x21
 1015 057d 90020000 		.4byte	.LASF93
 1016 0581 90020000 		.4byte	.LASF93
 1017 0585 10       		.byte	0x10
 1018 0586 8B       		.byte	0x8b
 1019 0587 22       		.uleb128 0x22
 1020 0588 8F050000 		.4byte	.LASF94
 1021 058c 8F050000 		.4byte	.LASF94
 1022 0590 11       		.byte	0x11
 1023 0591 4A01     		.2byte	0x14a
 1024 0593 22       		.uleb128 0x22
 1025 0594 80020000 		.4byte	.LASF95
 1026 0598 80020000 		.4byte	.LASF95
 1027 059c 11       		.byte	0x11
 1028 059d 5901     		.2byte	0x159
 1029 059f 22       		.uleb128 0x22
 1030 05a0 45030000 		.4byte	.LASF96
 1031 05a4 45030000 		.4byte	.LASF96
 1032 05a8 11       		.byte	0x11
 1033 05a9 4F01     		.2byte	0x14f
 1034 05ab 00       		.byte	0
 1035              		.section	.debug_abbrev,"",%progbits
 1036              	.Ldebug_abbrev0:
 1037 0000 01       		.uleb128 0x1
 1038 0001 11       		.uleb128 0x11
 1039 0002 01       		.byte	0x1
 1040 0003 25       		.uleb128 0x25
 1041 0004 0E       		.uleb128 0xe
 1042 0005 13       		.uleb128 0x13
 1043 0006 0B       		.uleb128 0xb
 1044 0007 03       		.uleb128 0x3
 1045 0008 0E       		.uleb128 0xe
 1046 0009 1B       		.uleb128 0x1b
 1047 000a 0E       		.uleb128 0xe
 1048 000b 55       		.uleb128 0x55
 1049 000c 17       		.uleb128 0x17
 1050 000d 11       		.uleb128 0x11
 1051 000e 01       		.uleb128 0x1
 1052 000f 10       		.uleb128 0x10
 1053 0010 17       		.uleb128 0x17
 1054 0011 00       		.byte	0
 1055 0012 00       		.byte	0
 1056 0013 02       		.uleb128 0x2
 1057 0014 24       		.uleb128 0x24
 1058 0015 00       		.byte	0
 1059 0016 0B       		.uleb128 0xb
 1060 0017 0B       		.uleb128 0xb
 1061 0018 3E       		.uleb128 0x3e
 1062 0019 0B       		.uleb128 0xb
 1063 001a 03       		.uleb128 0x3
 1064 001b 0E       		.uleb128 0xe
 1065 001c 00       		.byte	0
 1066 001d 00       		.byte	0
 1067 001e 03       		.uleb128 0x3
 1068 001f 16       		.uleb128 0x16
 1069 0020 00       		.byte	0
ARM GAS  C:\Users\abhim\AppData\Local\Temp\ccv5QGZr.s 			page 22


 1070 0021 03       		.uleb128 0x3
 1071 0022 0E       		.uleb128 0xe
 1072 0023 3A       		.uleb128 0x3a
 1073 0024 0B       		.uleb128 0xb
 1074 0025 3B       		.uleb128 0x3b
 1075 0026 0B       		.uleb128 0xb
 1076 0027 49       		.uleb128 0x49
 1077 0028 13       		.uleb128 0x13
 1078 0029 00       		.byte	0
 1079 002a 00       		.byte	0
 1080 002b 04       		.uleb128 0x4
 1081 002c 24       		.uleb128 0x24
 1082 002d 00       		.byte	0
 1083 002e 0B       		.uleb128 0xb
 1084 002f 0B       		.uleb128 0xb
 1085 0030 3E       		.uleb128 0x3e
 1086 0031 0B       		.uleb128 0xb
 1087 0032 03       		.uleb128 0x3
 1088 0033 08       		.uleb128 0x8
 1089 0034 00       		.byte	0
 1090 0035 00       		.byte	0
 1091 0036 05       		.uleb128 0x5
 1092 0037 0F       		.uleb128 0xf
 1093 0038 00       		.byte	0
 1094 0039 0B       		.uleb128 0xb
 1095 003a 0B       		.uleb128 0xb
 1096 003b 00       		.byte	0
 1097 003c 00       		.byte	0
 1098 003d 06       		.uleb128 0x6
 1099 003e 0F       		.uleb128 0xf
 1100 003f 00       		.byte	0
 1101 0040 0B       		.uleb128 0xb
 1102 0041 0B       		.uleb128 0xb
 1103 0042 49       		.uleb128 0x49
 1104 0043 13       		.uleb128 0x13
 1105 0044 00       		.byte	0
 1106 0045 00       		.byte	0
 1107 0046 07       		.uleb128 0x7
 1108 0047 26       		.uleb128 0x26
 1109 0048 00       		.byte	0
 1110 0049 00       		.byte	0
 1111 004a 00       		.byte	0
 1112 004b 08       		.uleb128 0x8
 1113 004c 16       		.uleb128 0x16
 1114 004d 00       		.byte	0
 1115 004e 03       		.uleb128 0x3
 1116 004f 0E       		.uleb128 0xe
 1117 0050 3A       		.uleb128 0x3a
 1118 0051 0B       		.uleb128 0xb
 1119 0052 3B       		.uleb128 0x3b
 1120 0053 05       		.uleb128 0x5
 1121 0054 49       		.uleb128 0x49
 1122 0055 13       		.uleb128 0x13
 1123 0056 00       		.byte	0
 1124 0057 00       		.byte	0
 1125 0058 09       		.uleb128 0x9
 1126 0059 04       		.uleb128 0x4
ARM GAS  C:\Users\abhim\AppData\Local\Temp\ccv5QGZr.s 			page 23


 1127 005a 01       		.byte	0x1
 1128 005b 0B       		.uleb128 0xb
 1129 005c 0B       		.uleb128 0xb
 1130 005d 49       		.uleb128 0x49
 1131 005e 13       		.uleb128 0x13
 1132 005f 3A       		.uleb128 0x3a
 1133 0060 0B       		.uleb128 0xb
 1134 0061 3B       		.uleb128 0x3b
 1135 0062 0B       		.uleb128 0xb
 1136 0063 01       		.uleb128 0x1
 1137 0064 13       		.uleb128 0x13
 1138 0065 00       		.byte	0
 1139 0066 00       		.byte	0
 1140 0067 0A       		.uleb128 0xa
 1141 0068 28       		.uleb128 0x28
 1142 0069 00       		.byte	0
 1143 006a 03       		.uleb128 0x3
 1144 006b 0E       		.uleb128 0xe
 1145 006c 1C       		.uleb128 0x1c
 1146 006d 0B       		.uleb128 0xb
 1147 006e 00       		.byte	0
 1148 006f 00       		.byte	0
 1149 0070 0B       		.uleb128 0xb
 1150 0071 28       		.uleb128 0x28
 1151 0072 00       		.byte	0
 1152 0073 03       		.uleb128 0x3
 1153 0074 0E       		.uleb128 0xe
 1154 0075 1C       		.uleb128 0x1c
 1155 0076 0D       		.uleb128 0xd
 1156 0077 00       		.byte	0
 1157 0078 00       		.byte	0
 1158 0079 0C       		.uleb128 0xc
 1159 007a 13       		.uleb128 0x13
 1160 007b 01       		.byte	0x1
 1161 007c 03       		.uleb128 0x3
 1162 007d 0E       		.uleb128 0xe
 1163 007e 0B       		.uleb128 0xb
 1164 007f 0B       		.uleb128 0xb
 1165 0080 3A       		.uleb128 0x3a
 1166 0081 0B       		.uleb128 0xb
 1167 0082 3B       		.uleb128 0x3b
 1168 0083 0B       		.uleb128 0xb
 1169 0084 01       		.uleb128 0x1
 1170 0085 13       		.uleb128 0x13
 1171 0086 00       		.byte	0
 1172 0087 00       		.byte	0
 1173 0088 0D       		.uleb128 0xd
 1174 0089 0D       		.uleb128 0xd
 1175 008a 00       		.byte	0
 1176 008b 03       		.uleb128 0x3
 1177 008c 0E       		.uleb128 0xe
 1178 008d 3A       		.uleb128 0x3a
 1179 008e 0B       		.uleb128 0xb
 1180 008f 3B       		.uleb128 0x3b
 1181 0090 0B       		.uleb128 0xb
 1182 0091 49       		.uleb128 0x49
 1183 0092 13       		.uleb128 0x13
ARM GAS  C:\Users\abhim\AppData\Local\Temp\ccv5QGZr.s 			page 24


 1184 0093 38       		.uleb128 0x38
 1185 0094 0B       		.uleb128 0xb
 1186 0095 00       		.byte	0
 1187 0096 00       		.byte	0
 1188 0097 0E       		.uleb128 0xe
 1189 0098 17       		.uleb128 0x17
 1190 0099 01       		.byte	0x1
 1191 009a 0B       		.uleb128 0xb
 1192 009b 0B       		.uleb128 0xb
 1193 009c 3A       		.uleb128 0x3a
 1194 009d 0B       		.uleb128 0xb
 1195 009e 3B       		.uleb128 0x3b
 1196 009f 0B       		.uleb128 0xb
 1197 00a0 01       		.uleb128 0x1
 1198 00a1 13       		.uleb128 0x13
 1199 00a2 00       		.byte	0
 1200 00a3 00       		.byte	0
 1201 00a4 0F       		.uleb128 0xf
 1202 00a5 0D       		.uleb128 0xd
 1203 00a6 00       		.byte	0
 1204 00a7 03       		.uleb128 0x3
 1205 00a8 0E       		.uleb128 0xe
 1206 00a9 3A       		.uleb128 0x3a
 1207 00aa 0B       		.uleb128 0xb
 1208 00ab 3B       		.uleb128 0x3b
 1209 00ac 0B       		.uleb128 0xb
 1210 00ad 49       		.uleb128 0x49
 1211 00ae 13       		.uleb128 0x13
 1212 00af 00       		.byte	0
 1213 00b0 00       		.byte	0
 1214 00b1 10       		.uleb128 0x10
 1215 00b2 01       		.uleb128 0x1
 1216 00b3 01       		.byte	0x1
 1217 00b4 49       		.uleb128 0x49
 1218 00b5 13       		.uleb128 0x13
 1219 00b6 01       		.uleb128 0x1
 1220 00b7 13       		.uleb128 0x13
 1221 00b8 00       		.byte	0
 1222 00b9 00       		.byte	0
 1223 00ba 11       		.uleb128 0x11
 1224 00bb 21       		.uleb128 0x21
 1225 00bc 00       		.byte	0
 1226 00bd 49       		.uleb128 0x49
 1227 00be 13       		.uleb128 0x13
 1228 00bf 2F       		.uleb128 0x2f
 1229 00c0 0B       		.uleb128 0xb
 1230 00c1 00       		.byte	0
 1231 00c2 00       		.byte	0
 1232 00c3 12       		.uleb128 0x12
 1233 00c4 2E       		.uleb128 0x2e
 1234 00c5 01       		.byte	0x1
 1235 00c6 3F       		.uleb128 0x3f
 1236 00c7 19       		.uleb128 0x19
 1237 00c8 03       		.uleb128 0x3
 1238 00c9 0E       		.uleb128 0xe
 1239 00ca 3A       		.uleb128 0x3a
 1240 00cb 0B       		.uleb128 0xb
ARM GAS  C:\Users\abhim\AppData\Local\Temp\ccv5QGZr.s 			page 25


 1241 00cc 3B       		.uleb128 0x3b
 1242 00cd 0B       		.uleb128 0xb
 1243 00ce 27       		.uleb128 0x27
 1244 00cf 19       		.uleb128 0x19
 1245 00d0 49       		.uleb128 0x49
 1246 00d1 13       		.uleb128 0x13
 1247 00d2 11       		.uleb128 0x11
 1248 00d3 01       		.uleb128 0x1
 1249 00d4 12       		.uleb128 0x12
 1250 00d5 06       		.uleb128 0x6
 1251 00d6 40       		.uleb128 0x40
 1252 00d7 18       		.uleb128 0x18
 1253 00d8 9742     		.uleb128 0x2117
 1254 00da 19       		.uleb128 0x19
 1255 00db 01       		.uleb128 0x1
 1256 00dc 13       		.uleb128 0x13
 1257 00dd 00       		.byte	0
 1258 00de 00       		.byte	0
 1259 00df 13       		.uleb128 0x13
 1260 00e0 05       		.uleb128 0x5
 1261 00e1 00       		.byte	0
 1262 00e2 03       		.uleb128 0x3
 1263 00e3 08       		.uleb128 0x8
 1264 00e4 3A       		.uleb128 0x3a
 1265 00e5 0B       		.uleb128 0xb
 1266 00e6 3B       		.uleb128 0x3b
 1267 00e7 0B       		.uleb128 0xb
 1268 00e8 49       		.uleb128 0x49
 1269 00e9 13       		.uleb128 0x13
 1270 00ea 02       		.uleb128 0x2
 1271 00eb 17       		.uleb128 0x17
 1272 00ec 00       		.byte	0
 1273 00ed 00       		.byte	0
 1274 00ee 14       		.uleb128 0x14
 1275 00ef 05       		.uleb128 0x5
 1276 00f0 00       		.byte	0
 1277 00f1 03       		.uleb128 0x3
 1278 00f2 0E       		.uleb128 0xe
 1279 00f3 3A       		.uleb128 0x3a
 1280 00f4 0B       		.uleb128 0xb
 1281 00f5 3B       		.uleb128 0x3b
 1282 00f6 0B       		.uleb128 0xb
 1283 00f7 49       		.uleb128 0x49
 1284 00f8 13       		.uleb128 0x13
 1285 00f9 02       		.uleb128 0x2
 1286 00fa 17       		.uleb128 0x17
 1287 00fb 00       		.byte	0
 1288 00fc 00       		.byte	0
 1289 00fd 15       		.uleb128 0x15
 1290 00fe 898201   		.uleb128 0x4109
 1291 0101 01       		.byte	0x1
 1292 0102 11       		.uleb128 0x11
 1293 0103 01       		.uleb128 0x1
 1294 0104 31       		.uleb128 0x31
 1295 0105 13       		.uleb128 0x13
 1296 0106 01       		.uleb128 0x1
 1297 0107 13       		.uleb128 0x13
ARM GAS  C:\Users\abhim\AppData\Local\Temp\ccv5QGZr.s 			page 26


 1298 0108 00       		.byte	0
 1299 0109 00       		.byte	0
 1300 010a 16       		.uleb128 0x16
 1301 010b 8A8201   		.uleb128 0x410a
 1302 010e 00       		.byte	0
 1303 010f 02       		.uleb128 0x2
 1304 0110 18       		.uleb128 0x18
 1305 0111 9142     		.uleb128 0x2111
 1306 0113 18       		.uleb128 0x18
 1307 0114 00       		.byte	0
 1308 0115 00       		.byte	0
 1309 0116 17       		.uleb128 0x17
 1310 0117 898201   		.uleb128 0x4109
 1311 011a 01       		.byte	0x1
 1312 011b 11       		.uleb128 0x11
 1313 011c 01       		.uleb128 0x1
 1314 011d 31       		.uleb128 0x31
 1315 011e 13       		.uleb128 0x13
 1316 011f 00       		.byte	0
 1317 0120 00       		.byte	0
 1318 0121 18       		.uleb128 0x18
 1319 0122 26       		.uleb128 0x26
 1320 0123 00       		.byte	0
 1321 0124 49       		.uleb128 0x49
 1322 0125 13       		.uleb128 0x13
 1323 0126 00       		.byte	0
 1324 0127 00       		.byte	0
 1325 0128 19       		.uleb128 0x19
 1326 0129 0B       		.uleb128 0xb
 1327 012a 01       		.byte	0x1
 1328 012b 11       		.uleb128 0x11
 1329 012c 01       		.uleb128 0x1
 1330 012d 12       		.uleb128 0x12
 1331 012e 06       		.uleb128 0x6
 1332 012f 00       		.byte	0
 1333 0130 00       		.byte	0
 1334 0131 1A       		.uleb128 0x1a
 1335 0132 34       		.uleb128 0x34
 1336 0133 00       		.byte	0
 1337 0134 03       		.uleb128 0x3
 1338 0135 08       		.uleb128 0x8
 1339 0136 3A       		.uleb128 0x3a
 1340 0137 0B       		.uleb128 0xb
 1341 0138 3B       		.uleb128 0x3b
 1342 0139 0B       		.uleb128 0xb
 1343 013a 49       		.uleb128 0x49
 1344 013b 13       		.uleb128 0x13
 1345 013c 02       		.uleb128 0x2
 1346 013d 17       		.uleb128 0x17
 1347 013e 00       		.byte	0
 1348 013f 00       		.byte	0
 1349 0140 1B       		.uleb128 0x1b
 1350 0141 898201   		.uleb128 0x4109
 1351 0144 00       		.byte	0
 1352 0145 11       		.uleb128 0x11
 1353 0146 01       		.uleb128 0x1
 1354 0147 31       		.uleb128 0x31
ARM GAS  C:\Users\abhim\AppData\Local\Temp\ccv5QGZr.s 			page 27


 1355 0148 13       		.uleb128 0x13
 1356 0149 00       		.byte	0
 1357 014a 00       		.byte	0
 1358 014b 1C       		.uleb128 0x1c
 1359 014c 05       		.uleb128 0x5
 1360 014d 00       		.byte	0
 1361 014e 03       		.uleb128 0x3
 1362 014f 0E       		.uleb128 0xe
 1363 0150 3A       		.uleb128 0x3a
 1364 0151 0B       		.uleb128 0xb
 1365 0152 3B       		.uleb128 0x3b
 1366 0153 0B       		.uleb128 0xb
 1367 0154 49       		.uleb128 0x49
 1368 0155 13       		.uleb128 0x13
 1369 0156 02       		.uleb128 0x2
 1370 0157 18       		.uleb128 0x18
 1371 0158 00       		.byte	0
 1372 0159 00       		.byte	0
 1373 015a 1D       		.uleb128 0x1d
 1374 015b 34       		.uleb128 0x34
 1375 015c 00       		.byte	0
 1376 015d 03       		.uleb128 0x3
 1377 015e 0E       		.uleb128 0xe
 1378 015f 3A       		.uleb128 0x3a
 1379 0160 0B       		.uleb128 0xb
 1380 0161 3B       		.uleb128 0x3b
 1381 0162 0B       		.uleb128 0xb
 1382 0163 49       		.uleb128 0x49
 1383 0164 13       		.uleb128 0x13
 1384 0165 02       		.uleb128 0x2
 1385 0166 17       		.uleb128 0x17
 1386 0167 00       		.byte	0
 1387 0168 00       		.byte	0
 1388 0169 1E       		.uleb128 0x1e
 1389 016a 34       		.uleb128 0x34
 1390 016b 00       		.byte	0
 1391 016c 03       		.uleb128 0x3
 1392 016d 0E       		.uleb128 0xe
 1393 016e 3A       		.uleb128 0x3a
 1394 016f 0B       		.uleb128 0xb
 1395 0170 3B       		.uleb128 0x3b
 1396 0171 0B       		.uleb128 0xb
 1397 0172 49       		.uleb128 0x49
 1398 0173 13       		.uleb128 0x13
 1399 0174 3F       		.uleb128 0x3f
 1400 0175 19       		.uleb128 0x19
 1401 0176 3C       		.uleb128 0x3c
 1402 0177 19       		.uleb128 0x19
 1403 0178 00       		.byte	0
 1404 0179 00       		.byte	0
 1405 017a 1F       		.uleb128 0x1f
 1406 017b 34       		.uleb128 0x34
 1407 017c 00       		.byte	0
 1408 017d 03       		.uleb128 0x3
 1409 017e 0E       		.uleb128 0xe
 1410 017f 3A       		.uleb128 0x3a
 1411 0180 0B       		.uleb128 0xb
ARM GAS  C:\Users\abhim\AppData\Local\Temp\ccv5QGZr.s 			page 28


 1412 0181 3B       		.uleb128 0x3b
 1413 0182 05       		.uleb128 0x5
 1414 0183 49       		.uleb128 0x49
 1415 0184 13       		.uleb128 0x13
 1416 0185 3F       		.uleb128 0x3f
 1417 0186 19       		.uleb128 0x19
 1418 0187 3C       		.uleb128 0x3c
 1419 0188 19       		.uleb128 0x19
 1420 0189 00       		.byte	0
 1421 018a 00       		.byte	0
 1422 018b 20       		.uleb128 0x20
 1423 018c 35       		.uleb128 0x35
 1424 018d 00       		.byte	0
 1425 018e 49       		.uleb128 0x49
 1426 018f 13       		.uleb128 0x13
 1427 0190 00       		.byte	0
 1428 0191 00       		.byte	0
 1429 0192 21       		.uleb128 0x21
 1430 0193 2E       		.uleb128 0x2e
 1431 0194 00       		.byte	0
 1432 0195 3F       		.uleb128 0x3f
 1433 0196 19       		.uleb128 0x19
 1434 0197 3C       		.uleb128 0x3c
 1435 0198 19       		.uleb128 0x19
 1436 0199 6E       		.uleb128 0x6e
 1437 019a 0E       		.uleb128 0xe
 1438 019b 03       		.uleb128 0x3
 1439 019c 0E       		.uleb128 0xe
 1440 019d 3A       		.uleb128 0x3a
 1441 019e 0B       		.uleb128 0xb
 1442 019f 3B       		.uleb128 0x3b
 1443 01a0 0B       		.uleb128 0xb
 1444 01a1 00       		.byte	0
 1445 01a2 00       		.byte	0
 1446 01a3 22       		.uleb128 0x22
 1447 01a4 2E       		.uleb128 0x2e
 1448 01a5 00       		.byte	0
 1449 01a6 3F       		.uleb128 0x3f
 1450 01a7 19       		.uleb128 0x19
 1451 01a8 3C       		.uleb128 0x3c
 1452 01a9 19       		.uleb128 0x19
 1453 01aa 6E       		.uleb128 0x6e
 1454 01ab 0E       		.uleb128 0xe
 1455 01ac 03       		.uleb128 0x3
 1456 01ad 0E       		.uleb128 0xe
 1457 01ae 3A       		.uleb128 0x3a
 1458 01af 0B       		.uleb128 0xb
 1459 01b0 3B       		.uleb128 0x3b
 1460 01b1 05       		.uleb128 0x5
 1461 01b2 00       		.byte	0
 1462 01b3 00       		.byte	0
 1463 01b4 00       		.byte	0
 1464              		.section	.debug_loc,"",%progbits
 1465              	.Ldebug_loc0:
 1466              	.LLST0:
 1467 0000 00000000 		.4byte	.LVL0
 1468 0004 0C000000 		.4byte	.LVL2
ARM GAS  C:\Users\abhim\AppData\Local\Temp\ccv5QGZr.s 			page 29


 1469 0008 0100     		.2byte	0x1
 1470 000a 50       		.byte	0x50
 1471 000b 0C000000 		.4byte	.LVL2
 1472 000f 30000000 		.4byte	.LVL6
 1473 0013 0100     		.2byte	0x1
 1474 0015 54       		.byte	0x54
 1475 0016 30000000 		.4byte	.LVL6
 1476 001a 34000000 		.4byte	.LFE110
 1477 001e 0400     		.2byte	0x4
 1478 0020 F3       		.byte	0xf3
 1479 0021 01       		.uleb128 0x1
 1480 0022 50       		.byte	0x50
 1481 0023 9F       		.byte	0x9f
 1482 0024 00000000 		.4byte	0
 1483 0028 00000000 		.4byte	0
 1484              	.LLST1:
 1485 002c 00000000 		.4byte	.LVL0
 1486 0030 06000000 		.4byte	.LVL1
 1487 0034 0100     		.2byte	0x1
 1488 0036 51       		.byte	0x51
 1489 0037 06000000 		.4byte	.LVL1
 1490 003b 34000000 		.4byte	.LFE110
 1491 003f 0400     		.2byte	0x4
 1492 0041 F3       		.byte	0xf3
 1493 0042 01       		.uleb128 0x1
 1494 0043 51       		.byte	0x51
 1495 0044 9F       		.byte	0x9f
 1496 0045 00000000 		.4byte	0
 1497 0049 00000000 		.4byte	0
 1498              	.LLST2:
 1499 004d 00000000 		.4byte	.LVL0
 1500 0051 1B000000 		.4byte	.LVL3-1
 1501 0055 0100     		.2byte	0x1
 1502 0057 52       		.byte	0x52
 1503 0058 1B000000 		.4byte	.LVL3-1
 1504 005c 34000000 		.4byte	.LFE110
 1505 0060 0400     		.2byte	0x4
 1506 0062 F3       		.byte	0xf3
 1507 0063 01       		.uleb128 0x1
 1508 0064 52       		.byte	0x52
 1509 0065 9F       		.byte	0x9f
 1510 0066 00000000 		.4byte	0
 1511 006a 00000000 		.4byte	0
 1512              	.LLST3:
 1513 006e 00000000 		.4byte	.LVL0
 1514 0072 1B000000 		.4byte	.LVL3-1
 1515 0076 0100     		.2byte	0x1
 1516 0078 53       		.byte	0x53
 1517 0079 1B000000 		.4byte	.LVL3-1
 1518 007d 34000000 		.4byte	.LFE110
 1519 0081 0400     		.2byte	0x4
 1520 0083 F3       		.byte	0xf3
 1521 0084 01       		.uleb128 0x1
 1522 0085 53       		.byte	0x53
 1523 0086 9F       		.byte	0x9f
 1524 0087 00000000 		.4byte	0
 1525 008b 00000000 		.4byte	0
ARM GAS  C:\Users\abhim\AppData\Local\Temp\ccv5QGZr.s 			page 30


 1526              	.LLST4:
 1527 008f 00000000 		.4byte	.LVL7
 1528 0093 10000000 		.4byte	.LVL10
 1529 0097 0100     		.2byte	0x1
 1530 0099 50       		.byte	0x50
 1531 009a 10000000 		.4byte	.LVL10
 1532 009e 39000000 		.4byte	.LVL12-1
 1533 00a2 0100     		.2byte	0x1
 1534 00a4 53       		.byte	0x53
 1535 00a5 39000000 		.4byte	.LVL12-1
 1536 00a9 3E000000 		.4byte	.LVL13
 1537 00ad 0400     		.2byte	0x4
 1538 00af F3       		.byte	0xf3
 1539 00b0 01       		.uleb128 0x1
 1540 00b1 50       		.byte	0x50
 1541 00b2 9F       		.byte	0x9f
 1542 00b3 3E000000 		.4byte	.LVL13
 1543 00b7 42000000 		.4byte	.LVL14
 1544 00bb 0100     		.2byte	0x1
 1545 00bd 50       		.byte	0x50
 1546 00be 42000000 		.4byte	.LVL14
 1547 00c2 44000000 		.4byte	.LFE111
 1548 00c6 0400     		.2byte	0x4
 1549 00c8 F3       		.byte	0xf3
 1550 00c9 01       		.uleb128 0x1
 1551 00ca 50       		.byte	0x50
 1552 00cb 9F       		.byte	0x9f
 1553 00cc 00000000 		.4byte	0
 1554 00d0 00000000 		.4byte	0
 1555              	.LLST5:
 1556 00d4 00000000 		.4byte	.LVL7
 1557 00d8 1A000000 		.4byte	.LVL11
 1558 00dc 0100     		.2byte	0x1
 1559 00de 51       		.byte	0x51
 1560 00df 1A000000 		.4byte	.LVL11
 1561 00e3 3E000000 		.4byte	.LVL13
 1562 00e7 0400     		.2byte	0x4
 1563 00e9 F3       		.byte	0xf3
 1564 00ea 01       		.uleb128 0x1
 1565 00eb 51       		.byte	0x51
 1566 00ec 9F       		.byte	0x9f
 1567 00ed 3E000000 		.4byte	.LVL13
 1568 00f1 44000000 		.4byte	.LFE111
 1569 00f5 0100     		.2byte	0x1
 1570 00f7 51       		.byte	0x51
 1571 00f8 00000000 		.4byte	0
 1572 00fc 00000000 		.4byte	0
 1573              	.LLST6:
 1574 0100 00000000 		.4byte	.LVL7
 1575 0104 02000000 		.4byte	.LVL8
 1576 0108 0100     		.2byte	0x1
 1577 010a 52       		.byte	0x52
 1578 010b 02000000 		.4byte	.LVL8
 1579 010f 44000000 		.4byte	.LFE111
 1580 0113 0400     		.2byte	0x4
 1581 0115 F3       		.byte	0xf3
 1582 0116 01       		.uleb128 0x1
ARM GAS  C:\Users\abhim\AppData\Local\Temp\ccv5QGZr.s 			page 31


 1583 0117 52       		.byte	0x52
 1584 0118 9F       		.byte	0x9f
 1585 0119 00000000 		.4byte	0
 1586 011d 00000000 		.4byte	0
 1587              	.LLST7:
 1588 0121 0C000000 		.4byte	.LVL9
 1589 0125 1A000000 		.4byte	.LVL11
 1590 0129 0100     		.2byte	0x1
 1591 012b 51       		.byte	0x51
 1592 012c 1A000000 		.4byte	.LVL11
 1593 0130 3E000000 		.4byte	.LVL13
 1594 0134 0400     		.2byte	0x4
 1595 0136 F3       		.byte	0xf3
 1596 0137 01       		.uleb128 0x1
 1597 0138 51       		.byte	0x51
 1598 0139 9F       		.byte	0x9f
 1599 013a 00000000 		.4byte	0
 1600 013e 00000000 		.4byte	0
 1601              	.LLST8:
 1602 0142 00000000 		.4byte	.LVL15
 1603 0146 0A000000 		.4byte	.LVL16
 1604 014a 0100     		.2byte	0x1
 1605 014c 50       		.byte	0x50
 1606 014d 0A000000 		.4byte	.LVL16
 1607 0151 18000000 		.4byte	.LVL19
 1608 0155 0100     		.2byte	0x1
 1609 0157 54       		.byte	0x54
 1610 0158 18000000 		.4byte	.LVL19
 1611 015c 1C000000 		.4byte	.LVL20
 1612 0160 0100     		.2byte	0x1
 1613 0162 50       		.byte	0x50
 1614 0163 1C000000 		.4byte	.LVL20
 1615 0167 1E000000 		.4byte	.LFE112
 1616 016b 0400     		.2byte	0x4
 1617 016d F3       		.byte	0xf3
 1618 016e 01       		.uleb128 0x1
 1619 016f 50       		.byte	0x50
 1620 0170 9F       		.byte	0x9f
 1621 0171 00000000 		.4byte	0
 1622 0175 00000000 		.4byte	0
 1623              	.LLST9:
 1624 0179 00000000 		.4byte	.LVL21
 1625 017d 20000000 		.4byte	.LVL25
 1626 0181 0100     		.2byte	0x1
 1627 0183 50       		.byte	0x50
 1628 0184 20000000 		.4byte	.LVL25
 1629 0188 22000000 		.4byte	.LVL26
 1630 018c 0400     		.2byte	0x4
 1631 018e F3       		.byte	0xf3
 1632 018f 01       		.uleb128 0x1
 1633 0190 50       		.byte	0x50
 1634 0191 9F       		.byte	0x9f
 1635 0192 22000000 		.4byte	.LVL26
 1636 0196 26000000 		.4byte	.LVL27
 1637 019a 0100     		.2byte	0x1
 1638 019c 50       		.byte	0x50
 1639 019d 26000000 		.4byte	.LVL27
ARM GAS  C:\Users\abhim\AppData\Local\Temp\ccv5QGZr.s 			page 32


 1640 01a1 2C000000 		.4byte	.LFE113
 1641 01a5 0400     		.2byte	0x4
 1642 01a7 F3       		.byte	0xf3
 1643 01a8 01       		.uleb128 0x1
 1644 01a9 50       		.byte	0x50
 1645 01aa 9F       		.byte	0x9f
 1646 01ab 00000000 		.4byte	0
 1647 01af 00000000 		.4byte	0
 1648              	.LLST10:
 1649 01b3 14000000 		.4byte	.LVL22
 1650 01b7 1A000000 		.4byte	.LVL23
 1651 01bb 0100     		.2byte	0x1
 1652 01bd 53       		.byte	0x53
 1653 01be 1A000000 		.4byte	.LVL23
 1654 01c2 1E000000 		.4byte	.LVL24
 1655 01c6 1C00     		.2byte	0x1c
 1656 01c8 74       		.byte	0x74
 1657 01c9 00       		.sleb128 0
 1658 01ca 74       		.byte	0x74
 1659 01cb 00       		.sleb128 0
 1660 01cc F7       		.byte	0xf7
 1661 01cd 25       		.uleb128 0x25
 1662 01ce 70       		.byte	0x70
 1663 01cf 00       		.sleb128 0
 1664 01d0 94       		.byte	0x94
 1665 01d1 01       		.byte	0x1
 1666 01d2 08       		.byte	0x8
 1667 01d3 FF       		.byte	0xff
 1668 01d4 1A       		.byte	0x1a
 1669 01d5 F7       		.byte	0xf7
 1670 01d6 25       		.uleb128 0x25
 1671 01d7 1B       		.byte	0x1b
 1672 01d8 F7       		.byte	0xf7
 1673 01d9 00       		.uleb128 0
 1674 01da 70       		.byte	0x70
 1675 01db 00       		.sleb128 0
 1676 01dc 94       		.byte	0x94
 1677 01dd 01       		.byte	0x1
 1678 01de 08       		.byte	0x8
 1679 01df FF       		.byte	0xff
 1680 01e0 1A       		.byte	0x1a
 1681 01e1 1E       		.byte	0x1e
 1682 01e2 1C       		.byte	0x1c
 1683 01e3 9F       		.byte	0x9f
 1684 01e4 00000000 		.4byte	0
 1685 01e8 00000000 		.4byte	0
 1686              	.LLST11:
 1687 01ec 00000000 		.4byte	.LVL28
 1688 01f0 16000000 		.4byte	.LVL31
 1689 01f4 0100     		.2byte	0x1
 1690 01f6 50       		.byte	0x50
 1691 01f7 16000000 		.4byte	.LVL31
 1692 01fb 58000000 		.4byte	.LVL33
 1693 01ff 0100     		.2byte	0x1
 1694 0201 54       		.byte	0x54
 1695 0202 58000000 		.4byte	.LVL33
 1696 0206 5C000000 		.4byte	.LVL34
ARM GAS  C:\Users\abhim\AppData\Local\Temp\ccv5QGZr.s 			page 33


 1697 020a 0100     		.2byte	0x1
 1698 020c 50       		.byte	0x50
 1699 020d 5C000000 		.4byte	.LVL34
 1700 0211 5E000000 		.4byte	.LFE114
 1701 0215 0400     		.2byte	0x4
 1702 0217 F3       		.byte	0xf3
 1703 0218 01       		.uleb128 0x1
 1704 0219 50       		.byte	0x50
 1705 021a 9F       		.byte	0x9f
 1706 021b 00000000 		.4byte	0
 1707 021f 00000000 		.4byte	0
 1708              	.LLST12:
 1709 0223 00000000 		.4byte	.LVL28
 1710 0227 16000000 		.4byte	.LVL31
 1711 022b 0100     		.2byte	0x1
 1712 022d 51       		.byte	0x51
 1713 022e 16000000 		.4byte	.LVL31
 1714 0232 58000000 		.4byte	.LVL33
 1715 0236 0100     		.2byte	0x1
 1716 0238 55       		.byte	0x55
 1717 0239 58000000 		.4byte	.LVL33
 1718 023d 5E000000 		.4byte	.LFE114
 1719 0241 0100     		.2byte	0x1
 1720 0243 51       		.byte	0x51
 1721 0244 00000000 		.4byte	0
 1722 0248 00000000 		.4byte	0
 1723              	.LLST13:
 1724 024c 00000000 		.4byte	.LVL28
 1725 0250 0E000000 		.4byte	.LVL30
 1726 0254 0100     		.2byte	0x1
 1727 0256 52       		.byte	0x52
 1728 0257 0E000000 		.4byte	.LVL30
 1729 025b 58000000 		.4byte	.LVL33
 1730 025f 0400     		.2byte	0x4
 1731 0261 F3       		.byte	0xf3
 1732 0262 01       		.uleb128 0x1
 1733 0263 52       		.byte	0x52
 1734 0264 9F       		.byte	0x9f
 1735 0265 58000000 		.4byte	.LVL33
 1736 0269 5E000000 		.4byte	.LFE114
 1737 026d 0100     		.2byte	0x1
 1738 026f 52       		.byte	0x52
 1739 0270 00000000 		.4byte	0
 1740 0274 00000000 		.4byte	0
 1741              	.LLST14:
 1742 0278 0A000000 		.4byte	.LVL29
 1743 027c 16000000 		.4byte	.LVL31
 1744 0280 0100     		.2byte	0x1
 1745 0282 51       		.byte	0x51
 1746 0283 16000000 		.4byte	.LVL31
 1747 0287 58000000 		.4byte	.LVL33
 1748 028b 0100     		.2byte	0x1
 1749 028d 55       		.byte	0x55
 1750 028e 00000000 		.4byte	0
 1751 0292 00000000 		.4byte	0
 1752              		.section	.debug_aranges,"",%progbits
 1753 0000 3C000000 		.4byte	0x3c
ARM GAS  C:\Users\abhim\AppData\Local\Temp\ccv5QGZr.s 			page 34


 1754 0004 0200     		.2byte	0x2
 1755 0006 00000000 		.4byte	.Ldebug_info0
 1756 000a 04       		.byte	0x4
 1757 000b 00       		.byte	0
 1758 000c 0000     		.2byte	0
 1759 000e 0000     		.2byte	0
 1760 0010 00000000 		.4byte	.LFB110
 1761 0014 34000000 		.4byte	.LFE110-.LFB110
 1762 0018 00000000 		.4byte	.LFB111
 1763 001c 44000000 		.4byte	.LFE111-.LFB111
 1764 0020 00000000 		.4byte	.LFB112
 1765 0024 1E000000 		.4byte	.LFE112-.LFB112
 1766 0028 00000000 		.4byte	.LFB113
 1767 002c 2C000000 		.4byte	.LFE113-.LFB113
 1768 0030 00000000 		.4byte	.LFB114
 1769 0034 5E000000 		.4byte	.LFE114-.LFB114
 1770 0038 00000000 		.4byte	0
 1771 003c 00000000 		.4byte	0
 1772              		.section	.debug_ranges,"",%progbits
 1773              	.Ldebug_ranges0:
 1774 0000 00000000 		.4byte	.LFB110
 1775 0004 34000000 		.4byte	.LFE110
 1776 0008 00000000 		.4byte	.LFB111
 1777 000c 44000000 		.4byte	.LFE111
 1778 0010 00000000 		.4byte	.LFB112
 1779 0014 1E000000 		.4byte	.LFE112
 1780 0018 00000000 		.4byte	.LFB113
 1781 001c 2C000000 		.4byte	.LFE113
 1782 0020 00000000 		.4byte	.LFB114
 1783 0024 5E000000 		.4byte	.LFE114
 1784 0028 00000000 		.4byte	0
 1785 002c 00000000 		.4byte	0
 1786              		.section	.debug_line,"",%progbits
 1787              	.Ldebug_line0:
 1788 0000 64030000 		.section	.debug_str,"MS",%progbits,1
 1788      0200E302 
 1788      00000201 
 1788      FB0E0D00 
 1788      01010101 
 1789              	.LASF25:
 1790 0000 4576656E 		.ascii	"EventMaskType\000"
 1790      744D6173 
 1790      6B547970 
 1790      6500
 1791              	.LASF41:
 1792 000e 52435F45 		.ascii	"RC_ERROR_READ_ONLY\000"
 1792      52524F52 
 1792      5F524541 
 1792      445F4F4E 
 1792      4C5900
 1793              	.LASF27:
 1794 0021 52435F53 		.ascii	"RC_SUCCESS\000"
 1794      55434345 
 1794      535300
 1795              	.LASF81:
 1796 002c 70446174 		.ascii	"pData\000"
 1796      6100
ARM GAS  C:\Users\abhim\AppData\Local\Temp\ccv5QGZr.s 			page 35


 1797              	.LASF42:
 1798 0032 52435F45 		.ascii	"RC_ERROR_WRITE_ONLY\000"
 1798      52524F52 
 1798      5F575249 
 1798      54455F4F 
 1798      4E4C5900 
 1799              	.LASF3:
 1800 0046 73686F72 		.ascii	"short int\000"
 1800      7420696E 
 1800      7400
 1801              	.LASF33:
 1802 0050 52435F45 		.ascii	"RC_ERROR_OVERRUN\000"
 1802      52524F52 
 1802      5F4F5645 
 1802      5252554E 
 1802      00
 1803              	.LASF45:
 1804 0061 52435F45 		.ascii	"RC_ERROR_WRITE_FAILS\000"
 1804      52524F52 
 1804      5F575249 
 1804      54455F46 
 1804      41494C53 
 1805              	.LASF68:
 1806 0076 636F6C6F 		.ascii	"color\000"
 1806      7200
 1807              	.LASF82:
 1808 007c 4D53475F 		.ascii	"MSG_waitNextMessage\000"
 1808      77616974 
 1808      4E657874 
 1808      4D657373 
 1808      61676500 
 1809              	.LASF78:
 1810 0090 7461736B 		.ascii	"task\000"
 1810      00
 1811              	.LASF75:
 1812 0095 6D5F6576 		.ascii	"m_ev\000"
 1812      00
 1813              	.LASF30:
 1814 009a 52435F45 		.ascii	"RC_ERROR_ZERO\000"
 1814      52524F52 
 1814      5F5A4552 
 1814      4F00
 1815              	.LASF22:
 1816 00a8 45455F46 		.ascii	"EE_FREG\000"
 1816      52454700 
 1817              	.LASF44:
 1818 00b0 52435F45 		.ascii	"RC_ERROR_READ_FAILS\000"
 1818      52524F52 
 1818      5F524541 
 1818      445F4641 
 1818      494C5300 
 1819              	.LASF66:
 1820 00c4 44524157 		.ascii	"DRAWER_CMD_DRAW\000"
 1820      45525F43 
 1820      4D445F44 
 1820      52415700 
 1821              	.LASF5:
ARM GAS  C:\Users\abhim\AppData\Local\Temp\ccv5QGZr.s 			page 36


 1822 00d4 5F5F7569 		.ascii	"__uint16_t\000"
 1822      6E743136 
 1822      5F7400
 1823              	.LASF65:
 1824 00df 44524157 		.ascii	"DRAWER_CMD_COLOR\000"
 1824      45525F43 
 1824      4D445F43 
 1824      4F4C4F52 
 1824      00
 1825              	.LASF23:
 1826 00f0 45455F54 		.ascii	"EE_TID\000"
 1826      494400
 1827              	.LASF54:
 1828 00f7 52435F45 		.ascii	"RC_ERROR_TOKEN_END\000"
 1828      52524F52 
 1828      5F544F4B 
 1828      454E5F45 
 1828      4E4400
 1829              	.LASF67:
 1830 010a 44726177 		.ascii	"Drawer_commandType_t\000"
 1830      65725F63 
 1830      6F6D6D61 
 1830      6E645479 
 1830      70655F74 
 1831              	.LASF53:
 1832 011f 52435F42 		.ascii	"RC_BUFFERUNDERFLOW\000"
 1832      55464645 
 1832      52554E44 
 1832      4552464C 
 1832      4F5700
 1833              	.LASF12:
 1834 0132 75696E74 		.ascii	"uint8_t\000"
 1834      385F7400 
 1835              	.LASF50:
 1836 013a 52435F45 		.ascii	"RC_ERROR_INVALID_STATE\000"
 1836      52524F52 
 1836      5F494E56 
 1836      414C4944 
 1836      5F535441 
 1837              	.LASF90:
 1838 0151 45455F49 		.ascii	"EE_IRQ_nesting_level\000"
 1838      52515F6E 
 1838      65737469 
 1838      6E675F6C 
 1838      6576656C 
 1839              	.LASF89:
 1840 0166 45455F73 		.ascii	"EE_std_endcycle_next_tid\000"
 1840      74645F65 
 1840      6E646379 
 1840      636C655F 
 1840      6E657874 
 1841              	.LASF73:
 1842 017f 66696C6C 		.ascii	"fillLevel\000"
 1842      4C657665 
 1842      6C00
 1843              	.LASF61:
 1844 0189 73436F6D 		.ascii	"sCommand\000"
ARM GAS  C:\Users\abhim\AppData\Local\Temp\ccv5QGZr.s 			page 37


 1844      6D616E64 
 1844      00
 1845              	.LASF15:
 1846 0192 666C6F61 		.ascii	"float\000"
 1846      7400
 1847              	.LASF52:
 1848 0198 52435F45 		.ascii	"RC_ERROR_NOT_IMPLEMENTED\000"
 1848      52524F52 
 1848      5F4E4F54 
 1848      5F494D50 
 1848      4C454D45 
 1849              	.LASF10:
 1850 01b1 6C6F6E67 		.ascii	"long long int\000"
 1850      206C6F6E 
 1850      6720696E 
 1850      7400
 1851              	.LASF84:
 1852 01bf 6E657874 		.ascii	"nextMsg\000"
 1852      4D736700 
 1853              	.LASF87:
 1854 01c7 45455F6F 		.ascii	"EE_oo_IRQ_suspend_status\000"
 1854      6F5F4952 
 1854      515F7375 
 1854      7370656E 
 1854      645F7374 
 1855              	.LASF92:
 1856 01e0 6D616C6C 		.ascii	"malloc\000"
 1856      6F6300
 1857              	.LASF46:
 1858 01e7 52435F45 		.ascii	"RC_ERROR_NOT_MATCH\000"
 1858      52524F52 
 1858      5F4E4F54 
 1858      5F4D4154 
 1858      434800
 1859              	.LASF51:
 1860 01fa 52435F45 		.ascii	"RC_ERROR_UNKNOWN\000"
 1860      52524F52 
 1860      5F554E4B 
 1860      4E4F574E 
 1860      00
 1861              	.LASF8:
 1862 020b 6C6F6E67 		.ascii	"long int\000"
 1862      20696E74 
 1862      00
 1863              	.LASF34:
 1864 0214 52435F45 		.ascii	"RC_ERROR_UNDERRUN\000"
 1864      52524F52 
 1864      5F554E44 
 1864      45525255 
 1864      4E00
 1865              	.LASF98:
 1866 0226 736F7572 		.ascii	"source\\bsw\\messageBox.c\000"
 1866      63655C62 
 1866      73775C6D 
 1866      65737361 
 1866      6765426F 
 1867              	.LASF37:
ARM GAS  C:\Users\abhim\AppData\Local\Temp\ccv5QGZr.s 			page 38


 1868 023e 52435F45 		.ascii	"RC_ERROR_BUSY\000"
 1868      52524F52 
 1868      5F425553 
 1868      5900
 1869              	.LASF63:
 1870 024c 64726177 		.ascii	"drawer\000"
 1870      657200
 1871              	.LASF4:
 1872 0253 5F5F7569 		.ascii	"__uint8_t\000"
 1872      6E74385F 
 1872      7400
 1873              	.LASF43:
 1874 025d 52435F45 		.ascii	"RC_ERROR_INVALID\000"
 1874      52524F52 
 1874      5F494E56 
 1874      414C4944 
 1874      00
 1875              	.LASF48:
 1876 026e 52435F45 		.ascii	"RC_ERROR_BAD_DATA\000"
 1876      52524F52 
 1876      5F424144 
 1876      5F444154 
 1876      4100
 1877              	.LASF95:
 1878 0280 45455F6F 		.ascii	"EE_oo_WaitEvent\000"
 1878      6F5F5761 
 1878      69744576 
 1878      656E7400 
 1879              	.LASF93:
 1880 0290 55415254 		.ascii	"UART_LOG_PutString\000"
 1880      5F4C4F47 
 1880      5F507574 
 1880      53747269 
 1880      6E6700
 1881              	.LASF18:
 1882 02a3 6C6F6E67 		.ascii	"long double\000"
 1882      20646F75 
 1882      626C6500 
 1883              	.LASF79:
 1884 02af 4D53475F 		.ascii	"MSG_init\000"
 1884      696E6974 
 1884      00
 1885              	.LASF24:
 1886 02b8 5461736B 		.ascii	"TaskType\000"
 1886      54797065 
 1886      00
 1887              	.LASF2:
 1888 02c1 756E7369 		.ascii	"unsigned char\000"
 1888      676E6564 
 1888      20636861 
 1888      7200
 1889              	.LASF47:
 1890 02cf 52435F45 		.ascii	"RC_ERROR_BAD_PARAM\000"
 1890      52524F52 
 1890      5F424144 
 1890      5F504152 
 1890      414D00
ARM GAS  C:\Users\abhim\AppData\Local\Temp\ccv5QGZr.s 			page 39


 1891              	.LASF20:
 1892 02e2 45455F55 		.ascii	"EE_UINT32\000"
 1892      494E5433 
 1892      3200
 1893              	.LASF49:
 1894 02ec 52435F45 		.ascii	"RC_ERROR_CANCELED\000"
 1894      52524F52 
 1894      5F43414E 
 1894      43454C45 
 1894      4400
 1895              	.LASF1:
 1896 02fe 7369676E 		.ascii	"signed char\000"
 1896      65642063 
 1896      68617200 
 1897              	.LASF11:
 1898 030a 6C6F6E67 		.ascii	"long long unsigned int\000"
 1898      206C6F6E 
 1898      6720756E 
 1898      7369676E 
 1898      65642069 
 1899              	.LASF0:
 1900 0321 756E7369 		.ascii	"unsigned int\000"
 1900      676E6564 
 1900      20696E74 
 1900      00
 1901              	.LASF39:
 1902 032e 52435F45 		.ascii	"RC_ERROR_OPEN\000"
 1902      52524F52 
 1902      5F4F5045 
 1902      4E00
 1903              	.LASF13:
 1904 033c 75696E74 		.ascii	"uint16_t\000"
 1904      31365F74 
 1904      00
 1905              	.LASF96:
 1906 0345 45455F6F 		.ascii	"EE_oo_ClearEvent\000"
 1906      6F5F436C 
 1906      65617245 
 1906      76656E74 
 1906      00
 1907              	.LASF29:
 1908 0356 52435F45 		.ascii	"RC_ERROR_NULL\000"
 1908      52524F52 
 1908      5F4E554C 
 1908      4C00
 1909              	.LASF36:
 1910 0364 52435F45 		.ascii	"RC_ERROR_BUFFER_EMTPY\000"
 1910      52524F52 
 1910      5F425546 
 1910      4645525F 
 1910      454D5450 
 1911              	.LASF19:
 1912 037a 45455F49 		.ascii	"EE_INT32\000"
 1912      4E543332 
 1912      00
 1913              	.LASF6:
 1914 0383 73686F72 		.ascii	"short unsigned int\000"
ARM GAS  C:\Users\abhim\AppData\Local\Temp\ccv5QGZr.s 			page 40


 1914      7420756E 
 1914      7369676E 
 1914      65642069 
 1914      6E7400
 1915              	.LASF97:
 1916 0396 474E5520 		.ascii	"GNU C11 5.4.1 20160609 (release) [ARM/embedded-5-br"
 1916      43313120 
 1916      352E342E 
 1916      31203230 
 1916      31363036 
 1917 03c9 616E6368 		.ascii	"anch revision 237715] -mcpu=cortex-m3 -mthumb -g -O"
 1917      20726576 
 1917      6973696F 
 1917      6E203233 
 1917      37373135 
 1918 03fc 67202D66 		.ascii	"g -ffunction-sections -ffat-lto-objects\000"
 1918      66756E63 
 1918      74696F6E 
 1918      2D736563 
 1918      74696F6E 
 1919              	.LASF17:
 1920 0424 63686172 		.ascii	"char\000"
 1920      00
 1921              	.LASF35:
 1922 0429 52435F45 		.ascii	"RC_ERROR_BUFFER_FULL\000"
 1922      52524F52 
 1922      5F425546 
 1922      4645525F 
 1922      46554C4C 
 1923              	.LASF14:
 1924 043e 696E7433 		.ascii	"int32_t\000"
 1924      325F7400 
 1925              	.LASF70:
 1926 0446 6D657373 		.ascii	"messagebox_t\000"
 1926      61676562 
 1926      6F785F74 
 1926      00
 1927              	.LASF62:
 1928 0453 6D657373 		.ascii	"message_t\000"
 1928      6167655F 
 1928      7400
 1929              	.LASF85:
 1930 045d 4D53475F 		.ascii	"MSG_receiveMessage\000"
 1930      72656365 
 1930      6976654D 
 1930      65737361 
 1930      676500
 1931              	.LASF60:
 1932 0470 64617461 		.ascii	"data\000"
 1932      00
 1933              	.LASF88:
 1934 0475 45455F41 		.ascii	"EE_ApplicationMode\000"
 1934      70706C69 
 1934      63617469 
 1934      6F6E4D6F 
 1934      646500
 1935              	.LASF9:
ARM GAS  C:\Users\abhim\AppData\Local\Temp\ccv5QGZr.s 			page 41


 1936 0488 6C6F6E67 		.ascii	"long unsigned int\000"
 1936      20756E73 
 1936      69676E65 
 1936      6420696E 
 1936      7400
 1937              	.LASF77:
 1938 049a 4D53475F 		.ascii	"MSG_messagebox_t\000"
 1938      6D657373 
 1938      61676562 
 1938      6F785F74 
 1938      00
 1939              	.LASF69:
 1940 04ab 636F6F72 		.ascii	"coordinate\000"
 1940      64696E61 
 1940      746500
 1941              	.LASF58:
 1942 04b6 64726177 		.ascii	"drawer_t\000"
 1942      65725F74 
 1942      00
 1943              	.LASF72:
 1944 04bf 77726974 		.ascii	"writeIdx\000"
 1944      65496478 
 1944      00
 1945              	.LASF40:
 1946 04c8 52435F45 		.ascii	"RC_ERROR_CHECKSUM\000"
 1946      52524F52 
 1946      5F434845 
 1946      434B5355 
 1946      4D00
 1947              	.LASF21:
 1948 04da 45455F55 		.ascii	"EE_UREG\000"
 1948      52454700 
 1949              	.LASF64:
 1950 04e2 73697A65 		.ascii	"size\000"
 1950      00
 1951              	.LASF32:
 1952 04e7 52435F45 		.ascii	"RC_ERROR_RANGE\000"
 1952      52524F52 
 1952      5F52414E 
 1952      474500
 1953              	.LASF99:
 1954 04f6 443A5C70 		.ascii	"D:\\psoc-workspace\\Lab Assignments\\Lab3\\Lab3\\La"
 1954      736F632D 
 1954      776F726B 
 1954      73706163 
 1954      655C4C61 
 1955 0524 62332E63 		.ascii	"b3.cydsn\000"
 1955      7964736E 
 1955      00
 1956              	.LASF7:
 1957 052d 5F5F696E 		.ascii	"__int32_t\000"
 1957      7433325F 
 1957      7400
 1958              	.LASF71:
 1959 0537 72656164 		.ascii	"readIdx\000"
 1959      49647800 
 1960              	.LASF76:
ARM GAS  C:\Users\abhim\AppData\Local\Temp\ccv5QGZr.s 			page 42


 1961 053f 6D5F7461 		.ascii	"m_task\000"
 1961      736B00
 1962              	.LASF80:
 1963 0546 4D53475F 		.ascii	"MSG_sendMessage\000"
 1963      73656E64 
 1963      4D657373 
 1963      61676500 
 1964              	.LASF56:
 1965 0556 52435F45 		.ascii	"RC_ERROR_PARSER\000"
 1965      52524F52 
 1965      5F504152 
 1965      53455200 
 1966              	.LASF26:
 1967 0566 73697A65 		.ascii	"sizetype\000"
 1967      74797065 
 1967      00
 1968              	.LASF83:
 1969 056f 4D53475F 		.ascii	"MSG_getSizeOfNextMessage\000"
 1969      67657453 
 1969      697A654F 
 1969      664E6578 
 1969      744D6573 
 1970              	.LASF16:
 1971 0588 646F7562 		.ascii	"double\000"
 1971      6C6500
 1972              	.LASF94:
 1973 058f 45455F6F 		.ascii	"EE_oo_SetEvent\000"
 1973      6F5F5365 
 1973      74457665 
 1973      6E7400
 1974              	.LASF91:
 1975 059e 49544D5F 		.ascii	"ITM_RxBuffer\000"
 1975      52784275 
 1975      66666572 
 1975      00
 1976              	.LASF28:
 1977 05ab 52435F45 		.ascii	"RC_ERROR\000"
 1977      52524F52 
 1977      00
 1978              	.LASF74:
 1979 05b4 705F4275 		.ascii	"p_Buffer\000"
 1979      66666572 
 1979      00
 1980              	.LASF31:
 1981 05bd 52435F45 		.ascii	"RC_ERROR_MEMORY\000"
 1981      52524F52 
 1981      5F4D454D 
 1981      4F525900 
 1982              	.LASF86:
 1983 05cd 45455F6F 		.ascii	"EE_oo_IRQ_disable_count\000"
 1983      6F5F4952 
 1983      515F6469 
 1983      7361626C 
 1983      655F636F 
 1984              	.LASF59:
 1985 05e5 636F6D6D 		.ascii	"command\000"
 1985      616E6400 
ARM GAS  C:\Users\abhim\AppData\Local\Temp\ccv5QGZr.s 			page 43


 1986              	.LASF57:
 1987 05ed 52435F74 		.ascii	"RC_t\000"
 1987      00
 1988              	.LASF55:
 1989 05f2 52435F45 		.ascii	"RC_ERROR_TOKEN_INVALID\000"
 1989      52524F52 
 1989      5F544F4B 
 1989      454E5F49 
 1989      4E56414C 
 1990              	.LASF38:
 1991 0609 52435F45 		.ascii	"RC_ERROR_TIME_OUT\000"
 1991      52524F52 
 1991      5F54494D 
 1991      455F4F55 
 1991      5400
 1992              		.ident	"GCC: (GNU Tools for ARM Embedded Processors) 5.4.1 20160609 (release) [ARM/embedded-5-bran
