ARM GAS  C:\Users\abhim\AppData\Local\Temp\ccXz0Q9A.s 			page 1


   1              		.syntax unified
   2              		.cpu cortex-m3
   3              		.fpu softvfp
   4              		.eabi_attribute 20, 1
   5              		.eabi_attribute 21, 1
   6              		.eabi_attribute 23, 3
   7              		.eabi_attribute 24, 1
   8              		.eabi_attribute 25, 1
   9              		.eabi_attribute 26, 1
  10              		.eabi_attribute 30, 1
  11              		.eabi_attribute 34, 1
  12              		.eabi_attribute 18, 4
  13              		.thumb
  14              		.syntax unified
  15              		.file	"message.c"
  16              		.text
  17              	.Ltext0:
  18              		.cfi_sections	.debug_frame
  19              		.section	.text.initMessage,"ax",%progbits
  20              		.align	2
  21              		.global	initMessage
  22              		.thumb
  23              		.thumb_func
  24              		.type	initMessage, %function
  25              	initMessage:
  26              	.LFB110:
  27              		.file 1 "source\\bsw\\message.c"
   1:source\bsw/message.c **** /**
   2:source\bsw/message.c **** * \file <filename>
   3:source\bsw/message.c **** * \author <author-name>
   4:source\bsw/message.c **** * \date <date>
   5:source\bsw/message.c **** *
   6:source\bsw/message.c **** * \brief <Symbolic File name>
   7:source\bsw/message.c **** *
   8:source\bsw/message.c **** * \copyright Copyright ©2016
   9:source\bsw/message.c **** * Department of electrical engineering and information technology, Hochschule Darmstadt - Universit
  10:source\bsw/message.c **** * Permission to use, copy, modify, and distribute this software and its documentation for education
  11:source\bsw/message.c **** * (unless permitted by h_da) and official h_da projects, is hereby granted for enrolled students of
  12:source\bsw/message.c **** * this paragraph and the following paragraph appear in all copies, modifications, and distributions
  13:source\bsw/message.c **** * Contact Prof.Dr.-Ing. Peter Fromm, peter.fromm@h-da.de, Birkenweg 8 64295 Darmstadt - GERMANY for
  14:source\bsw/message.c **** *
  15:source\bsw/message.c **** * \warning This software is a PROTOTYPE version and is not designed or intended for use in producti
  16:source\bsw/message.c **** * The user represents and warrants that it will NOT use or redistribute the Software for such purpo
  17:source\bsw/message.c **** * This prototype is for research purposes only. This software is provided "AS IS," without a warran
  18:source\bsw/message.c **** */
  19:source\bsw/message.c **** 
  20:source\bsw/message.c **** /*****************************************************************************/
  21:source\bsw/message.c **** /* Include files                                                             */
  22:source\bsw/message.c **** /*****************************************************************************/
  23:source\bsw/message.c **** #include "global.h"
  24:source\bsw/message.c **** #include "message.h"
  25:source\bsw/message.c **** #include "drawer.h"
  26:source\bsw/message.c **** 
  27:source\bsw/message.c **** /*****************************************************************************/
  28:source\bsw/message.c **** /* Local pre-processor symbols/macros ('#define')                            */
  29:source\bsw/message.c **** /*****************************************************************************/
  30:source\bsw/message.c **** 
ARM GAS  C:\Users\abhim\AppData\Local\Temp\ccXz0Q9A.s 			page 2


  31:source\bsw/message.c **** /*****************************************************************************/
  32:source\bsw/message.c **** /* Global variable definitions (declared in header file with 'extern')       */
  33:source\bsw/message.c **** /*****************************************************************************/
  34:source\bsw/message.c **** 
  35:source\bsw/message.c **** /*****************************************************************************/
  36:source\bsw/message.c **** /* Local type definitions ('typedef')                                        */
  37:source\bsw/message.c **** /*****************************************************************************/
  38:source\bsw/message.c **** 
  39:source\bsw/message.c **** /*****************************************************************************/
  40:source\bsw/message.c **** /* Local variable definitions ('static')                                     */
  41:source\bsw/message.c **** /*****************************************************************************/
  42:source\bsw/message.c **** 
  43:source\bsw/message.c **** 
  44:source\bsw/message.c **** 
  45:source\bsw/message.c **** /*****************************************************************************/
  46:source\bsw/message.c **** /* Local function prototypes ('static')                                      */
  47:source\bsw/message.c **** /*****************************************************************************/
  48:source\bsw/message.c **** 
  49:source\bsw/message.c **** 
  50:source\bsw/message.c **** /*****************************************************************************/
  51:source\bsw/message.c **** /* Function implementation - global ('extern') and local ('static')          */
  52:source\bsw/message.c **** /*****************************************************************************/
  53:source\bsw/message.c **** 
  54:source\bsw/message.c **** /**
  55:source\bsw/message.c ****  * <Description>
  56:source\bsw/message.c ****  * \param <first para>
  57:source\bsw/message.c ****  * \return <return value>
  58:source\bsw/message.c ****  */
  59:source\bsw/message.c **** 
  60:source\bsw/message.c **** RC_t initMessage(message_t *me){
  28              		.loc 1 60 0
  29              		.cfi_startproc
  30              		@ args = 0, pretend = 0, frame = 0
  31              		@ frame_needed = 0, uses_anonymous_args = 0
  32              		@ link register save eliminated.
  33              	.LVL0:
  61:source\bsw/message.c ****     me->drawer = NULL;
  34              		.loc 1 61 0
  35 0000 0023     		movs	r3, #0
  36 0002 0360     		str	r3, [r0]
  62:source\bsw/message.c ****     me->size = 1;
  37              		.loc 1 62 0
  38 0004 0123     		movs	r3, #1
  39 0006 8380     		strh	r3, [r0, #4]	@ movhi
  40              	.LVL1:
  63:source\bsw/message.c **** }
  41              		.loc 1 63 0
  42 0008 7047     		bx	lr
  43              		.cfi_endproc
  44              	.LFE110:
  45              		.size	initMessage, .-initMessage
  46 000a 00BF     		.section	.text.createMessage,"ax",%progbits
  47              		.align	2
  48              		.global	createMessage
  49              		.thumb
  50              		.thumb_func
  51              		.type	createMessage, %function
ARM GAS  C:\Users\abhim\AppData\Local\Temp\ccXz0Q9A.s 			page 3


  52              	createMessage:
  53              	.LFB111:
  64:source\bsw/message.c **** RC_t createMessage(message_t * me, uint16_t sizeInput, drawer_t *drawerInput){
  54              		.loc 1 64 0
  55              		.cfi_startproc
  56              		@ args = 0, pretend = 0, frame = 0
  57              		@ frame_needed = 0, uses_anonymous_args = 0
  58              		@ link register save eliminated.
  59              	.LVL2:
  65:source\bsw/message.c ****     me->drawer = drawerInput;
  60              		.loc 1 65 0
  61 0000 0260     		str	r2, [r0]
  66:source\bsw/message.c ****     me->size = sizeInput;
  62              		.loc 1 66 0
  63 0002 8180     		strh	r1, [r0, #4]	@ movhi
  67:source\bsw/message.c ****     return RC_SUCCESS;
  68:source\bsw/message.c **** }
  64              		.loc 1 68 0
  65 0004 0020     		movs	r0, #0
  66              	.LVL3:
  67 0006 7047     		bx	lr
  68              		.cfi_endproc
  69              	.LFE111:
  70              		.size	createMessage, .-createMessage
  71              		.section	.text.freeMessage,"ax",%progbits
  72              		.align	2
  73              		.global	freeMessage
  74              		.thumb
  75              		.thumb_func
  76              		.type	freeMessage, %function
  77              	freeMessage:
  78              	.LFB112:
  69:source\bsw/message.c **** 
  70:source\bsw/message.c **** RC_t freeMessage(message_t *me){
  79              		.loc 1 70 0
  80              		.cfi_startproc
  81              		@ args = 0, pretend = 0, frame = 0
  82              		@ frame_needed = 0, uses_anonymous_args = 0
  83              	.LVL4:
  71:source\bsw/message.c ****    if(me != NULL){
  84              		.loc 1 71 0
  85 0000 48B1     		cbz	r0, .L7
  70:source\bsw/message.c ****    if(me != NULL){
  86              		.loc 1 70 0
  87 0002 10B5     		push	{r4, lr}
  88              		.cfi_def_cfa_offset 8
  89              		.cfi_offset 4, -8
  90              		.cfi_offset 14, -4
  91 0004 0446     		mov	r4, r0
  72:source\bsw/message.c ****         if(me->drawer != NULL){
  92              		.loc 1 72 0
  93 0006 0068     		ldr	r0, [r0]
  94              	.LVL5:
  95 0008 08B1     		cbz	r0, .L5
  73:source\bsw/message.c ****             free(me->drawer);
  96              		.loc 1 73 0
  97 000a FFF7FEFF 		bl	free
ARM GAS  C:\Users\abhim\AppData\Local\Temp\ccXz0Q9A.s 			page 4


  98              	.LVL6:
  99              	.L5:
  74:source\bsw/message.c ****         }
  75:source\bsw/message.c ****       free(me);
 100              		.loc 1 75 0
 101 000e 2046     		mov	r0, r4
 102 0010 FFF7FEFF 		bl	free
 103              	.LVL7:
  76:source\bsw/message.c ****     }
  77:source\bsw/message.c **** }...
 104              		.loc 1 77 0
 105 0014 10BD     		pop	{r4, pc}
 106              	.LVL8:
 107              	.L7:
 108              		.cfi_def_cfa_offset 0
 109              		.cfi_restore 4
 110              		.cfi_restore 14
 111              	.LVL9:
 112 0016 7047     		bx	lr
 113              		.cfi_endproc
 114              	.LFE112:
 115              		.size	freeMessage, .-freeMessage
 116              		.text
 117              	.Letext0:
 118              		.file 2 "c:\\program files (x86)\\cypress\\psoc creator\\4.4\\psoc creator\\import\\gnu\\arm\\5.4.
 119              		.file 3 "c:\\program files (x86)\\cypress\\psoc creator\\4.4\\psoc creator\\import\\gnu\\arm\\5.4.
 120              		.file 4 "Generated_Source\\PSoC5/ErikaOS_common_ee_types.inc"
 121              		.file 5 "Generated_Source\\PSoC5/ErikaOS_cortex_mx_ee_cpu.inc"
 122              		.file 6 "source\\bsw\\global.h"
 123              		.file 7 "source\\bsw\\message.h"
 124              		.file 8 "source\\bsw\\drawer.h"
 125              		.file 9 "Generated_Source\\PSoC5/ErikaOS_ee_oo_intfunc.inc"
 126              		.file 10 "Generated_Source\\PSoC5/ErikaOS_cortex_mx_ee_context.inc"
 127              		.file 11 "Generated_Source\\PSoC5/ErikaOS_common_ee_primitives.inc"
 128              		.file 12 "Generated_Source\\PSoC5/core_cm3.h"
 129              		.file 13 "c:\\program files (x86)\\cypress\\psoc creator\\4.4\\psoc creator\\import\\gnu\\arm\\5.4
 130              		.section	.debug_info,"",%progbits
 131              	.Ldebug_info0:
 132 0000 93030000 		.4byte	0x393
 133 0004 0400     		.2byte	0x4
 134 0006 00000000 		.4byte	.Ldebug_abbrev0
 135 000a 04       		.byte	0x4
 136 000b 01       		.uleb128 0x1
 137 000c 31030000 		.4byte	.LASF79
 138 0010 0C       		.byte	0xc
 139 0011 89010000 		.4byte	.LASF80
 140 0015 EB030000 		.4byte	.LASF81
 141 0019 00000000 		.4byte	.Ldebug_ranges0+0
 142 001d 00000000 		.4byte	0
 143 0021 00000000 		.4byte	.Ldebug_line0
 144 0025 02       		.uleb128 0x2
 145 0026 01       		.byte	0x1
 146 0027 06       		.byte	0x6
 147 0028 74010000 		.4byte	.LASF0
 148 002c 03       		.uleb128 0x3
 149 002d 38020000 		.4byte	.LASF3
 150 0031 02       		.byte	0x2
ARM GAS  C:\Users\abhim\AppData\Local\Temp\ccXz0Q9A.s 			page 5


 151 0032 1D       		.byte	0x1d
 152 0033 37000000 		.4byte	0x37
 153 0037 02       		.uleb128 0x2
 154 0038 01       		.byte	0x1
 155 0039 08       		.byte	0x8
 156 003a 6D020000 		.4byte	.LASF1
 157 003e 02       		.uleb128 0x2
 158 003f 02       		.byte	0x2
 159 0040 05       		.byte	0x5
 160 0041 3E000000 		.4byte	.LASF2
 161 0045 03       		.uleb128 0x3
 162 0046 CB000000 		.4byte	.LASF4
 163 004a 02       		.byte	0x2
 164 004b 2B       		.byte	0x2b
 165 004c 50000000 		.4byte	0x50
 166 0050 02       		.uleb128 0x2
 167 0051 02       		.byte	0x2
 168 0052 07       		.byte	0x7
 169 0053 1E030000 		.4byte	.LASF5
 170 0057 03       		.uleb128 0x3
 171 0058 8E040000 		.4byte	.LASF6
 172 005c 02       		.byte	0x2
 173 005d 3F       		.byte	0x3f
 174 005e 62000000 		.4byte	0x62
 175 0062 02       		.uleb128 0x2
 176 0063 04       		.byte	0x4
 177 0064 05       		.byte	0x5
 178 0065 08020000 		.4byte	.LASF7
 179 0069 02       		.uleb128 0x2
 180 006a 04       		.byte	0x4
 181 006b 07       		.byte	0x7
 182 006c 3A040000 		.4byte	.LASF8
 183 0070 02       		.uleb128 0x2
 184 0071 08       		.byte	0x8
 185 0072 05       		.byte	0x5
 186 0073 BD010000 		.4byte	.LASF9
 187 0077 02       		.uleb128 0x2
 188 0078 08       		.byte	0x8
 189 0079 07       		.byte	0x7
 190 007a B6020000 		.4byte	.LASF10
 191 007e 04       		.uleb128 0x4
 192 007f 04       		.byte	0x4
 193 0080 05       		.byte	0x5
 194 0081 696E7400 		.ascii	"int\000"
 195 0085 02       		.uleb128 0x2
 196 0086 04       		.byte	0x4
 197 0087 07       		.byte	0x7
 198 0088 CD020000 		.4byte	.LASF11
 199 008c 03       		.uleb128 0x3
 200 008d 22010000 		.4byte	.LASF12
 201 0091 03       		.byte	0x3
 202 0092 18       		.byte	0x18
 203 0093 2C000000 		.4byte	0x2c
 204 0097 03       		.uleb128 0x3
 205 0098 E8020000 		.4byte	.LASF13
 206 009c 03       		.byte	0x3
 207 009d 24       		.byte	0x24
ARM GAS  C:\Users\abhim\AppData\Local\Temp\ccXz0Q9A.s 			page 6


 208 009e 45000000 		.4byte	0x45
 209 00a2 03       		.uleb128 0x3
 210 00a3 D9030000 		.4byte	.LASF14
 211 00a7 03       		.byte	0x3
 212 00a8 2C       		.byte	0x2c
 213 00a9 57000000 		.4byte	0x57
 214 00ad 02       		.uleb128 0x2
 215 00ae 04       		.byte	0x4
 216 00af 04       		.byte	0x4
 217 00b0 9E010000 		.4byte	.LASF15
 218 00b4 02       		.uleb128 0x2
 219 00b5 08       		.byte	0x8
 220 00b6 04       		.byte	0x4
 221 00b7 C3040000 		.4byte	.LASF16
 222 00bb 02       		.uleb128 0x2
 223 00bc 01       		.byte	0x1
 224 00bd 08       		.byte	0x8
 225 00be BF030000 		.4byte	.LASF17
 226 00c2 02       		.uleb128 0x2
 227 00c3 08       		.byte	0x8
 228 00c4 04       		.byte	0x4
 229 00c5 61020000 		.4byte	.LASF18
 230 00c9 03       		.uleb128 0x3
 231 00ca 15030000 		.4byte	.LASF19
 232 00ce 04       		.byte	0x4
 233 00cf 53       		.byte	0x53
 234 00d0 7E000000 		.4byte	0x7e
 235 00d4 03       		.uleb128 0x3
 236 00d5 A0020000 		.4byte	.LASF20
 237 00d9 04       		.byte	0x4
 238 00da 54       		.byte	0x54
 239 00db 85000000 		.4byte	0x85
 240 00df 03       		.uleb128 0x3
 241 00e0 72040000 		.4byte	.LASF21
 242 00e4 05       		.byte	0x5
 243 00e5 4D       		.byte	0x4d
 244 00e6 D4000000 		.4byte	0xd4
 245 00ea 03       		.uleb128 0x3
 246 00eb 95000000 		.4byte	.LASF22
 247 00ef 05       		.byte	0x5
 248 00f0 4F       		.byte	0x4f
 249 00f1 D4000000 		.4byte	0xd4
 250 00f5 03       		.uleb128 0x3
 251 00f6 E7000000 		.4byte	.LASF23
 252 00fa 05       		.byte	0x5
 253 00fb 78       		.byte	0x78
 254 00fc C9000000 		.4byte	0xc9
 255 0100 02       		.uleb128 0x2
 256 0101 04       		.byte	0x4
 257 0102 07       		.byte	0x7
 258 0103 A8040000 		.4byte	.LASF24
 259 0107 05       		.uleb128 0x5
 260 0108 04       		.byte	0x4
 261 0109 BB000000 		.4byte	0xbb
 262 010d 06       		.uleb128 0x6
 263 010e 01       		.byte	0x1
 264 010f 25000000 		.4byte	0x25
ARM GAS  C:\Users\abhim\AppData\Local\Temp\ccXz0Q9A.s 			page 7


 265 0113 06       		.byte	0x6
 266 0114 D0       		.byte	0xd0
 267 0115 CE010000 		.4byte	0x1ce
 268 0119 07       		.uleb128 0x7
 269 011a 1F000000 		.4byte	.LASF25
 270 011e 00       		.byte	0
 271 011f 08       		.uleb128 0x8
 272 0120 D7040000 		.4byte	.LASF26
 273 0124 7F       		.sleb128 -1
 274 0125 08       		.uleb128 0x8
 275 0126 F1020000 		.4byte	.LASF27
 276 012a 7E       		.sleb128 -2
 277 012b 08       		.uleb128 0x8
 278 012c 87000000 		.4byte	.LASF28
 279 0130 7D       		.sleb128 -3
 280 0131 08       		.uleb128 0x8
 281 0132 E0040000 		.4byte	.LASF29
 282 0136 7C       		.sleb128 -4
 283 0137 08       		.uleb128 0x8
 284 0138 7F040000 		.4byte	.LASF30
 285 013c 7B       		.sleb128 -5
 286 013d 08       		.uleb128 0x8
 287 013e 48000000 		.4byte	.LASF31
 288 0142 7A       		.sleb128 -6
 289 0143 08       		.uleb128 0x8
 290 0144 11020000 		.4byte	.LASF32
 291 0148 79       		.sleb128 -7
 292 0149 08       		.uleb128 0x8
 293 014a C4030000 		.4byte	.LASF33
 294 014e 78       		.sleb128 -8
 295 014f 08       		.uleb128 0x8
 296 0150 FF020000 		.4byte	.LASF34
 297 0154 77       		.sleb128 -9
 298 0155 08       		.uleb128 0x8
 299 0156 23020000 		.4byte	.LASF35
 300 015a 76       		.sleb128 -10
 301 015b 08       		.uleb128 0x8
 302 015c 2C050000 		.4byte	.LASF36
 303 0160 75       		.sleb128 -11
 304 0161 08       		.uleb128 0x8
 305 0162 DA020000 		.4byte	.LASF37
 306 0166 74       		.sleb128 -12
 307 0167 08       		.uleb128 0x8
 308 0168 60040000 		.4byte	.LASF38
 309 016c 73       		.sleb128 -13
 310 016d 08       		.uleb128 0x8
 311 016e 0C000000 		.4byte	.LASF39
 312 0172 72       		.sleb128 -14
 313 0173 08       		.uleb128 0x8
 314 0174 2A000000 		.4byte	.LASF40
 315 0178 71       		.sleb128 -15
 316 0179 08       		.uleb128 0x8
 317 017a 42020000 		.4byte	.LASF41
 318 017e 70       		.sleb128 -16
 319 017f 08       		.uleb128 0x8
 320 0180 9D000000 		.4byte	.LASF42
 321 0184 6F       		.sleb128 -17
ARM GAS  C:\Users\abhim\AppData\Local\Temp\ccXz0Q9A.s 			page 8


 322 0185 08       		.uleb128 0x8
 323 0186 59000000 		.4byte	.LASF43
 324 018a 6E       		.sleb128 -18
 325 018b 08       		.uleb128 0x8
 326 018c E4010000 		.4byte	.LASF44
 327 0190 6D       		.sleb128 -19
 328 0191 08       		.uleb128 0x8
 329 0192 8D020000 		.4byte	.LASF45
 330 0196 6C       		.sleb128 -20
 331 0197 08       		.uleb128 0x8
 332 0198 7B020000 		.4byte	.LASF46
 333 019c 6B       		.sleb128 -21
 334 019d 08       		.uleb128 0x8
 335 019e B1040000 		.4byte	.LASF47
 336 01a2 6A       		.sleb128 -22
 337 01a3 08       		.uleb128 0x8
 338 01a4 2A010000 		.4byte	.LASF48
 339 01a8 69       		.sleb128 -23
 340 01a9 08       		.uleb128 0x8
 341 01aa F7010000 		.4byte	.LASF49
 342 01ae 68       		.sleb128 -24
 343 01af 08       		.uleb128 0x8
 344 01b0 A4010000 		.4byte	.LASF50
 345 01b4 67       		.sleb128 -25
 346 01b5 08       		.uleb128 0x8
 347 01b6 0F010000 		.4byte	.LASF51
 348 01ba 66       		.sleb128 -26
 349 01bb 08       		.uleb128 0x8
 350 01bc 74000000 		.4byte	.LASF52
 351 01c0 65       		.sleb128 -27
 352 01c1 08       		.uleb128 0x8
 353 01c2 15050000 		.4byte	.LASF53
 354 01c6 64       		.sleb128 -28
 355 01c7 08       		.uleb128 0x8
 356 01c8 98040000 		.4byte	.LASF54
 357 01cc 63       		.sleb128 -29
 358 01cd 00       		.byte	0
 359 01ce 03       		.uleb128 0x3
 360 01cf 10050000 		.4byte	.LASF55
 361 01d3 06       		.byte	0x6
 362 01d4 EF       		.byte	0xef
 363 01d5 0D010000 		.4byte	0x10d
 364 01d9 03       		.uleb128 0x3
 365 01da 57040000 		.4byte	.LASF56
 366 01de 07       		.byte	0x7
 367 01df 6F       		.byte	0x6f
 368 01e0 E4010000 		.4byte	0x1e4
 369 01e4 09       		.uleb128 0x9
 370 01e5 80010000 		.4byte	.LASF59
 371 01e9 08       		.byte	0x8
 372 01ea 08       		.byte	0x8
 373 01eb 72       		.byte	0x72
 374 01ec 09020000 		.4byte	0x209
 375 01f0 0A       		.uleb128 0xa
 376 01f1 08050000 		.4byte	.LASF57
 377 01f5 08       		.byte	0x8
 378 01f6 73       		.byte	0x73
ARM GAS  C:\Users\abhim\AppData\Local\Temp\ccXz0Q9A.s 			page 9


 379 01f7 58020000 		.4byte	0x258
 380 01fb 00       		.byte	0
 381 01fc 0A       		.uleb128 0xa
 382 01fd 22040000 		.4byte	.LASF58
 383 0201 08       		.byte	0x8
 384 0202 77       		.byte	0x77
 385 0203 63020000 		.4byte	0x263
 386 0207 04       		.byte	0x4
 387 0208 00       		.byte	0
 388 0209 09       		.uleb128 0x9
 389 020a E1030000 		.4byte	.LASF60
 390 020e 08       		.byte	0x8
 391 020f 07       		.byte	0x7
 392 0210 70       		.byte	0x70
 393 0211 2E020000 		.4byte	0x22e
 394 0215 0A       		.uleb128 0xa
 395 0216 31020000 		.4byte	.LASF61
 396 021a 07       		.byte	0x7
 397 021b 71       		.byte	0x71
 398 021c 2E020000 		.4byte	0x22e
 399 0220 00       		.byte	0
 400 0221 0A       		.uleb128 0xa
 401 0222 7A040000 		.4byte	.LASF62
 402 0226 07       		.byte	0x7
 403 0227 72       		.byte	0x72
 404 0228 97000000 		.4byte	0x97
 405 022c 04       		.byte	0x4
 406 022d 00       		.byte	0
 407 022e 05       		.uleb128 0x5
 408 022f 04       		.byte	0x4
 409 0230 D9010000 		.4byte	0x1d9
 410 0234 03       		.uleb128 0x3
 411 0235 E1030000 		.4byte	.LASF60
 412 0239 07       		.byte	0x7
 413 023a 73       		.byte	0x73
 414 023b 09020000 		.4byte	0x209
 415 023f 06       		.uleb128 0x6
 416 0240 01       		.byte	0x1
 417 0241 37000000 		.4byte	0x37
 418 0245 08       		.byte	0x8
 419 0246 71       		.byte	0x71
 420 0247 58020000 		.4byte	0x258
 421 024b 07       		.uleb128 0x7
 422 024c D6000000 		.4byte	.LASF63
 423 0250 00       		.byte	0
 424 0251 07       		.uleb128 0x7
 425 0252 BB000000 		.4byte	.LASF64
 426 0256 01       		.byte	0x1
 427 0257 00       		.byte	0
 428 0258 03       		.uleb128 0x3
 429 0259 FA000000 		.4byte	.LASF65
 430 025d 08       		.byte	0x8
 431 025e 71       		.byte	0x71
 432 025f 3F020000 		.4byte	0x23f
 433 0263 0B       		.uleb128 0xb
 434 0264 04       		.byte	0x4
 435 0265 08       		.byte	0x8
ARM GAS  C:\Users\abhim\AppData\Local\Temp\ccXz0Q9A.s 			page 10


 436 0266 74       		.byte	0x74
 437 0267 82020000 		.4byte	0x282
 438 026b 0C       		.uleb128 0xc
 439 026c 6E000000 		.4byte	.LASF66
 440 0270 08       		.byte	0x8
 441 0271 75       		.byte	0x75
 442 0272 07010000 		.4byte	0x107
 443 0276 0C       		.uleb128 0xc
 444 0277 4C040000 		.4byte	.LASF67
 445 027b 08       		.byte	0x8
 446 027c 76       		.byte	0x76
 447 027d 82020000 		.4byte	0x282
 448 0281 00       		.byte	0
 449 0282 0D       		.uleb128 0xd
 450 0283 8C000000 		.4byte	0x8c
 451 0287 92020000 		.4byte	0x292
 452 028b 0E       		.uleb128 0xe
 453 028c 00010000 		.4byte	0x100
 454 0290 03       		.byte	0x3
 455 0291 00       		.byte	0
 456 0292 0F       		.uleb128 0xf
 457 0293 EE000000 		.4byte	.LASF68
 458 0297 01       		.byte	0x1
 459 0298 3C       		.byte	0x3c
 460 0299 CE010000 		.4byte	0x1ce
 461 029d 00000000 		.4byte	.LFB110
 462 02a1 0A000000 		.4byte	.LFE110-.LFB110
 463 02a5 01       		.uleb128 0x1
 464 02a6 9C       		.byte	0x9c
 465 02a7 BA020000 		.4byte	0x2ba
 466 02ab 10       		.uleb128 0x10
 467 02ac 6D6500   		.ascii	"me\000"
 468 02af 01       		.byte	0x1
 469 02b0 3C       		.byte	0x3c
 470 02b1 BA020000 		.4byte	0x2ba
 471 02b5 00000000 		.4byte	.LLST0
 472 02b9 00       		.byte	0
 473 02ba 05       		.uleb128 0x5
 474 02bb 04       		.byte	0x4
 475 02bc 34020000 		.4byte	0x234
 476 02c0 0F       		.uleb128 0xf
 477 02c1 53020000 		.4byte	.LASF69
 478 02c5 01       		.byte	0x1
 479 02c6 40       		.byte	0x40
 480 02c7 CE010000 		.4byte	0x1ce
 481 02cb 00000000 		.4byte	.LFB111
 482 02cf 08000000 		.4byte	.LFE111-.LFB111
 483 02d3 01       		.uleb128 0x1
 484 02d4 9C       		.byte	0x9c
 485 02d5 02030000 		.4byte	0x302
 486 02d9 10       		.uleb128 0x10
 487 02da 6D6500   		.ascii	"me\000"
 488 02dd 01       		.byte	0x1
 489 02de 40       		.byte	0x40
 490 02df BA020000 		.4byte	0x2ba
 491 02e3 21000000 		.4byte	.LLST1
 492 02e7 11       		.uleb128 0x11
ARM GAS  C:\Users\abhim\AppData\Local\Temp\ccXz0Q9A.s 			page 11


 493 02e8 B1000000 		.4byte	.LASF70
 494 02ec 01       		.byte	0x1
 495 02ed 40       		.byte	0x40
 496 02ee 97000000 		.4byte	0x97
 497 02f2 01       		.uleb128 0x1
 498 02f3 51       		.byte	0x51
 499 02f4 11       		.uleb128 0x11
 500 02f5 AA020000 		.4byte	.LASF71
 501 02f9 01       		.byte	0x1
 502 02fa 40       		.byte	0x40
 503 02fb 2E020000 		.4byte	0x22e
 504 02ff 01       		.uleb128 0x1
 505 0300 52       		.byte	0x52
 506 0301 00       		.byte	0
 507 0302 0F       		.uleb128 0xf
 508 0303 00000000 		.4byte	.LASF72
 509 0307 01       		.byte	0x1
 510 0308 46       		.byte	0x46
 511 0309 CE010000 		.4byte	0x1ce
 512 030d 00000000 		.4byte	.LFB112
 513 0311 18000000 		.4byte	.LFE112-.LFB112
 514 0315 01       		.uleb128 0x1
 515 0316 9C       		.byte	0x9c
 516 0317 43030000 		.4byte	0x343
 517 031b 10       		.uleb128 0x10
 518 031c 6D6500   		.ascii	"me\000"
 519 031f 01       		.byte	0x1
 520 0320 46       		.byte	0x46
 521 0321 BA020000 		.4byte	0x2ba
 522 0325 42000000 		.4byte	.LLST2
 523 0329 12       		.uleb128 0x12
 524 032a 0E000000 		.4byte	.LVL6
 525 032e 8B030000 		.4byte	0x38b
 526 0332 13       		.uleb128 0x13
 527 0333 14000000 		.4byte	.LVL7
 528 0337 8B030000 		.4byte	0x38b
 529 033b 14       		.uleb128 0x14
 530 033c 01       		.uleb128 0x1
 531 033d 50       		.byte	0x50
 532 033e 02       		.uleb128 0x2
 533 033f 74       		.byte	0x74
 534 0340 00       		.sleb128 0
 535 0341 00       		.byte	0
 536 0342 00       		.byte	0
 537 0343 15       		.uleb128 0x15
 538 0344 F0040000 		.4byte	.LASF73
 539 0348 09       		.byte	0x9
 540 0349 40       		.byte	0x40
 541 034a DF000000 		.4byte	0xdf
 542 034e 15       		.uleb128 0x15
 543 034f CB010000 		.4byte	.LASF74
 544 0353 09       		.byte	0x9
 545 0354 47       		.byte	0x47
 546 0355 EA000000 		.4byte	0xea
 547 0359 15       		.uleb128 0x15
 548 035a 27040000 		.4byte	.LASF75
 549 035e 09       		.byte	0x9
ARM GAS  C:\Users\abhim\AppData\Local\Temp\ccXz0Q9A.s 			page 12


 550 035f 4A       		.byte	0x4a
 551 0360 DF000000 		.4byte	0xdf
 552 0364 15       		.uleb128 0x15
 553 0365 5B010000 		.4byte	.LASF76
 554 0369 0A       		.byte	0xa
 555 036a 48       		.byte	0x48
 556 036b F5000000 		.4byte	0xf5
 557 036f 15       		.uleb128 0x15
 558 0370 41010000 		.4byte	.LASF77
 559 0374 0B       		.byte	0xb
 560 0375 44       		.byte	0x44
 561 0376 DF000000 		.4byte	0xdf
 562 037a 16       		.uleb128 0x16
 563 037b CA040000 		.4byte	.LASF78
 564 037f 0C       		.byte	0xc
 565 0380 1207     		.2byte	0x712
 566 0382 86030000 		.4byte	0x386
 567 0386 17       		.uleb128 0x17
 568 0387 A2000000 		.4byte	0xa2
 569 038b 18       		.uleb128 0x18
 570 038c 56010000 		.4byte	.LASF82
 571 0390 56010000 		.4byte	.LASF82
 572 0394 0D       		.byte	0xd
 573 0395 59       		.byte	0x59
 574 0396 00       		.byte	0
 575              		.section	.debug_abbrev,"",%progbits
 576              	.Ldebug_abbrev0:
 577 0000 01       		.uleb128 0x1
 578 0001 11       		.uleb128 0x11
 579 0002 01       		.byte	0x1
 580 0003 25       		.uleb128 0x25
 581 0004 0E       		.uleb128 0xe
 582 0005 13       		.uleb128 0x13
 583 0006 0B       		.uleb128 0xb
 584 0007 03       		.uleb128 0x3
 585 0008 0E       		.uleb128 0xe
 586 0009 1B       		.uleb128 0x1b
 587 000a 0E       		.uleb128 0xe
 588 000b 55       		.uleb128 0x55
 589 000c 17       		.uleb128 0x17
 590 000d 11       		.uleb128 0x11
 591 000e 01       		.uleb128 0x1
 592 000f 10       		.uleb128 0x10
 593 0010 17       		.uleb128 0x17
 594 0011 00       		.byte	0
 595 0012 00       		.byte	0
 596 0013 02       		.uleb128 0x2
 597 0014 24       		.uleb128 0x24
 598 0015 00       		.byte	0
 599 0016 0B       		.uleb128 0xb
 600 0017 0B       		.uleb128 0xb
 601 0018 3E       		.uleb128 0x3e
 602 0019 0B       		.uleb128 0xb
 603 001a 03       		.uleb128 0x3
 604 001b 0E       		.uleb128 0xe
 605 001c 00       		.byte	0
 606 001d 00       		.byte	0
ARM GAS  C:\Users\abhim\AppData\Local\Temp\ccXz0Q9A.s 			page 13


 607 001e 03       		.uleb128 0x3
 608 001f 16       		.uleb128 0x16
 609 0020 00       		.byte	0
 610 0021 03       		.uleb128 0x3
 611 0022 0E       		.uleb128 0xe
 612 0023 3A       		.uleb128 0x3a
 613 0024 0B       		.uleb128 0xb
 614 0025 3B       		.uleb128 0x3b
 615 0026 0B       		.uleb128 0xb
 616 0027 49       		.uleb128 0x49
 617 0028 13       		.uleb128 0x13
 618 0029 00       		.byte	0
 619 002a 00       		.byte	0
 620 002b 04       		.uleb128 0x4
 621 002c 24       		.uleb128 0x24
 622 002d 00       		.byte	0
 623 002e 0B       		.uleb128 0xb
 624 002f 0B       		.uleb128 0xb
 625 0030 3E       		.uleb128 0x3e
 626 0031 0B       		.uleb128 0xb
 627 0032 03       		.uleb128 0x3
 628 0033 08       		.uleb128 0x8
 629 0034 00       		.byte	0
 630 0035 00       		.byte	0
 631 0036 05       		.uleb128 0x5
 632 0037 0F       		.uleb128 0xf
 633 0038 00       		.byte	0
 634 0039 0B       		.uleb128 0xb
 635 003a 0B       		.uleb128 0xb
 636 003b 49       		.uleb128 0x49
 637 003c 13       		.uleb128 0x13
 638 003d 00       		.byte	0
 639 003e 00       		.byte	0
 640 003f 06       		.uleb128 0x6
 641 0040 04       		.uleb128 0x4
 642 0041 01       		.byte	0x1
 643 0042 0B       		.uleb128 0xb
 644 0043 0B       		.uleb128 0xb
 645 0044 49       		.uleb128 0x49
 646 0045 13       		.uleb128 0x13
 647 0046 3A       		.uleb128 0x3a
 648 0047 0B       		.uleb128 0xb
 649 0048 3B       		.uleb128 0x3b
 650 0049 0B       		.uleb128 0xb
 651 004a 01       		.uleb128 0x1
 652 004b 13       		.uleb128 0x13
 653 004c 00       		.byte	0
 654 004d 00       		.byte	0
 655 004e 07       		.uleb128 0x7
 656 004f 28       		.uleb128 0x28
 657 0050 00       		.byte	0
 658 0051 03       		.uleb128 0x3
 659 0052 0E       		.uleb128 0xe
 660 0053 1C       		.uleb128 0x1c
 661 0054 0B       		.uleb128 0xb
 662 0055 00       		.byte	0
 663 0056 00       		.byte	0
ARM GAS  C:\Users\abhim\AppData\Local\Temp\ccXz0Q9A.s 			page 14


 664 0057 08       		.uleb128 0x8
 665 0058 28       		.uleb128 0x28
 666 0059 00       		.byte	0
 667 005a 03       		.uleb128 0x3
 668 005b 0E       		.uleb128 0xe
 669 005c 1C       		.uleb128 0x1c
 670 005d 0D       		.uleb128 0xd
 671 005e 00       		.byte	0
 672 005f 00       		.byte	0
 673 0060 09       		.uleb128 0x9
 674 0061 13       		.uleb128 0x13
 675 0062 01       		.byte	0x1
 676 0063 03       		.uleb128 0x3
 677 0064 0E       		.uleb128 0xe
 678 0065 0B       		.uleb128 0xb
 679 0066 0B       		.uleb128 0xb
 680 0067 3A       		.uleb128 0x3a
 681 0068 0B       		.uleb128 0xb
 682 0069 3B       		.uleb128 0x3b
 683 006a 0B       		.uleb128 0xb
 684 006b 01       		.uleb128 0x1
 685 006c 13       		.uleb128 0x13
 686 006d 00       		.byte	0
 687 006e 00       		.byte	0
 688 006f 0A       		.uleb128 0xa
 689 0070 0D       		.uleb128 0xd
 690 0071 00       		.byte	0
 691 0072 03       		.uleb128 0x3
 692 0073 0E       		.uleb128 0xe
 693 0074 3A       		.uleb128 0x3a
 694 0075 0B       		.uleb128 0xb
 695 0076 3B       		.uleb128 0x3b
 696 0077 0B       		.uleb128 0xb
 697 0078 49       		.uleb128 0x49
 698 0079 13       		.uleb128 0x13
 699 007a 38       		.uleb128 0x38
 700 007b 0B       		.uleb128 0xb
 701 007c 00       		.byte	0
 702 007d 00       		.byte	0
 703 007e 0B       		.uleb128 0xb
 704 007f 17       		.uleb128 0x17
 705 0080 01       		.byte	0x1
 706 0081 0B       		.uleb128 0xb
 707 0082 0B       		.uleb128 0xb
 708 0083 3A       		.uleb128 0x3a
 709 0084 0B       		.uleb128 0xb
 710 0085 3B       		.uleb128 0x3b
 711 0086 0B       		.uleb128 0xb
 712 0087 01       		.uleb128 0x1
 713 0088 13       		.uleb128 0x13
 714 0089 00       		.byte	0
 715 008a 00       		.byte	0
 716 008b 0C       		.uleb128 0xc
 717 008c 0D       		.uleb128 0xd
 718 008d 00       		.byte	0
 719 008e 03       		.uleb128 0x3
 720 008f 0E       		.uleb128 0xe
ARM GAS  C:\Users\abhim\AppData\Local\Temp\ccXz0Q9A.s 			page 15


 721 0090 3A       		.uleb128 0x3a
 722 0091 0B       		.uleb128 0xb
 723 0092 3B       		.uleb128 0x3b
 724 0093 0B       		.uleb128 0xb
 725 0094 49       		.uleb128 0x49
 726 0095 13       		.uleb128 0x13
 727 0096 00       		.byte	0
 728 0097 00       		.byte	0
 729 0098 0D       		.uleb128 0xd
 730 0099 01       		.uleb128 0x1
 731 009a 01       		.byte	0x1
 732 009b 49       		.uleb128 0x49
 733 009c 13       		.uleb128 0x13
 734 009d 01       		.uleb128 0x1
 735 009e 13       		.uleb128 0x13
 736 009f 00       		.byte	0
 737 00a0 00       		.byte	0
 738 00a1 0E       		.uleb128 0xe
 739 00a2 21       		.uleb128 0x21
 740 00a3 00       		.byte	0
 741 00a4 49       		.uleb128 0x49
 742 00a5 13       		.uleb128 0x13
 743 00a6 2F       		.uleb128 0x2f
 744 00a7 0B       		.uleb128 0xb
 745 00a8 00       		.byte	0
 746 00a9 00       		.byte	0
 747 00aa 0F       		.uleb128 0xf
 748 00ab 2E       		.uleb128 0x2e
 749 00ac 01       		.byte	0x1
 750 00ad 3F       		.uleb128 0x3f
 751 00ae 19       		.uleb128 0x19
 752 00af 03       		.uleb128 0x3
 753 00b0 0E       		.uleb128 0xe
 754 00b1 3A       		.uleb128 0x3a
 755 00b2 0B       		.uleb128 0xb
 756 00b3 3B       		.uleb128 0x3b
 757 00b4 0B       		.uleb128 0xb
 758 00b5 27       		.uleb128 0x27
 759 00b6 19       		.uleb128 0x19
 760 00b7 49       		.uleb128 0x49
 761 00b8 13       		.uleb128 0x13
 762 00b9 11       		.uleb128 0x11
 763 00ba 01       		.uleb128 0x1
 764 00bb 12       		.uleb128 0x12
 765 00bc 06       		.uleb128 0x6
 766 00bd 40       		.uleb128 0x40
 767 00be 18       		.uleb128 0x18
 768 00bf 9742     		.uleb128 0x2117
 769 00c1 19       		.uleb128 0x19
 770 00c2 01       		.uleb128 0x1
 771 00c3 13       		.uleb128 0x13
 772 00c4 00       		.byte	0
 773 00c5 00       		.byte	0
 774 00c6 10       		.uleb128 0x10
 775 00c7 05       		.uleb128 0x5
 776 00c8 00       		.byte	0
 777 00c9 03       		.uleb128 0x3
ARM GAS  C:\Users\abhim\AppData\Local\Temp\ccXz0Q9A.s 			page 16


 778 00ca 08       		.uleb128 0x8
 779 00cb 3A       		.uleb128 0x3a
 780 00cc 0B       		.uleb128 0xb
 781 00cd 3B       		.uleb128 0x3b
 782 00ce 0B       		.uleb128 0xb
 783 00cf 49       		.uleb128 0x49
 784 00d0 13       		.uleb128 0x13
 785 00d1 02       		.uleb128 0x2
 786 00d2 17       		.uleb128 0x17
 787 00d3 00       		.byte	0
 788 00d4 00       		.byte	0
 789 00d5 11       		.uleb128 0x11
 790 00d6 05       		.uleb128 0x5
 791 00d7 00       		.byte	0
 792 00d8 03       		.uleb128 0x3
 793 00d9 0E       		.uleb128 0xe
 794 00da 3A       		.uleb128 0x3a
 795 00db 0B       		.uleb128 0xb
 796 00dc 3B       		.uleb128 0x3b
 797 00dd 0B       		.uleb128 0xb
 798 00de 49       		.uleb128 0x49
 799 00df 13       		.uleb128 0x13
 800 00e0 02       		.uleb128 0x2
 801 00e1 18       		.uleb128 0x18
 802 00e2 00       		.byte	0
 803 00e3 00       		.byte	0
 804 00e4 12       		.uleb128 0x12
 805 00e5 898201   		.uleb128 0x4109
 806 00e8 00       		.byte	0
 807 00e9 11       		.uleb128 0x11
 808 00ea 01       		.uleb128 0x1
 809 00eb 31       		.uleb128 0x31
 810 00ec 13       		.uleb128 0x13
 811 00ed 00       		.byte	0
 812 00ee 00       		.byte	0
 813 00ef 13       		.uleb128 0x13
 814 00f0 898201   		.uleb128 0x4109
 815 00f3 01       		.byte	0x1
 816 00f4 11       		.uleb128 0x11
 817 00f5 01       		.uleb128 0x1
 818 00f6 31       		.uleb128 0x31
 819 00f7 13       		.uleb128 0x13
 820 00f8 00       		.byte	0
 821 00f9 00       		.byte	0
 822 00fa 14       		.uleb128 0x14
 823 00fb 8A8201   		.uleb128 0x410a
 824 00fe 00       		.byte	0
 825 00ff 02       		.uleb128 0x2
 826 0100 18       		.uleb128 0x18
 827 0101 9142     		.uleb128 0x2111
 828 0103 18       		.uleb128 0x18
 829 0104 00       		.byte	0
 830 0105 00       		.byte	0
 831 0106 15       		.uleb128 0x15
 832 0107 34       		.uleb128 0x34
 833 0108 00       		.byte	0
 834 0109 03       		.uleb128 0x3
ARM GAS  C:\Users\abhim\AppData\Local\Temp\ccXz0Q9A.s 			page 17


 835 010a 0E       		.uleb128 0xe
 836 010b 3A       		.uleb128 0x3a
 837 010c 0B       		.uleb128 0xb
 838 010d 3B       		.uleb128 0x3b
 839 010e 0B       		.uleb128 0xb
 840 010f 49       		.uleb128 0x49
 841 0110 13       		.uleb128 0x13
 842 0111 3F       		.uleb128 0x3f
 843 0112 19       		.uleb128 0x19
 844 0113 3C       		.uleb128 0x3c
 845 0114 19       		.uleb128 0x19
 846 0115 00       		.byte	0
 847 0116 00       		.byte	0
 848 0117 16       		.uleb128 0x16
 849 0118 34       		.uleb128 0x34
 850 0119 00       		.byte	0
 851 011a 03       		.uleb128 0x3
 852 011b 0E       		.uleb128 0xe
 853 011c 3A       		.uleb128 0x3a
 854 011d 0B       		.uleb128 0xb
 855 011e 3B       		.uleb128 0x3b
 856 011f 05       		.uleb128 0x5
 857 0120 49       		.uleb128 0x49
 858 0121 13       		.uleb128 0x13
 859 0122 3F       		.uleb128 0x3f
 860 0123 19       		.uleb128 0x19
 861 0124 3C       		.uleb128 0x3c
 862 0125 19       		.uleb128 0x19
 863 0126 00       		.byte	0
 864 0127 00       		.byte	0
 865 0128 17       		.uleb128 0x17
 866 0129 35       		.uleb128 0x35
 867 012a 00       		.byte	0
 868 012b 49       		.uleb128 0x49
 869 012c 13       		.uleb128 0x13
 870 012d 00       		.byte	0
 871 012e 00       		.byte	0
 872 012f 18       		.uleb128 0x18
 873 0130 2E       		.uleb128 0x2e
 874 0131 00       		.byte	0
 875 0132 3F       		.uleb128 0x3f
 876 0133 19       		.uleb128 0x19
 877 0134 3C       		.uleb128 0x3c
 878 0135 19       		.uleb128 0x19
 879 0136 6E       		.uleb128 0x6e
 880 0137 0E       		.uleb128 0xe
 881 0138 03       		.uleb128 0x3
 882 0139 0E       		.uleb128 0xe
 883 013a 3A       		.uleb128 0x3a
 884 013b 0B       		.uleb128 0xb
 885 013c 3B       		.uleb128 0x3b
 886 013d 0B       		.uleb128 0xb
 887 013e 00       		.byte	0
 888 013f 00       		.byte	0
 889 0140 00       		.byte	0
 890              		.section	.debug_loc,"",%progbits
 891              	.Ldebug_loc0:
ARM GAS  C:\Users\abhim\AppData\Local\Temp\ccXz0Q9A.s 			page 18


 892              	.LLST0:
 893 0000 00000000 		.4byte	.LVL0
 894 0004 08000000 		.4byte	.LVL1
 895 0008 0100     		.2byte	0x1
 896 000a 50       		.byte	0x50
 897 000b 08000000 		.4byte	.LVL1
 898 000f 0A000000 		.4byte	.LFE110
 899 0013 0400     		.2byte	0x4
 900 0015 F3       		.byte	0xf3
 901 0016 01       		.uleb128 0x1
 902 0017 50       		.byte	0x50
 903 0018 9F       		.byte	0x9f
 904 0019 00000000 		.4byte	0
 905 001d 00000000 		.4byte	0
 906              	.LLST1:
 907 0021 00000000 		.4byte	.LVL2
 908 0025 06000000 		.4byte	.LVL3
 909 0029 0100     		.2byte	0x1
 910 002b 50       		.byte	0x50
 911 002c 06000000 		.4byte	.LVL3
 912 0030 08000000 		.4byte	.LFE111
 913 0034 0400     		.2byte	0x4
 914 0036 F3       		.byte	0xf3
 915 0037 01       		.uleb128 0x1
 916 0038 50       		.byte	0x50
 917 0039 9F       		.byte	0x9f
 918 003a 00000000 		.4byte	0
 919 003e 00000000 		.4byte	0
 920              	.LLST2:
 921 0042 00000000 		.4byte	.LVL4
 922 0046 08000000 		.4byte	.LVL5
 923 004a 0100     		.2byte	0x1
 924 004c 50       		.byte	0x50
 925 004d 08000000 		.4byte	.LVL5
 926 0051 16000000 		.4byte	.LVL8
 927 0055 0100     		.2byte	0x1
 928 0057 54       		.byte	0x54
 929 0058 16000000 		.4byte	.LVL8
 930 005c 16000000 		.4byte	.LVL9
 931 0060 0100     		.2byte	0x1
 932 0062 50       		.byte	0x50
 933 0063 16000000 		.4byte	.LVL9
 934 0067 18000000 		.4byte	.LFE112
 935 006b 0400     		.2byte	0x4
 936 006d F3       		.byte	0xf3
 937 006e 01       		.uleb128 0x1
 938 006f 50       		.byte	0x50
 939 0070 9F       		.byte	0x9f
 940 0071 00000000 		.4byte	0
 941 0075 00000000 		.4byte	0
 942              		.section	.debug_aranges,"",%progbits
 943 0000 2C000000 		.4byte	0x2c
 944 0004 0200     		.2byte	0x2
 945 0006 00000000 		.4byte	.Ldebug_info0
 946 000a 04       		.byte	0x4
 947 000b 00       		.byte	0
 948 000c 0000     		.2byte	0
ARM GAS  C:\Users\abhim\AppData\Local\Temp\ccXz0Q9A.s 			page 19


 949 000e 0000     		.2byte	0
 950 0010 00000000 		.4byte	.LFB110
 951 0014 0A000000 		.4byte	.LFE110-.LFB110
 952 0018 00000000 		.4byte	.LFB111
 953 001c 08000000 		.4byte	.LFE111-.LFB111
 954 0020 00000000 		.4byte	.LFB112
 955 0024 18000000 		.4byte	.LFE112-.LFB112
 956 0028 00000000 		.4byte	0
 957 002c 00000000 		.4byte	0
 958              		.section	.debug_ranges,"",%progbits
 959              	.Ldebug_ranges0:
 960 0000 00000000 		.4byte	.LFB110
 961 0004 0A000000 		.4byte	.LFE110
 962 0008 00000000 		.4byte	.LFB111
 963 000c 08000000 		.4byte	.LFE111
 964 0010 00000000 		.4byte	.LFB112
 965 0014 18000000 		.4byte	.LFE112
 966 0018 00000000 		.4byte	0
 967 001c 00000000 		.4byte	0
 968              		.section	.debug_line,"",%progbits
 969              	.Ldebug_line0:
 970 0000 CA020000 		.section	.debug_str,"MS",%progbits,1
 970      02008A02 
 970      00000201 
 970      FB0E0D00 
 970      01010101 
 971              	.LASF72:
 972 0000 66726565 		.ascii	"freeMessage\000"
 972      4D657373 
 972      61676500 
 973              	.LASF39:
 974 000c 52435F45 		.ascii	"RC_ERROR_READ_ONLY\000"
 974      52524F52 
 974      5F524541 
 974      445F4F4E 
 974      4C5900
 975              	.LASF25:
 976 001f 52435F53 		.ascii	"RC_SUCCESS\000"
 976      55434345 
 976      535300
 977              	.LASF40:
 978 002a 52435F45 		.ascii	"RC_ERROR_WRITE_ONLY\000"
 978      52524F52 
 978      5F575249 
 978      54455F4F 
 978      4E4C5900 
 979              	.LASF2:
 980 003e 73686F72 		.ascii	"short int\000"
 980      7420696E 
 980      7400
 981              	.LASF31:
 982 0048 52435F45 		.ascii	"RC_ERROR_OVERRUN\000"
 982      52524F52 
 982      5F4F5645 
 982      5252554E 
 982      00
 983              	.LASF43:
ARM GAS  C:\Users\abhim\AppData\Local\Temp\ccXz0Q9A.s 			page 20


 984 0059 52435F45 		.ascii	"RC_ERROR_WRITE_FAILS\000"
 984      52524F52 
 984      5F575249 
 984      54455F46 
 984      41494C53 
 985              	.LASF66:
 986 006e 636F6C6F 		.ascii	"color\000"
 986      7200
 987              	.LASF52:
 988 0074 52435F45 		.ascii	"RC_ERROR_TOKEN_END\000"
 988      52524F52 
 988      5F544F4B 
 988      454E5F45 
 988      4E4400
 989              	.LASF28:
 990 0087 52435F45 		.ascii	"RC_ERROR_ZERO\000"
 990      52524F52 
 990      5F5A4552 
 990      4F00
 991              	.LASF22:
 992 0095 45455F46 		.ascii	"EE_FREG\000"
 992      52454700 
 993              	.LASF42:
 994 009d 52435F45 		.ascii	"RC_ERROR_READ_FAILS\000"
 994      52524F52 
 994      5F524541 
 994      445F4641 
 994      494C5300 
 995              	.LASF70:
 996 00b1 73697A65 		.ascii	"sizeInput\000"
 996      496E7075 
 996      7400
 997              	.LASF64:
 998 00bb 44524157 		.ascii	"DRAWER_CMD_DRAW\000"
 998      45525F43 
 998      4D445F44 
 998      52415700 
 999              	.LASF4:
 1000 00cb 5F5F7569 		.ascii	"__uint16_t\000"
 1000      6E743136 
 1000      5F7400
 1001              	.LASF63:
 1002 00d6 44524157 		.ascii	"DRAWER_CMD_COLOR\000"
 1002      45525F43 
 1002      4D445F43 
 1002      4F4C4F52 
 1002      00
 1003              	.LASF23:
 1004 00e7 45455F54 		.ascii	"EE_TID\000"
 1004      494400
 1005              	.LASF68:
 1006 00ee 696E6974 		.ascii	"initMessage\000"
 1006      4D657373 
 1006      61676500 
 1007              	.LASF65:
 1008 00fa 44726177 		.ascii	"Drawer_commandType_t\000"
 1008      65725F63 
ARM GAS  C:\Users\abhim\AppData\Local\Temp\ccXz0Q9A.s 			page 21


 1008      6F6D6D61 
 1008      6E645479 
 1008      70655F74 
 1009              	.LASF51:
 1010 010f 52435F42 		.ascii	"RC_BUFFERUNDERFLOW\000"
 1010      55464645 
 1010      52554E44 
 1010      4552464C 
 1010      4F5700
 1011              	.LASF12:
 1012 0122 75696E74 		.ascii	"uint8_t\000"
 1012      385F7400 
 1013              	.LASF48:
 1014 012a 52435F45 		.ascii	"RC_ERROR_INVALID_STATE\000"
 1014      52524F52 
 1014      5F494E56 
 1014      414C4944 
 1014      5F535441 
 1015              	.LASF77:
 1016 0141 45455F49 		.ascii	"EE_IRQ_nesting_level\000"
 1016      52515F6E 
 1016      65737469 
 1016      6E675F6C 
 1016      6576656C 
 1017              	.LASF82:
 1018 0156 66726565 		.ascii	"free\000"
 1018      00
 1019              	.LASF76:
 1020 015b 45455F73 		.ascii	"EE_std_endcycle_next_tid\000"
 1020      74645F65 
 1020      6E646379 
 1020      636C655F 
 1020      6E657874 
 1021              	.LASF0:
 1022 0174 7369676E 		.ascii	"signed char\000"
 1022      65642063 
 1022      68617200 
 1023              	.LASF59:
 1024 0180 73436F6D 		.ascii	"sCommand\000"
 1024      6D616E64 
 1024      00
 1025              	.LASF80:
 1026 0189 736F7572 		.ascii	"source\\bsw\\message.c\000"
 1026      63655C62 
 1026      73775C6D 
 1026      65737361 
 1026      67652E63 
 1027              	.LASF15:
 1028 019e 666C6F61 		.ascii	"float\000"
 1028      7400
 1029              	.LASF50:
 1030 01a4 52435F45 		.ascii	"RC_ERROR_NOT_IMPLEMENTED\000"
 1030      52524F52 
 1030      5F4E4F54 
 1030      5F494D50 
 1030      4C454D45 
 1031              	.LASF9:
ARM GAS  C:\Users\abhim\AppData\Local\Temp\ccXz0Q9A.s 			page 22


 1032 01bd 6C6F6E67 		.ascii	"long long int\000"
 1032      206C6F6E 
 1032      6720696E 
 1032      7400
 1033              	.LASF74:
 1034 01cb 45455F6F 		.ascii	"EE_oo_IRQ_suspend_status\000"
 1034      6F5F4952 
 1034      515F7375 
 1034      7370656E 
 1034      645F7374 
 1035              	.LASF44:
 1036 01e4 52435F45 		.ascii	"RC_ERROR_NOT_MATCH\000"
 1036      52524F52 
 1036      5F4E4F54 
 1036      5F4D4154 
 1036      434800
 1037              	.LASF49:
 1038 01f7 52435F45 		.ascii	"RC_ERROR_UNKNOWN\000"
 1038      52524F52 
 1038      5F554E4B 
 1038      4E4F574E 
 1038      00
 1039              	.LASF7:
 1040 0208 6C6F6E67 		.ascii	"long int\000"
 1040      20696E74 
 1040      00
 1041              	.LASF32:
 1042 0211 52435F45 		.ascii	"RC_ERROR_UNDERRUN\000"
 1042      52524F52 
 1042      5F554E44 
 1042      45525255 
 1042      4E00
 1043              	.LASF35:
 1044 0223 52435F45 		.ascii	"RC_ERROR_BUSY\000"
 1044      52524F52 
 1044      5F425553 
 1044      5900
 1045              	.LASF61:
 1046 0231 64726177 		.ascii	"drawer\000"
 1046      657200
 1047              	.LASF3:
 1048 0238 5F5F7569 		.ascii	"__uint8_t\000"
 1048      6E74385F 
 1048      7400
 1049              	.LASF41:
 1050 0242 52435F45 		.ascii	"RC_ERROR_INVALID\000"
 1050      52524F52 
 1050      5F494E56 
 1050      414C4944 
 1050      00
 1051              	.LASF69:
 1052 0253 63726561 		.ascii	"createMessage\000"
 1052      74654D65 
 1052      73736167 
 1052      6500
 1053              	.LASF18:
 1054 0261 6C6F6E67 		.ascii	"long double\000"
ARM GAS  C:\Users\abhim\AppData\Local\Temp\ccXz0Q9A.s 			page 23


 1054      20646F75 
 1054      626C6500 
 1055              	.LASF1:
 1056 026d 756E7369 		.ascii	"unsigned char\000"
 1056      676E6564 
 1056      20636861 
 1056      7200
 1057              	.LASF46:
 1058 027b 52435F45 		.ascii	"RC_ERROR_BAD_DATA\000"
 1058      52524F52 
 1058      5F424144 
 1058      5F444154 
 1058      4100
 1059              	.LASF45:
 1060 028d 52435F45 		.ascii	"RC_ERROR_BAD_PARAM\000"
 1060      52524F52 
 1060      5F424144 
 1060      5F504152 
 1060      414D00
 1061              	.LASF20:
 1062 02a0 45455F55 		.ascii	"EE_UINT32\000"
 1062      494E5433 
 1062      3200
 1063              	.LASF71:
 1064 02aa 64726177 		.ascii	"drawerInput\000"
 1064      6572496E 
 1064      70757400 
 1065              	.LASF10:
 1066 02b6 6C6F6E67 		.ascii	"long long unsigned int\000"
 1066      206C6F6E 
 1066      6720756E 
 1066      7369676E 
 1066      65642069 
 1067              	.LASF11:
 1068 02cd 756E7369 		.ascii	"unsigned int\000"
 1068      676E6564 
 1068      20696E74 
 1068      00
 1069              	.LASF37:
 1070 02da 52435F45 		.ascii	"RC_ERROR_OPEN\000"
 1070      52524F52 
 1070      5F4F5045 
 1070      4E00
 1071              	.LASF13:
 1072 02e8 75696E74 		.ascii	"uint16_t\000"
 1072      31365F74 
 1072      00
 1073              	.LASF27:
 1074 02f1 52435F45 		.ascii	"RC_ERROR_NULL\000"
 1074      52524F52 
 1074      5F4E554C 
 1074      4C00
 1075              	.LASF34:
 1076 02ff 52435F45 		.ascii	"RC_ERROR_BUFFER_EMTPY\000"
 1076      52524F52 
 1076      5F425546 
 1076      4645525F 
ARM GAS  C:\Users\abhim\AppData\Local\Temp\ccXz0Q9A.s 			page 24


 1076      454D5450 
 1077              	.LASF19:
 1078 0315 45455F49 		.ascii	"EE_INT32\000"
 1078      4E543332 
 1078      00
 1079              	.LASF5:
 1080 031e 73686F72 		.ascii	"short unsigned int\000"
 1080      7420756E 
 1080      7369676E 
 1080      65642069 
 1080      6E7400
 1081              	.LASF79:
 1082 0331 474E5520 		.ascii	"GNU C11 5.4.1 20160609 (release) [ARM/embedded-5-br"
 1082      43313120 
 1082      352E342E 
 1082      31203230 
 1082      31363036 
 1083 0364 616E6368 		.ascii	"anch revision 237715] -mcpu=cortex-m3 -mthumb -g -O"
 1083      20726576 
 1083      6973696F 
 1083      6E203233 
 1083      37373135 
 1084 0397 67202D66 		.ascii	"g -ffunction-sections -ffat-lto-objects\000"
 1084      66756E63 
 1084      74696F6E 
 1084      2D736563 
 1084      74696F6E 
 1085              	.LASF17:
 1086 03bf 63686172 		.ascii	"char\000"
 1086      00
 1087              	.LASF33:
 1088 03c4 52435F45 		.ascii	"RC_ERROR_BUFFER_FULL\000"
 1088      52524F52 
 1088      5F425546 
 1088      4645525F 
 1088      46554C4C 
 1089              	.LASF14:
 1090 03d9 696E7433 		.ascii	"int32_t\000"
 1090      325F7400 
 1091              	.LASF60:
 1092 03e1 6D657373 		.ascii	"message_t\000"
 1092      6167655F 
 1092      7400
 1093              	.LASF81:
 1094 03eb 443A5C70 		.ascii	"D:\\psoc-workspace\\Lab Assignments\\Lab3\\Lab3\\La"
 1094      736F632D 
 1094      776F726B 
 1094      73706163 
 1094      655C4C61 
 1095 0419 62332E63 		.ascii	"b3.cydsn\000"
 1095      7964736E 
 1095      00
 1096              	.LASF58:
 1097 0422 64617461 		.ascii	"data\000"
 1097      00
 1098              	.LASF75:
 1099 0427 45455F41 		.ascii	"EE_ApplicationMode\000"
ARM GAS  C:\Users\abhim\AppData\Local\Temp\ccXz0Q9A.s 			page 25


 1099      70706C69 
 1099      63617469 
 1099      6F6E4D6F 
 1099      646500
 1100              	.LASF8:
 1101 043a 6C6F6E67 		.ascii	"long unsigned int\000"
 1101      20756E73 
 1101      69676E65 
 1101      6420696E 
 1101      7400
 1102              	.LASF67:
 1103 044c 636F6F72 		.ascii	"coordinate\000"
 1103      64696E61 
 1103      746500
 1104              	.LASF56:
 1105 0457 64726177 		.ascii	"drawer_t\000"
 1105      65725F74 
 1105      00
 1106              	.LASF38:
 1107 0460 52435F45 		.ascii	"RC_ERROR_CHECKSUM\000"
 1107      52524F52 
 1107      5F434845 
 1107      434B5355 
 1107      4D00
 1108              	.LASF21:
 1109 0472 45455F55 		.ascii	"EE_UREG\000"
 1109      52454700 
 1110              	.LASF62:
 1111 047a 73697A65 		.ascii	"size\000"
 1111      00
 1112              	.LASF30:
 1113 047f 52435F45 		.ascii	"RC_ERROR_RANGE\000"
 1113      52524F52 
 1113      5F52414E 
 1113      474500
 1114              	.LASF6:
 1115 048e 5F5F696E 		.ascii	"__int32_t\000"
 1115      7433325F 
 1115      7400
 1116              	.LASF54:
 1117 0498 52435F45 		.ascii	"RC_ERROR_PARSER\000"
 1117      52524F52 
 1117      5F504152 
 1117      53455200 
 1118              	.LASF24:
 1119 04a8 73697A65 		.ascii	"sizetype\000"
 1119      74797065 
 1119      00
 1120              	.LASF47:
 1121 04b1 52435F45 		.ascii	"RC_ERROR_CANCELED\000"
 1121      52524F52 
 1121      5F43414E 
 1121      43454C45 
 1121      4400
 1122              	.LASF16:
 1123 04c3 646F7562 		.ascii	"double\000"
 1123      6C6500
ARM GAS  C:\Users\abhim\AppData\Local\Temp\ccXz0Q9A.s 			page 26


 1124              	.LASF78:
 1125 04ca 49544D5F 		.ascii	"ITM_RxBuffer\000"
 1125      52784275 
 1125      66666572 
 1125      00
 1126              	.LASF26:
 1127 04d7 52435F45 		.ascii	"RC_ERROR\000"
 1127      52524F52 
 1127      00
 1128              	.LASF29:
 1129 04e0 52435F45 		.ascii	"RC_ERROR_MEMORY\000"
 1129      52524F52 
 1129      5F4D454D 
 1129      4F525900 
 1130              	.LASF73:
 1131 04f0 45455F6F 		.ascii	"EE_oo_IRQ_disable_count\000"
 1131      6F5F4952 
 1131      515F6469 
 1131      7361626C 
 1131      655F636F 
 1132              	.LASF57:
 1133 0508 636F6D6D 		.ascii	"command\000"
 1133      616E6400 
 1134              	.LASF55:
 1135 0510 52435F74 		.ascii	"RC_t\000"
 1135      00
 1136              	.LASF53:
 1137 0515 52435F45 		.ascii	"RC_ERROR_TOKEN_INVALID\000"
 1137      52524F52 
 1137      5F544F4B 
 1137      454E5F49 
 1137      4E56414C 
 1138              	.LASF36:
 1139 052c 52435F45 		.ascii	"RC_ERROR_TIME_OUT\000"
 1139      52524F52 
 1139      5F54494D 
 1139      455F4F55 
 1139      5400
 1140              		.ident	"GCC: (GNU Tools for ARM Embedded Processors) 5.4.1 20160609 (release) [ARM/embedded-5-bran
